#
# A fatal error has been detected by the Java Runtime Environment:
#
#  SIGSEGV (0xb) at pc=0x00007f75dcf4d009, pid=140, tid=141
#
# JRE version: OpenJDK Runtime Environment (9.0) (build 9-internal+0-2016-04-14-195246.buildd.src)
# Java VM: OpenJDK 64-Bit Server VM (9-internal+0-2016-04-14-195246.buildd.src, mixed mode, tiered, compressed oops, g1 gc, linux-amd64)
# Problematic frame:
# C  [libjava.so+0x1d009]  JNU_GetEnv+0x19
#
# Core dump will be written. Default location: core.140 (may not exist)
#
# If you would like to submit a bug report, please visit:
#   http://bugreport.java.com/bugreport/crash.jsp
# The crash happened outside the Java Virtual Machine in native code.
# See problematic frame for where to report the bug.
#

---------------  S U M M A R Y ------------

Command Line: Solar System.jar

Host: Intel(R) Core(TM) i5-7200U CPU @ 2.50GHz, 4 cores, 11G, Ubuntu 16.04.4 LTS
Time: Tue Apr  3 14:09:23 2018 DST elapsed time: 0 seconds (0d 0h 0m 0s)

---------------  T H R E A D  ---------------

Current thread (0x00007f75d8010800):  JavaThread "main" [_thread_in_native, id=141, stack(0x00007f75dfd20000,0x00007f75dfe21000)]

Stack: [0x00007f75dfd20000,0x00007f75dfe21000],  sp=0x00007f75dfe1e030,  free space=1016k
Native frames: (J=compiled Java code, j=interpreted, Vv=VM code, C=native code)
C  [libjava.so+0x1d009]  JNU_GetEnv+0x19
C  [libfontmanager.so+0x33f8e]
C  [libfreetype.so.6+0x14d2b]  FT_Stream_Seek+0x1b

Java frames: (J=compiled Java code, j=interpreted, Vv=VM code)
j  sun.font.FreetypeFontScaler.initNativeScaler(Lsun/font/Font2D;IIZI)J+0 java.desktop@9-internal
j  sun.font.FreetypeFontScaler.<init>(Lsun/font/Font2D;IZI)V+26 java.desktop@9-internal
v  ~StubRoutines::call_stub
j  sun.reflect.NativeConstructorAccessorImpl.newInstance0(Ljava/lang/reflect/Constructor;[Ljava/lang/Object;)Ljava/lang/Object;+0 java.base@9-internal
j  sun.reflect.NativeConstructorAccessorImpl.newInstance([Ljava/lang/Object;)Ljava/lang/Object;+85 java.base@9-internal
j  sun.reflect.DelegatingConstructorAccessorImpl.newInstance([Ljava/lang/Object;)Ljava/lang/Object;+5 java.base@9-internal
j  java.lang.reflect.Constructor.newInstance([Ljava/lang/Object;)Ljava/lang/Object;+65 java.base@9-internal
j  sun.font.FontScaler.getScaler(Lsun/font/Font2D;IZI)Lsun/font/FontScaler;+39 java.desktop@9-internal
j  sun.font.TrueTypeFont.getScaler()Lsun/font/FontScaler;+21 java.desktop@9-internal
j  sun.font.FileFontStrike.<init>(Lsun/font/FileFont;Lsun/font/FontStrikeDesc;)V+204 java.desktop@9-internal
j  sun.font.FileFont.createStrike(Lsun/font/FontStrikeDesc;)Lsun/font/FontStrike;+18 java.desktop@9-internal
j  sun.font.Font2D.getStrike(Lsun/font/FontStrikeDesc;Z)Lsun/font/FontStrike;+92 java.desktop@9-internal
j  sun.font.Font2D.getStrike(Lsun/font/FontStrikeDesc;)Lsun/font/FontStrike;+3 java.desktop@9-internal
j  sun.font.CompositeStrike.getStrikeForSlot(I)Lsun/font/PhysicalStrike;+23 java.desktop@9-internal
j  sun.font.CompositeStrike.getFontMetrics()Lsun/font/StrikeMetrics;+31 java.desktop@9-internal
j  sun.font.FontDesignMetrics.initMatrixAndMetrics()V+28 java.desktop@9-internal
j  sun.font.FontDesignMetrics.<init>(Ljava/awt/Font;Ljava/awt/font/FontRenderContext;)V+62 java.desktop@9-internal
j  sun.font.FontDesignMetrics.getMetrics(Ljava/awt/Font;Ljava/awt/font/FontRenderContext;)Lsun/font/FontDesignMetrics;+128 java.desktop@9-internal
j  sun.swing.SwingUtilities2.getFontMetrics(Ljavax/swing/JComponent;Ljava/awt/Font;)Ljava/awt/FontMetrics;+15 java.desktop@9-internal
j  javax.swing.JComponent.getFontMetrics(Ljava/awt/Font;)Ljava/awt/FontMetrics;+2 java.desktop@9-internal
j  javax.swing.plaf.basic.BasicLabelUI.getPreferredSize(Ljavax/swing/JComponent;)Ljava/awt/Dimension;+144 java.desktop@9-internal
j  javax.swing.JComponent.getPreferredSize()Ljava/awt/Dimension;+26 java.desktop@9-internal
j  java.awt.BorderLayout.preferredLayoutSize(Ljava/awt/Container;)Ljava/awt/Dimension;+264 java.desktop@9-internal
j  java.awt.Container.preferredSize()Ljava/awt/Dimension;+43 java.desktop@9-internal
j  java.awt.Container.getPreferredSize()Ljava/awt/Dimension;+1 java.desktop@9-internal
j  javax.swing.JComponent.getPreferredSize()Ljava/awt/Dimension;+39 java.desktop@9-internal
j  javax.swing.JRootPane$RootLayout.preferredLayoutSize(Ljava/awt/Container;)Ljava/awt/Dimension;+26 java.desktop@9-internal
j  java.awt.Container.preferredSize()Ljava/awt/Dimension;+43 java.desktop@9-internal
j  java.awt.Container.getPreferredSize()Ljava/awt/Dimension;+1 java.desktop@9-internal
j  javax.swing.JComponent.getPreferredSize()Ljava/awt/Dimension;+39 java.desktop@9-internal
j  java.awt.BorderLayout.preferredLayoutSize(Ljava/awt/Container;)Ljava/awt/Dimension;+157 java.desktop@9-internal
j  java.awt.Container.preferredSize()Ljava/awt/Dimension;+43 java.desktop@9-internal
j  java.awt.Container.getPreferredSize()Ljava/awt/Dimension;+1 java.desktop@9-internal
j  java.awt.Window.pack()V+32 java.desktop@9-internal
j  Universe.run()V+17
j  Universe.main([Ljava/lang/String;)V+8
v  ~StubRoutines::call_stub

siginfo: si_signo: 11 (SIGSEGV), si_code: 1 (SEGV_MAPERR), si_addr: 0x0000000000000000

Register to memory mapping:

RAX=0x0000000000000000 is an unknown value
RBX=0x0000000000000000 is an unknown value
RCX=0x0000000000000000 is an unknown value
RDX=0x0000000000010002 is an unknown value
RSP=0x00007f75dfe1e030 is pointing into the stack for thread: 0x00007f75d8010800
RBP=0x00007f75dfe1e040 is pointing into the stack for thread: 0x00007f75d8010800
RSI=0x0000000000010002 is an unknown value
RDI=0x0000000000000000 is an unknown value
R8 =0x0000000000000000 is an unknown value
R9 =0x0000000000000000 is an unknown value
R10=0x00000000000001db is an unknown value
R11=0x00007f75dcf4cff0: JNU_GetEnv+0x0000000000000000 in /usr/lib/jvm/java-9-openjdk-amd64/lib/amd64/libjava.so at 0x00007f75dcf30000
R12=0x00007f75d848d460 is an unknown value
R13=0x0000000000000000 is an unknown value
R14=0x0000000000000000 is an unknown value
R15=0x00007f75d848d4c0 is an unknown value


Registers:
RAX=0x0000000000000000, RBX=0x0000000000000000, RCX=0x0000000000000000, RDX=0x0000000000010002
RSP=0x00007f75dfe1e030, RBP=0x00007f75dfe1e040, RSI=0x0000000000010002, RDI=0x0000000000000000
R8 =0x0000000000000000, R9 =0x0000000000000000, R10=0x00000000000001db, R11=0x00007f75dcf4cff0
R12=0x00007f75d848d460, R13=0x0000000000000000, R14=0x0000000000000000, R15=0x00007f75d848d4c0
RIP=0x00007f75dcf4d009, EFLAGS=0x0000000000010246, CSGSFS=0x00000053002b0033, ERR=0x0000000000000000
  TRAPNO=0x0000000000000000

Top of Stack: (sp=0x00007f75dfe1e030)
0x00007f75dfe1e030:   0000000000000000 37970ab4cee62100
0x00007f75dfe1e040:   00007f75dfe1e080 00007f755b503f8e
0x00007f75dfe1e050:   00007f75d8456900 00007f75d848d460
0x00007f75dfe1e060:   0000000000000000 0000000000000000
0x00007f75dfe1e070:   00007f75d848d460 00007f75d848d4c0
0x00007f75dfe1e080:   0000000000000000 00007f755b234d2b
0x00007f75dfe1e090:   0000000000000000 00007f755b4c6d80
0x00007f75dfe1e0a0:   0000000000000000 00007f755b2488e0
0x00007f75dfe1e0b0:   0000000000000002 0000003200000008
0x00007f75dfe1e0c0:   0000000000000000 0000000000000000
0x00007f75dfe1e0d0:   0000006e0000005b 0000000000000000
0x00007f75dfe1e0e0:   0000000000000000 0000007c00000077
0x00007f75dfe1e0f0:   0000000000000000 0000000000000000
0x00007f75dfe1e100:   000000004e8b41d0 468b41e04e8b45e8
0x00007f75dfe1e110:   0000000000000000 00007f75d8000020
0x00007f75dfe1e120:   0000000000000070 00007f75dfe1e1d4
0x00007f75dfe1e130:   00007f75d8456900 00007f75d848d4c0
0x00007f75dfe1e140:   00007f75dfe1e1d4 00007f75df6a4184
0x00007f75dfe1e150:   00007f75dfe1e2a0 00007f75dfe1e184
0x00007f75dfe1e160:   00007f755b4c39e0 37970ab4cee62100
0x00007f75dfe1e170:   0000000000000070 00007f75d8456740
0x00007f75dfe1e180:   00007f755b4c39e0 00007f75dfe1e298
0x00007f75dfe1e190:   00007f75d8456900 00007f75d848d4c0
0x00007f75dfe1e1a0:   00007f75d848d9f0 00007f755b2374c2
0x00007f75dfe1e1b0:   0000000100000000 00007f75dfe1e2a0
0x00007f75dfe1e1c0:   0000000000000000 0000000000000000
0x00007f75dfe1e1d0:   00000000dfe1e298 37970ab4cee62100
0x00007f75dfe1e1e0:   00007f75d8456740 00007f75dfe1e2a0
0x00007f75dfe1e1f0:   0000000000000000 00007f75d8456828
0x00007f75dfe1e200:   00007f75dfe1e4a0 00007f75d8456788
0x00007f75dfe1e210:   00007f75d8456900 00007f755b239581
0x00007f75dfe1e220:   00007f75dfe1e2a0 00007f755b239376 

Instructions: (pc=0x00007f75dcf4d009)
0x00007f75dcf4cfe9:   ff eb ea 0f 1f 40 00 55 89 f2 48 89 e5 48 83 ec
0x00007f75dcf4cff9:   10 64 48 8b 04 25 28 00 00 00 48 89 45 f8 31 c0
0x00007f75dcf4d009:   48 8b 07 48 8d 75 f0 ff 50 30 48 8b 4d f8 64 48
0x00007f75dcf4d019:   33 0c 25 28 00 00 00 48 8b 45 f0 75 02 c9 c3 e8 


---------------  P R O C E S S  ---------------

Java Threads: ( => current thread )
  0x00007f75d8468800 JavaThread "AWT-Shutdown" [_thread_blocked, id=167, stack(0x00007f755a6a0000,0x00007f755a7a1000)]
  0x00007f75d840e000 JavaThread "AWT-XAWT" daemon [_thread_in_native, id=166, stack(0x00007f755a9b0000,0x00007f755aab1000)]
  0x00007f75d83eb800 JavaThread "Java2D Disposer" daemon [_thread_blocked, id=165, stack(0x00007f755aee0000,0x00007f755afe1000)]
  0x00007f75d830c800 JavaThread "Service Thread" daemon [_thread_blocked, id=163, stack(0x00007f758d030000,0x00007f758d131000)]
  0x00007f75d8236800 JavaThread "Common-Cleaner" daemon [_thread_blocked, id=162, stack(0x00007f758d140000,0x00007f758d241000)]
  0x00007f75d81ef000 JavaThread "Sweeper thread" daemon [_thread_blocked, id=161, stack(0x00007f758d9a0000,0x00007f758daa1000)]
  0x00007f75d81ed000 JavaThread "C1 CompilerThread2" daemon [_thread_blocked, id=160, stack(0x00007f758dab0000,0x00007f758dbb1000)]
  0x00007f75d81eb000 JavaThread "C2 CompilerThread1" daemon [_thread_blocked, id=159, stack(0x00007f758dbc0000,0x00007f758dcc1000)]
  0x00007f75d81e9800 JavaThread "C2 CompilerThread0" daemon [_thread_blocked, id=158, stack(0x00007f758dcd0000,0x00007f758ddd1000)]
  0x00007f75d81e5000 JavaThread "Signal Dispatcher" daemon [_thread_blocked, id=157, stack(0x00007f758dde0000,0x00007f758dee1000)]
  0x00007f75d81e3000 JavaThread "Surrogate Locker Thread (Concurrent GC)" daemon [_thread_blocked, id=156, stack(0x00007f758def0000,0x00007f758dff1000)]
  0x00007f75d81d1800 JavaThread "Finalizer" daemon [_thread_blocked, id=155, stack(0x00007f7594270000,0x00007f7594371000)]
  0x00007f75d81cd800 JavaThread "Reference Handler" daemon [_thread_blocked, id=154, stack(0x00007f7594380000,0x00007f7594481000)]
=>0x00007f75d8010800 JavaThread "main" [_thread_in_native, id=141, stack(0x00007f75dfd20000,0x00007f75dfe21000)]

Other Threads:
  0x00007f75d81c3800 VMThread [stack: 0x00007f7594490000,0x00007f7594591000] [id=153]
  0x00007f75d830f800 WatcherThread [stack: 0x00007f758cf20000,0x00007f758d021000] [id=164]

Threads with active compile tasks:

VM state:not at safepoint (normal execution)

VM Mutex/Monitor currently owned by a thread: None

heap address: 0x0000000701e00000, size: 3042 MB, Compressed Oops mode: Zero based, Oop shift amount: 3
Narrow klass base: 0x0000000000000000, Narrow klass shift: 3
Compressed class space size: 1073741824 Address: 0x00000007c0000000

Heap:
 garbage-first heap   total 196608K, used 5120K [0x0000000701e00000, 0x0000000701f00600, 0x00000007c0000000)
  region size 1024K, 6 young (6144K), 0 survivors (0K)
 Metaspace       used 10724K, capacity 11046K, committed 11392K, reserved 1058816K
  class space    used 1177K, capacity 1315K, committed 1408K, reserved 1048576K

Heap Regions: E=young(eden), S=young(survivor), O=old, HS=humongous(starts), HC=humongous(continues), CS=collection set, F=free, A=archive, TS=gc time stamp, AC=allocation context, TAMS=top-at-mark-start (previous, next)
|   0|0x0000000701e00000, 0x0000000701e00000, 0x0000000701f00000|  0%| F|  |TS  0|AC  0|TAMS 0x0000000701e00000, 0x0000000701e00000|
|   1|0x0000000701f00000, 0x0000000701f00000, 0x0000000702000000|  0%| F|  |TS  0|AC  0|TAMS 0x0000000701f00000, 0x0000000701f00000|
|   2|0x0000000702000000, 0x0000000702000000, 0x0000000702100000|  0%| F|  |TS  0|AC  0|TAMS 0x0000000702000000, 0x0000000702000000|
|   3|0x0000000702100000, 0x0000000702100000, 0x0000000702200000|  0%| F|  |TS  0|AC  0|TAMS 0x0000000702100000, 0x0000000702100000|
|   4|0x0000000702200000, 0x0000000702200000, 0x0000000702300000|  0%| F|  |TS  0|AC  0|TAMS 0x0000000702200000, 0x0000000702200000|
|   5|0x0000000702300000, 0x0000000702300000, 0x0000000702400000|  0%| F|  |TS  0|AC  0|TAMS 0x0000000702300000, 0x0000000702300000|
|   6|0x0000000702400000, 0x0000000702400000, 0x0000000702500000|  0%| F|  |TS  0|AC  0|TAMS 0x0000000702400000, 0x0000000702400000|
|   7|0x0000000702500000, 0x0000000702500000, 0x0000000702600000|  0%| F|  |TS  0|AC  0|TAMS 0x0000000702500000, 0x0000000702500000|
|   8|0x0000000702600000, 0x0000000702600000, 0x0000000702700000|  0%| F|  |TS  0|AC  0|TAMS 0x0000000702600000, 0x0000000702600000|
|   9|0x0000000702700000, 0x0000000702700000, 0x0000000702800000|  0%| F|  |TS  0|AC  0|TAMS 0x0000000702700000, 0x0000000702700000|
|  10|0x0000000702800000, 0x0000000702800000, 0x0000000702900000|  0%| F|  |TS  0|AC  0|TAMS 0x0000000702800000, 0x0000000702800000|
|  11|0x0000000702900000, 0x0000000702900000, 0x0000000702a00000|  0%| F|  |TS  0|AC  0|TAMS 0x0000000702900000, 0x0000000702900000|
|  12|0x0000000702a00000, 0x0000000702a00000, 0x0000000702b00000|  0%| F|  |TS  0|AC  0|TAMS 0x0000000702a00000, 0x0000000702a00000|
|  13|0x0000000702b00000, 0x0000000702b00000, 0x0000000702c00000|  0%| F|  |TS  0|AC  0|TAMS 0x0000000702b00000, 0x0000000702b00000|
|  14|0x0000000702c00000, 0x0000000702c00000, 0x0000000702d00000|  0%| F|  |TS  0|AC  0|TAMS 0x0000000702c00000, 0x0000000702c00000|
|  15|0x0000000702d00000, 0x0000000702d00000, 0x0000000702e00000|  0%| F|  |TS  0|AC  0|TAMS 0x0000000702d00000, 0x0000000702d00000|
|  16|0x0000000702e00000, 0x0000000702e00000, 0x0000000702f00000|  0%| F|  |TS  0|AC  0|TAMS 0x0000000702e00000, 0x0000000702e00000|
|  17|0x0000000702f00000, 0x0000000702f00000, 0x0000000703000000|  0%| F|  |TS  0|AC  0|TAMS 0x0000000702f00000, 0x0000000702f00000|
|  18|0x0000000703000000, 0x0000000703000000, 0x0000000703100000|  0%| F|  |TS  0|AC  0|TAMS 0x0000000703000000, 0x0000000703000000|
|  19|0x0000000703100000, 0x0000000703100000, 0x0000000703200000|  0%| F|  |TS  0|AC  0|TAMS 0x0000000703100000, 0x0000000703100000|
|  20|0x0000000703200000, 0x0000000703200000, 0x0000000703300000|  0%| F|  |TS  0|AC  0|TAMS 0x0000000703200000, 0x0000000703200000|
|  21|0x0000000703300000, 0x0000000703300000, 0x0000000703400000|  0%| F|  |TS  0|AC  0|TAMS 0x0000000703300000, 0x0000000703300000|
|  22|0x0000000703400000, 0x0000000703400000, 0x0000000703500000|  0%| F|  |TS  0|AC  0|TAMS 0x0000000703400000, 0x0000000703400000|
|  23|0x0000000703500000, 0x0000000703500000, 0x0000000703600000|  0%| F|  |TS  0|AC  0|TAMS 0x0000000703500000, 0x0000000703500000|
|  24|0x0000000703600000, 0x0000000703600000, 0x0000000703700000|  0%| F|  |TS  0|AC  0|TAMS 0x0000000703600000, 0x0000000703600000|
|  25|0x0000000703700000, 0x0000000703700000, 0x0000000703800000|  0%| F|  |TS  0|AC  0|TAMS 0x0000000703700000, 0x0000000703700000|
|  26|0x0000000703800000, 0x0000000703800000, 0x0000000703900000|  0%| F|  |TS  0|AC  0|TAMS 0x0000000703800000, 0x0000000703800000|
|  27|0x0000000703900000, 0x0000000703900000, 0x0000000703a00000|  0%| F|  |TS  0|AC  0|TAMS 0x0000000703900000, 0x0000000703900000|
|  28|0x0000000703a00000, 0x0000000703a00000, 0x0000000703b00000|  0%| F|  |TS  0|AC  0|TAMS 0x0000000703a00000, 0x0000000703a00000|
|  29|0x0000000703b00000, 0x0000000703b00000, 0x0000000703c00000|  0%| F|  |TS  0|AC  0|TAMS 0x0000000703b00000, 0x0000000703b00000|
|  30|0x0000000703c00000, 0x0000000703c00000, 0x0000000703d00000|  0%| F|  |TS  0|AC  0|TAMS 0x0000000703c00000, 0x0000000703c00000|
|  31|0x0000000703d00000, 0x0000000703d00000, 0x0000000703e00000|  0%| F|  |TS  0|AC  0|TAMS 0x0000000703d00000, 0x0000000703d00000|
|  32|0x0000000703e00000, 0x0000000703e00000, 0x0000000703f00000|  0%| F|  |TS  0|AC  0|TAMS 0x0000000703e00000, 0x0000000703e00000|
|  33|0x0000000703f00000, 0x0000000703f00000, 0x0000000704000000|  0%| F|  |TS  0|AC  0|TAMS 0x0000000703f00000, 0x0000000703f00000|
|  34|0x0000000704000000, 0x0000000704000000, 0x0000000704100000|  0%| F|  |TS  0|AC  0|TAMS 0x0000000704000000, 0x0000000704000000|
|  35|0x0000000704100000, 0x0000000704100000, 0x0000000704200000|  0%| F|  |TS  0|AC  0|TAMS 0x0000000704100000, 0x0000000704100000|
|  36|0x0000000704200000, 0x0000000704200000, 0x0000000704300000|  0%| F|  |TS  0|AC  0|TAMS 0x0000000704200000, 0x0000000704200000|
|  37|0x0000000704300000, 0x0000000704300000, 0x0000000704400000|  0%| F|  |TS  0|AC  0|TAMS 0x0000000704300000, 0x0000000704300000|
|  38|0x0000000704400000, 0x0000000704400000, 0x0000000704500000|  0%| F|  |TS  0|AC  0|TAMS 0x0000000704400000, 0x0000000704400000|
|  39|0x0000000704500000, 0x0000000704500000, 0x0000000704600000|  0%| F|  |TS  0|AC  0|TAMS 0x0000000704500000, 0x0000000704500000|
|  40|0x0000000704600000, 0x0000000704600000, 0x0000000704700000|  0%| F|  |TS  0|AC  0|TAMS 0x0000000704600000, 0x0000000704600000|
|  41|0x0000000704700000, 0x0000000704700000, 0x0000000704800000|  0%| F|  |TS  0|AC  0|TAMS 0x0000000704700000, 0x0000000704700000|
|  42|0x0000000704800000, 0x0000000704800000, 0x0000000704900000|  0%| F|  |TS  0|AC  0|TAMS 0x0000000704800000, 0x0000000704800000|
|  43|0x0000000704900000, 0x0000000704900000, 0x0000000704a00000|  0%| F|  |TS  0|AC  0|TAMS 0x0000000704900000, 0x0000000704900000|
|  44|0x0000000704a00000, 0x0000000704a00000, 0x0000000704b00000|  0%| F|  |TS  0|AC  0|TAMS 0x0000000704a00000, 0x0000000704a00000|
|  45|0x0000000704b00000, 0x0000000704b00000, 0x0000000704c00000|  0%| F|  |TS  0|AC  0|TAMS 0x0000000704b00000, 0x0000000704b00000|
|  46|0x0000000704c00000, 0x0000000704c00000, 0x0000000704d00000|  0%| F|  |TS  0|AC  0|TAMS 0x0000000704c00000, 0x0000000704c00000|
|  47|0x0000000704d00000, 0x0000000704d00000, 0x0000000704e00000|  0%| F|  |TS  0|AC  0|TAMS 0x0000000704d00000, 0x0000000704d00000|
|  48|0x0000000704e00000, 0x0000000704e00000, 0x0000000704f00000|  0%| F|  |TS  0|AC  0|TAMS 0x0000000704e00000, 0x0000000704e00000|
|  49|0x0000000704f00000, 0x0000000704f00000, 0x0000000705000000|  0%| F|  |TS  0|AC  0|TAMS 0x0000000704f00000, 0x0000000704f00000|
|  50|0x0000000705000000, 0x0000000705000000, 0x0000000705100000|  0%| F|  |TS  0|AC  0|TAMS 0x0000000705000000, 0x0000000705000000|
|  51|0x0000000705100000, 0x0000000705100000, 0x0000000705200000|  0%| F|  |TS  0|AC  0|TAMS 0x0000000705100000, 0x0000000705100000|
|  52|0x0000000705200000, 0x0000000705200000, 0x0000000705300000|  0%| F|  |TS  0|AC  0|TAMS 0x0000000705200000, 0x0000000705200000|
|  53|0x0000000705300000, 0x0000000705300000, 0x0000000705400000|  0%| F|  |TS  0|AC  0|TAMS 0x0000000705300000, 0x0000000705300000|
|  54|0x0000000705400000, 0x0000000705400000, 0x0000000705500000|  0%| F|  |TS  0|AC  0|TAMS 0x0000000705400000, 0x0000000705400000|
|  55|0x0000000705500000, 0x0000000705500000, 0x0000000705600000|  0%| F|  |TS  0|AC  0|TAMS 0x0000000705500000, 0x0000000705500000|
|  56|0x0000000705600000, 0x0000000705600000, 0x0000000705700000|  0%| F|  |TS  0|AC  0|TAMS 0x0000000705600000, 0x0000000705600000|
|  57|0x0000000705700000, 0x0000000705700000, 0x0000000705800000|  0%| F|  |TS  0|AC  0|TAMS 0x0000000705700000, 0x0000000705700000|
|  58|0x0000000705800000, 0x0000000705800000, 0x0000000705900000|  0%| F|  |TS  0|AC  0|TAMS 0x0000000705800000, 0x0000000705800000|
|  59|0x0000000705900000, 0x0000000705900000, 0x0000000705a00000|  0%| F|  |TS  0|AC  0|TAMS 0x0000000705900000, 0x0000000705900000|
|  60|0x0000000705a00000, 0x0000000705a00000, 0x0000000705b00000|  0%| F|  |TS  0|AC  0|TAMS 0x0000000705a00000, 0x0000000705a00000|
|  61|0x0000000705b00000, 0x0000000705b00000, 0x0000000705c00000|  0%| F|  |TS  0|AC  0|TAMS 0x0000000705b00000, 0x0000000705b00000|
|  62|0x0000000705c00000, 0x0000000705c00000, 0x0000000705d00000|  0%| F|  |TS  0|AC  0|TAMS 0x0000000705c00000, 0x0000000705c00000|
|  63|0x0000000705d00000, 0x0000000705d00000, 0x0000000705e00000|  0%| F|  |TS  0|AC  0|TAMS 0x0000000705d00000, 0x0000000705d00000|
|  64|0x0000000705e00000, 0x0000000705e00000, 0x0000000705f00000|  0%| F|  |TS  0|AC  0|TAMS 0x0000000705e00000, 0x0000000705e00000|
|  65|0x0000000705f00000, 0x0000000705f00000, 0x0000000706000000|  0%| F|  |TS  0|AC  0|TAMS 0x0000000705f00000, 0x0000000705f00000|
|  66|0x0000000706000000, 0x0000000706000000, 0x0000000706100000|  0%| F|  |TS  0|AC  0|TAMS 0x0000000706000000, 0x0000000706000000|
|  67|0x0000000706100000, 0x0000000706100000, 0x0000000706200000|  0%| F|  |TS  0|AC  0|TAMS 0x0000000706100000, 0x0000000706100000|
|  68|0x0000000706200000, 0x0000000706200000, 0x0000000706300000|  0%| F|  |TS  0|AC  0|TAMS 0x0000000706200000, 0x0000000706200000|
|  69|0x0000000706300000, 0x0000000706300000, 0x0000000706400000|  0%| F|  |TS  0|AC  0|TAMS 0x0000000706300000, 0x0000000706300000|
|  70|0x0000000706400000, 0x0000000706400000, 0x0000000706500000|  0%| F|  |TS  0|AC  0|TAMS 0x0000000706400000, 0x0000000706400000|
|  71|0x0000000706500000, 0x0000000706500000, 0x0000000706600000|  0%| F|  |TS  0|AC  0|TAMS 0x0000000706500000, 0x0000000706500000|
|  72|0x0000000706600000, 0x0000000706600000, 0x0000000706700000|  0%| F|  |TS  0|AC  0|TAMS 0x0000000706600000, 0x0000000706600000|
|  73|0x0000000706700000, 0x0000000706700000, 0x0000000706800000|  0%| F|  |TS  0|AC  0|TAMS 0x0000000706700000, 0x0000000706700000|
|  74|0x0000000706800000, 0x0000000706800000, 0x0000000706900000|  0%| F|  |TS  0|AC  0|TAMS 0x0000000706800000, 0x0000000706800000|
|  75|0x0000000706900000, 0x0000000706900000, 0x0000000706a00000|  0%| F|  |TS  0|AC  0|TAMS 0x0000000706900000, 0x0000000706900000|
|  76|0x0000000706a00000, 0x0000000706a00000, 0x0000000706b00000|  0%| F|  |TS  0|AC  0|TAMS 0x0000000706a00000, 0x0000000706a00000|
|  77|0x0000000706b00000, 0x0000000706b00000, 0x0000000706c00000|  0%| F|  |TS  0|AC  0|TAMS 0x0000000706b00000, 0x0000000706b00000|
|  78|0x0000000706c00000, 0x0000000706c00000, 0x0000000706d00000|  0%| F|  |TS  0|AC  0|TAMS 0x0000000706c00000, 0x0000000706c00000|
|  79|0x0000000706d00000, 0x0000000706d00000, 0x0000000706e00000|  0%| F|  |TS  0|AC  0|TAMS 0x0000000706d00000, 0x0000000706d00000|
|  80|0x0000000706e00000, 0x0000000706e00000, 0x0000000706f00000|  0%| F|  |TS  0|AC  0|TAMS 0x0000000706e00000, 0x0000000706e00000|
|  81|0x0000000706f00000, 0x0000000706f00000, 0x0000000707000000|  0%| F|  |TS  0|AC  0|TAMS 0x0000000706f00000, 0x0000000706f00000|
|  82|0x0000000707000000, 0x0000000707000000, 0x0000000707100000|  0%| F|  |TS  0|AC  0|TAMS 0x0000000707000000, 0x0000000707000000|
|  83|0x0000000707100000, 0x0000000707100000, 0x0000000707200000|  0%| F|  |TS  0|AC  0|TAMS 0x0000000707100000, 0x0000000707100000|
|  84|0x0000000707200000, 0x0000000707200000, 0x0000000707300000|  0%| F|  |TS  0|AC  0|TAMS 0x0000000707200000, 0x0000000707200000|
|  85|0x0000000707300000, 0x0000000707300000, 0x0000000707400000|  0%| F|  |TS  0|AC  0|TAMS 0x0000000707300000, 0x0000000707300000|
|  86|0x0000000707400000, 0x0000000707400000, 0x0000000707500000|  0%| F|  |TS  0|AC  0|TAMS 0x0000000707400000, 0x0000000707400000|
|  87|0x0000000707500000, 0x0000000707500000, 0x0000000707600000|  0%| F|  |TS  0|AC  0|TAMS 0x0000000707500000, 0x0000000707500000|
|  88|0x0000000707600000, 0x0000000707600000, 0x0000000707700000|  0%| F|  |TS  0|AC  0|TAMS 0x0000000707600000, 0x0000000707600000|
|  89|0x0000000707700000, 0x0000000707700000, 0x0000000707800000|  0%| F|  |TS  0|AC  0|TAMS 0x0000000707700000, 0x0000000707700000|
|  90|0x0000000707800000, 0x0000000707800000, 0x0000000707900000|  0%| F|  |TS  0|AC  0|TAMS 0x0000000707800000, 0x0000000707800000|
|  91|0x0000000707900000, 0x0000000707900000, 0x0000000707a00000|  0%| F|  |TS  0|AC  0|TAMS 0x0000000707900000, 0x0000000707900000|
|  92|0x0000000707a00000, 0x0000000707a00000, 0x0000000707b00000|  0%| F|  |TS  0|AC  0|TAMS 0x0000000707a00000, 0x0000000707a00000|
|  93|0x0000000707b00000, 0x0000000707b00000, 0x0000000707c00000|  0%| F|  |TS  0|AC  0|TAMS 0x0000000707b00000, 0x0000000707b00000|
|  94|0x0000000707c00000, 0x0000000707c00000, 0x0000000707d00000|  0%| F|  |TS  0|AC  0|TAMS 0x0000000707c00000, 0x0000000707c00000|
|  95|0x0000000707d00000, 0x0000000707d00000, 0x0000000707e00000|  0%| F|  |TS  0|AC  0|TAMS 0x0000000707d00000, 0x0000000707d00000|
|  96|0x0000000707e00000, 0x0000000707e00000, 0x0000000707f00000|  0%| F|  |TS  0|AC  0|TAMS 0x0000000707e00000, 0x0000000707e00000|
|  97|0x0000000707f00000, 0x0000000707f00000, 0x0000000708000000|  0%| F|  |TS  0|AC  0|TAMS 0x0000000707f00000, 0x0000000707f00000|
|  98|0x0000000708000000, 0x0000000708000000, 0x0000000708100000|  0%| F|  |TS  0|AC  0|TAMS 0x0000000708000000, 0x0000000708000000|
|  99|0x0000000708100000, 0x0000000708100000, 0x0000000708200000|  0%| F|  |TS  0|AC  0|TAMS 0x0000000708100000, 0x0000000708100000|
| 100|0x0000000708200000, 0x0000000708200000, 0x0000000708300000|  0%| F|  |TS  0|AC  0|TAMS 0x0000000708200000, 0x0000000708200000|
| 101|0x0000000708300000, 0x0000000708300000, 0x0000000708400000|  0%| F|  |TS  0|AC  0|TAMS 0x0000000708300000, 0x0000000708300000|
| 102|0x0000000708400000, 0x0000000708400000, 0x0000000708500000|  0%| F|  |TS  0|AC  0|TAMS 0x0000000708400000, 0x0000000708400000|
| 103|0x0000000708500000, 0x0000000708500000, 0x0000000708600000|  0%| F|  |TS  0|AC  0|TAMS 0x0000000708500000, 0x0000000708500000|
| 104|0x0000000708600000, 0x0000000708600000, 0x0000000708700000|  0%| F|  |TS  0|AC  0|TAMS 0x0000000708600000, 0x0000000708600000|
| 105|0x0000000708700000, 0x0000000708700000, 0x0000000708800000|  0%| F|  |TS  0|AC  0|TAMS 0x0000000708700000, 0x0000000708700000|
| 106|0x0000000708800000, 0x0000000708800000, 0x0000000708900000|  0%| F|  |TS  0|AC  0|TAMS 0x0000000708800000, 0x0000000708800000|
| 107|0x0000000708900000, 0x0000000708900000, 0x0000000708a00000|  0%| F|  |TS  0|AC  0|TAMS 0x0000000708900000, 0x0000000708900000|
| 108|0x0000000708a00000, 0x0000000708a00000, 0x0000000708b00000|  0%| F|  |TS  0|AC  0|TAMS 0x0000000708a00000, 0x0000000708a00000|
| 109|0x0000000708b00000, 0x0000000708b00000, 0x0000000708c00000|  0%| F|  |TS  0|AC  0|TAMS 0x0000000708b00000, 0x0000000708b00000|
| 110|0x0000000708c00000, 0x0000000708c00000, 0x0000000708d00000|  0%| F|  |TS  0|AC  0|TAMS 0x0000000708c00000, 0x0000000708c00000|
| 111|0x0000000708d00000, 0x0000000708d00000, 0x0000000708e00000|  0%| F|  |TS  0|AC  0|TAMS 0x0000000708d00000, 0x0000000708d00000|
| 112|0x0000000708e00000, 0x0000000708e00000, 0x0000000708f00000|  0%| F|  |TS  0|AC  0|TAMS 0x0000000708e00000, 0x0000000708e00000|
| 113|0x0000000708f00000, 0x0000000708f00000, 0x0000000709000000|  0%| F|  |TS  0|AC  0|TAMS 0x0000000708f00000, 0x0000000708f00000|
| 114|0x0000000709000000, 0x0000000709000000, 0x0000000709100000|  0%| F|  |TS  0|AC  0|TAMS 0x0000000709000000, 0x0000000709000000|
| 115|0x0000000709100000, 0x0000000709100000, 0x0000000709200000|  0%| F|  |TS  0|AC  0|TAMS 0x0000000709100000, 0x0000000709100000|
| 116|0x0000000709200000, 0x0000000709200000, 0x0000000709300000|  0%| F|  |TS  0|AC  0|TAMS 0x0000000709200000, 0x0000000709200000|
| 117|0x0000000709300000, 0x0000000709300000, 0x0000000709400000|  0%| F|  |TS  0|AC  0|TAMS 0x0000000709300000, 0x0000000709300000|
| 118|0x0000000709400000, 0x0000000709400000, 0x0000000709500000|  0%| F|  |TS  0|AC  0|TAMS 0x0000000709400000, 0x0000000709400000|
| 119|0x0000000709500000, 0x0000000709500000, 0x0000000709600000|  0%| F|  |TS  0|AC  0|TAMS 0x0000000709500000, 0x0000000709500000|
| 120|0x0000000709600000, 0x0000000709600000, 0x0000000709700000|  0%| F|  |TS  0|AC  0|TAMS 0x0000000709600000, 0x0000000709600000|
| 121|0x0000000709700000, 0x0000000709700000, 0x0000000709800000|  0%| F|  |TS  0|AC  0|TAMS 0x0000000709700000, 0x0000000709700000|
| 122|0x0000000709800000, 0x0000000709800000, 0x0000000709900000|  0%| F|  |TS  0|AC  0|TAMS 0x0000000709800000, 0x0000000709800000|
| 123|0x0000000709900000, 0x0000000709900000, 0x0000000709a00000|  0%| F|  |TS  0|AC  0|TAMS 0x0000000709900000, 0x0000000709900000|
| 124|0x0000000709a00000, 0x0000000709a00000, 0x0000000709b00000|  0%| F|  |TS  0|AC  0|TAMS 0x0000000709a00000, 0x0000000709a00000|
| 125|0x0000000709b00000, 0x0000000709b00000, 0x0000000709c00000|  0%| F|  |TS  0|AC  0|TAMS 0x0000000709b00000, 0x0000000709b00000|
| 126|0x0000000709c00000, 0x0000000709c00000, 0x0000000709d00000|  0%| F|  |TS  0|AC  0|TAMS 0x0000000709c00000, 0x0000000709c00000|
| 127|0x0000000709d00000, 0x0000000709d00000, 0x0000000709e00000|  0%| F|  |TS  0|AC  0|TAMS 0x0000000709d00000, 0x0000000709d00000|
| 128|0x0000000709e00000, 0x0000000709e00000, 0x0000000709f00000|  0%| F|  |TS  0|AC  0|TAMS 0x0000000709e00000, 0x0000000709e00000|
| 129|0x0000000709f00000, 0x0000000709f00000, 0x000000070a000000|  0%| F|  |TS  0|AC  0|TAMS 0x0000000709f00000, 0x0000000709f00000|
| 130|0x000000070a000000, 0x000000070a000000, 0x000000070a100000|  0%| F|  |TS  0|AC  0|TAMS 0x000000070a000000, 0x000000070a000000|
| 131|0x000000070a100000, 0x000000070a100000, 0x000000070a200000|  0%| F|  |TS  0|AC  0|TAMS 0x000000070a100000, 0x000000070a100000|
| 132|0x000000070a200000, 0x000000070a200000, 0x000000070a300000|  0%| F|  |TS  0|AC  0|TAMS 0x000000070a200000, 0x000000070a200000|
| 133|0x000000070a300000, 0x000000070a300000, 0x000000070a400000|  0%| F|  |TS  0|AC  0|TAMS 0x000000070a300000, 0x000000070a300000|
| 134|0x000000070a400000, 0x000000070a400000, 0x000000070a500000|  0%| F|  |TS  0|AC  0|TAMS 0x000000070a400000, 0x000000070a400000|
| 135|0x000000070a500000, 0x000000070a500000, 0x000000070a600000|  0%| F|  |TS  0|AC  0|TAMS 0x000000070a500000, 0x000000070a500000|
| 136|0x000000070a600000, 0x000000070a600000, 0x000000070a700000|  0%| F|  |TS  0|AC  0|TAMS 0x000000070a600000, 0x000000070a600000|
| 137|0x000000070a700000, 0x000000070a700000, 0x000000070a800000|  0%| F|  |TS  0|AC  0|TAMS 0x000000070a700000, 0x000000070a700000|
| 138|0x000000070a800000, 0x000000070a800000, 0x000000070a900000|  0%| F|  |TS  0|AC  0|TAMS 0x000000070a800000, 0x000000070a800000|
| 139|0x000000070a900000, 0x000000070a900000, 0x000000070aa00000|  0%| F|  |TS  0|AC  0|TAMS 0x000000070a900000, 0x000000070a900000|
| 140|0x000000070aa00000, 0x000000070aa00000, 0x000000070ab00000|  0%| F|  |TS  0|AC  0|TAMS 0x000000070aa00000, 0x000000070aa00000|
| 141|0x000000070ab00000, 0x000000070ab00000, 0x000000070ac00000|  0%| F|  |TS  0|AC  0|TAMS 0x000000070ab00000, 0x000000070ab00000|
| 142|0x000000070ac00000, 0x000000070ac00000, 0x000000070ad00000|  0%| F|  |TS  0|AC  0|TAMS 0x000000070ac00000, 0x000000070ac00000|
| 143|0x000000070ad00000, 0x000000070ad00000, 0x000000070ae00000|  0%| F|  |TS  0|AC  0|TAMS 0x000000070ad00000, 0x000000070ad00000|
| 144|0x000000070ae00000, 0x000000070ae00000, 0x000000070af00000|  0%| F|  |TS  0|AC  0|TAMS 0x000000070ae00000, 0x000000070ae00000|
| 145|0x000000070af00000, 0x000000070af00000, 0x000000070b000000|  0%| F|  |TS  0|AC  0|TAMS 0x000000070af00000, 0x000000070af00000|
| 146|0x000000070b000000, 0x000000070b000000, 0x000000070b100000|  0%| F|  |TS  0|AC  0|TAMS 0x000000070b000000, 0x000000070b000000|
| 147|0x000000070b100000, 0x000000070b100000, 0x000000070b200000|  0%| F|  |TS  0|AC  0|TAMS 0x000000070b100000, 0x000000070b100000|
| 148|0x000000070b200000, 0x000000070b200000, 0x000000070b300000|  0%| F|  |TS  0|AC  0|TAMS 0x000000070b200000, 0x000000070b200000|
| 149|0x000000070b300000, 0x000000070b300000, 0x000000070b400000|  0%| F|  |TS  0|AC  0|TAMS 0x000000070b300000, 0x000000070b300000|
| 150|0x000000070b400000, 0x000000070b400000, 0x000000070b500000|  0%| F|  |TS  0|AC  0|TAMS 0x000000070b400000, 0x000000070b400000|
| 151|0x000000070b500000, 0x000000070b500000, 0x000000070b600000|  0%| F|  |TS  0|AC  0|TAMS 0x000000070b500000, 0x000000070b500000|
| 152|0x000000070b600000, 0x000000070b600000, 0x000000070b700000|  0%| F|  |TS  0|AC  0|TAMS 0x000000070b600000, 0x000000070b600000|
| 153|0x000000070b700000, 0x000000070b700000, 0x000000070b800000|  0%| F|  |TS  0|AC  0|TAMS 0x000000070b700000, 0x000000070b700000|
| 154|0x000000070b800000, 0x000000070b800000, 0x000000070b900000|  0%| F|  |TS  0|AC  0|TAMS 0x000000070b800000, 0x000000070b800000|
| 155|0x000000070b900000, 0x000000070b900000, 0x000000070ba00000|  0%| F|  |TS  0|AC  0|TAMS 0x000000070b900000, 0x000000070b900000|
| 156|0x000000070ba00000, 0x000000070ba00000, 0x000000070bb00000|  0%| F|  |TS  0|AC  0|TAMS 0x000000070ba00000, 0x000000070ba00000|
| 157|0x000000070bb00000, 0x000000070bb00000, 0x000000070bc00000|  0%| F|  |TS  0|AC  0|TAMS 0x000000070bb00000, 0x000000070bb00000|
| 158|0x000000070bc00000, 0x000000070bc00000, 0x000000070bd00000|  0%| F|  |TS  0|AC  0|TAMS 0x000000070bc00000, 0x000000070bc00000|
| 159|0x000000070bd00000, 0x000000070bd00000, 0x000000070be00000|  0%| F|  |TS  0|AC  0|TAMS 0x000000070bd00000, 0x000000070bd00000|
| 160|0x000000070be00000, 0x000000070be00000, 0x000000070bf00000|  0%| F|  |TS  0|AC  0|TAMS 0x000000070be00000, 0x000000070be00000|
| 161|0x000000070bf00000, 0x000000070bf00000, 0x000000070c000000|  0%| F|  |TS  0|AC  0|TAMS 0x000000070bf00000, 0x000000070bf00000|
| 162|0x000000070c000000, 0x000000070c000000, 0x000000070c100000|  0%| F|  |TS  0|AC  0|TAMS 0x000000070c000000, 0x000000070c000000|
| 163|0x000000070c100000, 0x000000070c100000, 0x000000070c200000|  0%| F|  |TS  0|AC  0|TAMS 0x000000070c100000, 0x000000070c100000|
| 164|0x000000070c200000, 0x000000070c200000, 0x000000070c300000|  0%| F|  |TS  0|AC  0|TAMS 0x000000070c200000, 0x000000070c200000|
| 165|0x000000070c300000, 0x000000070c300000, 0x000000070c400000|  0%| F|  |TS  0|AC  0|TAMS 0x000000070c300000, 0x000000070c300000|
| 166|0x000000070c400000, 0x000000070c400000, 0x000000070c500000|  0%| F|  |TS  0|AC  0|TAMS 0x000000070c400000, 0x000000070c400000|
| 167|0x000000070c500000, 0x000000070c500000, 0x000000070c600000|  0%| F|  |TS  0|AC  0|TAMS 0x000000070c500000, 0x000000070c500000|
| 168|0x000000070c600000, 0x000000070c600000, 0x000000070c700000|  0%| F|  |TS  0|AC  0|TAMS 0x000000070c600000, 0x000000070c600000|
| 169|0x000000070c700000, 0x000000070c700000, 0x000000070c800000|  0%| F|  |TS  0|AC  0|TAMS 0x000000070c700000, 0x000000070c700000|
| 170|0x000000070c800000, 0x000000070c800000, 0x000000070c900000|  0%| F|  |TS  0|AC  0|TAMS 0x000000070c800000, 0x000000070c800000|
| 171|0x000000070c900000, 0x000000070c900000, 0x000000070ca00000|  0%| F|  |TS  0|AC  0|TAMS 0x000000070c900000, 0x000000070c900000|
| 172|0x000000070ca00000, 0x000000070ca00000, 0x000000070cb00000|  0%| F|  |TS  0|AC  0|TAMS 0x000000070ca00000, 0x000000070ca00000|
| 173|0x000000070cb00000, 0x000000070cb00000, 0x000000070cc00000|  0%| F|  |TS  0|AC  0|TAMS 0x000000070cb00000, 0x000000070cb00000|
| 174|0x000000070cc00000, 0x000000070cc00000, 0x000000070cd00000|  0%| F|  |TS  0|AC  0|TAMS 0x000000070cc00000, 0x000000070cc00000|
| 175|0x000000070cd00000, 0x000000070cd00000, 0x000000070ce00000|  0%| F|  |TS  0|AC  0|TAMS 0x000000070cd00000, 0x000000070cd00000|
| 176|0x000000070ce00000, 0x000000070ce00000, 0x000000070cf00000|  0%| F|  |TS  0|AC  0|TAMS 0x000000070ce00000, 0x000000070ce00000|
| 177|0x000000070cf00000, 0x000000070cf00000, 0x000000070d000000|  0%| F|  |TS  0|AC  0|TAMS 0x000000070cf00000, 0x000000070cf00000|
| 178|0x000000070d000000, 0x000000070d000000, 0x000000070d100000|  0%| F|  |TS  0|AC  0|TAMS 0x000000070d000000, 0x000000070d000000|
| 179|0x000000070d100000, 0x000000070d100000, 0x000000070d200000|  0%| F|  |TS  0|AC  0|TAMS 0x000000070d100000, 0x000000070d100000|
| 180|0x000000070d200000, 0x000000070d200000, 0x000000070d300000|  0%| F|  |TS  0|AC  0|TAMS 0x000000070d200000, 0x000000070d200000|
| 181|0x000000070d300000, 0x000000070d300000, 0x000000070d400000|  0%| F|  |TS  0|AC  0|TAMS 0x000000070d300000, 0x000000070d300000|
| 182|0x000000070d400000, 0x000000070d400000, 0x000000070d500000|  0%| F|  |TS  0|AC  0|TAMS 0x000000070d400000, 0x000000070d400000|
| 183|0x000000070d500000, 0x000000070d500000, 0x000000070d600000|  0%| F|  |TS  0|AC  0|TAMS 0x000000070d500000, 0x000000070d500000|
| 184|0x000000070d600000, 0x000000070d600000, 0x000000070d700000|  0%| F|  |TS  0|AC  0|TAMS 0x000000070d600000, 0x000000070d600000|
| 185|0x000000070d700000, 0x000000070d700000, 0x000000070d800000|  0%| F|  |TS  0|AC  0|TAMS 0x000000070d700000, 0x000000070d700000|
| 186|0x000000070d800000, 0x000000070d85cb10, 0x000000070d900000| 36%| E|  |TS  0|AC  0|TAMS 0x000000070d800000, 0x000000070d800000|
| 187|0x000000070d900000, 0x000000070da00000, 0x000000070da00000|100%| E|CS|TS  0|AC  0|TAMS 0x000000070d900000, 0x000000070d900000|
| 188|0x000000070da00000, 0x000000070db00000, 0x000000070db00000|100%| E|CS|TS  0|AC  0|TAMS 0x000000070da00000, 0x000000070da00000|
| 189|0x000000070db00000, 0x000000070dc00000, 0x000000070dc00000|100%| E|CS|TS  0|AC  0|TAMS 0x000000070db00000, 0x000000070db00000|
| 190|0x000000070dc00000, 0x000000070dd00000, 0x000000070dd00000|100%| E|CS|TS  0|AC  0|TAMS 0x000000070dc00000, 0x000000070dc00000|
| 191|0x000000070dd00000, 0x000000070de00000, 0x000000070de00000|100%| E|CS|TS  0|AC  0|TAMS 0x000000070dd00000, 0x000000070dd00000|

Card table byte_map: [0x00007f759ba00000,0x00007f759bff1000] byte_map_base: 0x00007f75981f1000

Marking Bits (Prev, Next): (CMBitMap*) 0x00007f75d8075690, (CMBitMap*) 0x00007f75d80756e8
 Prev Bits: [0x00007f7598470000, 0x00007f759b3f8000)
 Next Bits: [0x00007f75954e0000, 0x00007f7598468000)

Polling page: 0x00007f75dfed0000

CodeHeap 'non-nmethods': size=5696Kb used=1261Kb max_used=1276Kb free=4435Kb
 bounds [0x00007f75c1c50000, 0x00007f75c1ec0000, 0x00007f75c21e0000]
CodeHeap 'profiled nmethods': size=120032Kb used=748Kb max_used=748Kb free=119283Kb
 bounds [0x00007f75c21e0000, 0x00007f75c2450000, 0x00007f75c9718000]
CodeHeap 'non-profiled nmethods': size=120032Kb used=170Kb max_used=170Kb free=119862Kb
 bounds [0x00007f75c9718000, 0x00007f75c9988000, 0x00007f75d0c50000]
 total_blobs=1146 nmethods=504 adapters=435
 compilation: enabled

Compilation events (10 events):
Event: 0.550 Thread 0x00007f75d81ed000  501       3       java.lang.invoke.LambdaForm$DMH/1810132623::invokeSpecial_LL_L (15 bytes)
Event: 0.550 Thread 0x00007f75d81ed000 nmethod 501 0x00007f75c2299790 code [0x00007f75c2299940, 0x00007f75c2299ed8]
Event: 0.550 Thread 0x00007f75d81e9800  502       4       java.util.HashMap::putVal (300 bytes)
Event: 0.552 Thread 0x00007f75d81ed000  503       3       java.lang.String::substring (68 bytes)
Event: 0.552 Thread 0x00007f75d81eb000 nmethod 496 0x00007f75c9740210 code [0x00007f75c9740380, 0x00007f75c9740758]
Event: 0.552 Thread 0x00007f75d81ed000 nmethod 503 0x00007f75c229a010 code [0x00007f75c229a220, 0x00007f75c229aab8]
Event: 0.558 Thread 0x00007f75d81ed000  504       3       java.nio.HeapByteBuffer::_get (7 bytes)
Event: 0.558 Thread 0x00007f75d81ed000 nmethod 504 0x00007f75c229ad90 code [0x00007f75c229af00, 0x00007f75c229b070]
Event: 0.559 Thread 0x00007f75d81ed000  505       1       java.nio.Buffer::position (5 bytes)
Event: 0.559 Thread 0x00007f75d81ed000 nmethod 505 0x00007f75c9740910 code [0x00007f75c9740a80, 0x00007f75c9740b90]

GC Heap History (0 events):
No events

Deoptimization events (10 events):
Event: 0.157 Thread 0x00007f75d8010800 Uncommon trap: reason=unstable_if action=reinterpret pc=0x00007f75c971a334 method=java.lang.String.hashCode()I @ 12
Event: 0.456 Thread 0x00007f75d8010800 Uncommon trap: reason=unstable_if action=reinterpret pc=0x00007f75c9721348 method=java.util.HashMap.hash(Ljava/lang/Object;)I @ 1
Event: 0.478 Thread 0x00007f75d8010800 Uncommon trap: reason=class_check action=maybe_recompile pc=0x00007f75c9722354 method=java.util.HashMap.putVal(ILjava/lang/Object;Ljava/lang/Object;ZZ)Ljava/lang/Object; @ 253
Event: 0.478 Thread 0x00007f75d8010800 Uncommon trap: reason=class_check action=maybe_recompile pc=0x00007f75c9722354 method=java.util.HashMap.putVal(ILjava/lang/Object;Ljava/lang/Object;ZZ)Ljava/lang/Object; @ 253
Event: 0.479 Thread 0x00007f75d8010800 Uncommon trap: reason=class_check action=maybe_recompile pc=0x00007f75c9722354 method=java.util.HashMap.putVal(ILjava/lang/Object;Ljava/lang/Object;ZZ)Ljava/lang/Object; @ 253
Event: 0.479 Thread 0x00007f75d8010800 Uncommon trap: reason=class_check action=maybe_recompile pc=0x00007f75c9722354 method=java.util.HashMap.putVal(ILjava/lang/Object;Ljava/lang/Object;ZZ)Ljava/lang/Object; @ 253
Event: 0.481 Thread 0x00007f75d8010800 Uncommon trap: reason=unstable_fused_if action=reinterpret pc=0x00007f75c972f69c method=jdk.internal.org.objectweb.asm.ByteVector.putUTF8(Ljava/lang/String;)Ljdk/internal/org/objectweb/asm/ByteVector; @ 91
Event: 0.550 Thread 0x00007f75d8010800 Uncommon trap: reason=class_check action=maybe_recompile pc=0x00007f75c973ea6c method=java.util.HashMap.putVal(ILjava/lang/Object;Ljava/lang/Object;ZZ)Ljava/lang/Object; @ 203
Event: 0.550 Thread 0x00007f75d8010800 Uncommon trap: reason=class_check action=maybe_recompile pc=0x00007f75c973ea20 method=java.util.HashMap.putVal(ILjava/lang/Object;Ljava/lang/Object;ZZ)Ljava/lang/Object; @ 91
Event: 0.550 Thread 0x00007f75d8010800 Uncommon trap: reason=class_check action=maybe_recompile pc=0x00007f75c973ea20 method=java.util.HashMap.putVal(ILjava/lang/Object;Ljava/lang/Object;ZZ)Ljava/lang/Object; @ 91

Classes redefined (0 events):
No events

Internal exceptions (6 events):
Event: 0.252 Thread 0x00007f75d8010800 Exception <a 'java/lang/ClassNotFoundException': sun/awt/resources/awtProvider> (0x000000070db70960) thrown at [/build/openjdk-9-argm_o/openjdk-9-9~b114/src/hotspot/src/share/vm/classfile/systemDictionary.cpp, line 224]
Event: 0.312 Thread 0x00007f75d8010800 Exception <a 'java/io/FileNotFoundException'> (0x000000070dbad918) thrown at [/build/openjdk-9-argm_o/openjdk-9-9~b114/src/hotspot/src/share/vm/prims/jni.cpp, line 605]
Event: 0.313 Thread 0x00007f75d8010800 Exception <a 'java/io/FileNotFoundException'> (0x000000070dbb5968) thrown at [/build/openjdk-9-argm_o/openjdk-9-9~b114/src/hotspot/src/share/vm/prims/jni.cpp, line 605]
Event: 0.452 Thread 0x00007f75d8010800 Exception <a 'java/lang/ClassNotFoundException': com/sun/swing/internal/plaf/metal/resources/metalProvider> (0x000000070d965478) thrown at [/build/openjdk-9-argm_o/openjdk-9-9~b114/src/hotspot/src/share/vm/classfile/systemDictionary.cpp, line 224]
Event: 0.452 Thread 0x00007f75d8010800 Exception <a 'java/lang/ClassNotFoundException': com/sun/swing/internal/plaf/basic/resources/basicProvider> (0x000000070d968b38) thrown at [/build/openjdk-9-argm_o/openjdk-9-9~b114/src/hotspot/src/share/vm/classfile/systemDictionary.cpp, line 224]
Event: 0.456 Thread 0x00007f75d8010800 Implicit null exception at 0x00007f75c972063e to 0x00007f75c972132d

Events (10 events):
Event: 0.559 loading class sun/nio/cs/UTF_16$Decoder
Event: 0.559 loading class sun/nio/cs/UnicodeDecoder
Event: 0.559 loading class sun/nio/cs/UnicodeDecoder done
Event: 0.559 loading class sun/nio/cs/UTF_16$Decoder done
Event: 0.560 loading class sun/font/FileFontStrike
Event: 0.560 loading class sun/font/FileFontStrike done
Event: 0.560 loading class sun/font/FontScaler
Event: 0.560 loading class sun/font/FontScaler done
Event: 0.560 loading class sun/font/FreetypeFontScaler
Event: 0.560 loading class sun/font/FreetypeFontScaler done


Dynamic libraries:
00400000-00401000 r-xp 00000000 00:00 602311                     /usr/lib/jvm/java-9-openjdk-amd64/bin/java
00600000-00601000 r--p 00000000 00:00 602311                     /usr/lib/jvm/java-9-openjdk-amd64/bin/java
00601000-00602000 rw-p 00001000 00:00 602311                     /usr/lib/jvm/java-9-openjdk-amd64/bin/java
01339000-0135a000 rw-p 00000000 00:00 0                          [heap]
701e00000-70de00000 rw-p 00000000 00:00 0
70de00000-7c0000000 ---p 00000000 00:00 0
7c0000000-7c0160000 rw-p 00000000 00:00 0
7c0160000-800000000 ---p 00000000 00:00 0
7f7548000000-7f7548021000 rw-p 00000000 00:00 0
7f7548021000-7f754c000000 ---p 00000000 00:00 0
7f754c000000-7f754c021000 rw-p 00000000 00:00 0
7f754c021000-7f7550000000 ---p 00000000 00:00 0
7f7550000000-7f7550021000 rw-p 00000000 00:00 0
7f7550021000-7f7554000000 ---p 00000000 00:00 0
7f7554000000-7f7554021000 rw-p 00000000 00:00 0
7f7554021000-7f7558000000 ---p 00000000 00:00 0
7f755a6a0000-7f755a6a4000 ---p 00000000 00:00 0
7f755a6a4000-7f755a7a1000 rw-p 00000000 00:00 0
7f755a7b0000-7f755a970000 rw-p 00000000 00:00 0
7f755a970000-7f755a9b4000 ---p 00000000 00:00 0
7f755a9b4000-7f755aab1000 rw-p 00000000 00:00 0
7f755aac0000-7f755aac5000 r-xp 00000000 00:00 344058             /usr/lib/x86_64-linux-gnu/libXfixes.so.3.1.0
7f755aac5000-7f755aac6000 ---p 00005000 00:00 344058             /usr/lib/x86_64-linux-gnu/libXfixes.so.3.1.0
7f755aac6000-7f755acc4000 ---p 00006000 00:00 344058             /usr/lib/x86_64-linux-gnu/libXfixes.so.3.1.0
7f755acc4000-7f755acc5000 r--p 00004000 00:00 344058             /usr/lib/x86_64-linux-gnu/libXfixes.so.3.1.0
7f755acc5000-7f755acc6000 rw-p 00005000 00:00 344058             /usr/lib/x86_64-linux-gnu/libXfixes.so.3.1.0
7f755acd0000-7f755acd9000 r-xp 00000000 00:00 345829             /usr/lib/x86_64-linux-gnu/libXcursor.so.1.0.2
7f755acd9000-7f755acda000 ---p 00009000 00:00 345829             /usr/lib/x86_64-linux-gnu/libXcursor.so.1.0.2
7f755acda000-7f755aed8000 ---p 0000a000 00:00 345829             /usr/lib/x86_64-linux-gnu/libXcursor.so.1.0.2
7f755aed8000-7f755aed9000 r--p 00008000 00:00 345829             /usr/lib/x86_64-linux-gnu/libXcursor.so.1.0.2
7f755aed9000-7f755aeda000 rw-p 00009000 00:00 345829             /usr/lib/x86_64-linux-gnu/libXcursor.so.1.0.2
7f755aee0000-7f755aee4000 ---p 00000000 00:00 0
7f755aee4000-7f755afe1000 rw-p 00000000 00:00 0
7f755aff0000-7f755b014000 r-xp 00000000 00:00 295542             /lib/x86_64-linux-gnu/libpng12.so.0.54.0
7f755b014000-7f755b015000 ---p 00024000 00:00 295542             /lib/x86_64-linux-gnu/libpng12.so.0.54.0
7f755b015000-7f755b213000 ---p 00025000 00:00 295542             /lib/x86_64-linux-gnu/libpng12.so.0.54.0
7f755b213000-7f755b214000 r--p 00023000 00:00 295542             /lib/x86_64-linux-gnu/libpng12.so.0.54.0
7f755b214000-7f755b215000 rw-p 00024000 00:00 295542             /lib/x86_64-linux-gnu/libpng12.so.0.54.0
7f755b220000-7f755b2c4000 r-xp 00000000 00:00 322683             /usr/lib/x86_64-linux-gnu/libfreetype.so.6.12.1
7f755b2c4000-7f755b2ca000 ---p 000a4000 00:00 322683             /usr/lib/x86_64-linux-gnu/libfreetype.so.6.12.1
7f755b2ca000-7f755b4c3000 ---p 000aa000 00:00 322683             /usr/lib/x86_64-linux-gnu/libfreetype.so.6.12.1
7f755b4c3000-7f755b4c9000 r--p 000a3000 00:00 322683             /usr/lib/x86_64-linux-gnu/libfreetype.so.6.12.1
7f755b4c9000-7f755b4ca000 rw-p 000a9000 00:00 322683             /usr/lib/x86_64-linux-gnu/libfreetype.so.6.12.1
7f755b4d0000-7f755b596000 r-xp 00000000 00:00 602491             /usr/lib/jvm/java-9-openjdk-amd64/lib/amd64/libfontmanager.so
7f755b596000-7f755b599000 ---p 000c6000 00:00 602491             /usr/lib/jvm/java-9-openjdk-amd64/lib/amd64/libfontmanager.so
7f755b599000-7f755b795000 ---p 000c9000 00:00 602491             /usr/lib/jvm/java-9-openjdk-amd64/lib/amd64/libfontmanager.so
7f755b795000-7f755b798000 r--p 000c5000 00:00 602491             /usr/lib/jvm/java-9-openjdk-amd64/lib/amd64/libfontmanager.so
7f755b798000-7f755b799000 rw-p 000c8000 00:00 602491             /usr/lib/jvm/java-9-openjdk-amd64/lib/amd64/libfontmanager.so
7f755b799000-7f755b79a000 rw-p 00000000 00:00 0
7f755b7a0000-7f755b7a5000 r-xp 00000000 00:00 321819             /usr/lib/x86_64-linux-gnu/libXdmcp.so.6.0.0
7f755b7a5000-7f755b7a6000 ---p 00005000 00:00 321819             /usr/lib/x86_64-linux-gnu/libXdmcp.so.6.0.0
7f755b7a6000-7f755b9a4000 ---p 00006000 00:00 321819             /usr/lib/x86_64-linux-gnu/libXdmcp.so.6.0.0
7f755b9a4000-7f755b9a5000 r--p 00004000 00:00 321819             /usr/lib/x86_64-linux-gnu/libXdmcp.so.6.0.0
7f755b9a5000-7f755b9a6000 rw-p 00005000 00:00 321819             /usr/lib/x86_64-linux-gnu/libXdmcp.so.6.0.0
7f755b9b0000-7f755b9b2000 r-xp 00000000 00:00 322584             /usr/lib/x86_64-linux-gnu/libXau.so.6.0.0
7f755b9b2000-7f755b9b4000 ---p 00002000 00:00 322584             /usr/lib/x86_64-linux-gnu/libXau.so.6.0.0
7f755b9b4000-7f755bbb2000 ---p 00004000 00:00 322584             /usr/lib/x86_64-linux-gnu/libXau.so.6.0.0
7f755bbb2000-7f755bbb3000 r--p 00002000 00:00 322584             /usr/lib/x86_64-linux-gnu/libXau.so.6.0.0
7f755bbb3000-7f755bbb4000 rw-p 00003000 00:00 322584             /usr/lib/x86_64-linux-gnu/libXau.so.6.0.0
7f755bbc0000-7f755bbe1000 r-xp 00000000 00:00 322578             /usr/lib/x86_64-linux-gnu/libxcb.so.1.1.0
7f755bbe1000-7f755bbe2000 ---p 00021000 00:00 322578             /usr/lib/x86_64-linux-gnu/libxcb.so.1.1.0
7f755bbe2000-7f755bde0000 ---p 00022000 00:00 322578             /usr/lib/x86_64-linux-gnu/libxcb.so.1.1.0
7f755bde0000-7f755bde1000 r--p 00020000 00:00 322578             /usr/lib/x86_64-linux-gnu/libxcb.so.1.1.0
7f755bde1000-7f755bde2000 rw-p 00021000 00:00 322578             /usr/lib/x86_64-linux-gnu/libxcb.so.1.1.0
7f755bdf0000-7f755bdff000 r-xp 00000000 00:00 345842             /usr/lib/x86_64-linux-gnu/libXi.so.6.1.0
7f755bdff000-7f755be00000 ---p 0000f000 00:00 345842             /usr/lib/x86_64-linux-gnu/libXi.so.6.1.0
7f755be00000-7f755bffe000 ---p 00010000 00:00 345842             /usr/lib/x86_64-linux-gnu/libXi.so.6.1.0
7f755bffe000-7f755bfff000 r--p 0000e000 00:00 345842             /usr/lib/x86_64-linux-gnu/libXi.so.6.1.0
7f755bfff000-7f755c000000 rw-p 0000f000 00:00 345842             /usr/lib/x86_64-linux-gnu/libXi.so.6.1.0
7f755c000000-7f755c021000 rw-p 00000000 00:00 0
7f755c021000-7f7560000000 ---p 00000000 00:00 0
7f7560000000-7f7560021000 rw-p 00000000 00:00 0
7f7560021000-7f7564000000 ---p 00000000 00:00 0
7f7564000000-7f756411d000 rw-p 00000000 00:00 0
7f756411d000-7f7568000000 ---p 00000000 00:00 0
7f7568000000-7f7568021000 rw-p 00000000 00:00 0
7f7568021000-7f756c000000 ---p 00000000 00:00 0
7f756c000000-7f756c287000 rw-p 00000000 00:00 0
7f756c287000-7f7570000000 ---p 00000000 00:00 0
7f7570000000-7f75701a3000 rw-p 00000000 00:00 0
7f75701a3000-7f7574000000 ---p 00000000 00:00 0
7f7574000000-7f7574021000 rw-p 00000000 00:00 0
7f7574021000-7f7578000000 ---p 00000000 00:00 0
7f7578000000-7f7578021000 rw-p 00000000 00:00 0
7f7578021000-7f757c000000 ---p 00000000 00:00 0
7f757c000000-7f757c021000 rw-p 00000000 00:00 0
7f757c021000-7f7580000000 ---p 00000000 00:00 0
7f7580000000-7f7580021000 rw-p 00000000 00:00 0
7f7580021000-7f7584000000 ---p 00000000 00:00 0
7f7584000000-7f7584021000 rw-p 00000000 00:00 0
7f7584021000-7f7588000000 ---p 00000000 00:00 0
7f7588000000-7f7588021000 rw-p 00000000 00:00 0
7f7588021000-7f758c000000 ---p 00000000 00:00 0
7f758c070000-7f758c075000 r-xp 00000000 00:00 344121             /usr/lib/x86_64-linux-gnu/libXtst.so.6.1.0
7f758c075000-7f758c076000 ---p 00005000 00:00 344121             /usr/lib/x86_64-linux-gnu/libXtst.so.6.1.0
7f758c076000-7f758c274000 ---p 00006000 00:00 344121             /usr/lib/x86_64-linux-gnu/libXtst.so.6.1.0
7f758c274000-7f758c275000 r--p 00004000 00:00 344121             /usr/lib/x86_64-linux-gnu/libXtst.so.6.1.0
7f758c275000-7f758c276000 rw-p 00005000 00:00 344121             /usr/lib/x86_64-linux-gnu/libXtst.so.6.1.0
7f758c280000-7f758c289000 r-xp 00000000 00:00 344068             /usr/lib/x86_64-linux-gnu/libXrender.so.1.3.0
7f758c289000-7f758c28a000 ---p 00009000 00:00 344068             /usr/lib/x86_64-linux-gnu/libXrender.so.1.3.0
7f758c28a000-7f758c488000 ---p 0000a000 00:00 344068             /usr/lib/x86_64-linux-gnu/libXrender.so.1.3.0
7f758c488000-7f758c489000 r--p 00008000 00:00 344068             /usr/lib/x86_64-linux-gnu/libXrender.so.1.3.0
7f758c489000-7f758c48a000 rw-p 00009000 00:00 344068             /usr/lib/x86_64-linux-gnu/libXrender.so.1.3.0
7f758c490000-7f758c5c5000 r-xp 00000000 00:00 321826             /usr/lib/x86_64-linux-gnu/libX11.so.6.3.0
7f758c5c5000-7f758c5ca000 ---p 00135000 00:00 321826             /usr/lib/x86_64-linux-gnu/libX11.so.6.3.0
7f758c5ca000-7f758c7c5000 ---p 0013a000 00:00 321826             /usr/lib/x86_64-linux-gnu/libX11.so.6.3.0
7f758c7c5000-7f758c7c6000 r--p 00135000 00:00 321826             /usr/lib/x86_64-linux-gnu/libX11.so.6.3.0
7f758c7c6000-7f758c7ca000 rw-p 00136000 00:00 321826             /usr/lib/x86_64-linux-gnu/libX11.so.6.3.0
7f758c7d0000-7f758c7e1000 r-xp 00000000 00:00 322575             /usr/lib/x86_64-linux-gnu/libXext.so.6.4.0
7f758c7e1000-7f758c7e2000 ---p 00011000 00:00 322575             /usr/lib/x86_64-linux-gnu/libXext.so.6.4.0
7f758c7e2000-7f758c9e0000 ---p 00012000 00:00 322575             /usr/lib/x86_64-linux-gnu/libXext.so.6.4.0
7f758c9e0000-7f758c9e1000 r--p 00010000 00:00 322575             /usr/lib/x86_64-linux-gnu/libXext.so.6.4.0
7f758c9e1000-7f758c9e2000 rw-p 00011000 00:00 322575             /usr/lib/x86_64-linux-gnu/libXext.so.6.4.0
7f758c9f0000-7f758ca47000 r-xp 00000000 00:00 602583             /usr/lib/jvm/java-9-openjdk-amd64/lib/amd64/libawt_xawt.so
7f758ca47000-7f758ca4b000 ---p 00057000 00:00 602583             /usr/lib/jvm/java-9-openjdk-amd64/lib/amd64/libawt_xawt.so
7f758ca4b000-7f758cc47000 ---p 0005b000 00:00 602583             /usr/lib/jvm/java-9-openjdk-amd64/lib/amd64/libawt_xawt.so
7f758cc47000-7f758cc48000 r--p 00057000 00:00 602583             /usr/lib/jvm/java-9-openjdk-amd64/lib/amd64/libawt_xawt.so
7f758cc48000-7f758cc4b000 rw-p 00058000 00:00 602583             /usr/lib/jvm/java-9-openjdk-amd64/lib/amd64/libawt_xawt.so
7f758cc4b000-7f758cc4c000 rw-p 00000000 00:00 0
7f758cc50000-7f758ccf0000 r-xp 00000000 00:00 602490             /usr/lib/jvm/java-9-openjdk-amd64/lib/amd64/libawt.so
7f758ccf0000-7f758ccfc000 ---p 000a0000 00:00 602490             /usr/lib/jvm/java-9-openjdk-amd64/lib/amd64/libawt.so
7f758ccfc000-7f758ceef000 ---p 000ac000 00:00 602490             /usr/lib/jvm/java-9-openjdk-amd64/lib/amd64/libawt.so
7f758ceef000-7f758cef0000 r--p 0009f000 00:00 602490             /usr/lib/jvm/java-9-openjdk-amd64/lib/amd64/libawt.so
7f758cef0000-7f758cefb000 rw-p 000a0000 00:00 602490             /usr/lib/jvm/java-9-openjdk-amd64/lib/amd64/libawt.so
7f758cefb000-7f758cf20000 rw-p 00000000 00:00 0
7f758cf20000-7f758cf21000 ---p 00000000 00:00 0
7f758cf21000-7f758d021000 rw-p 00000000 00:00 0
7f758d030000-7f758d034000 ---p 00000000 00:00 0
7f758d034000-7f758d131000 rw-p 00000000 00:00 0
7f758d140000-7f758d144000 ---p 00000000 00:00 0
7f758d144000-7f758d241000 rw-p 00000000 00:00 0
7f758d250000-7f758d551000 rw-p 00000000 00:00 0
7f758d560000-7f758d576000 r-xp 00000000 00:00 602492             /usr/lib/jvm/java-9-openjdk-amd64/lib/amd64/libnet.so
7f758d576000-7f758d577000 ---p 00016000 00:00 602492             /usr/lib/jvm/java-9-openjdk-amd64/lib/amd64/libnet.so
7f758d577000-7f758d775000 ---p 00017000 00:00 602492             /usr/lib/jvm/java-9-openjdk-amd64/lib/amd64/libnet.so
7f758d775000-7f758d776000 r--p 00015000 00:00 602492             /usr/lib/jvm/java-9-openjdk-amd64/lib/amd64/libnet.so
7f758d776000-7f758d777000 rw-p 00016000 00:00 602492             /usr/lib/jvm/java-9-openjdk-amd64/lib/amd64/libnet.so
7f758d780000-7f758d791000 r-xp 00000000 00:00 602585             /usr/lib/jvm/java-9-openjdk-amd64/lib/amd64/libnio.so
7f758d791000-7f758d793000 ---p 00011000 00:00 602585             /usr/lib/jvm/java-9-openjdk-amd64/lib/amd64/libnio.so
7f758d793000-7f758d991000 ---p 00013000 00:00 602585             /usr/lib/jvm/java-9-openjdk-amd64/lib/amd64/libnio.so
7f758d991000-7f758d992000 r--p 00011000 00:00 602585             /usr/lib/jvm/java-9-openjdk-amd64/lib/amd64/libnio.so
7f758d992000-7f758d993000 rw-p 00012000 00:00 602585             /usr/lib/jvm/java-9-openjdk-amd64/lib/amd64/libnio.so
7f758d9a0000-7f758d9a4000 ---p 00000000 00:00 0
7f758d9a4000-7f758daa1000 rw-p 00000000 00:00 0
7f758dab0000-7f758dab4000 ---p 00000000 00:00 0
7f758dab4000-7f758dbb1000 rw-p 00000000 00:00 0
7f758dbc0000-7f758dbc4000 ---p 00000000 00:00 0
7f758dbc4000-7f758dcc1000 rw-p 00000000 00:00 0
7f758dcd0000-7f758dcd4000 ---p 00000000 00:00 0
7f758dcd4000-7f758ddd1000 rw-p 00000000 00:00 0
7f758dde0000-7f758dde4000 ---p 00000000 00:00 0
7f758dde4000-7f758dee1000 rw-p 00000000 00:00 0
7f758def0000-7f758def4000 ---p 00000000 00:00 0
7f758def4000-7f758dff1000 rw-p 00000000 00:00 0
7f758e000000-7f7590021000 rw-p 00000000 00:00 0
7f7590021000-7f7594000000 ---p 00000000 00:00 0
7f75940d8000-7f7594270000 r--p 00000000 00:00 342030             /usr/lib/locale/locale-archive
7f7594270000-7f7594274000 ---p 00000000 00:00 0
7f7594274000-7f7594371000 rw-p 00000000 00:00 0
7f7594380000-7f7594384000 ---p 00000000 00:00 0
7f7594384000-7f7594481000 rw-p 00000000 00:00 0
7f7594490000-7f7594491000 ---p 00000000 00:00 0
7f7594491000-7f7594591000 rw-p 00000000 00:00 0
7f75945a0000-7f7594e5f000 rw-p 00000000 00:00 0
7f7594e60000-7f7594f61000 rw-p 00000000 00:00 0
7f7594f70000-7f759502f000 rw-p 00000000 00:00 0
7f7595030000-7f7595131000 rw-p 00000000 00:00 0
7f7595140000-7f75951ff000 rw-p 00000000 00:00 0
7f7595200000-7f7595301000 rw-p 00000000 00:00 0
7f7595310000-7f75953cf000 rw-p 00000000 00:00 0
7f75953d0000-7f75954d1000 rw-p 00000000 00:00 0
7f75954e0000-7f75957e0000 rw-p 00000000 00:00 0
7f75957e0000-7f7598468000 ---p 00000000 00:00 0
7f7598470000-7f7598770000 rw-p 00000000 00:00 0
7f7598770000-7f759b3f8000 ---p 00000000 00:00 0
7f759b400000-7f759b460000 rw-p 00000000 00:00 0
7f759b460000-7f759b9f1000 ---p 00000000 00:00 0
7f759ba00000-7f759ba60000 rw-p 00000000 00:00 0
7f759ba60000-7f759bff1000 ---p 00000000 00:00 0
7f759c000000-7f759c021000 rw-p 00000000 00:00 0
7f759c021000-7f75a0000000 ---p 00000000 00:00 0
7f75a0000000-7f75a0021000 rw-p 00000000 00:00 0
7f75a0021000-7f75a4000000 ---p 00000000 00:00 0
7f75a4000000-7f75a4021000 rw-p 00000000 00:00 0
7f75a4021000-7f75a8000000 ---p 00000000 00:00 0
7f75a8000000-7f75a8021000 rw-p 00000000 00:00 0
7f75a8021000-7f75ac000000 ---p 00000000 00:00 0
7f75ac000000-7f75ac021000 rw-p 00000000 00:00 0
7f75ac021000-7f75b0000000 ---p 00000000 00:00 0
7f75b0000000-7f75b0021000 rw-p 00000000 00:00 0
7f75b0021000-7f75b4000000 ---p 00000000 00:00 0
7f75b4000000-7f75b4021000 rw-p 00000000 00:00 0
7f75b4021000-7f75b8000000 ---p 00000000 00:00 0
7f75b8000000-7f75b8021000 rw-p 00000000 00:00 0
7f75b8021000-7f75bc000000 ---p 00000000 00:00 0
7f75bc000000-7f75bc021000 rw-p 00000000 00:00 0
7f75bc021000-7f75c0000000 ---p 00000000 00:00 0
7f75c00b0000-7f75c00b1000 ---p 00000000 00:00 0
7f75c00b1000-7f75c01b1000 rw-p 00000000 00:00 0
7f75c01c0000-7f75c01c1000 ---p 00000000 00:00 0
7f75c01c1000-7f75c02c1000 rw-p 00000000 00:00 0
7f75c02d0000-7f75c038f000 rw-p 00000000 00:00 0
7f75c0390000-7f75c0981000 ---p 00000000 00:00 0
7f75c0990000-7f75c09f0000 rw-p 00000000 00:00 0
7f75c09f0000-7f75c0f81000 ---p 00000000 00:00 0
7f75c0f90000-7f75c0f91000 ---p 00000000 00:00 0
7f75c0f91000-7f75c1091000 rw-p 00000000 00:00 0
7f75c10a0000-7f75c10a1000 ---p 00000000 00:00 0
7f75c10a1000-7f75c11a1000 rw-p 00000000 00:00 0
7f75c11b0000-7f75c11b1000 ---p 00000000 00:00 0
7f75c11b1000-7f75c12b1000 rw-p 00000000 00:00 0
7f75c12c0000-7f75c12c1000 ---p 00000000 00:00 0
7f75c12c1000-7f75c13c1000 rw-p 00000000 00:00 0
7f75c13d0000-7f75c13d1000 ---p 00000000 00:00 0
7f75c13d1000-7f75c14d1000 rw-p 00000000 00:00 0
7f75c14e0000-7f75c15e1000 rw-p 00000000 00:00 0
7f75c15f0000-7f75c16f1000 rw-p 00000000 00:00 0
7f75c1700000-7f75c1801000 rw-p 00000000 00:00 0
7f75c1810000-7f75c1911000 rw-p 00000000 00:00 0
7f75c1920000-7f75c1921000 ---p 00000000 00:00 0
7f75c1921000-7f75c1a21000 rw-p 00000000 00:00 0
7f75c1a30000-7f75c1a31000 ---p 00000000 00:00 0
7f75c1a31000-7f75c1b31000 rw-p 00000000 00:00 0
7f75c1b40000-7f75c1b41000 ---p 00000000 00:00 0
7f75c1b41000-7f75c1c41000 rw-p 00000000 00:00 0
7f75c1c50000-7f75c1ec0000 rwxp 00000000 00:00 0
7f75c1ec0000-7f75c21e0000 ---p 00000000 00:00 0
7f75c21e0000-7f75c2450000 rwxp 00000000 00:00 0
7f75c2450000-7f75c9718000 ---p 00000000 00:00 0
7f75c9718000-7f75c9988000 rwxp 00000000 00:00 0
7f75c9988000-7f75d0c50000 ---p 00000000 00:00 0
7f75d0c51000-7f75d8000000 r--s 00000000 00:00 602343             /usr/lib/jvm/java-9-openjdk-amd64/lib/modules
7f75d8000000-7f75d8490000 rw-p 00000000 00:00 0
7f75d8490000-7f75dc000000 ---p 00000000 00:00 0
7f75dc030000-7f75dc0a6000 rw-p 00000000 00:00 0
7f75dc0b0000-7f75dc0b1000 ---p 00000000 00:00 0
7f75dc0b1000-7f75dc1b1000 rw-p 00000000 00:00 0
7f75dc1c0000-7f75dc1c5000 rw-p 00000000 00:00 0
7f75dc1c5000-7f75dc2ab000 ---p 00000000 00:00 0
7f75dc2b0000-7f75dc2b5000 r-xp 00000000 00:00 602567             /usr/lib/jvm/java-9-openjdk-amd64/lib/amd64/libjimage.so
7f75dc2b5000-7f75dc2b6000 ---p 00005000 00:00 602567             /usr/lib/jvm/java-9-openjdk-amd64/lib/amd64/libjimage.so
7f75dc2b6000-7f75dc4b4000 ---p 00006000 00:00 602567             /usr/lib/jvm/java-9-openjdk-amd64/lib/amd64/libjimage.so
7f75dc4b4000-7f75dc4b5000 r--p 00004000 00:00 602567             /usr/lib/jvm/java-9-openjdk-amd64/lib/amd64/libjimage.so
7f75dc4b5000-7f75dc4b6000 rw-p 00005000 00:00 602567             /usr/lib/jvm/java-9-openjdk-amd64/lib/amd64/libjimage.so
7f75dc4c0000-7f75dc4c7000 r-xp 00000000 00:00 602531             /usr/lib/jvm/java-9-openjdk-amd64/lib/amd64/libzip.so
7f75dc4c7000-7f75dc4c8000 ---p 00007000 00:00 602531             /usr/lib/jvm/java-9-openjdk-amd64/lib/amd64/libzip.so
7f75dc4c8000-7f75dc6c6000 ---p 00008000 00:00 602531             /usr/lib/jvm/java-9-openjdk-amd64/lib/amd64/libzip.so
7f75dc6c6000-7f75dc6c7000 r--p 00006000 00:00 602531             /usr/lib/jvm/java-9-openjdk-amd64/lib/amd64/libzip.so
7f75dc6c7000-7f75dc6c8000 rw-p 00007000 00:00 602531             /usr/lib/jvm/java-9-openjdk-amd64/lib/amd64/libzip.so
7f75dc6d0000-7f75dc6db000 r-xp 00000000 00:00 312687             /lib/x86_64-linux-gnu/libnss_files-2.23.so
7f75dc6db000-7f75dc6dc000 ---p 0000b000 00:00 312687             /lib/x86_64-linux-gnu/libnss_files-2.23.so
7f75dc6dc000-7f75dc8da000 ---p 0000c000 00:00 312687             /lib/x86_64-linux-gnu/libnss_files-2.23.so
7f75dc8da000-7f75dc8db000 r--p 0000a000 00:00 312687             /lib/x86_64-linux-gnu/libnss_files-2.23.so
7f75dc8db000-7f75dc8dc000 rw-p 0000b000 00:00 312687             /lib/x86_64-linux-gnu/libnss_files-2.23.so
7f75dc8dc000-7f75dc8e2000 rw-p 00000000 00:00 0
7f75dc8f0000-7f75dc8fb000 r-xp 00000000 00:00 312691             /lib/x86_64-linux-gnu/libnss_nis-2.23.so
7f75dc8fb000-7f75dc8fc000 ---p 0000b000 00:00 312691             /lib/x86_64-linux-gnu/libnss_nis-2.23.so
7f75dc8fc000-7f75dcafa000 ---p 0000c000 00:00 312691             /lib/x86_64-linux-gnu/libnss_nis-2.23.so
7f75dcafa000-7f75dcafb000 r--p 0000a000 00:00 312691             /lib/x86_64-linux-gnu/libnss_nis-2.23.so
7f75dcafb000-7f75dcafc000 rw-p 0000b000 00:00 312691             /lib/x86_64-linux-gnu/libnss_nis-2.23.so
7f75dcb00000-7f75dcb16000 r-xp 00000000 00:00 312668             /lib/x86_64-linux-gnu/libnsl-2.23.so
7f75dcb16000-7f75dcb17000 ---p 00016000 00:00 312668             /lib/x86_64-linux-gnu/libnsl-2.23.so
7f75dcb17000-7f75dcd15000 ---p 00017000 00:00 312668             /lib/x86_64-linux-gnu/libnsl-2.23.so
7f75dcd15000-7f75dcd16000 r--p 00015000 00:00 312668             /lib/x86_64-linux-gnu/libnsl-2.23.so
7f75dcd16000-7f75dcd17000 rw-p 00016000 00:00 312668             /lib/x86_64-linux-gnu/libnsl-2.23.so
7f75dcd17000-7f75dcd19000 rw-p 00000000 00:00 0
7f75dcd20000-7f75dcd28000 r-xp 00000000 00:00 312682             /lib/x86_64-linux-gnu/libnss_compat-2.23.so
7f75dcd28000-7f75dcd29000 ---p 00008000 00:00 312682             /lib/x86_64-linux-gnu/libnss_compat-2.23.so
7f75dcd29000-7f75dcf27000 ---p 00009000 00:00 312682             /lib/x86_64-linux-gnu/libnss_compat-2.23.so
7f75dcf27000-7f75dcf28000 r--p 00007000 00:00 312682             /lib/x86_64-linux-gnu/libnss_compat-2.23.so
7f75dcf28000-7f75dcf29000 rw-p 00008000 00:00 312682             /lib/x86_64-linux-gnu/libnss_compat-2.23.so
7f75dcf30000-7f75dcf5b000 r-xp 00000000 00:00 602478             /usr/lib/jvm/java-9-openjdk-amd64/lib/amd64/libjava.so
7f75dcf5b000-7f75dcf5d000 ---p 0002b000 00:00 602478             /usr/lib/jvm/java-9-openjdk-amd64/lib/amd64/libjava.so
7f75dcf5d000-7f75dd15a000 ---p 0002d000 00:00 602478             /usr/lib/jvm/java-9-openjdk-amd64/lib/amd64/libjava.so
7f75dd15a000-7f75dd15b000 r--p 0002a000 00:00 602478             /usr/lib/jvm/java-9-openjdk-amd64/lib/amd64/libjava.so
7f75dd15b000-7f75dd15d000 rw-p 0002b000 00:00 602478             /usr/lib/jvm/java-9-openjdk-amd64/lib/amd64/libjava.so
7f75dd160000-7f75dd16d000 r-xp 00000000 00:00 602486             /usr/lib/jvm/java-9-openjdk-amd64/lib/amd64/libverify.so
7f75dd16d000-7f75dd16f000 ---p 0000d000 00:00 602486             /usr/lib/jvm/java-9-openjdk-amd64/lib/amd64/libverify.so
7f75dd16f000-7f75dd36c000 ---p 0000f000 00:00 602486             /usr/lib/jvm/java-9-openjdk-amd64/lib/amd64/libverify.so
7f75dd36c000-7f75dd36e000 r--p 0000c000 00:00 602486             /usr/lib/jvm/java-9-openjdk-amd64/lib/amd64/libverify.so
7f75dd36e000-7f75dd36f000 rw-p 0000e000 00:00 602486             /usr/lib/jvm/java-9-openjdk-amd64/lib/amd64/libverify.so
7f75dd370000-7f75dd377000 r-xp 00000000 00:00 312692             /lib/x86_64-linux-gnu/librt-2.23.so
7f75dd377000-7f75dd378000 ---p 00007000 00:00 312692             /lib/x86_64-linux-gnu/librt-2.23.so
7f75dd378000-7f75dd576000 ---p 00008000 00:00 312692             /lib/x86_64-linux-gnu/librt-2.23.so
7f75dd576000-7f75dd577000 r--p 00006000 00:00 312692             /lib/x86_64-linux-gnu/librt-2.23.so
7f75dd577000-7f75dd578000 rw-p 00007000 00:00 312692             /lib/x86_64-linux-gnu/librt-2.23.so
7f75dd580000-7f75dd596000 r-xp 00000000 00:00 295656             /lib/x86_64-linux-gnu/libgcc_s.so.1
7f75dd596000-7f75dd795000 ---p 00016000 00:00 295656             /lib/x86_64-linux-gnu/libgcc_s.so.1
7f75dd795000-7f75dd796000 rw-p 00015000 00:00 295656             /lib/x86_64-linux-gnu/libgcc_s.so.1
7f75dd7a0000-7f75dd8a8000 r-xp 00000000 00:00 312667             /lib/x86_64-linux-gnu/libm-2.23.so
7f75dd8a8000-7f75dd8aa000 ---p 00108000 00:00 312667             /lib/x86_64-linux-gnu/libm-2.23.so
7f75dd8aa000-7f75ddaa7000 ---p 0010a000 00:00 312667             /lib/x86_64-linux-gnu/libm-2.23.so
7f75ddaa7000-7f75ddaa8000 r--p 00107000 00:00 312667             /lib/x86_64-linux-gnu/libm-2.23.so
7f75ddaa8000-7f75ddaa9000 rw-p 00108000 00:00 312667             /lib/x86_64-linux-gnu/libm-2.23.so
7f75ddab0000-7f75ddc22000 r-xp 00000000 00:00 153015             /usr/lib/x86_64-linux-gnu/libstdc++.so.6.0.21
7f75ddc22000-7f75ddc2f000 ---p 00172000 00:00 153015             /usr/lib/x86_64-linux-gnu/libstdc++.so.6.0.21
7f75ddc2f000-7f75dde22000 ---p 0017f000 00:00 153015             /usr/lib/x86_64-linux-gnu/libstdc++.so.6.0.21
7f75dde22000-7f75dde2c000 r--p 00172000 00:00 153015             /usr/lib/x86_64-linux-gnu/libstdc++.so.6.0.21
7f75dde2c000-7f75dde2e000 rw-p 0017c000 00:00 153015             /usr/lib/x86_64-linux-gnu/libstdc++.so.6.0.21
7f75dde2e000-7f75dde32000 rw-p 00000000 00:00 0
7f75dde40000-7f75dec9e000 r-xp 00000000 00:00 602520             /usr/lib/jvm/java-9-openjdk-amd64/lib/amd64/server/libjvm.so
7f75dec9e000-7f75ded90000 ---p 00e5e000 00:00 602520             /usr/lib/jvm/java-9-openjdk-amd64/lib/amd64/server/libjvm.so
7f75ded90000-7f75dee9e000 ---p 00f50000 00:00 602520             /usr/lib/jvm/java-9-openjdk-amd64/lib/amd64/server/libjvm.so
7f75dee9e000-7f75def50000 r--p 00e5e000 00:00 602520             /usr/lib/jvm/java-9-openjdk-amd64/lib/amd64/server/libjvm.so
7f75def50000-7f75def82000 rw-p 00f10000 00:00 602520             /usr/lib/jvm/java-9-openjdk-amd64/lib/amd64/server/libjvm.so
7f75def82000-7f75defc7000 rw-p 00000000 00:00 0
7f75defd0000-7f75defe8000 r-xp 00000000 00:00 312670             /lib/x86_64-linux-gnu/libpthread-2.23.so
7f75defe8000-7f75deff2000 ---p 00018000 00:00 312670             /lib/x86_64-linux-gnu/libpthread-2.23.so
7f75deff2000-7f75df1e7000 ---p 00022000 00:00 312670             /lib/x86_64-linux-gnu/libpthread-2.23.so
7f75df1e7000-7f75df1e8000 r--p 00017000 00:00 312670             /lib/x86_64-linux-gnu/libpthread-2.23.so
7f75df1e8000-7f75df1e9000 rw-p 00018000 00:00 312670             /lib/x86_64-linux-gnu/libpthread-2.23.so
7f75df1e9000-7f75df1ed000 rw-p 00000000 00:00 0
7f75df1f0000-7f75df1f3000 r-xp 00000000 00:00 312676             /lib/x86_64-linux-gnu/libdl-2.23.so
7f75df1f3000-7f75df1f4000 ---p 00003000 00:00 312676             /lib/x86_64-linux-gnu/libdl-2.23.so
7f75df1f4000-7f75df3f2000 ---p 00004000 00:00 312676             /lib/x86_64-linux-gnu/libdl-2.23.so
7f75df3f2000-7f75df3f3000 r--p 00002000 00:00 312676             /lib/x86_64-linux-gnu/libdl-2.23.so
7f75df3f3000-7f75df3f4000 rw-p 00003000 00:00 312676             /lib/x86_64-linux-gnu/libdl-2.23.so
7f75df400000-7f75df419000 r-xp 00000000 00:00 295742             /lib/x86_64-linux-gnu/libz.so.1.2.8
7f75df419000-7f75df41a000 ---p 00019000 00:00 295742             /lib/x86_64-linux-gnu/libz.so.1.2.8
7f75df41a000-7f75df618000 ---p 0001a000 00:00 295742             /lib/x86_64-linux-gnu/libz.so.1.2.8
7f75df618000-7f75df619000 r--p 00018000 00:00 295742             /lib/x86_64-linux-gnu/libz.so.1.2.8
7f75df619000-7f75df61a000 rw-p 00019000 00:00 295742             /lib/x86_64-linux-gnu/libz.so.1.2.8
7f75df620000-7f75df7e0000 r-xp 00000000 00:00 312672             /lib/x86_64-linux-gnu/libc-2.23.so
7f75df7e0000-7f75df7e9000 ---p 001c0000 00:00 312672             /lib/x86_64-linux-gnu/libc-2.23.so
7f75df7e9000-7f75df9e0000 ---p 001c9000 00:00 312672             /lib/x86_64-linux-gnu/libc-2.23.so
7f75df9e0000-7f75df9e4000 r--p 001c0000 00:00 312672             /lib/x86_64-linux-gnu/libc-2.23.so
7f75df9e4000-7f75df9e6000 rw-p 001c4000 00:00 312672             /lib/x86_64-linux-gnu/libc-2.23.so
7f75df9e6000-7f75df9ea000 rw-p 00000000 00:00 0
7f75df9f0000-7f75df9fe000 r-xp 00000000 00:00 602579             /usr/lib/jvm/java-9-openjdk-amd64/lib/amd64/jli/libjli.so
7f75df9fe000-7f75df9ff000 ---p 0000e000 00:00 602579             /usr/lib/jvm/java-9-openjdk-amd64/lib/amd64/jli/libjli.so
7f75df9ff000-7f75dfbfd000 ---p 0000f000 00:00 602579             /usr/lib/jvm/java-9-openjdk-amd64/lib/amd64/jli/libjli.so
7f75dfbfd000-7f75dfbfe000 r--p 0000d000 00:00 602579             /usr/lib/jvm/java-9-openjdk-amd64/lib/amd64/jli/libjli.so
7f75dfbfe000-7f75dfbff000 rw-p 0000e000 00:00 602579             /usr/lib/jvm/java-9-openjdk-amd64/lib/amd64/jli/libjli.so
7f75dfc00000-7f75dfc26000 r-xp 00000000 00:00 312669             /lib/x86_64-linux-gnu/ld-2.23.so
7f75dfc30000-7f75dfc35000 rw-p 00000000 00:00 0
7f75dfc35000-7f75dfd1b000 ---p 00000000 00:00 0
7f75dfd20000-7f75dfd24000 ---p 00000000 00:00 0
7f75dfd24000-7f75dfe21000 rw-p 00000000 00:00 0
7f75dfe25000-7f75dfe26000 r--p 00025000 00:00 312669             /lib/x86_64-linux-gnu/ld-2.23.so
7f75dfe26000-7f75dfe27000 rw-p 00026000 00:00 312669             /lib/x86_64-linux-gnu/ld-2.23.so
7f75dfe27000-7f75dfe28000 rw-p 00000000 00:00 0
7f75dfe50000-7f75dfeab000 rw-p 00000000 00:00 0
7f75dfeb0000-7f75dfeb5000 rw-p 00000000 00:00 0
7f75dfeb5000-7f75dfebc000 ---p 00000000 00:00 0
7f75dfec0000-7f75dfec1000 rw-p 00000000 00:00 0
7f75dfed0000-7f75dfed1000 r--p 00000000 00:00 0
7f75dfee0000-7f75dfee1000 rw-p 00000000 00:00 0
7f75dfef0000-7f75dfef1000 rw-p 00000000 00:00 0
7f75dff00000-7f75dff01000 rw-p 00000000 00:00 0
7f75dff10000-7f75dff11000 rw-p 00000000 00:00 0
7f75dff18000-7f75dff20000 rw-s 00000000 00:00 426860             /tmp/hsperfdata_DxExWxExY/140
7f75dff20000-7f75dff21000 rw-p 00000000 00:00 0
7fffbfada000-7fffc02da000 rw-p 00000000 00:00 0                  [stack]
7fffc02de000-7fffc02df000 r-xp 00000000 00:00 0                  [vdso]

VM Arguments:
java_command: Solar System.jar
java_class_path (initial): Solar System.jar
Launcher Type: SUN_STANDARD

Environment Variables:
PATH=/usr/local/sbin:/usr/local/bin:/usr/sbin:/usr/bin:/sbin:/bin:/usr/games:/usr/local/games:/mnt/c/Users/DXEXWX~1/DOCUME~1/MobaXterm/slash/bin:/mnt/c/Windows:/mnt/c/Windows/System32:/mnt/c/ProgramData/Oracle/Java/javapath_target_3137218:/mnt/c/Windows/System32:/mnt/c/Windows:/mnt/c/Windows/System32/wbem:/mnt/c/Windows/System32/WindowsPowerShell/v1.0:/mnt/c/Program Files/Git/cmd:/mnt/c/Program Files/dotnet:/mnt/c/Users/DxExWxExY/AppData/Local/Microsoft/WindowsApps
SHELL=/bin/bash
DISPLAY=:0.0
HOSTTYPE=x86_64

Signal Handlers:
SIGSEGV: [libjvm.so+0xc12c20], sa_mask[0]=11111111111111111111111111111110, sa_flags=SA_RESTART|SA_SIGINFO
SIGBUS: [libjvm.so+0xc12c20], sa_mask[0]=11111111111111111111111111111110, sa_flags=SA_RESTART|SA_SIGINFO
SIGFPE: [libjvm.so+0xc12c20], sa_mask[0]=11111111111111111111111111111110, sa_flags=SA_RESTART|SA_SIGINFO
SIGPIPE: [libjvm.so+0xa3b600], sa_mask[0]=11111111111111111111111111111110, sa_flags=SA_RESTART|SA_SIGINFO
SIGXFSZ: [libjvm.so+0xa3b600], sa_mask[0]=11111111111111111111111111111110, sa_flags=SA_RESTART|SA_SIGINFO
SIGILL: [libjvm.so+0xc12c20], sa_mask[0]=11111111111111111111111111111110, sa_flags=SA_RESTART|SA_SIGINFO
SIGUSR2: [libjvm.so+0xa3b4a0], sa_mask[0]=00000000000000000000000000000000, sa_flags=SA_RESTART|SA_SIGINFO
SIGHUP: [libjvm.so+0xa3b870], sa_mask[0]=11111111111111111111111111111110, sa_flags=SA_RESTART|SA_SIGINFO
SIGINT: [libjvm.so+0xa3b870], sa_mask[0]=11111111111111111111111111111110, sa_flags=SA_RESTART|SA_SIGINFO
SIGTERM: [libjvm.so+0xa3b870], sa_mask[0]=11111111111111111111111111111110, sa_flags=SA_RESTART|SA_SIGINFO
SIGQUIT: [libjvm.so+0xa3b870], sa_mask[0]=11111111111111111111111111111110, sa_flags=SA_RESTART|SA_SIGINFO


---------------  S Y S T E M  ---------------

OS:DISTRIB_ID=Ubuntu
DISTRIB_RELEASE=16.04
DISTRIB_CODENAME=xenial
DISTRIB_DESCRIPTION="Ubuntu 16.04.4 LTS"
uname:Linux 4.4.0-43-Microsoft #1-Microsoft Wed Dec 31 14:42:53 PST 2014 x86_64
libc:glibc 2.23 NPTL 2.23 
rlimit: STACK 8192k, CORE 0k, NPROC 7823, NOFILE 65536, AS infinity
load average:0.52 0.58 0.59

/proc/meminfo:
MemTotal:       12452516 kB
MemFree:         8430944 kB
Buffers:           34032 kB
Cached:           188576 kB
SwapCached:            0 kB
Active:           167556 kB
Inactive:         157876 kB
Active(anon):     103104 kB
Inactive(anon):    17440 kB
Active(file):      64452 kB
Inactive(file):   140436 kB
Unevictable:           0 kB
Mlocked:               0 kB
SwapTotal:      22249468 kB
SwapFree:       22235488 kB
Dirty:                 0 kB
Writeback:             0 kB
AnonPages:        102824 kB
Mapped:            71404 kB
Shmem:             17720 kB
Slab:              13868 kB
SReclaimable:       6744 kB
SUnreclaim:         7124 kB
KernelStack:        2848 kB
PageTables:         2524 kB
NFS_Unstable:          0 kB
Bounce:                0 kB
WritebackTmp:          0 kB
CommitLimit:      515524 kB
Committed_AS:    3450064 kB
VmallocTotal:     122880 kB
VmallocUsed:       21296 kB
VmallocChunk:      66044 kB
HardwareCorrupted:     0 kB
AnonHugePages:      2048 kB
HugePages_Total:       0
HugePages_Free:        0
HugePages_Rsvd:        0
HugePages_Surp:        0
Hugepagesize:       2048 kB
DirectMap4k:       12280 kB
DirectMap4M:      897024 kB


CPU:total 4 (2 cores per cpu, 2 threads per core) family 6 model 142 stepping 9, cmov, cx8, fxsr, mmx, sse, sse2, sse3, ssse3, sse4.1, sse4.2, popcnt, avx, avx2, aes, clmul, erms, 3dnowpref, lzcnt, ht, tsc, tscinvbit, bmi1, bmi2, adx

CPU Model and flags from /proc/cpuinfo:
model name	: Intel(R) Core(TM) i5-7200U CPU @ 2.50GHz
flags		: fpu vme de pse tsc msr pae mce cx8 apic sep mtrr pge mca cmov pat pse36 clflush dts acpi mmx fxsr sse sse2 ss ht tm pbe syscall nx pdpe1gb rdtscp lm pni pclmulqdq dtes64 monitor ds_cpl vmx est tm2 ssse3 fma cx16 xtpr pdcm pcid sse4_1 sse4_2 x2apic movbe popcnt tsc_deadline_timer aes xsave osxsave avx f16c rdrand

Memory: 4k page, physical 12452516k(8430920k free), swap 22249468k(22235488k free)

vm_info: OpenJDK 64-Bit Server VM (9-internal+0-2016-04-14-195246.buildd.src) for linux-amd64 JRE (9-internal+0-2016-04-14-195246.buildd.src), built on Apr 14 2016 20:05:37 by "buildd" with gcc 5.3.1 20160413

END.
