#
# A fatal error has been detected by the Java Runtime Environment:
#
#  SIGSEGV (0xb) at pc=0x00007fa14b14d009, pid=112, tid=113
#
# JRE version: OpenJDK Runtime Environment (9.0) (build 9-internal+0-2016-04-14-195246.buildd.src)
# Java VM: OpenJDK 64-Bit Server VM (9-internal+0-2016-04-14-195246.buildd.src, mixed mode, tiered, compressed oops, g1 gc, linux-amd64)
# Problematic frame:
# C  [libjava.so+0x1d009]  JNU_GetEnv+0x19
#
# Core dump will be written. Default location: core.112 (may not exist)
#
# If you would like to submit a bug report, please visit:
#   http://bugreport.java.com/bugreport/crash.jsp
# The crash happened outside the Java Virtual Machine in native code.
# See problematic frame for where to report the bug.
#

---------------  S U M M A R Y ------------

Command Line: Solar System.jar

Host: Intel(R) Core(TM) i5-7200U CPU @ 2.50GHz, 4 cores, 11G, Ubuntu 16.04.4 LTS
Time: Tue Apr  3 14:09:12 2018 DST elapsed time: 0 seconds (0d 0h 0m 0s)

---------------  T H R E A D  ---------------

Current thread (0x00007fa144010800):  JavaThread "main" [_thread_in_native, id=113, stack(0x00007fa14e0a0000,0x00007fa14e1a1000)]

Stack: [0x00007fa14e0a0000,0x00007fa14e1a1000],  sp=0x00007fa14e19e030,  free space=1016k
Native frames: (J=compiled Java code, j=interpreted, Vv=VM code, C=native code)
C  [libjava.so+0x1d009]  JNU_GetEnv+0x19
C  [libfontmanager.so+0x33f8e]
C  [libfreetype.so.6+0x14d2b]  FT_Stream_Seek+0x1b

Java frames: (J=compiled Java code, j=interpreted, Vv=VM code)
j  sun.font.FreetypeFontScaler.initNativeScaler(Lsun/font/Font2D;IIZI)J+0 java.desktop@9-internal
j  sun.font.FreetypeFontScaler.<init>(Lsun/font/Font2D;IZI)V+26 java.desktop@9-internal
v  ~StubRoutines::call_stub
j  sun.reflect.NativeConstructorAccessorImpl.newInstance0(Ljava/lang/reflect/Constructor;[Ljava/lang/Object;)Ljava/lang/Object;+0 java.base@9-internal
j  sun.reflect.NativeConstructorAccessorImpl.newInstance([Ljava/lang/Object;)Ljava/lang/Object;+85 java.base@9-internal
j  sun.reflect.DelegatingConstructorAccessorImpl.newInstance([Ljava/lang/Object;)Ljava/lang/Object;+5 java.base@9-internal
j  java.lang.reflect.Constructor.newInstance([Ljava/lang/Object;)Ljava/lang/Object;+65 java.base@9-internal
j  sun.font.FontScaler.getScaler(Lsun/font/Font2D;IZI)Lsun/font/FontScaler;+39 java.desktop@9-internal
j  sun.font.TrueTypeFont.getScaler()Lsun/font/FontScaler;+21 java.desktop@9-internal
j  sun.font.FileFontStrike.<init>(Lsun/font/FileFont;Lsun/font/FontStrikeDesc;)V+204 java.desktop@9-internal
j  sun.font.FileFont.createStrike(Lsun/font/FontStrikeDesc;)Lsun/font/FontStrike;+18 java.desktop@9-internal
j  sun.font.Font2D.getStrike(Lsun/font/FontStrikeDesc;Z)Lsun/font/FontStrike;+92 java.desktop@9-internal
j  sun.font.Font2D.getStrike(Lsun/font/FontStrikeDesc;)Lsun/font/FontStrike;+3 java.desktop@9-internal
j  sun.font.CompositeStrike.getStrikeForSlot(I)Lsun/font/PhysicalStrike;+23 java.desktop@9-internal
j  sun.font.CompositeStrike.getFontMetrics()Lsun/font/StrikeMetrics;+31 java.desktop@9-internal
j  sun.font.FontDesignMetrics.initMatrixAndMetrics()V+28 java.desktop@9-internal
j  sun.font.FontDesignMetrics.<init>(Ljava/awt/Font;Ljava/awt/font/FontRenderContext;)V+62 java.desktop@9-internal
j  sun.font.FontDesignMetrics.getMetrics(Ljava/awt/Font;Ljava/awt/font/FontRenderContext;)Lsun/font/FontDesignMetrics;+128 java.desktop@9-internal
j  sun.swing.SwingUtilities2.getFontMetrics(Ljavax/swing/JComponent;Ljava/awt/Font;)Ljava/awt/FontMetrics;+15 java.desktop@9-internal
j  javax.swing.JComponent.getFontMetrics(Ljava/awt/Font;)Ljava/awt/FontMetrics;+2 java.desktop@9-internal
j  javax.swing.plaf.basic.BasicLabelUI.getPreferredSize(Ljavax/swing/JComponent;)Ljava/awt/Dimension;+144 java.desktop@9-internal
j  javax.swing.JComponent.getPreferredSize()Ljava/awt/Dimension;+26 java.desktop@9-internal
j  java.awt.BorderLayout.preferredLayoutSize(Ljava/awt/Container;)Ljava/awt/Dimension;+264 java.desktop@9-internal
j  java.awt.Container.preferredSize()Ljava/awt/Dimension;+43 java.desktop@9-internal
j  java.awt.Container.getPreferredSize()Ljava/awt/Dimension;+1 java.desktop@9-internal
j  javax.swing.JComponent.getPreferredSize()Ljava/awt/Dimension;+39 java.desktop@9-internal
j  javax.swing.JRootPane$RootLayout.preferredLayoutSize(Ljava/awt/Container;)Ljava/awt/Dimension;+26 java.desktop@9-internal
j  java.awt.Container.preferredSize()Ljava/awt/Dimension;+43 java.desktop@9-internal
j  java.awt.Container.getPreferredSize()Ljava/awt/Dimension;+1 java.desktop@9-internal
j  javax.swing.JComponent.getPreferredSize()Ljava/awt/Dimension;+39 java.desktop@9-internal
j  java.awt.BorderLayout.preferredLayoutSize(Ljava/awt/Container;)Ljava/awt/Dimension;+157 java.desktop@9-internal
j  java.awt.Container.preferredSize()Ljava/awt/Dimension;+43 java.desktop@9-internal
j  java.awt.Container.getPreferredSize()Ljava/awt/Dimension;+1 java.desktop@9-internal
j  java.awt.Window.pack()V+32 java.desktop@9-internal
j  Universe.run()V+17
j  Universe.main([Ljava/lang/String;)V+8
v  ~StubRoutines::call_stub

siginfo: si_signo: 11 (SIGSEGV), si_code: 1 (SEGV_MAPERR), si_addr: 0x0000000000000000

Register to memory mapping:

RAX=0x0000000000000000 is an unknown value
RBX=0x0000000000000000 is an unknown value
RCX=0x0000000000000000 is an unknown value
RDX=0x0000000000010002 is an unknown value
RSP=0x00007fa14e19e030 is pointing into the stack for thread: 0x00007fa144010800
RBP=0x00007fa14e19e040 is pointing into the stack for thread: 0x00007fa144010800
RSI=0x0000000000010002 is an unknown value
RDI=0x0000000000000000 is an unknown value
R8 =0x0000000000000000 is an unknown value
R9 =0x0000000000000000 is an unknown value
R10=0x00000000000001db is an unknown value
R11=0x00007fa14b14cff0: JNU_GetEnv+0x0000000000000000 in /usr/lib/jvm/java-9-openjdk-amd64/lib/amd64/libjava.so at 0x00007fa14b130000
R12=0x00007fa144435090 is an unknown value
R13=0x0000000000000000 is an unknown value
R14=0x0000000000000000 is an unknown value
R15=0x00007fa14446c180 is an unknown value


Registers:
RAX=0x0000000000000000, RBX=0x0000000000000000, RCX=0x0000000000000000, RDX=0x0000000000010002
RSP=0x00007fa14e19e030, RBP=0x00007fa14e19e040, RSI=0x0000000000010002, RDI=0x0000000000000000
R8 =0x0000000000000000, R9 =0x0000000000000000, R10=0x00000000000001db, R11=0x00007fa14b14cff0
R12=0x00007fa144435090, R13=0x0000000000000000, R14=0x0000000000000000, R15=0x00007fa14446c180
RIP=0x00007fa14b14d009, EFLAGS=0x0000000000010246, CSGSFS=0x00000053002b0033, ERR=0x0000000000000000
  TRAPNO=0x0000000000000000

Top of Stack: (sp=0x00007fa14e19e030)
0x00007fa14e19e030:   0000000000000000 59c4d42a49f25c00
0x00007fa14e19e040:   00007fa14e19e080 00007fa0e18a3f8e
0x00007fa14e19e050:   00007fa1444354f0 00007fa144435090
0x00007fa14e19e060:   0000000000000000 0000000000000000
0x00007fa14e19e070:   00007fa144435090 00007fa14446c180
0x00007fa14e19e080:   0000000000000000 00007fa0e15d4d2b
0x00007fa14e19e090:   0000000000000000 00007fa0e1866d80
0x00007fa14e19e0a0:   0000000000000000 00007fa0e15e88e0
0x00007fa14e19e0b0:   0000000000000002 0000003200000008
0x00007fa14e19e0c0:   0000000000000000 0000000000000000
0x00007fa14e19e0d0:   0000006e0000005b 0000000000000000
0x00007fa14e19e0e0:   0000000000000000 0000007c00000077
0x00007fa14e19e0f0:   0000000000000000 0000000000000000
0x00007fa14e19e100:   000000004e8b41d0 468b41e04e8b45e8
0x00007fa14e19e110:   0000000000000000 00007fa144000020
0x00007fa14e19e120:   0000000000000070 00007fa14e19e1d4
0x00007fa14e19e130:   00007fa1444354f0 00007fa14446c180
0x00007fa14e19e140:   00007fa14e19e1d4 00007fa14d8a4184
0x00007fa14e19e150:   00007fa14e19e2a0 00007fa14e19e184
0x00007fa14e19e160:   00007fa0e18639e0 59c4d42a49f25c00
0x00007fa14e19e170:   0000000000000070 00007fa144435330
0x00007fa14e19e180:   00007fa0e18639e0 00007fa14e19e298
0x00007fa14e19e190:   00007fa1444354f0 00007fa14446c180
0x00007fa14e19e1a0:   00007fa14446c6b0 00007fa0e15d74c2
0x00007fa14e19e1b0:   0000000100000000 00007fa14e19e2a0
0x00007fa14e19e1c0:   0000000000000000 0000000000000000
0x00007fa14e19e1d0:   000000004e19e298 59c4d42a49f25c00
0x00007fa14e19e1e0:   00007fa144435330 00007fa14e19e2a0
0x00007fa14e19e1f0:   0000000000000000 00007fa144435418
0x00007fa14e19e200:   00007fa14e19e4a0 00007fa144435378
0x00007fa14e19e210:   00007fa1444354f0 00007fa0e15d9581
0x00007fa14e19e220:   00007fa14e19e2a0 00007fa0e15d9376 

Instructions: (pc=0x00007fa14b14d009)
0x00007fa14b14cfe9:   ff eb ea 0f 1f 40 00 55 89 f2 48 89 e5 48 83 ec
0x00007fa14b14cff9:   10 64 48 8b 04 25 28 00 00 00 48 89 45 f8 31 c0
0x00007fa14b14d009:   48 8b 07 48 8d 75 f0 ff 50 30 48 8b 4d f8 64 48
0x00007fa14b14d019:   33 0c 25 28 00 00 00 48 8b 45 f0 75 02 c9 c3 e8 


---------------  P R O C E S S  ---------------

Java Threads: ( => current thread )
  0x00007fa144447800 JavaThread "AWT-Shutdown" [_thread_blocked, id=139, stack(0x00007fa0e0a40000,0x00007fa0e0b41000)]
  0x00007fa144404800 JavaThread "AWT-XAWT" daemon [_thread_in_native, id=138, stack(0x00007fa0e0d50000,0x00007fa0e0e51000)]
  0x00007fa1443e2800 JavaThread "Java2D Disposer" daemon [_thread_blocked, id=137, stack(0x00007fa0e1280000,0x00007fa0e1381000)]
  0x00007fa144324800 JavaThread "Service Thread" daemon [_thread_blocked, id=135, stack(0x00007fa0e3360000,0x00007fa0e3461000)]
  0x00007fa144236800 JavaThread "Common-Cleaner" daemon [_thread_blocked, id=134, stack(0x00007fa0e3470000,0x00007fa0e3571000)]
  0x00007fa1441ef000 JavaThread "Sweeper thread" daemon [_thread_blocked, id=133, stack(0x00007fa0e3cd0000,0x00007fa0e3dd1000)]
  0x00007fa1441ed000 JavaThread "C1 CompilerThread2" daemon [_thread_blocked, id=132, stack(0x00007fa0e3de0000,0x00007fa0e3ee1000)]
  0x00007fa1441eb000 JavaThread "C2 CompilerThread1" daemon [_thread_blocked, id=131, stack(0x00007fa0e3ef0000,0x00007fa0e3ff1000)]
  0x00007fa1441e9800 JavaThread "C2 CompilerThread0" daemon [_thread_blocked, id=130, stack(0x00007fa12c010000,0x00007fa12c111000)]
  0x00007fa1441e5000 JavaThread "Signal Dispatcher" daemon [_thread_blocked, id=129, stack(0x00007fa12c120000,0x00007fa12c221000)]
  0x00007fa1441e3000 JavaThread "Surrogate Locker Thread (Concurrent GC)" daemon [_thread_blocked, id=128, stack(0x00007fa12c230000,0x00007fa12c331000)]
  0x00007fa1441d1800 JavaThread "Finalizer" daemon [_thread_blocked, id=127, stack(0x00007fa12c4d0000,0x00007fa12c5d1000)]
  0x00007fa1441cd800 JavaThread "Reference Handler" daemon [_thread_blocked, id=126, stack(0x00007fa12c5e0000,0x00007fa12c6e1000)]
=>0x00007fa144010800 JavaThread "main" [_thread_in_native, id=113, stack(0x00007fa14e0a0000,0x00007fa14e1a1000)]

Other Threads:
  0x00007fa1441c3800 VMThread [stack: 0x00007fa12c6f0000,0x00007fa12c7f1000] [id=125]
  0x00007fa144327800 WatcherThread [stack: 0x00007fa0e3250000,0x00007fa0e3351000] [id=136]

Threads with active compile tasks:

VM state:not at safepoint (normal execution)

VM Mutex/Monitor currently owned by a thread: None

heap address: 0x0000000701e00000, size: 3042 MB, Compressed Oops mode: Zero based, Oop shift amount: 3
Narrow klass base: 0x0000000000000000, Narrow klass shift: 3
Compressed class space size: 1073741824 Address: 0x00000007c0000000

Heap:
 garbage-first heap   total 196608K, used 5120K [0x0000000701e00000, 0x0000000701f00600, 0x00000007c0000000)
  region size 1024K, 6 young (6144K), 0 survivors (0K)
 Metaspace       used 10738K, capacity 11110K, committed 11392K, reserved 1058816K
  class space    used 1177K, capacity 1315K, committed 1408K, reserved 1048576K

Heap Regions: E=young(eden), S=young(survivor), O=old, HS=humongous(starts), HC=humongous(continues), CS=collection set, F=free, A=archive, TS=gc time stamp, AC=allocation context, TAMS=top-at-mark-start (previous, next)
|   0|0x0000000701e00000, 0x0000000701e00000, 0x0000000701f00000|  0%| F|  |TS  0|AC  0|TAMS 0x0000000701e00000, 0x0000000701e00000|
|   1|0x0000000701f00000, 0x0000000701f00000, 0x0000000702000000|  0%| F|  |TS  0|AC  0|TAMS 0x0000000701f00000, 0x0000000701f00000|
|   2|0x0000000702000000, 0x0000000702000000, 0x0000000702100000|  0%| F|  |TS  0|AC  0|TAMS 0x0000000702000000, 0x0000000702000000|
|   3|0x0000000702100000, 0x0000000702100000, 0x0000000702200000|  0%| F|  |TS  0|AC  0|TAMS 0x0000000702100000, 0x0000000702100000|
|   4|0x0000000702200000, 0x0000000702200000, 0x0000000702300000|  0%| F|  |TS  0|AC  0|TAMS 0x0000000702200000, 0x0000000702200000|
|   5|0x0000000702300000, 0x0000000702300000, 0x0000000702400000|  0%| F|  |TS  0|AC  0|TAMS 0x0000000702300000, 0x0000000702300000|
|   6|0x0000000702400000, 0x0000000702400000, 0x0000000702500000|  0%| F|  |TS  0|AC  0|TAMS 0x0000000702400000, 0x0000000702400000|
|   7|0x0000000702500000, 0x0000000702500000, 0x0000000702600000|  0%| F|  |TS  0|AC  0|TAMS 0x0000000702500000, 0x0000000702500000|
|   8|0x0000000702600000, 0x0000000702600000, 0x0000000702700000|  0%| F|  |TS  0|AC  0|TAMS 0x0000000702600000, 0x0000000702600000|
|   9|0x0000000702700000, 0x0000000702700000, 0x0000000702800000|  0%| F|  |TS  0|AC  0|TAMS 0x0000000702700000, 0x0000000702700000|
|  10|0x0000000702800000, 0x0000000702800000, 0x0000000702900000|  0%| F|  |TS  0|AC  0|TAMS 0x0000000702800000, 0x0000000702800000|
|  11|0x0000000702900000, 0x0000000702900000, 0x0000000702a00000|  0%| F|  |TS  0|AC  0|TAMS 0x0000000702900000, 0x0000000702900000|
|  12|0x0000000702a00000, 0x0000000702a00000, 0x0000000702b00000|  0%| F|  |TS  0|AC  0|TAMS 0x0000000702a00000, 0x0000000702a00000|
|  13|0x0000000702b00000, 0x0000000702b00000, 0x0000000702c00000|  0%| F|  |TS  0|AC  0|TAMS 0x0000000702b00000, 0x0000000702b00000|
|  14|0x0000000702c00000, 0x0000000702c00000, 0x0000000702d00000|  0%| F|  |TS  0|AC  0|TAMS 0x0000000702c00000, 0x0000000702c00000|
|  15|0x0000000702d00000, 0x0000000702d00000, 0x0000000702e00000|  0%| F|  |TS  0|AC  0|TAMS 0x0000000702d00000, 0x0000000702d00000|
|  16|0x0000000702e00000, 0x0000000702e00000, 0x0000000702f00000|  0%| F|  |TS  0|AC  0|TAMS 0x0000000702e00000, 0x0000000702e00000|
|  17|0x0000000702f00000, 0x0000000702f00000, 0x0000000703000000|  0%| F|  |TS  0|AC  0|TAMS 0x0000000702f00000, 0x0000000702f00000|
|  18|0x0000000703000000, 0x0000000703000000, 0x0000000703100000|  0%| F|  |TS  0|AC  0|TAMS 0x0000000703000000, 0x0000000703000000|
|  19|0x0000000703100000, 0x0000000703100000, 0x0000000703200000|  0%| F|  |TS  0|AC  0|TAMS 0x0000000703100000, 0x0000000703100000|
|  20|0x0000000703200000, 0x0000000703200000, 0x0000000703300000|  0%| F|  |TS  0|AC  0|TAMS 0x0000000703200000, 0x0000000703200000|
|  21|0x0000000703300000, 0x0000000703300000, 0x0000000703400000|  0%| F|  |TS  0|AC  0|TAMS 0x0000000703300000, 0x0000000703300000|
|  22|0x0000000703400000, 0x0000000703400000, 0x0000000703500000|  0%| F|  |TS  0|AC  0|TAMS 0x0000000703400000, 0x0000000703400000|
|  23|0x0000000703500000, 0x0000000703500000, 0x0000000703600000|  0%| F|  |TS  0|AC  0|TAMS 0x0000000703500000, 0x0000000703500000|
|  24|0x0000000703600000, 0x0000000703600000, 0x0000000703700000|  0%| F|  |TS  0|AC  0|TAMS 0x0000000703600000, 0x0000000703600000|
|  25|0x0000000703700000, 0x0000000703700000, 0x0000000703800000|  0%| F|  |TS  0|AC  0|TAMS 0x0000000703700000, 0x0000000703700000|
|  26|0x0000000703800000, 0x0000000703800000, 0x0000000703900000|  0%| F|  |TS  0|AC  0|TAMS 0x0000000703800000, 0x0000000703800000|
|  27|0x0000000703900000, 0x0000000703900000, 0x0000000703a00000|  0%| F|  |TS  0|AC  0|TAMS 0x0000000703900000, 0x0000000703900000|
|  28|0x0000000703a00000, 0x0000000703a00000, 0x0000000703b00000|  0%| F|  |TS  0|AC  0|TAMS 0x0000000703a00000, 0x0000000703a00000|
|  29|0x0000000703b00000, 0x0000000703b00000, 0x0000000703c00000|  0%| F|  |TS  0|AC  0|TAMS 0x0000000703b00000, 0x0000000703b00000|
|  30|0x0000000703c00000, 0x0000000703c00000, 0x0000000703d00000|  0%| F|  |TS  0|AC  0|TAMS 0x0000000703c00000, 0x0000000703c00000|
|  31|0x0000000703d00000, 0x0000000703d00000, 0x0000000703e00000|  0%| F|  |TS  0|AC  0|TAMS 0x0000000703d00000, 0x0000000703d00000|
|  32|0x0000000703e00000, 0x0000000703e00000, 0x0000000703f00000|  0%| F|  |TS  0|AC  0|TAMS 0x0000000703e00000, 0x0000000703e00000|
|  33|0x0000000703f00000, 0x0000000703f00000, 0x0000000704000000|  0%| F|  |TS  0|AC  0|TAMS 0x0000000703f00000, 0x0000000703f00000|
|  34|0x0000000704000000, 0x0000000704000000, 0x0000000704100000|  0%| F|  |TS  0|AC  0|TAMS 0x0000000704000000, 0x0000000704000000|
|  35|0x0000000704100000, 0x0000000704100000, 0x0000000704200000|  0%| F|  |TS  0|AC  0|TAMS 0x0000000704100000, 0x0000000704100000|
|  36|0x0000000704200000, 0x0000000704200000, 0x0000000704300000|  0%| F|  |TS  0|AC  0|TAMS 0x0000000704200000, 0x0000000704200000|
|  37|0x0000000704300000, 0x0000000704300000, 0x0000000704400000|  0%| F|  |TS  0|AC  0|TAMS 0x0000000704300000, 0x0000000704300000|
|  38|0x0000000704400000, 0x0000000704400000, 0x0000000704500000|  0%| F|  |TS  0|AC  0|TAMS 0x0000000704400000, 0x0000000704400000|
|  39|0x0000000704500000, 0x0000000704500000, 0x0000000704600000|  0%| F|  |TS  0|AC  0|TAMS 0x0000000704500000, 0x0000000704500000|
|  40|0x0000000704600000, 0x0000000704600000, 0x0000000704700000|  0%| F|  |TS  0|AC  0|TAMS 0x0000000704600000, 0x0000000704600000|
|  41|0x0000000704700000, 0x0000000704700000, 0x0000000704800000|  0%| F|  |TS  0|AC  0|TAMS 0x0000000704700000, 0x0000000704700000|
|  42|0x0000000704800000, 0x0000000704800000, 0x0000000704900000|  0%| F|  |TS  0|AC  0|TAMS 0x0000000704800000, 0x0000000704800000|
|  43|0x0000000704900000, 0x0000000704900000, 0x0000000704a00000|  0%| F|  |TS  0|AC  0|TAMS 0x0000000704900000, 0x0000000704900000|
|  44|0x0000000704a00000, 0x0000000704a00000, 0x0000000704b00000|  0%| F|  |TS  0|AC  0|TAMS 0x0000000704a00000, 0x0000000704a00000|
|  45|0x0000000704b00000, 0x0000000704b00000, 0x0000000704c00000|  0%| F|  |TS  0|AC  0|TAMS 0x0000000704b00000, 0x0000000704b00000|
|  46|0x0000000704c00000, 0x0000000704c00000, 0x0000000704d00000|  0%| F|  |TS  0|AC  0|TAMS 0x0000000704c00000, 0x0000000704c00000|
|  47|0x0000000704d00000, 0x0000000704d00000, 0x0000000704e00000|  0%| F|  |TS  0|AC  0|TAMS 0x0000000704d00000, 0x0000000704d00000|
|  48|0x0000000704e00000, 0x0000000704e00000, 0x0000000704f00000|  0%| F|  |TS  0|AC  0|TAMS 0x0000000704e00000, 0x0000000704e00000|
|  49|0x0000000704f00000, 0x0000000704f00000, 0x0000000705000000|  0%| F|  |TS  0|AC  0|TAMS 0x0000000704f00000, 0x0000000704f00000|
|  50|0x0000000705000000, 0x0000000705000000, 0x0000000705100000|  0%| F|  |TS  0|AC  0|TAMS 0x0000000705000000, 0x0000000705000000|
|  51|0x0000000705100000, 0x0000000705100000, 0x0000000705200000|  0%| F|  |TS  0|AC  0|TAMS 0x0000000705100000, 0x0000000705100000|
|  52|0x0000000705200000, 0x0000000705200000, 0x0000000705300000|  0%| F|  |TS  0|AC  0|TAMS 0x0000000705200000, 0x0000000705200000|
|  53|0x0000000705300000, 0x0000000705300000, 0x0000000705400000|  0%| F|  |TS  0|AC  0|TAMS 0x0000000705300000, 0x0000000705300000|
|  54|0x0000000705400000, 0x0000000705400000, 0x0000000705500000|  0%| F|  |TS  0|AC  0|TAMS 0x0000000705400000, 0x0000000705400000|
|  55|0x0000000705500000, 0x0000000705500000, 0x0000000705600000|  0%| F|  |TS  0|AC  0|TAMS 0x0000000705500000, 0x0000000705500000|
|  56|0x0000000705600000, 0x0000000705600000, 0x0000000705700000|  0%| F|  |TS  0|AC  0|TAMS 0x0000000705600000, 0x0000000705600000|
|  57|0x0000000705700000, 0x0000000705700000, 0x0000000705800000|  0%| F|  |TS  0|AC  0|TAMS 0x0000000705700000, 0x0000000705700000|
|  58|0x0000000705800000, 0x0000000705800000, 0x0000000705900000|  0%| F|  |TS  0|AC  0|TAMS 0x0000000705800000, 0x0000000705800000|
|  59|0x0000000705900000, 0x0000000705900000, 0x0000000705a00000|  0%| F|  |TS  0|AC  0|TAMS 0x0000000705900000, 0x0000000705900000|
|  60|0x0000000705a00000, 0x0000000705a00000, 0x0000000705b00000|  0%| F|  |TS  0|AC  0|TAMS 0x0000000705a00000, 0x0000000705a00000|
|  61|0x0000000705b00000, 0x0000000705b00000, 0x0000000705c00000|  0%| F|  |TS  0|AC  0|TAMS 0x0000000705b00000, 0x0000000705b00000|
|  62|0x0000000705c00000, 0x0000000705c00000, 0x0000000705d00000|  0%| F|  |TS  0|AC  0|TAMS 0x0000000705c00000, 0x0000000705c00000|
|  63|0x0000000705d00000, 0x0000000705d00000, 0x0000000705e00000|  0%| F|  |TS  0|AC  0|TAMS 0x0000000705d00000, 0x0000000705d00000|
|  64|0x0000000705e00000, 0x0000000705e00000, 0x0000000705f00000|  0%| F|  |TS  0|AC  0|TAMS 0x0000000705e00000, 0x0000000705e00000|
|  65|0x0000000705f00000, 0x0000000705f00000, 0x0000000706000000|  0%| F|  |TS  0|AC  0|TAMS 0x0000000705f00000, 0x0000000705f00000|
|  66|0x0000000706000000, 0x0000000706000000, 0x0000000706100000|  0%| F|  |TS  0|AC  0|TAMS 0x0000000706000000, 0x0000000706000000|
|  67|0x0000000706100000, 0x0000000706100000, 0x0000000706200000|  0%| F|  |TS  0|AC  0|TAMS 0x0000000706100000, 0x0000000706100000|
|  68|0x0000000706200000, 0x0000000706200000, 0x0000000706300000|  0%| F|  |TS  0|AC  0|TAMS 0x0000000706200000, 0x0000000706200000|
|  69|0x0000000706300000, 0x0000000706300000, 0x0000000706400000|  0%| F|  |TS  0|AC  0|TAMS 0x0000000706300000, 0x0000000706300000|
|  70|0x0000000706400000, 0x0000000706400000, 0x0000000706500000|  0%| F|  |TS  0|AC  0|TAMS 0x0000000706400000, 0x0000000706400000|
|  71|0x0000000706500000, 0x0000000706500000, 0x0000000706600000|  0%| F|  |TS  0|AC  0|TAMS 0x0000000706500000, 0x0000000706500000|
|  72|0x0000000706600000, 0x0000000706600000, 0x0000000706700000|  0%| F|  |TS  0|AC  0|TAMS 0x0000000706600000, 0x0000000706600000|
|  73|0x0000000706700000, 0x0000000706700000, 0x0000000706800000|  0%| F|  |TS  0|AC  0|TAMS 0x0000000706700000, 0x0000000706700000|
|  74|0x0000000706800000, 0x0000000706800000, 0x0000000706900000|  0%| F|  |TS  0|AC  0|TAMS 0x0000000706800000, 0x0000000706800000|
|  75|0x0000000706900000, 0x0000000706900000, 0x0000000706a00000|  0%| F|  |TS  0|AC  0|TAMS 0x0000000706900000, 0x0000000706900000|
|  76|0x0000000706a00000, 0x0000000706a00000, 0x0000000706b00000|  0%| F|  |TS  0|AC  0|TAMS 0x0000000706a00000, 0x0000000706a00000|
|  77|0x0000000706b00000, 0x0000000706b00000, 0x0000000706c00000|  0%| F|  |TS  0|AC  0|TAMS 0x0000000706b00000, 0x0000000706b00000|
|  78|0x0000000706c00000, 0x0000000706c00000, 0x0000000706d00000|  0%| F|  |TS  0|AC  0|TAMS 0x0000000706c00000, 0x0000000706c00000|
|  79|0x0000000706d00000, 0x0000000706d00000, 0x0000000706e00000|  0%| F|  |TS  0|AC  0|TAMS 0x0000000706d00000, 0x0000000706d00000|
|  80|0x0000000706e00000, 0x0000000706e00000, 0x0000000706f00000|  0%| F|  |TS  0|AC  0|TAMS 0x0000000706e00000, 0x0000000706e00000|
|  81|0x0000000706f00000, 0x0000000706f00000, 0x0000000707000000|  0%| F|  |TS  0|AC  0|TAMS 0x0000000706f00000, 0x0000000706f00000|
|  82|0x0000000707000000, 0x0000000707000000, 0x0000000707100000|  0%| F|  |TS  0|AC  0|TAMS 0x0000000707000000, 0x0000000707000000|
|  83|0x0000000707100000, 0x0000000707100000, 0x0000000707200000|  0%| F|  |TS  0|AC  0|TAMS 0x0000000707100000, 0x0000000707100000|
|  84|0x0000000707200000, 0x0000000707200000, 0x0000000707300000|  0%| F|  |TS  0|AC  0|TAMS 0x0000000707200000, 0x0000000707200000|
|  85|0x0000000707300000, 0x0000000707300000, 0x0000000707400000|  0%| F|  |TS  0|AC  0|TAMS 0x0000000707300000, 0x0000000707300000|
|  86|0x0000000707400000, 0x0000000707400000, 0x0000000707500000|  0%| F|  |TS  0|AC  0|TAMS 0x0000000707400000, 0x0000000707400000|
|  87|0x0000000707500000, 0x0000000707500000, 0x0000000707600000|  0%| F|  |TS  0|AC  0|TAMS 0x0000000707500000, 0x0000000707500000|
|  88|0x0000000707600000, 0x0000000707600000, 0x0000000707700000|  0%| F|  |TS  0|AC  0|TAMS 0x0000000707600000, 0x0000000707600000|
|  89|0x0000000707700000, 0x0000000707700000, 0x0000000707800000|  0%| F|  |TS  0|AC  0|TAMS 0x0000000707700000, 0x0000000707700000|
|  90|0x0000000707800000, 0x0000000707800000, 0x0000000707900000|  0%| F|  |TS  0|AC  0|TAMS 0x0000000707800000, 0x0000000707800000|
|  91|0x0000000707900000, 0x0000000707900000, 0x0000000707a00000|  0%| F|  |TS  0|AC  0|TAMS 0x0000000707900000, 0x0000000707900000|
|  92|0x0000000707a00000, 0x0000000707a00000, 0x0000000707b00000|  0%| F|  |TS  0|AC  0|TAMS 0x0000000707a00000, 0x0000000707a00000|
|  93|0x0000000707b00000, 0x0000000707b00000, 0x0000000707c00000|  0%| F|  |TS  0|AC  0|TAMS 0x0000000707b00000, 0x0000000707b00000|
|  94|0x0000000707c00000, 0x0000000707c00000, 0x0000000707d00000|  0%| F|  |TS  0|AC  0|TAMS 0x0000000707c00000, 0x0000000707c00000|
|  95|0x0000000707d00000, 0x0000000707d00000, 0x0000000707e00000|  0%| F|  |TS  0|AC  0|TAMS 0x0000000707d00000, 0x0000000707d00000|
|  96|0x0000000707e00000, 0x0000000707e00000, 0x0000000707f00000|  0%| F|  |TS  0|AC  0|TAMS 0x0000000707e00000, 0x0000000707e00000|
|  97|0x0000000707f00000, 0x0000000707f00000, 0x0000000708000000|  0%| F|  |TS  0|AC  0|TAMS 0x0000000707f00000, 0x0000000707f00000|
|  98|0x0000000708000000, 0x0000000708000000, 0x0000000708100000|  0%| F|  |TS  0|AC  0|TAMS 0x0000000708000000, 0x0000000708000000|
|  99|0x0000000708100000, 0x0000000708100000, 0x0000000708200000|  0%| F|  |TS  0|AC  0|TAMS 0x0000000708100000, 0x0000000708100000|
| 100|0x0000000708200000, 0x0000000708200000, 0x0000000708300000|  0%| F|  |TS  0|AC  0|TAMS 0x0000000708200000, 0x0000000708200000|
| 101|0x0000000708300000, 0x0000000708300000, 0x0000000708400000|  0%| F|  |TS  0|AC  0|TAMS 0x0000000708300000, 0x0000000708300000|
| 102|0x0000000708400000, 0x0000000708400000, 0x0000000708500000|  0%| F|  |TS  0|AC  0|TAMS 0x0000000708400000, 0x0000000708400000|
| 103|0x0000000708500000, 0x0000000708500000, 0x0000000708600000|  0%| F|  |TS  0|AC  0|TAMS 0x0000000708500000, 0x0000000708500000|
| 104|0x0000000708600000, 0x0000000708600000, 0x0000000708700000|  0%| F|  |TS  0|AC  0|TAMS 0x0000000708600000, 0x0000000708600000|
| 105|0x0000000708700000, 0x0000000708700000, 0x0000000708800000|  0%| F|  |TS  0|AC  0|TAMS 0x0000000708700000, 0x0000000708700000|
| 106|0x0000000708800000, 0x0000000708800000, 0x0000000708900000|  0%| F|  |TS  0|AC  0|TAMS 0x0000000708800000, 0x0000000708800000|
| 107|0x0000000708900000, 0x0000000708900000, 0x0000000708a00000|  0%| F|  |TS  0|AC  0|TAMS 0x0000000708900000, 0x0000000708900000|
| 108|0x0000000708a00000, 0x0000000708a00000, 0x0000000708b00000|  0%| F|  |TS  0|AC  0|TAMS 0x0000000708a00000, 0x0000000708a00000|
| 109|0x0000000708b00000, 0x0000000708b00000, 0x0000000708c00000|  0%| F|  |TS  0|AC  0|TAMS 0x0000000708b00000, 0x0000000708b00000|
| 110|0x0000000708c00000, 0x0000000708c00000, 0x0000000708d00000|  0%| F|  |TS  0|AC  0|TAMS 0x0000000708c00000, 0x0000000708c00000|
| 111|0x0000000708d00000, 0x0000000708d00000, 0x0000000708e00000|  0%| F|  |TS  0|AC  0|TAMS 0x0000000708d00000, 0x0000000708d00000|
| 112|0x0000000708e00000, 0x0000000708e00000, 0x0000000708f00000|  0%| F|  |TS  0|AC  0|TAMS 0x0000000708e00000, 0x0000000708e00000|
| 113|0x0000000708f00000, 0x0000000708f00000, 0x0000000709000000|  0%| F|  |TS  0|AC  0|TAMS 0x0000000708f00000, 0x0000000708f00000|
| 114|0x0000000709000000, 0x0000000709000000, 0x0000000709100000|  0%| F|  |TS  0|AC  0|TAMS 0x0000000709000000, 0x0000000709000000|
| 115|0x0000000709100000, 0x0000000709100000, 0x0000000709200000|  0%| F|  |TS  0|AC  0|TAMS 0x0000000709100000, 0x0000000709100000|
| 116|0x0000000709200000, 0x0000000709200000, 0x0000000709300000|  0%| F|  |TS  0|AC  0|TAMS 0x0000000709200000, 0x0000000709200000|
| 117|0x0000000709300000, 0x0000000709300000, 0x0000000709400000|  0%| F|  |TS  0|AC  0|TAMS 0x0000000709300000, 0x0000000709300000|
| 118|0x0000000709400000, 0x0000000709400000, 0x0000000709500000|  0%| F|  |TS  0|AC  0|TAMS 0x0000000709400000, 0x0000000709400000|
| 119|0x0000000709500000, 0x0000000709500000, 0x0000000709600000|  0%| F|  |TS  0|AC  0|TAMS 0x0000000709500000, 0x0000000709500000|
| 120|0x0000000709600000, 0x0000000709600000, 0x0000000709700000|  0%| F|  |TS  0|AC  0|TAMS 0x0000000709600000, 0x0000000709600000|
| 121|0x0000000709700000, 0x0000000709700000, 0x0000000709800000|  0%| F|  |TS  0|AC  0|TAMS 0x0000000709700000, 0x0000000709700000|
| 122|0x0000000709800000, 0x0000000709800000, 0x0000000709900000|  0%| F|  |TS  0|AC  0|TAMS 0x0000000709800000, 0x0000000709800000|
| 123|0x0000000709900000, 0x0000000709900000, 0x0000000709a00000|  0%| F|  |TS  0|AC  0|TAMS 0x0000000709900000, 0x0000000709900000|
| 124|0x0000000709a00000, 0x0000000709a00000, 0x0000000709b00000|  0%| F|  |TS  0|AC  0|TAMS 0x0000000709a00000, 0x0000000709a00000|
| 125|0x0000000709b00000, 0x0000000709b00000, 0x0000000709c00000|  0%| F|  |TS  0|AC  0|TAMS 0x0000000709b00000, 0x0000000709b00000|
| 126|0x0000000709c00000, 0x0000000709c00000, 0x0000000709d00000|  0%| F|  |TS  0|AC  0|TAMS 0x0000000709c00000, 0x0000000709c00000|
| 127|0x0000000709d00000, 0x0000000709d00000, 0x0000000709e00000|  0%| F|  |TS  0|AC  0|TAMS 0x0000000709d00000, 0x0000000709d00000|
| 128|0x0000000709e00000, 0x0000000709e00000, 0x0000000709f00000|  0%| F|  |TS  0|AC  0|TAMS 0x0000000709e00000, 0x0000000709e00000|
| 129|0x0000000709f00000, 0x0000000709f00000, 0x000000070a000000|  0%| F|  |TS  0|AC  0|TAMS 0x0000000709f00000, 0x0000000709f00000|
| 130|0x000000070a000000, 0x000000070a000000, 0x000000070a100000|  0%| F|  |TS  0|AC  0|TAMS 0x000000070a000000, 0x000000070a000000|
| 131|0x000000070a100000, 0x000000070a100000, 0x000000070a200000|  0%| F|  |TS  0|AC  0|TAMS 0x000000070a100000, 0x000000070a100000|
| 132|0x000000070a200000, 0x000000070a200000, 0x000000070a300000|  0%| F|  |TS  0|AC  0|TAMS 0x000000070a200000, 0x000000070a200000|
| 133|0x000000070a300000, 0x000000070a300000, 0x000000070a400000|  0%| F|  |TS  0|AC  0|TAMS 0x000000070a300000, 0x000000070a300000|
| 134|0x000000070a400000, 0x000000070a400000, 0x000000070a500000|  0%| F|  |TS  0|AC  0|TAMS 0x000000070a400000, 0x000000070a400000|
| 135|0x000000070a500000, 0x000000070a500000, 0x000000070a600000|  0%| F|  |TS  0|AC  0|TAMS 0x000000070a500000, 0x000000070a500000|
| 136|0x000000070a600000, 0x000000070a600000, 0x000000070a700000|  0%| F|  |TS  0|AC  0|TAMS 0x000000070a600000, 0x000000070a600000|
| 137|0x000000070a700000, 0x000000070a700000, 0x000000070a800000|  0%| F|  |TS  0|AC  0|TAMS 0x000000070a700000, 0x000000070a700000|
| 138|0x000000070a800000, 0x000000070a800000, 0x000000070a900000|  0%| F|  |TS  0|AC  0|TAMS 0x000000070a800000, 0x000000070a800000|
| 139|0x000000070a900000, 0x000000070a900000, 0x000000070aa00000|  0%| F|  |TS  0|AC  0|TAMS 0x000000070a900000, 0x000000070a900000|
| 140|0x000000070aa00000, 0x000000070aa00000, 0x000000070ab00000|  0%| F|  |TS  0|AC  0|TAMS 0x000000070aa00000, 0x000000070aa00000|
| 141|0x000000070ab00000, 0x000000070ab00000, 0x000000070ac00000|  0%| F|  |TS  0|AC  0|TAMS 0x000000070ab00000, 0x000000070ab00000|
| 142|0x000000070ac00000, 0x000000070ac00000, 0x000000070ad00000|  0%| F|  |TS  0|AC  0|TAMS 0x000000070ac00000, 0x000000070ac00000|
| 143|0x000000070ad00000, 0x000000070ad00000, 0x000000070ae00000|  0%| F|  |TS  0|AC  0|TAMS 0x000000070ad00000, 0x000000070ad00000|
| 144|0x000000070ae00000, 0x000000070ae00000, 0x000000070af00000|  0%| F|  |TS  0|AC  0|TAMS 0x000000070ae00000, 0x000000070ae00000|
| 145|0x000000070af00000, 0x000000070af00000, 0x000000070b000000|  0%| F|  |TS  0|AC  0|TAMS 0x000000070af00000, 0x000000070af00000|
| 146|0x000000070b000000, 0x000000070b000000, 0x000000070b100000|  0%| F|  |TS  0|AC  0|TAMS 0x000000070b000000, 0x000000070b000000|
| 147|0x000000070b100000, 0x000000070b100000, 0x000000070b200000|  0%| F|  |TS  0|AC  0|TAMS 0x000000070b100000, 0x000000070b100000|
| 148|0x000000070b200000, 0x000000070b200000, 0x000000070b300000|  0%| F|  |TS  0|AC  0|TAMS 0x000000070b200000, 0x000000070b200000|
| 149|0x000000070b300000, 0x000000070b300000, 0x000000070b400000|  0%| F|  |TS  0|AC  0|TAMS 0x000000070b300000, 0x000000070b300000|
| 150|0x000000070b400000, 0x000000070b400000, 0x000000070b500000|  0%| F|  |TS  0|AC  0|TAMS 0x000000070b400000, 0x000000070b400000|
| 151|0x000000070b500000, 0x000000070b500000, 0x000000070b600000|  0%| F|  |TS  0|AC  0|TAMS 0x000000070b500000, 0x000000070b500000|
| 152|0x000000070b600000, 0x000000070b600000, 0x000000070b700000|  0%| F|  |TS  0|AC  0|TAMS 0x000000070b600000, 0x000000070b600000|
| 153|0x000000070b700000, 0x000000070b700000, 0x000000070b800000|  0%| F|  |TS  0|AC  0|TAMS 0x000000070b700000, 0x000000070b700000|
| 154|0x000000070b800000, 0x000000070b800000, 0x000000070b900000|  0%| F|  |TS  0|AC  0|TAMS 0x000000070b800000, 0x000000070b800000|
| 155|0x000000070b900000, 0x000000070b900000, 0x000000070ba00000|  0%| F|  |TS  0|AC  0|TAMS 0x000000070b900000, 0x000000070b900000|
| 156|0x000000070ba00000, 0x000000070ba00000, 0x000000070bb00000|  0%| F|  |TS  0|AC  0|TAMS 0x000000070ba00000, 0x000000070ba00000|
| 157|0x000000070bb00000, 0x000000070bb00000, 0x000000070bc00000|  0%| F|  |TS  0|AC  0|TAMS 0x000000070bb00000, 0x000000070bb00000|
| 158|0x000000070bc00000, 0x000000070bc00000, 0x000000070bd00000|  0%| F|  |TS  0|AC  0|TAMS 0x000000070bc00000, 0x000000070bc00000|
| 159|0x000000070bd00000, 0x000000070bd00000, 0x000000070be00000|  0%| F|  |TS  0|AC  0|TAMS 0x000000070bd00000, 0x000000070bd00000|
| 160|0x000000070be00000, 0x000000070be00000, 0x000000070bf00000|  0%| F|  |TS  0|AC  0|TAMS 0x000000070be00000, 0x000000070be00000|
| 161|0x000000070bf00000, 0x000000070bf00000, 0x000000070c000000|  0%| F|  |TS  0|AC  0|TAMS 0x000000070bf00000, 0x000000070bf00000|
| 162|0x000000070c000000, 0x000000070c000000, 0x000000070c100000|  0%| F|  |TS  0|AC  0|TAMS 0x000000070c000000, 0x000000070c000000|
| 163|0x000000070c100000, 0x000000070c100000, 0x000000070c200000|  0%| F|  |TS  0|AC  0|TAMS 0x000000070c100000, 0x000000070c100000|
| 164|0x000000070c200000, 0x000000070c200000, 0x000000070c300000|  0%| F|  |TS  0|AC  0|TAMS 0x000000070c200000, 0x000000070c200000|
| 165|0x000000070c300000, 0x000000070c300000, 0x000000070c400000|  0%| F|  |TS  0|AC  0|TAMS 0x000000070c300000, 0x000000070c300000|
| 166|0x000000070c400000, 0x000000070c400000, 0x000000070c500000|  0%| F|  |TS  0|AC  0|TAMS 0x000000070c400000, 0x000000070c400000|
| 167|0x000000070c500000, 0x000000070c500000, 0x000000070c600000|  0%| F|  |TS  0|AC  0|TAMS 0x000000070c500000, 0x000000070c500000|
| 168|0x000000070c600000, 0x000000070c600000, 0x000000070c700000|  0%| F|  |TS  0|AC  0|TAMS 0x000000070c600000, 0x000000070c600000|
| 169|0x000000070c700000, 0x000000070c700000, 0x000000070c800000|  0%| F|  |TS  0|AC  0|TAMS 0x000000070c700000, 0x000000070c700000|
| 170|0x000000070c800000, 0x000000070c800000, 0x000000070c900000|  0%| F|  |TS  0|AC  0|TAMS 0x000000070c800000, 0x000000070c800000|
| 171|0x000000070c900000, 0x000000070c900000, 0x000000070ca00000|  0%| F|  |TS  0|AC  0|TAMS 0x000000070c900000, 0x000000070c900000|
| 172|0x000000070ca00000, 0x000000070ca00000, 0x000000070cb00000|  0%| F|  |TS  0|AC  0|TAMS 0x000000070ca00000, 0x000000070ca00000|
| 173|0x000000070cb00000, 0x000000070cb00000, 0x000000070cc00000|  0%| F|  |TS  0|AC  0|TAMS 0x000000070cb00000, 0x000000070cb00000|
| 174|0x000000070cc00000, 0x000000070cc00000, 0x000000070cd00000|  0%| F|  |TS  0|AC  0|TAMS 0x000000070cc00000, 0x000000070cc00000|
| 175|0x000000070cd00000, 0x000000070cd00000, 0x000000070ce00000|  0%| F|  |TS  0|AC  0|TAMS 0x000000070cd00000, 0x000000070cd00000|
| 176|0x000000070ce00000, 0x000000070ce00000, 0x000000070cf00000|  0%| F|  |TS  0|AC  0|TAMS 0x000000070ce00000, 0x000000070ce00000|
| 177|0x000000070cf00000, 0x000000070cf00000, 0x000000070d000000|  0%| F|  |TS  0|AC  0|TAMS 0x000000070cf00000, 0x000000070cf00000|
| 178|0x000000070d000000, 0x000000070d000000, 0x000000070d100000|  0%| F|  |TS  0|AC  0|TAMS 0x000000070d000000, 0x000000070d000000|
| 179|0x000000070d100000, 0x000000070d100000, 0x000000070d200000|  0%| F|  |TS  0|AC  0|TAMS 0x000000070d100000, 0x000000070d100000|
| 180|0x000000070d200000, 0x000000070d200000, 0x000000070d300000|  0%| F|  |TS  0|AC  0|TAMS 0x000000070d200000, 0x000000070d200000|
| 181|0x000000070d300000, 0x000000070d300000, 0x000000070d400000|  0%| F|  |TS  0|AC  0|TAMS 0x000000070d300000, 0x000000070d300000|
| 182|0x000000070d400000, 0x000000070d400000, 0x000000070d500000|  0%| F|  |TS  0|AC  0|TAMS 0x000000070d400000, 0x000000070d400000|
| 183|0x000000070d500000, 0x000000070d500000, 0x000000070d600000|  0%| F|  |TS  0|AC  0|TAMS 0x000000070d500000, 0x000000070d500000|
| 184|0x000000070d600000, 0x000000070d600000, 0x000000070d700000|  0%| F|  |TS  0|AC  0|TAMS 0x000000070d600000, 0x000000070d600000|
| 185|0x000000070d700000, 0x000000070d700000, 0x000000070d800000|  0%| F|  |TS  0|AC  0|TAMS 0x000000070d700000, 0x000000070d700000|
| 186|0x000000070d800000, 0x000000070d85cb08, 0x000000070d900000| 36%| E|  |TS  0|AC  0|TAMS 0x000000070d800000, 0x000000070d800000|
| 187|0x000000070d900000, 0x000000070da00000, 0x000000070da00000|100%| E|CS|TS  0|AC  0|TAMS 0x000000070d900000, 0x000000070d900000|
| 188|0x000000070da00000, 0x000000070db00000, 0x000000070db00000|100%| E|CS|TS  0|AC  0|TAMS 0x000000070da00000, 0x000000070da00000|
| 189|0x000000070db00000, 0x000000070dc00000, 0x000000070dc00000|100%| E|CS|TS  0|AC  0|TAMS 0x000000070db00000, 0x000000070db00000|
| 190|0x000000070dc00000, 0x000000070dd00000, 0x000000070dd00000|100%| E|CS|TS  0|AC  0|TAMS 0x000000070dc00000, 0x000000070dc00000|
| 191|0x000000070dd00000, 0x000000070de00000, 0x000000070de00000|100%| E|CS|TS  0|AC  0|TAMS 0x000000070dd00000, 0x000000070dd00000|

Card table byte_map: [0x00007fa1484e0000,0x00007fa148ad1000] byte_map_base: 0x00007fa144cd1000

Marking Bits (Prev, Next): (CMBitMap*) 0x00007fa144075690, (CMBitMap*) 0x00007fa1440756e8
 Prev Bits: [0x00007fa105070000, 0x00007fa107ff8000)
 Next Bits: [0x00007fa1020e0000, 0x00007fa105068000)

Polling page: 0x00007fa14e090000

CodeHeap 'non-nmethods': size=5696Kb used=1260Kb max_used=1273Kb free=4435Kb
 bounds [0x00007fa12dc50000, 0x00007fa12dec0000, 0x00007fa12e1e0000]
CodeHeap 'profiled nmethods': size=120032Kb used=761Kb max_used=761Kb free=119270Kb
 bounds [0x00007fa12e1e0000, 0x00007fa12e450000, 0x00007fa135718000]
CodeHeap 'non-profiled nmethods': size=120032Kb used=170Kb max_used=170Kb free=119861Kb
 bounds [0x00007fa135718000, 0x00007fa135988000, 0x00007fa13cc50000]
 total_blobs=1152 nmethods=508 adapters=435
 compilation: enabled

Compilation events (10 events):
Event: 0.952 Thread 0x00007fa1441ed000 nmethod 504 0x00007fa12e29ca90 code [0x00007fa12e29cc40, 0x00007fa12e29d1d8]
Event: 0.952 Thread 0x00007fa1441e9800  505       4       java.util.HashMap::putVal (300 bytes)
Event: 0.954 Thread 0x00007fa1441ed000  506       3       java.lang.String::substring (68 bytes)
Event: 0.954 Thread 0x00007fa1441eb000 nmethod 499 0x00007fa135740410 code [0x00007fa135740580, 0x00007fa135740958]
Event: 0.955 Thread 0x00007fa1441ed000 nmethod 506 0x00007fa12e29d310 code [0x00007fa12e29d520, 0x00007fa12e29ddb8]
Event: 0.970 Thread 0x00007fa1441e9800 nmethod 505 0x00007fa135740b10 code [0x00007fa135740d40, 0x00007fa135741f30]
Event: 0.970 Thread 0x00007fa1441ed000  507       3       java.nio.HeapByteBuffer::_get (7 bytes)
Event: 0.971 Thread 0x00007fa1441ed000 nmethod 507 0x00007fa12e29e090 code [0x00007fa12e29e200, 0x00007fa12e29e370]
Event: 0.972 Thread 0x00007fa1441ed000  508       1       java.nio.Buffer::position (5 bytes)
Event: 0.972 Thread 0x00007fa1441ed000 nmethod 508 0x00007fa135742710 code [0x00007fa135742880, 0x00007fa135742990]

GC Heap History (0 events):
No events

Deoptimization events (10 events):
Event: 0.371 Thread 0x00007fa144010800 Uncommon trap: reason=unstable_if action=reinterpret pc=0x00007fa13571a334 method=java.lang.String.hashCode()I @ 12
Event: 0.812 Thread 0x00007fa144010800 Uncommon trap: reason=unstable_if action=reinterpret pc=0x00007fa135722848 method=java.util.HashMap.hash(Ljava/lang/Object;)I @ 1
Event: 0.844 Thread 0x00007fa144010800 Uncommon trap: reason=class_check action=maybe_recompile pc=0x00007fa135720d54 method=java.util.HashMap.putVal(ILjava/lang/Object;Ljava/lang/Object;ZZ)Ljava/lang/Object; @ 253
Event: 0.846 Thread 0x00007fa144010800 Uncommon trap: reason=class_check action=maybe_recompile pc=0x00007fa135720d54 method=java.util.HashMap.putVal(ILjava/lang/Object;Ljava/lang/Object;ZZ)Ljava/lang/Object; @ 253
Event: 0.847 Thread 0x00007fa144010800 Uncommon trap: reason=class_check action=maybe_recompile pc=0x00007fa135720d54 method=java.util.HashMap.putVal(ILjava/lang/Object;Ljava/lang/Object;ZZ)Ljava/lang/Object; @ 253
Event: 0.847 Thread 0x00007fa144010800 Uncommon trap: reason=class_check action=maybe_recompile pc=0x00007fa135720d54 method=java.util.HashMap.putVal(ILjava/lang/Object;Ljava/lang/Object;ZZ)Ljava/lang/Object; @ 253
Event: 0.852 Thread 0x00007fa144010800 Uncommon trap: reason=unstable_fused_if action=reinterpret pc=0x00007fa13572f39c method=jdk.internal.org.objectweb.asm.ByteVector.putUTF8(Ljava/lang/String;)Ljdk/internal/org/objectweb/asm/ByteVector; @ 91
Event: 0.952 Thread 0x00007fa144010800 Uncommon trap: reason=class_check action=maybe_recompile pc=0x00007fa13573ec6c method=java.util.HashMap.putVal(ILjava/lang/Object;Ljava/lang/Object;ZZ)Ljava/lang/Object; @ 203
Event: 0.952 Thread 0x00007fa144010800 Uncommon trap: reason=class_check action=maybe_recompile pc=0x00007fa13573ec20 method=java.util.HashMap.putVal(ILjava/lang/Object;Ljava/lang/Object;ZZ)Ljava/lang/Object; @ 91
Event: 0.952 Thread 0x00007fa144010800 Uncommon trap: reason=class_check action=maybe_recompile pc=0x00007fa13573ec20 method=java.util.HashMap.putVal(ILjava/lang/Object;Ljava/lang/Object;ZZ)Ljava/lang/Object; @ 91

Classes redefined (0 events):
No events

Internal exceptions (6 events):
Event: 0.519 Thread 0x00007fa144010800 Exception <a 'java/lang/ClassNotFoundException': sun/awt/resources/awtProvider> (0x000000070db70960) thrown at [/build/openjdk-9-argm_o/openjdk-9-9~b114/src/hotspot/src/share/vm/classfile/systemDictionary.cpp, line 224]
Event: 0.586 Thread 0x00007fa144010800 Exception <a 'java/io/FileNotFoundException'> (0x000000070dbad918) thrown at [/build/openjdk-9-argm_o/openjdk-9-9~b114/src/hotspot/src/share/vm/prims/jni.cpp, line 605]
Event: 0.588 Thread 0x00007fa144010800 Exception <a 'java/io/FileNotFoundException'> (0x000000070dbb5968) thrown at [/build/openjdk-9-argm_o/openjdk-9-9~b114/src/hotspot/src/share/vm/prims/jni.cpp, line 605]
Event: 0.805 Thread 0x00007fa144010800 Exception <a 'java/lang/ClassNotFoundException': com/sun/swing/internal/plaf/metal/resources/metalProvider> (0x000000070d965478) thrown at [/build/openjdk-9-argm_o/openjdk-9-9~b114/src/hotspot/src/share/vm/classfile/systemDictionary.cpp, line 224]
Event: 0.806 Thread 0x00007fa144010800 Exception <a 'java/lang/ClassNotFoundException': com/sun/swing/internal/plaf/basic/resources/basicProvider> (0x000000070d968b38) thrown at [/build/openjdk-9-argm_o/openjdk-9-9~b114/src/hotspot/src/share/vm/classfile/systemDictionary.cpp, line 224]
Event: 0.812 Thread 0x00007fa144010800 Implicit null exception at 0x00007fa135721b3e to 0x00007fa13572282d

Events (10 events):
Event: 0.972 loading class sun/nio/cs/UTF_16$Decoder
Event: 0.972 loading class sun/nio/cs/UnicodeDecoder
Event: 0.972 loading class sun/nio/cs/UnicodeDecoder done
Event: 0.972 loading class sun/nio/cs/UTF_16$Decoder done
Event: 0.972 loading class sun/font/FileFontStrike
Event: 0.973 loading class sun/font/FileFontStrike done
Event: 0.973 loading class sun/font/FontScaler
Event: 0.973 loading class sun/font/FontScaler done
Event: 0.973 loading class sun/font/FreetypeFontScaler
Event: 0.973 loading class sun/font/FreetypeFontScaler done


Dynamic libraries:
00400000-00401000 r-xp 00000000 00:00 602311                     /usr/lib/jvm/java-9-openjdk-amd64/bin/java
00600000-00601000 r--p 00000000 00:00 602311                     /usr/lib/jvm/java-9-openjdk-amd64/bin/java
00601000-00602000 rw-p 00001000 00:00 602311                     /usr/lib/jvm/java-9-openjdk-amd64/bin/java
01e46000-01e67000 rw-p 00000000 00:00 0                          [heap]
701e00000-70de00000 rw-p 00000000 00:00 0
70de00000-7c0000000 ---p 00000000 00:00 0
7c0000000-7c0160000 rw-p 00000000 00:00 0
7c0160000-800000000 ---p 00000000 00:00 0
7fa0b8000000-7fa0b8021000 rw-p 00000000 00:00 0
7fa0b8021000-7fa0bc000000 ---p 00000000 00:00 0
7fa0bc000000-7fa0bc021000 rw-p 00000000 00:00 0
7fa0bc021000-7fa0c0000000 ---p 00000000 00:00 0
7fa0c0000000-7fa0c0021000 rw-p 00000000 00:00 0
7fa0c0021000-7fa0c4000000 ---p 00000000 00:00 0
7fa0c4000000-7fa0c4021000 rw-p 00000000 00:00 0
7fa0c4021000-7fa0c8000000 ---p 00000000 00:00 0
7fa0c8000000-7fa0c8021000 rw-p 00000000 00:00 0
7fa0c8021000-7fa0cc000000 ---p 00000000 00:00 0
7fa0cc000000-7fa0cc021000 rw-p 00000000 00:00 0
7fa0cc021000-7fa0d0000000 ---p 00000000 00:00 0
7fa0d0000000-7fa0d0146000 rw-p 00000000 00:00 0
7fa0d0146000-7fa0d4000000 ---p 00000000 00:00 0
7fa0d4000000-7fa0d4021000 rw-p 00000000 00:00 0
7fa0d4021000-7fa0d8000000 ---p 00000000 00:00 0
7fa0d8000000-7fa0d81c2000 rw-p 00000000 00:00 0
7fa0d81c2000-7fa0dc000000 ---p 00000000 00:00 0
7fa0dc000000-7fa0dc220000 rw-p 00000000 00:00 0
7fa0dc220000-7fa0e0000000 ---p 00000000 00:00 0
7fa0e0a40000-7fa0e0a44000 ---p 00000000 00:00 0
7fa0e0a44000-7fa0e0b41000 rw-p 00000000 00:00 0
7fa0e0b50000-7fa0e0d10000 rw-p 00000000 00:00 0
7fa0e0d10000-7fa0e0d54000 ---p 00000000 00:00 0
7fa0e0d54000-7fa0e0e51000 rw-p 00000000 00:00 0
7fa0e0e60000-7fa0e0e65000 r-xp 00000000 00:00 344058             /usr/lib/x86_64-linux-gnu/libXfixes.so.3.1.0
7fa0e0e65000-7fa0e0e66000 ---p 00005000 00:00 344058             /usr/lib/x86_64-linux-gnu/libXfixes.so.3.1.0
7fa0e0e66000-7fa0e1064000 ---p 00006000 00:00 344058             /usr/lib/x86_64-linux-gnu/libXfixes.so.3.1.0
7fa0e1064000-7fa0e1065000 r--p 00004000 00:00 344058             /usr/lib/x86_64-linux-gnu/libXfixes.so.3.1.0
7fa0e1065000-7fa0e1066000 rw-p 00005000 00:00 344058             /usr/lib/x86_64-linux-gnu/libXfixes.so.3.1.0
7fa0e1070000-7fa0e1079000 r-xp 00000000 00:00 345829             /usr/lib/x86_64-linux-gnu/libXcursor.so.1.0.2
7fa0e1079000-7fa0e107a000 ---p 00009000 00:00 345829             /usr/lib/x86_64-linux-gnu/libXcursor.so.1.0.2
7fa0e107a000-7fa0e1278000 ---p 0000a000 00:00 345829             /usr/lib/x86_64-linux-gnu/libXcursor.so.1.0.2
7fa0e1278000-7fa0e1279000 r--p 00008000 00:00 345829             /usr/lib/x86_64-linux-gnu/libXcursor.so.1.0.2
7fa0e1279000-7fa0e127a000 rw-p 00009000 00:00 345829             /usr/lib/x86_64-linux-gnu/libXcursor.so.1.0.2
7fa0e1280000-7fa0e1284000 ---p 00000000 00:00 0
7fa0e1284000-7fa0e1381000 rw-p 00000000 00:00 0
7fa0e1390000-7fa0e13b4000 r-xp 00000000 00:00 295542             /lib/x86_64-linux-gnu/libpng12.so.0.54.0
7fa0e13b4000-7fa0e13b5000 ---p 00024000 00:00 295542             /lib/x86_64-linux-gnu/libpng12.so.0.54.0
7fa0e13b5000-7fa0e15b3000 ---p 00025000 00:00 295542             /lib/x86_64-linux-gnu/libpng12.so.0.54.0
7fa0e15b3000-7fa0e15b4000 r--p 00023000 00:00 295542             /lib/x86_64-linux-gnu/libpng12.so.0.54.0
7fa0e15b4000-7fa0e15b5000 rw-p 00024000 00:00 295542             /lib/x86_64-linux-gnu/libpng12.so.0.54.0
7fa0e15c0000-7fa0e1664000 r-xp 00000000 00:00 322683             /usr/lib/x86_64-linux-gnu/libfreetype.so.6.12.1
7fa0e1664000-7fa0e166a000 ---p 000a4000 00:00 322683             /usr/lib/x86_64-linux-gnu/libfreetype.so.6.12.1
7fa0e166a000-7fa0e1863000 ---p 000aa000 00:00 322683             /usr/lib/x86_64-linux-gnu/libfreetype.so.6.12.1
7fa0e1863000-7fa0e1869000 r--p 000a3000 00:00 322683             /usr/lib/x86_64-linux-gnu/libfreetype.so.6.12.1
7fa0e1869000-7fa0e186a000 rw-p 000a9000 00:00 322683             /usr/lib/x86_64-linux-gnu/libfreetype.so.6.12.1
7fa0e1870000-7fa0e1936000 r-xp 00000000 00:00 602491             /usr/lib/jvm/java-9-openjdk-amd64/lib/amd64/libfontmanager.so
7fa0e1936000-7fa0e1939000 ---p 000c6000 00:00 602491             /usr/lib/jvm/java-9-openjdk-amd64/lib/amd64/libfontmanager.so
7fa0e1939000-7fa0e1b35000 ---p 000c9000 00:00 602491             /usr/lib/jvm/java-9-openjdk-amd64/lib/amd64/libfontmanager.so
7fa0e1b35000-7fa0e1b38000 r--p 000c5000 00:00 602491             /usr/lib/jvm/java-9-openjdk-amd64/lib/amd64/libfontmanager.so
7fa0e1b38000-7fa0e1b39000 rw-p 000c8000 00:00 602491             /usr/lib/jvm/java-9-openjdk-amd64/lib/amd64/libfontmanager.so
7fa0e1b39000-7fa0e1b3a000 rw-p 00000000 00:00 0
7fa0e1b40000-7fa0e1b45000 r-xp 00000000 00:00 321819             /usr/lib/x86_64-linux-gnu/libXdmcp.so.6.0.0
7fa0e1b45000-7fa0e1b46000 ---p 00005000 00:00 321819             /usr/lib/x86_64-linux-gnu/libXdmcp.so.6.0.0
7fa0e1b46000-7fa0e1d44000 ---p 00006000 00:00 321819             /usr/lib/x86_64-linux-gnu/libXdmcp.so.6.0.0
7fa0e1d44000-7fa0e1d45000 r--p 00004000 00:00 321819             /usr/lib/x86_64-linux-gnu/libXdmcp.so.6.0.0
7fa0e1d45000-7fa0e1d46000 rw-p 00005000 00:00 321819             /usr/lib/x86_64-linux-gnu/libXdmcp.so.6.0.0
7fa0e1d50000-7fa0e1d52000 r-xp 00000000 00:00 322584             /usr/lib/x86_64-linux-gnu/libXau.so.6.0.0
7fa0e1d52000-7fa0e1d54000 ---p 00002000 00:00 322584             /usr/lib/x86_64-linux-gnu/libXau.so.6.0.0
7fa0e1d54000-7fa0e1f52000 ---p 00004000 00:00 322584             /usr/lib/x86_64-linux-gnu/libXau.so.6.0.0
7fa0e1f52000-7fa0e1f53000 r--p 00002000 00:00 322584             /usr/lib/x86_64-linux-gnu/libXau.so.6.0.0
7fa0e1f53000-7fa0e1f54000 rw-p 00003000 00:00 322584             /usr/lib/x86_64-linux-gnu/libXau.so.6.0.0
7fa0e1f60000-7fa0e1f81000 r-xp 00000000 00:00 322578             /usr/lib/x86_64-linux-gnu/libxcb.so.1.1.0
7fa0e1f81000-7fa0e1f82000 ---p 00021000 00:00 322578             /usr/lib/x86_64-linux-gnu/libxcb.so.1.1.0
7fa0e1f82000-7fa0e2180000 ---p 00022000 00:00 322578             /usr/lib/x86_64-linux-gnu/libxcb.so.1.1.0
7fa0e2180000-7fa0e2181000 r--p 00020000 00:00 322578             /usr/lib/x86_64-linux-gnu/libxcb.so.1.1.0
7fa0e2181000-7fa0e2182000 rw-p 00021000 00:00 322578             /usr/lib/x86_64-linux-gnu/libxcb.so.1.1.0
7fa0e2190000-7fa0e219f000 r-xp 00000000 00:00 345842             /usr/lib/x86_64-linux-gnu/libXi.so.6.1.0
7fa0e219f000-7fa0e21a0000 ---p 0000f000 00:00 345842             /usr/lib/x86_64-linux-gnu/libXi.so.6.1.0
7fa0e21a0000-7fa0e239e000 ---p 00010000 00:00 345842             /usr/lib/x86_64-linux-gnu/libXi.so.6.1.0
7fa0e239e000-7fa0e239f000 r--p 0000e000 00:00 345842             /usr/lib/x86_64-linux-gnu/libXi.so.6.1.0
7fa0e239f000-7fa0e23a0000 rw-p 0000f000 00:00 345842             /usr/lib/x86_64-linux-gnu/libXi.so.6.1.0
7fa0e23a0000-7fa0e23a5000 r-xp 00000000 00:00 344121             /usr/lib/x86_64-linux-gnu/libXtst.so.6.1.0
7fa0e23a5000-7fa0e23a6000 ---p 00005000 00:00 344121             /usr/lib/x86_64-linux-gnu/libXtst.so.6.1.0
7fa0e23a6000-7fa0e25a4000 ---p 00006000 00:00 344121             /usr/lib/x86_64-linux-gnu/libXtst.so.6.1.0
7fa0e25a4000-7fa0e25a5000 r--p 00004000 00:00 344121             /usr/lib/x86_64-linux-gnu/libXtst.so.6.1.0
7fa0e25a5000-7fa0e25a6000 rw-p 00005000 00:00 344121             /usr/lib/x86_64-linux-gnu/libXtst.so.6.1.0
7fa0e25b0000-7fa0e25b9000 r-xp 00000000 00:00 344068             /usr/lib/x86_64-linux-gnu/libXrender.so.1.3.0
7fa0e25b9000-7fa0e25ba000 ---p 00009000 00:00 344068             /usr/lib/x86_64-linux-gnu/libXrender.so.1.3.0
7fa0e25ba000-7fa0e27b8000 ---p 0000a000 00:00 344068             /usr/lib/x86_64-linux-gnu/libXrender.so.1.3.0
7fa0e27b8000-7fa0e27b9000 r--p 00008000 00:00 344068             /usr/lib/x86_64-linux-gnu/libXrender.so.1.3.0
7fa0e27b9000-7fa0e27ba000 rw-p 00009000 00:00 344068             /usr/lib/x86_64-linux-gnu/libXrender.so.1.3.0
7fa0e27c0000-7fa0e28f5000 r-xp 00000000 00:00 321826             /usr/lib/x86_64-linux-gnu/libX11.so.6.3.0
7fa0e28f5000-7fa0e28fa000 ---p 00135000 00:00 321826             /usr/lib/x86_64-linux-gnu/libX11.so.6.3.0
7fa0e28fa000-7fa0e2af5000 ---p 0013a000 00:00 321826             /usr/lib/x86_64-linux-gnu/libX11.so.6.3.0
7fa0e2af5000-7fa0e2af6000 r--p 00135000 00:00 321826             /usr/lib/x86_64-linux-gnu/libX11.so.6.3.0
7fa0e2af6000-7fa0e2afa000 rw-p 00136000 00:00 321826             /usr/lib/x86_64-linux-gnu/libX11.so.6.3.0
7fa0e2b00000-7fa0e2b11000 r-xp 00000000 00:00 322575             /usr/lib/x86_64-linux-gnu/libXext.so.6.4.0
7fa0e2b11000-7fa0e2b12000 ---p 00011000 00:00 322575             /usr/lib/x86_64-linux-gnu/libXext.so.6.4.0
7fa0e2b12000-7fa0e2d10000 ---p 00012000 00:00 322575             /usr/lib/x86_64-linux-gnu/libXext.so.6.4.0
7fa0e2d10000-7fa0e2d11000 r--p 00010000 00:00 322575             /usr/lib/x86_64-linux-gnu/libXext.so.6.4.0
7fa0e2d11000-7fa0e2d12000 rw-p 00011000 00:00 322575             /usr/lib/x86_64-linux-gnu/libXext.so.6.4.0
7fa0e2d20000-7fa0e2d77000 r-xp 00000000 00:00 602583             /usr/lib/jvm/java-9-openjdk-amd64/lib/amd64/libawt_xawt.so
7fa0e2d77000-7fa0e2d7b000 ---p 00057000 00:00 602583             /usr/lib/jvm/java-9-openjdk-amd64/lib/amd64/libawt_xawt.so
7fa0e2d7b000-7fa0e2f77000 ---p 0005b000 00:00 602583             /usr/lib/jvm/java-9-openjdk-amd64/lib/amd64/libawt_xawt.so
7fa0e2f77000-7fa0e2f78000 r--p 00057000 00:00 602583             /usr/lib/jvm/java-9-openjdk-amd64/lib/amd64/libawt_xawt.so
7fa0e2f78000-7fa0e2f7b000 rw-p 00058000 00:00 602583             /usr/lib/jvm/java-9-openjdk-amd64/lib/amd64/libawt_xawt.so
7fa0e2f7b000-7fa0e2f7c000 rw-p 00000000 00:00 0
7fa0e2f80000-7fa0e3020000 r-xp 00000000 00:00 602490             /usr/lib/jvm/java-9-openjdk-amd64/lib/amd64/libawt.so
7fa0e3020000-7fa0e302c000 ---p 000a0000 00:00 602490             /usr/lib/jvm/java-9-openjdk-amd64/lib/amd64/libawt.so
7fa0e302c000-7fa0e321f000 ---p 000ac000 00:00 602490             /usr/lib/jvm/java-9-openjdk-amd64/lib/amd64/libawt.so
7fa0e321f000-7fa0e3220000 r--p 0009f000 00:00 602490             /usr/lib/jvm/java-9-openjdk-amd64/lib/amd64/libawt.so
7fa0e3220000-7fa0e322b000 rw-p 000a0000 00:00 602490             /usr/lib/jvm/java-9-openjdk-amd64/lib/amd64/libawt.so
7fa0e322b000-7fa0e3250000 rw-p 00000000 00:00 0
7fa0e3250000-7fa0e3251000 ---p 00000000 00:00 0
7fa0e3251000-7fa0e3351000 rw-p 00000000 00:00 0
7fa0e3360000-7fa0e3364000 ---p 00000000 00:00 0
7fa0e3364000-7fa0e3461000 rw-p 00000000 00:00 0
7fa0e3470000-7fa0e3474000 ---p 00000000 00:00 0
7fa0e3474000-7fa0e3571000 rw-p 00000000 00:00 0
7fa0e3580000-7fa0e3881000 rw-p 00000000 00:00 0
7fa0e3890000-7fa0e38a6000 r-xp 00000000 00:00 602492             /usr/lib/jvm/java-9-openjdk-amd64/lib/amd64/libnet.so
7fa0e38a6000-7fa0e38a7000 ---p 00016000 00:00 602492             /usr/lib/jvm/java-9-openjdk-amd64/lib/amd64/libnet.so
7fa0e38a7000-7fa0e3aa5000 ---p 00017000 00:00 602492             /usr/lib/jvm/java-9-openjdk-amd64/lib/amd64/libnet.so
7fa0e3aa5000-7fa0e3aa6000 r--p 00015000 00:00 602492             /usr/lib/jvm/java-9-openjdk-amd64/lib/amd64/libnet.so
7fa0e3aa6000-7fa0e3aa7000 rw-p 00016000 00:00 602492             /usr/lib/jvm/java-9-openjdk-amd64/lib/amd64/libnet.so
7fa0e3ab0000-7fa0e3ac1000 r-xp 00000000 00:00 602585             /usr/lib/jvm/java-9-openjdk-amd64/lib/amd64/libnio.so
7fa0e3ac1000-7fa0e3ac3000 ---p 00011000 00:00 602585             /usr/lib/jvm/java-9-openjdk-amd64/lib/amd64/libnio.so
7fa0e3ac3000-7fa0e3cc1000 ---p 00013000 00:00 602585             /usr/lib/jvm/java-9-openjdk-amd64/lib/amd64/libnio.so
7fa0e3cc1000-7fa0e3cc2000 r--p 00011000 00:00 602585             /usr/lib/jvm/java-9-openjdk-amd64/lib/amd64/libnio.so
7fa0e3cc2000-7fa0e3cc3000 rw-p 00012000 00:00 602585             /usr/lib/jvm/java-9-openjdk-amd64/lib/amd64/libnio.so
7fa0e3cd0000-7fa0e3cd4000 ---p 00000000 00:00 0
7fa0e3cd4000-7fa0e3dd1000 rw-p 00000000 00:00 0
7fa0e3de0000-7fa0e3de4000 ---p 00000000 00:00 0
7fa0e3de4000-7fa0e3ee1000 rw-p 00000000 00:00 0
7fa0e3ef0000-7fa0e3ef4000 ---p 00000000 00:00 0
7fa0e3ef4000-7fa0e3ff1000 rw-p 00000000 00:00 0
7fa0e4000000-7fa0e4021000 rw-p 00000000 00:00 0
7fa0e4021000-7fa0e8000000 ---p 00000000 00:00 0
7fa0e8000000-7fa0e8021000 rw-p 00000000 00:00 0
7fa0e8021000-7fa0ec000000 ---p 00000000 00:00 0
7fa0ec000000-7fa0ec021000 rw-p 00000000 00:00 0
7fa0ec021000-7fa0f0000000 ---p 00000000 00:00 0
7fa0f0000000-7fa0f0021000 rw-p 00000000 00:00 0
7fa0f0021000-7fa0f4000000 ---p 00000000 00:00 0
7fa0f4000000-7fa0f4021000 rw-p 00000000 00:00 0
7fa0f4021000-7fa0f8000000 ---p 00000000 00:00 0
7fa0f8000000-7fa0f8021000 rw-p 00000000 00:00 0
7fa0f8021000-7fa0fc000000 ---p 00000000 00:00 0
7fa0fc000000-7fa0fc021000 rw-p 00000000 00:00 0
7fa0fc021000-7fa100000000 ---p 00000000 00:00 0
7fa1000e0000-7fa1023e0000 rw-p 00000000 00:00 0
7fa1023e0000-7fa105068000 ---p 00000000 00:00 0
7fa105070000-7fa105370000 rw-p 00000000 00:00 0
7fa105370000-7fa107ff8000 ---p 00000000 00:00 0
7fa108000000-7fa108021000 rw-p 00000000 00:00 0
7fa108021000-7fa10c000000 ---p 00000000 00:00 0
7fa10c000000-7fa10c021000 rw-p 00000000 00:00 0
7fa10c021000-7fa110000000 ---p 00000000 00:00 0
7fa110000000-7fa110021000 rw-p 00000000 00:00 0
7fa110021000-7fa114000000 ---p 00000000 00:00 0
7fa114000000-7fa114021000 rw-p 00000000 00:00 0
7fa114021000-7fa118000000 ---p 00000000 00:00 0
7fa118000000-7fa118021000 rw-p 00000000 00:00 0
7fa118021000-7fa11c000000 ---p 00000000 00:00 0
7fa11c000000-7fa11c021000 rw-p 00000000 00:00 0
7fa11c021000-7fa120000000 ---p 00000000 00:00 0
7fa120000000-7fa120021000 rw-p 00000000 00:00 0
7fa120021000-7fa124000000 ---p 00000000 00:00 0
7fa124000000-7fa124021000 rw-p 00000000 00:00 0
7fa124021000-7fa128000000 ---p 00000000 00:00 0
7fa128000000-7fa128021000 rw-p 00000000 00:00 0
7fa128021000-7fa12c000000 ---p 00000000 00:00 0
7fa12c010000-7fa12c014000 ---p 00000000 00:00 0
7fa12c014000-7fa12c111000 rw-p 00000000 00:00 0
7fa12c120000-7fa12c124000 ---p 00000000 00:00 0
7fa12c124000-7fa12c221000 rw-p 00000000 00:00 0
7fa12c230000-7fa12c234000 ---p 00000000 00:00 0
7fa12c234000-7fa12c331000 rw-p 00000000 00:00 0
7fa12c338000-7fa12c4d0000 r--p 00000000 00:00 342030             /usr/lib/locale/locale-archive
7fa12c4d0000-7fa12c4d4000 ---p 00000000 00:00 0
7fa12c4d4000-7fa12c5d1000 rw-p 00000000 00:00 0
7fa12c5e0000-7fa12c5e4000 ---p 00000000 00:00 0
7fa12c5e4000-7fa12c6e1000 rw-p 00000000 00:00 0
7fa12c6f0000-7fa12c6f1000 ---p 00000000 00:00 0
7fa12c6f1000-7fa12c7f1000 rw-p 00000000 00:00 0
7fa12c800000-7fa12c876000 rw-p 00000000 00:00 0
7fa12c880000-7fa12c8db000 rw-p 00000000 00:00 0
7fa12c8e0000-7fa12d19f000 rw-p 00000000 00:00 0
7fa12d1a0000-7fa12d2a1000 rw-p 00000000 00:00 0
7fa12d2b0000-7fa12d36f000 rw-p 00000000 00:00 0
7fa12d370000-7fa12d471000 rw-p 00000000 00:00 0
7fa12d480000-7fa12d53f000 rw-p 00000000 00:00 0
7fa12d540000-7fa12d641000 rw-p 00000000 00:00 0
7fa12d650000-7fa12d6b0000 rw-p 00000000 00:00 0
7fa12d6b0000-7fa12dc41000 ---p 00000000 00:00 0
7fa12dc50000-7fa12dec0000 rwxp 00000000 00:00 0
7fa12dec0000-7fa12e1e0000 ---p 00000000 00:00 0
7fa12e1e0000-7fa12e450000 rwxp 00000000 00:00 0
7fa12e450000-7fa135718000 ---p 00000000 00:00 0
7fa135718000-7fa135988000 rwxp 00000000 00:00 0
7fa135988000-7fa13cc50000 ---p 00000000 00:00 0
7fa13cc51000-7fa144000000 r--s 00000000 00:00 602343             /usr/lib/jvm/java-9-openjdk-amd64/lib/modules
7fa144000000-7fa14446f000 rw-p 00000000 00:00 0
7fa14446f000-7fa148000000 ---p 00000000 00:00 0
7fa148030000-7fa1480ef000 rw-p 00000000 00:00 0
7fa1480f0000-7fa1481f1000 rw-p 00000000 00:00 0
7fa148200000-7fa148201000 ---p 00000000 00:00 0
7fa148201000-7fa148301000 rw-p 00000000 00:00 0
7fa148310000-7fa148311000 ---p 00000000 00:00 0
7fa148311000-7fa148411000 rw-p 00000000 00:00 0
7fa148420000-7fa1484df000 rw-p 00000000 00:00 0
7fa1484e0000-7fa148540000 rw-p 00000000 00:00 0
7fa148540000-7fa148ad1000 ---p 00000000 00:00 0
7fa148ae0000-7fa1490d1000 ---p 00000000 00:00 0
7fa1490e0000-7fa149140000 rw-p 00000000 00:00 0
7fa149140000-7fa1496d1000 ---p 00000000 00:00 0
7fa1496e0000-7fa1496e1000 ---p 00000000 00:00 0
7fa1496e1000-7fa1497e1000 rw-p 00000000 00:00 0
7fa1497f0000-7fa1497f1000 ---p 00000000 00:00 0
7fa1497f1000-7fa1498f1000 rw-p 00000000 00:00 0
7fa149900000-7fa149901000 ---p 00000000 00:00 0
7fa149901000-7fa149a01000 rw-p 00000000 00:00 0
7fa149a10000-7fa149a11000 ---p 00000000 00:00 0
7fa149a11000-7fa149b11000 rw-p 00000000 00:00 0
7fa149b20000-7fa149b21000 ---p 00000000 00:00 0
7fa149b21000-7fa149c21000 rw-p 00000000 00:00 0
7fa149c30000-7fa149d31000 rw-p 00000000 00:00 0
7fa149d40000-7fa149e41000 rw-p 00000000 00:00 0
7fa149e50000-7fa149f51000 rw-p 00000000 00:00 0
7fa149f60000-7fa14a061000 rw-p 00000000 00:00 0
7fa14a070000-7fa14a071000 ---p 00000000 00:00 0
7fa14a071000-7fa14a171000 rw-p 00000000 00:00 0
7fa14a180000-7fa14a181000 ---p 00000000 00:00 0
7fa14a181000-7fa14a281000 rw-p 00000000 00:00 0
7fa14a290000-7fa14a291000 ---p 00000000 00:00 0
7fa14a291000-7fa14a391000 rw-p 00000000 00:00 0
7fa14a3a0000-7fa14a3a1000 ---p 00000000 00:00 0
7fa14a3a1000-7fa14a4a1000 rw-p 00000000 00:00 0
7fa14a4b0000-7fa14a4b5000 r-xp 00000000 00:00 602567             /usr/lib/jvm/java-9-openjdk-amd64/lib/amd64/libjimage.so
7fa14a4b5000-7fa14a4b6000 ---p 00005000 00:00 602567             /usr/lib/jvm/java-9-openjdk-amd64/lib/amd64/libjimage.so
7fa14a4b6000-7fa14a6b4000 ---p 00006000 00:00 602567             /usr/lib/jvm/java-9-openjdk-amd64/lib/amd64/libjimage.so
7fa14a6b4000-7fa14a6b5000 r--p 00004000 00:00 602567             /usr/lib/jvm/java-9-openjdk-amd64/lib/amd64/libjimage.so
7fa14a6b5000-7fa14a6b6000 rw-p 00005000 00:00 602567             /usr/lib/jvm/java-9-openjdk-amd64/lib/amd64/libjimage.so
7fa14a6c0000-7fa14a6c7000 r-xp 00000000 00:00 602531             /usr/lib/jvm/java-9-openjdk-amd64/lib/amd64/libzip.so
7fa14a6c7000-7fa14a6c8000 ---p 00007000 00:00 602531             /usr/lib/jvm/java-9-openjdk-amd64/lib/amd64/libzip.so
7fa14a6c8000-7fa14a8c6000 ---p 00008000 00:00 602531             /usr/lib/jvm/java-9-openjdk-amd64/lib/amd64/libzip.so
7fa14a8c6000-7fa14a8c7000 r--p 00006000 00:00 602531             /usr/lib/jvm/java-9-openjdk-amd64/lib/amd64/libzip.so
7fa14a8c7000-7fa14a8c8000 rw-p 00007000 00:00 602531             /usr/lib/jvm/java-9-openjdk-amd64/lib/amd64/libzip.so
7fa14a8d0000-7fa14a8db000 r-xp 00000000 00:00 312687             /lib/x86_64-linux-gnu/libnss_files-2.23.so
7fa14a8db000-7fa14a8dc000 ---p 0000b000 00:00 312687             /lib/x86_64-linux-gnu/libnss_files-2.23.so
7fa14a8dc000-7fa14aada000 ---p 0000c000 00:00 312687             /lib/x86_64-linux-gnu/libnss_files-2.23.so
7fa14aada000-7fa14aadb000 r--p 0000a000 00:00 312687             /lib/x86_64-linux-gnu/libnss_files-2.23.so
7fa14aadb000-7fa14aadc000 rw-p 0000b000 00:00 312687             /lib/x86_64-linux-gnu/libnss_files-2.23.so
7fa14aadc000-7fa14aae2000 rw-p 00000000 00:00 0
7fa14aaf0000-7fa14aafb000 r-xp 00000000 00:00 312691             /lib/x86_64-linux-gnu/libnss_nis-2.23.so
7fa14aafb000-7fa14aafc000 ---p 0000b000 00:00 312691             /lib/x86_64-linux-gnu/libnss_nis-2.23.so
7fa14aafc000-7fa14acfa000 ---p 0000c000 00:00 312691             /lib/x86_64-linux-gnu/libnss_nis-2.23.so
7fa14acfa000-7fa14acfb000 r--p 0000a000 00:00 312691             /lib/x86_64-linux-gnu/libnss_nis-2.23.so
7fa14acfb000-7fa14acfc000 rw-p 0000b000 00:00 312691             /lib/x86_64-linux-gnu/libnss_nis-2.23.so
7fa14ad00000-7fa14ad16000 r-xp 00000000 00:00 312668             /lib/x86_64-linux-gnu/libnsl-2.23.so
7fa14ad16000-7fa14ad17000 ---p 00016000 00:00 312668             /lib/x86_64-linux-gnu/libnsl-2.23.so
7fa14ad17000-7fa14af15000 ---p 00017000 00:00 312668             /lib/x86_64-linux-gnu/libnsl-2.23.so
7fa14af15000-7fa14af16000 r--p 00015000 00:00 312668             /lib/x86_64-linux-gnu/libnsl-2.23.so
7fa14af16000-7fa14af17000 rw-p 00016000 00:00 312668             /lib/x86_64-linux-gnu/libnsl-2.23.so
7fa14af17000-7fa14af19000 rw-p 00000000 00:00 0
7fa14af20000-7fa14af28000 r-xp 00000000 00:00 312682             /lib/x86_64-linux-gnu/libnss_compat-2.23.so
7fa14af28000-7fa14af29000 ---p 00008000 00:00 312682             /lib/x86_64-linux-gnu/libnss_compat-2.23.so
7fa14af29000-7fa14b127000 ---p 00009000 00:00 312682             /lib/x86_64-linux-gnu/libnss_compat-2.23.so
7fa14b127000-7fa14b128000 r--p 00007000 00:00 312682             /lib/x86_64-linux-gnu/libnss_compat-2.23.so
7fa14b128000-7fa14b129000 rw-p 00008000 00:00 312682             /lib/x86_64-linux-gnu/libnss_compat-2.23.so
7fa14b130000-7fa14b15b000 r-xp 00000000 00:00 602478             /usr/lib/jvm/java-9-openjdk-amd64/lib/amd64/libjava.so
7fa14b15b000-7fa14b15d000 ---p 0002b000 00:00 602478             /usr/lib/jvm/java-9-openjdk-amd64/lib/amd64/libjava.so
7fa14b15d000-7fa14b35a000 ---p 0002d000 00:00 602478             /usr/lib/jvm/java-9-openjdk-amd64/lib/amd64/libjava.so
7fa14b35a000-7fa14b35b000 r--p 0002a000 00:00 602478             /usr/lib/jvm/java-9-openjdk-amd64/lib/amd64/libjava.so
7fa14b35b000-7fa14b35d000 rw-p 0002b000 00:00 602478             /usr/lib/jvm/java-9-openjdk-amd64/lib/amd64/libjava.so
7fa14b360000-7fa14b36d000 r-xp 00000000 00:00 602486             /usr/lib/jvm/java-9-openjdk-amd64/lib/amd64/libverify.so
7fa14b36d000-7fa14b36f000 ---p 0000d000 00:00 602486             /usr/lib/jvm/java-9-openjdk-amd64/lib/amd64/libverify.so
7fa14b36f000-7fa14b56c000 ---p 0000f000 00:00 602486             /usr/lib/jvm/java-9-openjdk-amd64/lib/amd64/libverify.so
7fa14b56c000-7fa14b56e000 r--p 0000c000 00:00 602486             /usr/lib/jvm/java-9-openjdk-amd64/lib/amd64/libverify.so
7fa14b56e000-7fa14b56f000 rw-p 0000e000 00:00 602486             /usr/lib/jvm/java-9-openjdk-amd64/lib/amd64/libverify.so
7fa14b570000-7fa14b577000 r-xp 00000000 00:00 312692             /lib/x86_64-linux-gnu/librt-2.23.so
7fa14b577000-7fa14b578000 ---p 00007000 00:00 312692             /lib/x86_64-linux-gnu/librt-2.23.so
7fa14b578000-7fa14b776000 ---p 00008000 00:00 312692             /lib/x86_64-linux-gnu/librt-2.23.so
7fa14b776000-7fa14b777000 r--p 00006000 00:00 312692             /lib/x86_64-linux-gnu/librt-2.23.so
7fa14b777000-7fa14b778000 rw-p 00007000 00:00 312692             /lib/x86_64-linux-gnu/librt-2.23.so
7fa14b780000-7fa14b796000 r-xp 00000000 00:00 295656             /lib/x86_64-linux-gnu/libgcc_s.so.1
7fa14b796000-7fa14b995000 ---p 00016000 00:00 295656             /lib/x86_64-linux-gnu/libgcc_s.so.1
7fa14b995000-7fa14b996000 rw-p 00015000 00:00 295656             /lib/x86_64-linux-gnu/libgcc_s.so.1
7fa14b9a0000-7fa14baa8000 r-xp 00000000 00:00 312667             /lib/x86_64-linux-gnu/libm-2.23.so
7fa14baa8000-7fa14baaa000 ---p 00108000 00:00 312667             /lib/x86_64-linux-gnu/libm-2.23.so
7fa14baaa000-7fa14bca7000 ---p 0010a000 00:00 312667             /lib/x86_64-linux-gnu/libm-2.23.so
7fa14bca7000-7fa14bca8000 r--p 00107000 00:00 312667             /lib/x86_64-linux-gnu/libm-2.23.so
7fa14bca8000-7fa14bca9000 rw-p 00108000 00:00 312667             /lib/x86_64-linux-gnu/libm-2.23.so
7fa14bcb0000-7fa14be22000 r-xp 00000000 00:00 153015             /usr/lib/x86_64-linux-gnu/libstdc++.so.6.0.21
7fa14be22000-7fa14be2f000 ---p 00172000 00:00 153015             /usr/lib/x86_64-linux-gnu/libstdc++.so.6.0.21
7fa14be2f000-7fa14c022000 ---p 0017f000 00:00 153015             /usr/lib/x86_64-linux-gnu/libstdc++.so.6.0.21
7fa14c022000-7fa14c02c000 r--p 00172000 00:00 153015             /usr/lib/x86_64-linux-gnu/libstdc++.so.6.0.21
7fa14c02c000-7fa14c02e000 rw-p 0017c000 00:00 153015             /usr/lib/x86_64-linux-gnu/libstdc++.so.6.0.21
7fa14c02e000-7fa14c032000 rw-p 00000000 00:00 0
7fa14c040000-7fa14ce9e000 r-xp 00000000 00:00 602520             /usr/lib/jvm/java-9-openjdk-amd64/lib/amd64/server/libjvm.so
7fa14ce9e000-7fa14cf90000 ---p 00e5e000 00:00 602520             /usr/lib/jvm/java-9-openjdk-amd64/lib/amd64/server/libjvm.so
7fa14cf90000-7fa14d09e000 ---p 00f50000 00:00 602520             /usr/lib/jvm/java-9-openjdk-amd64/lib/amd64/server/libjvm.so
7fa14d09e000-7fa14d150000 r--p 00e5e000 00:00 602520             /usr/lib/jvm/java-9-openjdk-amd64/lib/amd64/server/libjvm.so
7fa14d150000-7fa14d182000 rw-p 00f10000 00:00 602520             /usr/lib/jvm/java-9-openjdk-amd64/lib/amd64/server/libjvm.so
7fa14d182000-7fa14d1c7000 rw-p 00000000 00:00 0
7fa14d1d0000-7fa14d1e8000 r-xp 00000000 00:00 312670             /lib/x86_64-linux-gnu/libpthread-2.23.so
7fa14d1e8000-7fa14d1f2000 ---p 00018000 00:00 312670             /lib/x86_64-linux-gnu/libpthread-2.23.so
7fa14d1f2000-7fa14d3e7000 ---p 00022000 00:00 312670             /lib/x86_64-linux-gnu/libpthread-2.23.so
7fa14d3e7000-7fa14d3e8000 r--p 00017000 00:00 312670             /lib/x86_64-linux-gnu/libpthread-2.23.so
7fa14d3e8000-7fa14d3e9000 rw-p 00018000 00:00 312670             /lib/x86_64-linux-gnu/libpthread-2.23.so
7fa14d3e9000-7fa14d3ed000 rw-p 00000000 00:00 0
7fa14d3f0000-7fa14d3f3000 r-xp 00000000 00:00 312676             /lib/x86_64-linux-gnu/libdl-2.23.so
7fa14d3f3000-7fa14d3f4000 ---p 00003000 00:00 312676             /lib/x86_64-linux-gnu/libdl-2.23.so
7fa14d3f4000-7fa14d5f2000 ---p 00004000 00:00 312676             /lib/x86_64-linux-gnu/libdl-2.23.so
7fa14d5f2000-7fa14d5f3000 r--p 00002000 00:00 312676             /lib/x86_64-linux-gnu/libdl-2.23.so
7fa14d5f3000-7fa14d5f4000 rw-p 00003000 00:00 312676             /lib/x86_64-linux-gnu/libdl-2.23.so
7fa14d600000-7fa14d619000 r-xp 00000000 00:00 295742             /lib/x86_64-linux-gnu/libz.so.1.2.8
7fa14d619000-7fa14d61a000 ---p 00019000 00:00 295742             /lib/x86_64-linux-gnu/libz.so.1.2.8
7fa14d61a000-7fa14d818000 ---p 0001a000 00:00 295742             /lib/x86_64-linux-gnu/libz.so.1.2.8
7fa14d818000-7fa14d819000 r--p 00018000 00:00 295742             /lib/x86_64-linux-gnu/libz.so.1.2.8
7fa14d819000-7fa14d81a000 rw-p 00019000 00:00 295742             /lib/x86_64-linux-gnu/libz.so.1.2.8
7fa14d820000-7fa14d9e0000 r-xp 00000000 00:00 312672             /lib/x86_64-linux-gnu/libc-2.23.so
7fa14d9e0000-7fa14d9e9000 ---p 001c0000 00:00 312672             /lib/x86_64-linux-gnu/libc-2.23.so
7fa14d9e9000-7fa14dbe0000 ---p 001c9000 00:00 312672             /lib/x86_64-linux-gnu/libc-2.23.so
7fa14dbe0000-7fa14dbe4000 r--p 001c0000 00:00 312672             /lib/x86_64-linux-gnu/libc-2.23.so
7fa14dbe4000-7fa14dbe6000 rw-p 001c4000 00:00 312672             /lib/x86_64-linux-gnu/libc-2.23.so
7fa14dbe6000-7fa14dbea000 rw-p 00000000 00:00 0
7fa14dbf0000-7fa14dbfe000 r-xp 00000000 00:00 602579             /usr/lib/jvm/java-9-openjdk-amd64/lib/amd64/jli/libjli.so
7fa14dbfe000-7fa14dbff000 ---p 0000e000 00:00 602579             /usr/lib/jvm/java-9-openjdk-amd64/lib/amd64/jli/libjli.so
7fa14dbff000-7fa14ddfd000 ---p 0000f000 00:00 602579             /usr/lib/jvm/java-9-openjdk-amd64/lib/amd64/jli/libjli.so
7fa14ddfd000-7fa14ddfe000 r--p 0000d000 00:00 602579             /usr/lib/jvm/java-9-openjdk-amd64/lib/amd64/jli/libjli.so
7fa14ddfe000-7fa14ddff000 rw-p 0000e000 00:00 602579             /usr/lib/jvm/java-9-openjdk-amd64/lib/amd64/jli/libjli.so
7fa14de00000-7fa14de26000 r-xp 00000000 00:00 312669             /lib/x86_64-linux-gnu/ld-2.23.so
7fa14de40000-7fa14de45000 rw-p 00000000 00:00 0
7fa14de45000-7fa14df2b000 ---p 00000000 00:00 0
7fa14df30000-7fa14df35000 rw-p 00000000 00:00 0
7fa14df35000-7fa14e01b000 ---p 00000000 00:00 0
7fa14e025000-7fa14e026000 r--p 00025000 00:00 312669             /lib/x86_64-linux-gnu/ld-2.23.so
7fa14e026000-7fa14e027000 rw-p 00026000 00:00 312669             /lib/x86_64-linux-gnu/ld-2.23.so
7fa14e027000-7fa14e028000 rw-p 00000000 00:00 0
7fa14e070000-7fa14e075000 rw-p 00000000 00:00 0
7fa14e075000-7fa14e07c000 ---p 00000000 00:00 0
7fa14e080000-7fa14e081000 rw-p 00000000 00:00 0
7fa14e090000-7fa14e091000 r--p 00000000 00:00 0
7fa14e0a0000-7fa14e0a4000 ---p 00000000 00:00 0
7fa14e0a4000-7fa14e1a1000 rw-p 00000000 00:00 0
7fa14e1b0000-7fa14e1b1000 rw-p 00000000 00:00 0
7fa14e1c0000-7fa14e1c1000 rw-p 00000000 00:00 0
7fa14e1d0000-7fa14e1d1000 rw-p 00000000 00:00 0
7fa14e1e0000-7fa14e1e1000 rw-p 00000000 00:00 0
7fa14e1e8000-7fa14e1f0000 rw-s 00000000 00:00 426884             /tmp/hsperfdata_DxExWxExY/112
7fa14e1f0000-7fa14e1f1000 rw-p 00000000 00:00 0
7ffff624f000-7ffff6a4f000 rw-p 00000000 00:00 0                  [stack]
7ffff6c47000-7ffff6c48000 r-xp 00000000 00:00 0                  [vdso]

VM Arguments:
java_command: Solar System.jar
java_class_path (initial): Solar System.jar
Launcher Type: SUN_STANDARD

Environment Variables:
PATH=/usr/local/sbin:/usr/local/bin:/usr/sbin:/usr/bin:/sbin:/bin:/usr/games:/usr/local/games:/mnt/c/Users/DXEXWX~1/DOCUME~1/MobaXterm/slash/bin:/mnt/c/Windows:/mnt/c/Windows/System32:/mnt/c/ProgramData/Oracle/Java/javapath_target_3137218:/mnt/c/Windows/System32:/mnt/c/Windows:/mnt/c/Windows/System32/wbem:/mnt/c/Windows/System32/WindowsPowerShell/v1.0:/mnt/c/Program Files/Git/cmd:/mnt/c/Program Files/dotnet:/mnt/c/Users/DxExWxExY/AppData/Local/Microsoft/WindowsApps
SHELL=/bin/bash
DISPLAY=:0.0
HOSTTYPE=x86_64

Signal Handlers:
SIGSEGV: [libjvm.so+0xc12c20], sa_mask[0]=11111111111111111111111111111110, sa_flags=SA_RESTART|SA_SIGINFO
SIGBUS: [libjvm.so+0xc12c20], sa_mask[0]=11111111111111111111111111111110, sa_flags=SA_RESTART|SA_SIGINFO
SIGFPE: [libjvm.so+0xc12c20], sa_mask[0]=11111111111111111111111111111110, sa_flags=SA_RESTART|SA_SIGINFO
SIGPIPE: [libjvm.so+0xa3b600], sa_mask[0]=11111111111111111111111111111110, sa_flags=SA_RESTART|SA_SIGINFO
SIGXFSZ: [libjvm.so+0xa3b600], sa_mask[0]=11111111111111111111111111111110, sa_flags=SA_RESTART|SA_SIGINFO
SIGILL: [libjvm.so+0xc12c20], sa_mask[0]=11111111111111111111111111111110, sa_flags=SA_RESTART|SA_SIGINFO
SIGUSR2: [libjvm.so+0xa3b4a0], sa_mask[0]=00000000000000000000000000000000, sa_flags=SA_RESTART|SA_SIGINFO
SIGHUP: [libjvm.so+0xa3b870], sa_mask[0]=11111111111111111111111111111110, sa_flags=SA_RESTART|SA_SIGINFO
SIGINT: [libjvm.so+0xa3b870], sa_mask[0]=11111111111111111111111111111110, sa_flags=SA_RESTART|SA_SIGINFO
SIGTERM: [libjvm.so+0xa3b870], sa_mask[0]=11111111111111111111111111111110, sa_flags=SA_RESTART|SA_SIGINFO
SIGQUIT: [libjvm.so+0xa3b870], sa_mask[0]=11111111111111111111111111111110, sa_flags=SA_RESTART|SA_SIGINFO


---------------  S Y S T E M  ---------------

OS:DISTRIB_ID=Ubuntu
DISTRIB_RELEASE=16.04
DISTRIB_CODENAME=xenial
DISTRIB_DESCRIPTION="Ubuntu 16.04.4 LTS"
uname:Linux 4.4.0-43-Microsoft #1-Microsoft Wed Dec 31 14:42:53 PST 2014 x86_64
libc:glibc 2.23 NPTL 2.23 
rlimit: STACK 8192k, CORE 0k, NPROC 7823, NOFILE 65536, AS infinity
load average:0.52 0.58 0.59

/proc/meminfo:
MemTotal:       12452516 kB
MemFree:         8337568 kB
Buffers:           34032 kB
Cached:           188576 kB
SwapCached:            0 kB
Active:           167556 kB
Inactive:         157876 kB
Active(anon):     103104 kB
Inactive(anon):    17440 kB
Active(file):      64452 kB
Inactive(file):   140436 kB
Unevictable:           0 kB
Mlocked:               0 kB
SwapTotal:      22249468 kB
SwapFree:       22241136 kB
Dirty:                 0 kB
Writeback:             0 kB
AnonPages:        102824 kB
Mapped:            71404 kB
Shmem:             17720 kB
Slab:              13868 kB
SReclaimable:       6744 kB
SUnreclaim:         7124 kB
KernelStack:        2848 kB
PageTables:         2524 kB
NFS_Unstable:          0 kB
Bounce:                0 kB
WritebackTmp:          0 kB
CommitLimit:      515524 kB
Committed_AS:    3450064 kB
VmallocTotal:     122880 kB
VmallocUsed:       21296 kB
VmallocChunk:      66044 kB
HardwareCorrupted:     0 kB
AnonHugePages:      2048 kB
HugePages_Total:       0
HugePages_Free:        0
HugePages_Rsvd:        0
HugePages_Surp:        0
Hugepagesize:       2048 kB
DirectMap4k:       12280 kB
DirectMap4M:      897024 kB


CPU:total 4 (2 cores per cpu, 2 threads per core) family 6 model 142 stepping 9, cmov, cx8, fxsr, mmx, sse, sse2, sse3, ssse3, sse4.1, sse4.2, popcnt, avx, avx2, aes, clmul, erms, 3dnowpref, lzcnt, ht, tsc, tscinvbit, bmi1, bmi2, adx

CPU Model and flags from /proc/cpuinfo:
model name	: Intel(R) Core(TM) i5-7200U CPU @ 2.50GHz
flags		: fpu vme de pse tsc msr pae mce cx8 apic sep mtrr pge mca cmov pat pse36 clflush dts acpi mmx fxsr sse sse2 ss ht tm pbe syscall nx pdpe1gb rdtscp lm pni pclmulqdq dtes64 monitor ds_cpl vmx est tm2 ssse3 fma cx16 xtpr pdcm pcid sse4_1 sse4_2 x2apic movbe popcnt tsc_deadline_timer aes xsave osxsave avx f16c rdrand

Memory: 4k page, physical 12452516k(8337568k free), swap 22249468k(22241136k free)

vm_info: OpenJDK 64-Bit Server VM (9-internal+0-2016-04-14-195246.buildd.src) for linux-amd64 JRE (9-internal+0-2016-04-14-195246.buildd.src), built on Apr 14 2016 20:05:37 by "buildd" with gcc 5.3.1 20160413

END.
