#
# A fatal error has been detected by the Java Runtime Environment:
#
#  SIGSEGV (0xb) at pc=0x00007fd71b94d009, pid=319, tid=320
#
# JRE version: OpenJDK Runtime Environment (9.0) (build 9-internal+0-2016-04-14-195246.buildd.src)
# Java VM: OpenJDK 64-Bit Server VM (9-internal+0-2016-04-14-195246.buildd.src, mixed mode, tiered, compressed oops, g1 gc, linux-amd64)
# Problematic frame:
# C  [libjava.so+0x1d009]  JNU_GetEnv+0x19
#
# Core dump will be written. Default location: core.319 (may not exist)
#
# If you would like to submit a bug report, please visit:
#   http://bugreport.java.com/bugreport/crash.jsp
# The crash happened outside the Java Virtual Machine in native code.
# See problematic frame for where to report the bug.
#

---------------  S U M M A R Y ------------

Command Line: Solar System.jar

Host: Intel(R) Core(TM) i5-7200U CPU @ 2.50GHz, 4 cores, 11G, Ubuntu 16.04.4 LTS
Time: Tue Apr  3 14:12:32 2018 DST elapsed time: 0 seconds (0d 0h 0m 0s)

---------------  T H R E A D  ---------------

Current thread (0x00007fd714010800):  JavaThread "main" [_thread_in_native, id=320, stack(0x00007fd71e720000,0x00007fd71e821000)]

Stack: [0x00007fd71e720000,0x00007fd71e821000],  sp=0x00007fd71e81e030,  free space=1016k
Native frames: (J=compiled Java code, j=interpreted, Vv=VM code, C=native code)
C  [libjava.so+0x1d009]  JNU_GetEnv+0x19
C  [libfontmanager.so+0x33f8e]
C  [libfreetype.so.6+0x14d2b]  FT_Stream_Seek+0x1b

Java frames: (J=compiled Java code, j=interpreted, Vv=VM code)
j  sun.font.FreetypeFontScaler.initNativeScaler(Lsun/font/Font2D;IIZI)J+0 java.desktop@9-internal
j  sun.font.FreetypeFontScaler.<init>(Lsun/font/Font2D;IZI)V+26 java.desktop@9-internal
v  ~StubRoutines::call_stub
j  sun.reflect.NativeConstructorAccessorImpl.newInstance0(Ljava/lang/reflect/Constructor;[Ljava/lang/Object;)Ljava/lang/Object;+0 java.base@9-internal
j  sun.reflect.NativeConstructorAccessorImpl.newInstance([Ljava/lang/Object;)Ljava/lang/Object;+85 java.base@9-internal
j  sun.reflect.DelegatingConstructorAccessorImpl.newInstance([Ljava/lang/Object;)Ljava/lang/Object;+5 java.base@9-internal
j  java.lang.reflect.Constructor.newInstance([Ljava/lang/Object;)Ljava/lang/Object;+65 java.base@9-internal
j  sun.font.FontScaler.getScaler(Lsun/font/Font2D;IZI)Lsun/font/FontScaler;+39 java.desktop@9-internal
j  sun.font.TrueTypeFont.getScaler()Lsun/font/FontScaler;+21 java.desktop@9-internal
j  sun.font.FileFontStrike.<init>(Lsun/font/FileFont;Lsun/font/FontStrikeDesc;)V+204 java.desktop@9-internal
j  sun.font.FileFont.createStrike(Lsun/font/FontStrikeDesc;)Lsun/font/FontStrike;+18 java.desktop@9-internal
j  sun.font.Font2D.getStrike(Lsun/font/FontStrikeDesc;Z)Lsun/font/FontStrike;+92 java.desktop@9-internal
j  sun.font.Font2D.getStrike(Lsun/font/FontStrikeDesc;)Lsun/font/FontStrike;+3 java.desktop@9-internal
j  sun.font.CompositeStrike.getStrikeForSlot(I)Lsun/font/PhysicalStrike;+23 java.desktop@9-internal
j  sun.font.CompositeStrike.getFontMetrics()Lsun/font/StrikeMetrics;+31 java.desktop@9-internal
j  sun.font.FontDesignMetrics.initMatrixAndMetrics()V+28 java.desktop@9-internal
j  sun.font.FontDesignMetrics.<init>(Ljava/awt/Font;Ljava/awt/font/FontRenderContext;)V+62 java.desktop@9-internal
j  sun.font.FontDesignMetrics.getMetrics(Ljava/awt/Font;Ljava/awt/font/FontRenderContext;)Lsun/font/FontDesignMetrics;+128 java.desktop@9-internal
j  sun.swing.SwingUtilities2.getFontMetrics(Ljavax/swing/JComponent;Ljava/awt/Font;)Ljava/awt/FontMetrics;+15 java.desktop@9-internal
j  javax.swing.JComponent.getFontMetrics(Ljava/awt/Font;)Ljava/awt/FontMetrics;+2 java.desktop@9-internal
j  javax.swing.plaf.basic.BasicLabelUI.getPreferredSize(Ljavax/swing/JComponent;)Ljava/awt/Dimension;+144 java.desktop@9-internal
j  javax.swing.JComponent.getPreferredSize()Ljava/awt/Dimension;+26 java.desktop@9-internal
j  java.awt.BorderLayout.preferredLayoutSize(Ljava/awt/Container;)Ljava/awt/Dimension;+264 java.desktop@9-internal
j  java.awt.Container.preferredSize()Ljava/awt/Dimension;+43 java.desktop@9-internal
j  java.awt.Container.getPreferredSize()Ljava/awt/Dimension;+1 java.desktop@9-internal
j  javax.swing.JComponent.getPreferredSize()Ljava/awt/Dimension;+39 java.desktop@9-internal
j  javax.swing.JRootPane$RootLayout.preferredLayoutSize(Ljava/awt/Container;)Ljava/awt/Dimension;+26 java.desktop@9-internal
j  java.awt.Container.preferredSize()Ljava/awt/Dimension;+43 java.desktop@9-internal
j  java.awt.Container.getPreferredSize()Ljava/awt/Dimension;+1 java.desktop@9-internal
j  javax.swing.JComponent.getPreferredSize()Ljava/awt/Dimension;+39 java.desktop@9-internal
j  java.awt.BorderLayout.preferredLayoutSize(Ljava/awt/Container;)Ljava/awt/Dimension;+157 java.desktop@9-internal
j  java.awt.Container.preferredSize()Ljava/awt/Dimension;+43 java.desktop@9-internal
j  java.awt.Container.getPreferredSize()Ljava/awt/Dimension;+1 java.desktop@9-internal
j  java.awt.Window.pack()V+32 java.desktop@9-internal
j  Universe.run()V+17
j  Universe.main([Ljava/lang/String;)V+8
v  ~StubRoutines::call_stub

siginfo: si_signo: 11 (SIGSEGV), si_code: 1 (SEGV_MAPERR), si_addr: 0x0000000000000000

Register to memory mapping:

RAX=0x0000000000000000 is an unknown value
RBX=0x0000000000000000 is an unknown value
RCX=0x0000000000000000 is an unknown value
RDX=0x0000000000010002 is an unknown value
RSP=0x00007fd71e81e030 is pointing into the stack for thread: 0x00007fd714010800
RBP=0x00007fd71e81e040 is pointing into the stack for thread: 0x00007fd714010800
RSI=0x0000000000010002 is an unknown value
RDI=0x0000000000000000 is an unknown value
R8 =0x0000000000000000 is an unknown value
R9 =0x000000000049a000 is an unknown value
R10=0x00000000000001db is an unknown value
R11=0x00007fd71b94cff0: JNU_GetEnv+0x0000000000000000 in /usr/lib/jvm/java-9-openjdk-amd64/lib/amd64/libjava.so at 0x00007fd71b930000
R12=0x00007fd714462e50 is an unknown value
R13=0x0000000000000000 is an unknown value
R14=0x0000000000000000 is an unknown value
R15=0x00007fd714499df0 is an unknown value


Registers:
RAX=0x0000000000000000, RBX=0x0000000000000000, RCX=0x0000000000000000, RDX=0x0000000000010002
RSP=0x00007fd71e81e030, RBP=0x00007fd71e81e040, RSI=0x0000000000010002, RDI=0x0000000000000000
R8 =0x0000000000000000, R9 =0x000000000049a000, R10=0x00000000000001db, R11=0x00007fd71b94cff0
R12=0x00007fd714462e50, R13=0x0000000000000000, R14=0x0000000000000000, R15=0x00007fd714499df0
RIP=0x00007fd71b94d009, EFLAGS=0x0000000000010246, CSGSFS=0x00000053002b0033, ERR=0x0000000000000000
  TRAPNO=0x0000000000000000

Top of Stack: (sp=0x00007fd71e81e030)
0x00007fd71e81e030:   0000000000000000 2a6e5cd4a7188b00
0x00007fd71e81e040:   00007fd71e81e080 00007fd6a2013f8e
0x00007fd71e81e050:   00007fd714000078 00007fd714462e50
0x00007fd71e81e060:   0000000000000000 0000000000000000
0x00007fd71e81e070:   00007fd714462e50 00007fd714499df0
0x00007fd71e81e080:   0000000000000000 00007fd6a1d44d2b
0x00007fd71e81e090:   0000000000000000 00007fd6a1fd6d80
0x00007fd71e81e0a0:   0000000000000000 00007fd6a1d588e0
0x00007fd71e81e0b0:   0000000000000002 0000003200000008
0x00007fd71e81e0c0:   0000000000000000 0000000000000000
0x00007fd71e81e0d0:   0000006e0000005b 0000000000000000
0x00007fd71e81e0e0:   0000000000000000 0000007c00000077
0x00007fd71e81e0f0:   0000000000000000 0000000000000000
0x00007fd71e81e100:   000000004e8b41d0 468b41e04e8b45e8
0x00007fd71e81e110:   0000000000000000 00007fd714000020
0x00007fd71e81e120:   0000000000000070 00007fd71e81e1d4
0x00007fd71e81e130:   00007fd7144632b0 00007fd714499df0
0x00007fd71e81e140:   00007fd71e81e1d4 00007fd71e0a4184
0x00007fd71e81e150:   00007fd71e81e2a0 00007fd71e81e184
0x00007fd71e81e160:   00007fd6a1fd39e0 2a6e5cd4a7188b00
0x00007fd71e81e170:   0000000000000070 00007fd7144630f0
0x00007fd71e81e180:   00007fd6a1fd39e0 00007fd71e81e298
0x00007fd71e81e190:   00007fd7144632b0 00007fd714499df0
0x00007fd71e81e1a0:   00007fd71449a320 00007fd6a1d474c2
0x00007fd71e81e1b0:   0000000100000000 00007fd71e81e2a0
0x00007fd71e81e1c0:   0000000000000000 0000000000000000
0x00007fd71e81e1d0:   000000001e81e298 2a6e5cd4a7188b00
0x00007fd71e81e1e0:   00007fd7144630f0 00007fd71e81e2a0
0x00007fd71e81e1f0:   0000000000000000 00007fd7144631d8
0x00007fd71e81e200:   00007fd71e81e4a0 00007fd714463138
0x00007fd71e81e210:   00007fd7144632b0 00007fd6a1d49581
0x00007fd71e81e220:   00007fd71e81e2a0 00007fd6a1d49376 

Instructions: (pc=0x00007fd71b94d009)
0x00007fd71b94cfe9:   ff eb ea 0f 1f 40 00 55 89 f2 48 89 e5 48 83 ec
0x00007fd71b94cff9:   10 64 48 8b 04 25 28 00 00 00 48 89 45 f8 31 c0
0x00007fd71b94d009:   48 8b 07 48 8d 75 f0 ff 50 30 48 8b 4d f8 64 48
0x00007fd71b94d019:   33 0c 25 28 00 00 00 48 8b 45 f0 75 02 c9 c3 e8 


---------------  P R O C E S S  ---------------

Java Threads: ( => current thread )
  0x00007fd714475000 JavaThread "AWT-Shutdown" [_thread_blocked, id=346, stack(0x00007fd6a11b0000,0x00007fd6a12b1000)]
  0x00007fd714422800 JavaThread "AWT-XAWT" daemon [_thread_in_native, id=345, stack(0x00007fd6a14c0000,0x00007fd6a15c1000)]
  0x00007fd714405000 JavaThread "Java2D Disposer" daemon [_thread_blocked, id=344, stack(0x00007fd6a19f0000,0x00007fd6a1af1000)]
  0x00007fd7142fc800 JavaThread "Service Thread" daemon [_thread_blocked, id=342, stack(0x00007fd6a3ad0000,0x00007fd6a3bd1000)]
  0x00007fd71422e800 JavaThread "Common-Cleaner" daemon [_thread_blocked, id=341, stack(0x00007fd6a3be0000,0x00007fd6a3ce1000)]
  0x00007fd7141ef000 JavaThread "Sweeper thread" daemon [_thread_blocked, id=340, stack(0x00007fd6fc4b0000,0x00007fd6fc5b1000)]
  0x00007fd7141ed000 JavaThread "C1 CompilerThread2" daemon [_thread_blocked, id=339, stack(0x00007fd6fc5c0000,0x00007fd6fc6c1000)]
  0x00007fd7141eb000 JavaThread "C2 CompilerThread1" daemon [_thread_blocked, id=338, stack(0x00007fd6fc6d0000,0x00007fd6fc7d1000)]
  0x00007fd7141e9800 JavaThread "C2 CompilerThread0" daemon [_thread_blocked, id=337, stack(0x00007fd6fc7e0000,0x00007fd6fc8e1000)]
  0x00007fd7141e5000 JavaThread "Signal Dispatcher" daemon [_thread_blocked, id=336, stack(0x00007fd6fc8f0000,0x00007fd6fc9f1000)]
  0x00007fd7141e3000 JavaThread "Surrogate Locker Thread (Concurrent GC)" daemon [_thread_blocked, id=335, stack(0x00007fd6fca00000,0x00007fd6fcb01000)]
  0x00007fd7141d1800 JavaThread "Finalizer" daemon [_thread_blocked, id=334, stack(0x00007fd6fcca0000,0x00007fd6fcda1000)]
  0x00007fd7141cd800 JavaThread "Reference Handler" daemon [_thread_blocked, id=333, stack(0x00007fd6fcdb0000,0x00007fd6fceb1000)]
=>0x00007fd714010800 JavaThread "main" [_thread_in_native, id=320, stack(0x00007fd71e720000,0x00007fd71e821000)]

Other Threads:
  0x00007fd7141c3800 VMThread [stack: 0x00007fd6fcec0000,0x00007fd6fcfc1000] [id=332]
  0x00007fd7142ff000 WatcherThread [stack: 0x00007fd6a39c0000,0x00007fd6a3ac1000] [id=343]

Threads with active compile tasks:

VM state:not at safepoint (normal execution)

VM Mutex/Monitor currently owned by a thread: None

heap address: 0x0000000701e00000, size: 3042 MB, Compressed Oops mode: Zero based, Oop shift amount: 3
Narrow klass base: 0x0000000000000000, Narrow klass shift: 3
Compressed class space size: 1073741824 Address: 0x00000007c0000000

Heap:
 garbage-first heap   total 196608K, used 5120K [0x0000000701e00000, 0x0000000701f00600, 0x00000007c0000000)
  region size 1024K, 6 young (6144K), 0 survivors (0K)
 Metaspace       used 10730K, capacity 11046K, committed 11392K, reserved 1058816K
  class space    used 1174K, capacity 1315K, committed 1408K, reserved 1048576K

Heap Regions: E=young(eden), S=young(survivor), O=old, HS=humongous(starts), HC=humongous(continues), CS=collection set, F=free, A=archive, TS=gc time stamp, AC=allocation context, TAMS=top-at-mark-start (previous, next)
|   0|0x0000000701e00000, 0x0000000701e00000, 0x0000000701f00000|  0%| F|  |TS  0|AC  0|TAMS 0x0000000701e00000, 0x0000000701e00000|
|   1|0x0000000701f00000, 0x0000000701f00000, 0x0000000702000000|  0%| F|  |TS  0|AC  0|TAMS 0x0000000701f00000, 0x0000000701f00000|
|   2|0x0000000702000000, 0x0000000702000000, 0x0000000702100000|  0%| F|  |TS  0|AC  0|TAMS 0x0000000702000000, 0x0000000702000000|
|   3|0x0000000702100000, 0x0000000702100000, 0x0000000702200000|  0%| F|  |TS  0|AC  0|TAMS 0x0000000702100000, 0x0000000702100000|
|   4|0x0000000702200000, 0x0000000702200000, 0x0000000702300000|  0%| F|  |TS  0|AC  0|TAMS 0x0000000702200000, 0x0000000702200000|
|   5|0x0000000702300000, 0x0000000702300000, 0x0000000702400000|  0%| F|  |TS  0|AC  0|TAMS 0x0000000702300000, 0x0000000702300000|
|   6|0x0000000702400000, 0x0000000702400000, 0x0000000702500000|  0%| F|  |TS  0|AC  0|TAMS 0x0000000702400000, 0x0000000702400000|
|   7|0x0000000702500000, 0x0000000702500000, 0x0000000702600000|  0%| F|  |TS  0|AC  0|TAMS 0x0000000702500000, 0x0000000702500000|
|   8|0x0000000702600000, 0x0000000702600000, 0x0000000702700000|  0%| F|  |TS  0|AC  0|TAMS 0x0000000702600000, 0x0000000702600000|
|   9|0x0000000702700000, 0x0000000702700000, 0x0000000702800000|  0%| F|  |TS  0|AC  0|TAMS 0x0000000702700000, 0x0000000702700000|
|  10|0x0000000702800000, 0x0000000702800000, 0x0000000702900000|  0%| F|  |TS  0|AC  0|TAMS 0x0000000702800000, 0x0000000702800000|
|  11|0x0000000702900000, 0x0000000702900000, 0x0000000702a00000|  0%| F|  |TS  0|AC  0|TAMS 0x0000000702900000, 0x0000000702900000|
|  12|0x0000000702a00000, 0x0000000702a00000, 0x0000000702b00000|  0%| F|  |TS  0|AC  0|TAMS 0x0000000702a00000, 0x0000000702a00000|
|  13|0x0000000702b00000, 0x0000000702b00000, 0x0000000702c00000|  0%| F|  |TS  0|AC  0|TAMS 0x0000000702b00000, 0x0000000702b00000|
|  14|0x0000000702c00000, 0x0000000702c00000, 0x0000000702d00000|  0%| F|  |TS  0|AC  0|TAMS 0x0000000702c00000, 0x0000000702c00000|
|  15|0x0000000702d00000, 0x0000000702d00000, 0x0000000702e00000|  0%| F|  |TS  0|AC  0|TAMS 0x0000000702d00000, 0x0000000702d00000|
|  16|0x0000000702e00000, 0x0000000702e00000, 0x0000000702f00000|  0%| F|  |TS  0|AC  0|TAMS 0x0000000702e00000, 0x0000000702e00000|
|  17|0x0000000702f00000, 0x0000000702f00000, 0x0000000703000000|  0%| F|  |TS  0|AC  0|TAMS 0x0000000702f00000, 0x0000000702f00000|
|  18|0x0000000703000000, 0x0000000703000000, 0x0000000703100000|  0%| F|  |TS  0|AC  0|TAMS 0x0000000703000000, 0x0000000703000000|
|  19|0x0000000703100000, 0x0000000703100000, 0x0000000703200000|  0%| F|  |TS  0|AC  0|TAMS 0x0000000703100000, 0x0000000703100000|
|  20|0x0000000703200000, 0x0000000703200000, 0x0000000703300000|  0%| F|  |TS  0|AC  0|TAMS 0x0000000703200000, 0x0000000703200000|
|  21|0x0000000703300000, 0x0000000703300000, 0x0000000703400000|  0%| F|  |TS  0|AC  0|TAMS 0x0000000703300000, 0x0000000703300000|
|  22|0x0000000703400000, 0x0000000703400000, 0x0000000703500000|  0%| F|  |TS  0|AC  0|TAMS 0x0000000703400000, 0x0000000703400000|
|  23|0x0000000703500000, 0x0000000703500000, 0x0000000703600000|  0%| F|  |TS  0|AC  0|TAMS 0x0000000703500000, 0x0000000703500000|
|  24|0x0000000703600000, 0x0000000703600000, 0x0000000703700000|  0%| F|  |TS  0|AC  0|TAMS 0x0000000703600000, 0x0000000703600000|
|  25|0x0000000703700000, 0x0000000703700000, 0x0000000703800000|  0%| F|  |TS  0|AC  0|TAMS 0x0000000703700000, 0x0000000703700000|
|  26|0x0000000703800000, 0x0000000703800000, 0x0000000703900000|  0%| F|  |TS  0|AC  0|TAMS 0x0000000703800000, 0x0000000703800000|
|  27|0x0000000703900000, 0x0000000703900000, 0x0000000703a00000|  0%| F|  |TS  0|AC  0|TAMS 0x0000000703900000, 0x0000000703900000|
|  28|0x0000000703a00000, 0x0000000703a00000, 0x0000000703b00000|  0%| F|  |TS  0|AC  0|TAMS 0x0000000703a00000, 0x0000000703a00000|
|  29|0x0000000703b00000, 0x0000000703b00000, 0x0000000703c00000|  0%| F|  |TS  0|AC  0|TAMS 0x0000000703b00000, 0x0000000703b00000|
|  30|0x0000000703c00000, 0x0000000703c00000, 0x0000000703d00000|  0%| F|  |TS  0|AC  0|TAMS 0x0000000703c00000, 0x0000000703c00000|
|  31|0x0000000703d00000, 0x0000000703d00000, 0x0000000703e00000|  0%| F|  |TS  0|AC  0|TAMS 0x0000000703d00000, 0x0000000703d00000|
|  32|0x0000000703e00000, 0x0000000703e00000, 0x0000000703f00000|  0%| F|  |TS  0|AC  0|TAMS 0x0000000703e00000, 0x0000000703e00000|
|  33|0x0000000703f00000, 0x0000000703f00000, 0x0000000704000000|  0%| F|  |TS  0|AC  0|TAMS 0x0000000703f00000, 0x0000000703f00000|
|  34|0x0000000704000000, 0x0000000704000000, 0x0000000704100000|  0%| F|  |TS  0|AC  0|TAMS 0x0000000704000000, 0x0000000704000000|
|  35|0x0000000704100000, 0x0000000704100000, 0x0000000704200000|  0%| F|  |TS  0|AC  0|TAMS 0x0000000704100000, 0x0000000704100000|
|  36|0x0000000704200000, 0x0000000704200000, 0x0000000704300000|  0%| F|  |TS  0|AC  0|TAMS 0x0000000704200000, 0x0000000704200000|
|  37|0x0000000704300000, 0x0000000704300000, 0x0000000704400000|  0%| F|  |TS  0|AC  0|TAMS 0x0000000704300000, 0x0000000704300000|
|  38|0x0000000704400000, 0x0000000704400000, 0x0000000704500000|  0%| F|  |TS  0|AC  0|TAMS 0x0000000704400000, 0x0000000704400000|
|  39|0x0000000704500000, 0x0000000704500000, 0x0000000704600000|  0%| F|  |TS  0|AC  0|TAMS 0x0000000704500000, 0x0000000704500000|
|  40|0x0000000704600000, 0x0000000704600000, 0x0000000704700000|  0%| F|  |TS  0|AC  0|TAMS 0x0000000704600000, 0x0000000704600000|
|  41|0x0000000704700000, 0x0000000704700000, 0x0000000704800000|  0%| F|  |TS  0|AC  0|TAMS 0x0000000704700000, 0x0000000704700000|
|  42|0x0000000704800000, 0x0000000704800000, 0x0000000704900000|  0%| F|  |TS  0|AC  0|TAMS 0x0000000704800000, 0x0000000704800000|
|  43|0x0000000704900000, 0x0000000704900000, 0x0000000704a00000|  0%| F|  |TS  0|AC  0|TAMS 0x0000000704900000, 0x0000000704900000|
|  44|0x0000000704a00000, 0x0000000704a00000, 0x0000000704b00000|  0%| F|  |TS  0|AC  0|TAMS 0x0000000704a00000, 0x0000000704a00000|
|  45|0x0000000704b00000, 0x0000000704b00000, 0x0000000704c00000|  0%| F|  |TS  0|AC  0|TAMS 0x0000000704b00000, 0x0000000704b00000|
|  46|0x0000000704c00000, 0x0000000704c00000, 0x0000000704d00000|  0%| F|  |TS  0|AC  0|TAMS 0x0000000704c00000, 0x0000000704c00000|
|  47|0x0000000704d00000, 0x0000000704d00000, 0x0000000704e00000|  0%| F|  |TS  0|AC  0|TAMS 0x0000000704d00000, 0x0000000704d00000|
|  48|0x0000000704e00000, 0x0000000704e00000, 0x0000000704f00000|  0%| F|  |TS  0|AC  0|TAMS 0x0000000704e00000, 0x0000000704e00000|
|  49|0x0000000704f00000, 0x0000000704f00000, 0x0000000705000000|  0%| F|  |TS  0|AC  0|TAMS 0x0000000704f00000, 0x0000000704f00000|
|  50|0x0000000705000000, 0x0000000705000000, 0x0000000705100000|  0%| F|  |TS  0|AC  0|TAMS 0x0000000705000000, 0x0000000705000000|
|  51|0x0000000705100000, 0x0000000705100000, 0x0000000705200000|  0%| F|  |TS  0|AC  0|TAMS 0x0000000705100000, 0x0000000705100000|
|  52|0x0000000705200000, 0x0000000705200000, 0x0000000705300000|  0%| F|  |TS  0|AC  0|TAMS 0x0000000705200000, 0x0000000705200000|
|  53|0x0000000705300000, 0x0000000705300000, 0x0000000705400000|  0%| F|  |TS  0|AC  0|TAMS 0x0000000705300000, 0x0000000705300000|
|  54|0x0000000705400000, 0x0000000705400000, 0x0000000705500000|  0%| F|  |TS  0|AC  0|TAMS 0x0000000705400000, 0x0000000705400000|
|  55|0x0000000705500000, 0x0000000705500000, 0x0000000705600000|  0%| F|  |TS  0|AC  0|TAMS 0x0000000705500000, 0x0000000705500000|
|  56|0x0000000705600000, 0x0000000705600000, 0x0000000705700000|  0%| F|  |TS  0|AC  0|TAMS 0x0000000705600000, 0x0000000705600000|
|  57|0x0000000705700000, 0x0000000705700000, 0x0000000705800000|  0%| F|  |TS  0|AC  0|TAMS 0x0000000705700000, 0x0000000705700000|
|  58|0x0000000705800000, 0x0000000705800000, 0x0000000705900000|  0%| F|  |TS  0|AC  0|TAMS 0x0000000705800000, 0x0000000705800000|
|  59|0x0000000705900000, 0x0000000705900000, 0x0000000705a00000|  0%| F|  |TS  0|AC  0|TAMS 0x0000000705900000, 0x0000000705900000|
|  60|0x0000000705a00000, 0x0000000705a00000, 0x0000000705b00000|  0%| F|  |TS  0|AC  0|TAMS 0x0000000705a00000, 0x0000000705a00000|
|  61|0x0000000705b00000, 0x0000000705b00000, 0x0000000705c00000|  0%| F|  |TS  0|AC  0|TAMS 0x0000000705b00000, 0x0000000705b00000|
|  62|0x0000000705c00000, 0x0000000705c00000, 0x0000000705d00000|  0%| F|  |TS  0|AC  0|TAMS 0x0000000705c00000, 0x0000000705c00000|
|  63|0x0000000705d00000, 0x0000000705d00000, 0x0000000705e00000|  0%| F|  |TS  0|AC  0|TAMS 0x0000000705d00000, 0x0000000705d00000|
|  64|0x0000000705e00000, 0x0000000705e00000, 0x0000000705f00000|  0%| F|  |TS  0|AC  0|TAMS 0x0000000705e00000, 0x0000000705e00000|
|  65|0x0000000705f00000, 0x0000000705f00000, 0x0000000706000000|  0%| F|  |TS  0|AC  0|TAMS 0x0000000705f00000, 0x0000000705f00000|
|  66|0x0000000706000000, 0x0000000706000000, 0x0000000706100000|  0%| F|  |TS  0|AC  0|TAMS 0x0000000706000000, 0x0000000706000000|
|  67|0x0000000706100000, 0x0000000706100000, 0x0000000706200000|  0%| F|  |TS  0|AC  0|TAMS 0x0000000706100000, 0x0000000706100000|
|  68|0x0000000706200000, 0x0000000706200000, 0x0000000706300000|  0%| F|  |TS  0|AC  0|TAMS 0x0000000706200000, 0x0000000706200000|
|  69|0x0000000706300000, 0x0000000706300000, 0x0000000706400000|  0%| F|  |TS  0|AC  0|TAMS 0x0000000706300000, 0x0000000706300000|
|  70|0x0000000706400000, 0x0000000706400000, 0x0000000706500000|  0%| F|  |TS  0|AC  0|TAMS 0x0000000706400000, 0x0000000706400000|
|  71|0x0000000706500000, 0x0000000706500000, 0x0000000706600000|  0%| F|  |TS  0|AC  0|TAMS 0x0000000706500000, 0x0000000706500000|
|  72|0x0000000706600000, 0x0000000706600000, 0x0000000706700000|  0%| F|  |TS  0|AC  0|TAMS 0x0000000706600000, 0x0000000706600000|
|  73|0x0000000706700000, 0x0000000706700000, 0x0000000706800000|  0%| F|  |TS  0|AC  0|TAMS 0x0000000706700000, 0x0000000706700000|
|  74|0x0000000706800000, 0x0000000706800000, 0x0000000706900000|  0%| F|  |TS  0|AC  0|TAMS 0x0000000706800000, 0x0000000706800000|
|  75|0x0000000706900000, 0x0000000706900000, 0x0000000706a00000|  0%| F|  |TS  0|AC  0|TAMS 0x0000000706900000, 0x0000000706900000|
|  76|0x0000000706a00000, 0x0000000706a00000, 0x0000000706b00000|  0%| F|  |TS  0|AC  0|TAMS 0x0000000706a00000, 0x0000000706a00000|
|  77|0x0000000706b00000, 0x0000000706b00000, 0x0000000706c00000|  0%| F|  |TS  0|AC  0|TAMS 0x0000000706b00000, 0x0000000706b00000|
|  78|0x0000000706c00000, 0x0000000706c00000, 0x0000000706d00000|  0%| F|  |TS  0|AC  0|TAMS 0x0000000706c00000, 0x0000000706c00000|
|  79|0x0000000706d00000, 0x0000000706d00000, 0x0000000706e00000|  0%| F|  |TS  0|AC  0|TAMS 0x0000000706d00000, 0x0000000706d00000|
|  80|0x0000000706e00000, 0x0000000706e00000, 0x0000000706f00000|  0%| F|  |TS  0|AC  0|TAMS 0x0000000706e00000, 0x0000000706e00000|
|  81|0x0000000706f00000, 0x0000000706f00000, 0x0000000707000000|  0%| F|  |TS  0|AC  0|TAMS 0x0000000706f00000, 0x0000000706f00000|
|  82|0x0000000707000000, 0x0000000707000000, 0x0000000707100000|  0%| F|  |TS  0|AC  0|TAMS 0x0000000707000000, 0x0000000707000000|
|  83|0x0000000707100000, 0x0000000707100000, 0x0000000707200000|  0%| F|  |TS  0|AC  0|TAMS 0x0000000707100000, 0x0000000707100000|
|  84|0x0000000707200000, 0x0000000707200000, 0x0000000707300000|  0%| F|  |TS  0|AC  0|TAMS 0x0000000707200000, 0x0000000707200000|
|  85|0x0000000707300000, 0x0000000707300000, 0x0000000707400000|  0%| F|  |TS  0|AC  0|TAMS 0x0000000707300000, 0x0000000707300000|
|  86|0x0000000707400000, 0x0000000707400000, 0x0000000707500000|  0%| F|  |TS  0|AC  0|TAMS 0x0000000707400000, 0x0000000707400000|
|  87|0x0000000707500000, 0x0000000707500000, 0x0000000707600000|  0%| F|  |TS  0|AC  0|TAMS 0x0000000707500000, 0x0000000707500000|
|  88|0x0000000707600000, 0x0000000707600000, 0x0000000707700000|  0%| F|  |TS  0|AC  0|TAMS 0x0000000707600000, 0x0000000707600000|
|  89|0x0000000707700000, 0x0000000707700000, 0x0000000707800000|  0%| F|  |TS  0|AC  0|TAMS 0x0000000707700000, 0x0000000707700000|
|  90|0x0000000707800000, 0x0000000707800000, 0x0000000707900000|  0%| F|  |TS  0|AC  0|TAMS 0x0000000707800000, 0x0000000707800000|
|  91|0x0000000707900000, 0x0000000707900000, 0x0000000707a00000|  0%| F|  |TS  0|AC  0|TAMS 0x0000000707900000, 0x0000000707900000|
|  92|0x0000000707a00000, 0x0000000707a00000, 0x0000000707b00000|  0%| F|  |TS  0|AC  0|TAMS 0x0000000707a00000, 0x0000000707a00000|
|  93|0x0000000707b00000, 0x0000000707b00000, 0x0000000707c00000|  0%| F|  |TS  0|AC  0|TAMS 0x0000000707b00000, 0x0000000707b00000|
|  94|0x0000000707c00000, 0x0000000707c00000, 0x0000000707d00000|  0%| F|  |TS  0|AC  0|TAMS 0x0000000707c00000, 0x0000000707c00000|
|  95|0x0000000707d00000, 0x0000000707d00000, 0x0000000707e00000|  0%| F|  |TS  0|AC  0|TAMS 0x0000000707d00000, 0x0000000707d00000|
|  96|0x0000000707e00000, 0x0000000707e00000, 0x0000000707f00000|  0%| F|  |TS  0|AC  0|TAMS 0x0000000707e00000, 0x0000000707e00000|
|  97|0x0000000707f00000, 0x0000000707f00000, 0x0000000708000000|  0%| F|  |TS  0|AC  0|TAMS 0x0000000707f00000, 0x0000000707f00000|
|  98|0x0000000708000000, 0x0000000708000000, 0x0000000708100000|  0%| F|  |TS  0|AC  0|TAMS 0x0000000708000000, 0x0000000708000000|
|  99|0x0000000708100000, 0x0000000708100000, 0x0000000708200000|  0%| F|  |TS  0|AC  0|TAMS 0x0000000708100000, 0x0000000708100000|
| 100|0x0000000708200000, 0x0000000708200000, 0x0000000708300000|  0%| F|  |TS  0|AC  0|TAMS 0x0000000708200000, 0x0000000708200000|
| 101|0x0000000708300000, 0x0000000708300000, 0x0000000708400000|  0%| F|  |TS  0|AC  0|TAMS 0x0000000708300000, 0x0000000708300000|
| 102|0x0000000708400000, 0x0000000708400000, 0x0000000708500000|  0%| F|  |TS  0|AC  0|TAMS 0x0000000708400000, 0x0000000708400000|
| 103|0x0000000708500000, 0x0000000708500000, 0x0000000708600000|  0%| F|  |TS  0|AC  0|TAMS 0x0000000708500000, 0x0000000708500000|
| 104|0x0000000708600000, 0x0000000708600000, 0x0000000708700000|  0%| F|  |TS  0|AC  0|TAMS 0x0000000708600000, 0x0000000708600000|
| 105|0x0000000708700000, 0x0000000708700000, 0x0000000708800000|  0%| F|  |TS  0|AC  0|TAMS 0x0000000708700000, 0x0000000708700000|
| 106|0x0000000708800000, 0x0000000708800000, 0x0000000708900000|  0%| F|  |TS  0|AC  0|TAMS 0x0000000708800000, 0x0000000708800000|
| 107|0x0000000708900000, 0x0000000708900000, 0x0000000708a00000|  0%| F|  |TS  0|AC  0|TAMS 0x0000000708900000, 0x0000000708900000|
| 108|0x0000000708a00000, 0x0000000708a00000, 0x0000000708b00000|  0%| F|  |TS  0|AC  0|TAMS 0x0000000708a00000, 0x0000000708a00000|
| 109|0x0000000708b00000, 0x0000000708b00000, 0x0000000708c00000|  0%| F|  |TS  0|AC  0|TAMS 0x0000000708b00000, 0x0000000708b00000|
| 110|0x0000000708c00000, 0x0000000708c00000, 0x0000000708d00000|  0%| F|  |TS  0|AC  0|TAMS 0x0000000708c00000, 0x0000000708c00000|
| 111|0x0000000708d00000, 0x0000000708d00000, 0x0000000708e00000|  0%| F|  |TS  0|AC  0|TAMS 0x0000000708d00000, 0x0000000708d00000|
| 112|0x0000000708e00000, 0x0000000708e00000, 0x0000000708f00000|  0%| F|  |TS  0|AC  0|TAMS 0x0000000708e00000, 0x0000000708e00000|
| 113|0x0000000708f00000, 0x0000000708f00000, 0x0000000709000000|  0%| F|  |TS  0|AC  0|TAMS 0x0000000708f00000, 0x0000000708f00000|
| 114|0x0000000709000000, 0x0000000709000000, 0x0000000709100000|  0%| F|  |TS  0|AC  0|TAMS 0x0000000709000000, 0x0000000709000000|
| 115|0x0000000709100000, 0x0000000709100000, 0x0000000709200000|  0%| F|  |TS  0|AC  0|TAMS 0x0000000709100000, 0x0000000709100000|
| 116|0x0000000709200000, 0x0000000709200000, 0x0000000709300000|  0%| F|  |TS  0|AC  0|TAMS 0x0000000709200000, 0x0000000709200000|
| 117|0x0000000709300000, 0x0000000709300000, 0x0000000709400000|  0%| F|  |TS  0|AC  0|TAMS 0x0000000709300000, 0x0000000709300000|
| 118|0x0000000709400000, 0x0000000709400000, 0x0000000709500000|  0%| F|  |TS  0|AC  0|TAMS 0x0000000709400000, 0x0000000709400000|
| 119|0x0000000709500000, 0x0000000709500000, 0x0000000709600000|  0%| F|  |TS  0|AC  0|TAMS 0x0000000709500000, 0x0000000709500000|
| 120|0x0000000709600000, 0x0000000709600000, 0x0000000709700000|  0%| F|  |TS  0|AC  0|TAMS 0x0000000709600000, 0x0000000709600000|
| 121|0x0000000709700000, 0x0000000709700000, 0x0000000709800000|  0%| F|  |TS  0|AC  0|TAMS 0x0000000709700000, 0x0000000709700000|
| 122|0x0000000709800000, 0x0000000709800000, 0x0000000709900000|  0%| F|  |TS  0|AC  0|TAMS 0x0000000709800000, 0x0000000709800000|
| 123|0x0000000709900000, 0x0000000709900000, 0x0000000709a00000|  0%| F|  |TS  0|AC  0|TAMS 0x0000000709900000, 0x0000000709900000|
| 124|0x0000000709a00000, 0x0000000709a00000, 0x0000000709b00000|  0%| F|  |TS  0|AC  0|TAMS 0x0000000709a00000, 0x0000000709a00000|
| 125|0x0000000709b00000, 0x0000000709b00000, 0x0000000709c00000|  0%| F|  |TS  0|AC  0|TAMS 0x0000000709b00000, 0x0000000709b00000|
| 126|0x0000000709c00000, 0x0000000709c00000, 0x0000000709d00000|  0%| F|  |TS  0|AC  0|TAMS 0x0000000709c00000, 0x0000000709c00000|
| 127|0x0000000709d00000, 0x0000000709d00000, 0x0000000709e00000|  0%| F|  |TS  0|AC  0|TAMS 0x0000000709d00000, 0x0000000709d00000|
| 128|0x0000000709e00000, 0x0000000709e00000, 0x0000000709f00000|  0%| F|  |TS  0|AC  0|TAMS 0x0000000709e00000, 0x0000000709e00000|
| 129|0x0000000709f00000, 0x0000000709f00000, 0x000000070a000000|  0%| F|  |TS  0|AC  0|TAMS 0x0000000709f00000, 0x0000000709f00000|
| 130|0x000000070a000000, 0x000000070a000000, 0x000000070a100000|  0%| F|  |TS  0|AC  0|TAMS 0x000000070a000000, 0x000000070a000000|
| 131|0x000000070a100000, 0x000000070a100000, 0x000000070a200000|  0%| F|  |TS  0|AC  0|TAMS 0x000000070a100000, 0x000000070a100000|
| 132|0x000000070a200000, 0x000000070a200000, 0x000000070a300000|  0%| F|  |TS  0|AC  0|TAMS 0x000000070a200000, 0x000000070a200000|
| 133|0x000000070a300000, 0x000000070a300000, 0x000000070a400000|  0%| F|  |TS  0|AC  0|TAMS 0x000000070a300000, 0x000000070a300000|
| 134|0x000000070a400000, 0x000000070a400000, 0x000000070a500000|  0%| F|  |TS  0|AC  0|TAMS 0x000000070a400000, 0x000000070a400000|
| 135|0x000000070a500000, 0x000000070a500000, 0x000000070a600000|  0%| F|  |TS  0|AC  0|TAMS 0x000000070a500000, 0x000000070a500000|
| 136|0x000000070a600000, 0x000000070a600000, 0x000000070a700000|  0%| F|  |TS  0|AC  0|TAMS 0x000000070a600000, 0x000000070a600000|
| 137|0x000000070a700000, 0x000000070a700000, 0x000000070a800000|  0%| F|  |TS  0|AC  0|TAMS 0x000000070a700000, 0x000000070a700000|
| 138|0x000000070a800000, 0x000000070a800000, 0x000000070a900000|  0%| F|  |TS  0|AC  0|TAMS 0x000000070a800000, 0x000000070a800000|
| 139|0x000000070a900000, 0x000000070a900000, 0x000000070aa00000|  0%| F|  |TS  0|AC  0|TAMS 0x000000070a900000, 0x000000070a900000|
| 140|0x000000070aa00000, 0x000000070aa00000, 0x000000070ab00000|  0%| F|  |TS  0|AC  0|TAMS 0x000000070aa00000, 0x000000070aa00000|
| 141|0x000000070ab00000, 0x000000070ab00000, 0x000000070ac00000|  0%| F|  |TS  0|AC  0|TAMS 0x000000070ab00000, 0x000000070ab00000|
| 142|0x000000070ac00000, 0x000000070ac00000, 0x000000070ad00000|  0%| F|  |TS  0|AC  0|TAMS 0x000000070ac00000, 0x000000070ac00000|
| 143|0x000000070ad00000, 0x000000070ad00000, 0x000000070ae00000|  0%| F|  |TS  0|AC  0|TAMS 0x000000070ad00000, 0x000000070ad00000|
| 144|0x000000070ae00000, 0x000000070ae00000, 0x000000070af00000|  0%| F|  |TS  0|AC  0|TAMS 0x000000070ae00000, 0x000000070ae00000|
| 145|0x000000070af00000, 0x000000070af00000, 0x000000070b000000|  0%| F|  |TS  0|AC  0|TAMS 0x000000070af00000, 0x000000070af00000|
| 146|0x000000070b000000, 0x000000070b000000, 0x000000070b100000|  0%| F|  |TS  0|AC  0|TAMS 0x000000070b000000, 0x000000070b000000|
| 147|0x000000070b100000, 0x000000070b100000, 0x000000070b200000|  0%| F|  |TS  0|AC  0|TAMS 0x000000070b100000, 0x000000070b100000|
| 148|0x000000070b200000, 0x000000070b200000, 0x000000070b300000|  0%| F|  |TS  0|AC  0|TAMS 0x000000070b200000, 0x000000070b200000|
| 149|0x000000070b300000, 0x000000070b300000, 0x000000070b400000|  0%| F|  |TS  0|AC  0|TAMS 0x000000070b300000, 0x000000070b300000|
| 150|0x000000070b400000, 0x000000070b400000, 0x000000070b500000|  0%| F|  |TS  0|AC  0|TAMS 0x000000070b400000, 0x000000070b400000|
| 151|0x000000070b500000, 0x000000070b500000, 0x000000070b600000|  0%| F|  |TS  0|AC  0|TAMS 0x000000070b500000, 0x000000070b500000|
| 152|0x000000070b600000, 0x000000070b600000, 0x000000070b700000|  0%| F|  |TS  0|AC  0|TAMS 0x000000070b600000, 0x000000070b600000|
| 153|0x000000070b700000, 0x000000070b700000, 0x000000070b800000|  0%| F|  |TS  0|AC  0|TAMS 0x000000070b700000, 0x000000070b700000|
| 154|0x000000070b800000, 0x000000070b800000, 0x000000070b900000|  0%| F|  |TS  0|AC  0|TAMS 0x000000070b800000, 0x000000070b800000|
| 155|0x000000070b900000, 0x000000070b900000, 0x000000070ba00000|  0%| F|  |TS  0|AC  0|TAMS 0x000000070b900000, 0x000000070b900000|
| 156|0x000000070ba00000, 0x000000070ba00000, 0x000000070bb00000|  0%| F|  |TS  0|AC  0|TAMS 0x000000070ba00000, 0x000000070ba00000|
| 157|0x000000070bb00000, 0x000000070bb00000, 0x000000070bc00000|  0%| F|  |TS  0|AC  0|TAMS 0x000000070bb00000, 0x000000070bb00000|
| 158|0x000000070bc00000, 0x000000070bc00000, 0x000000070bd00000|  0%| F|  |TS  0|AC  0|TAMS 0x000000070bc00000, 0x000000070bc00000|
| 159|0x000000070bd00000, 0x000000070bd00000, 0x000000070be00000|  0%| F|  |TS  0|AC  0|TAMS 0x000000070bd00000, 0x000000070bd00000|
| 160|0x000000070be00000, 0x000000070be00000, 0x000000070bf00000|  0%| F|  |TS  0|AC  0|TAMS 0x000000070be00000, 0x000000070be00000|
| 161|0x000000070bf00000, 0x000000070bf00000, 0x000000070c000000|  0%| F|  |TS  0|AC  0|TAMS 0x000000070bf00000, 0x000000070bf00000|
| 162|0x000000070c000000, 0x000000070c000000, 0x000000070c100000|  0%| F|  |TS  0|AC  0|TAMS 0x000000070c000000, 0x000000070c000000|
| 163|0x000000070c100000, 0x000000070c100000, 0x000000070c200000|  0%| F|  |TS  0|AC  0|TAMS 0x000000070c100000, 0x000000070c100000|
| 164|0x000000070c200000, 0x000000070c200000, 0x000000070c300000|  0%| F|  |TS  0|AC  0|TAMS 0x000000070c200000, 0x000000070c200000|
| 165|0x000000070c300000, 0x000000070c300000, 0x000000070c400000|  0%| F|  |TS  0|AC  0|TAMS 0x000000070c300000, 0x000000070c300000|
| 166|0x000000070c400000, 0x000000070c400000, 0x000000070c500000|  0%| F|  |TS  0|AC  0|TAMS 0x000000070c400000, 0x000000070c400000|
| 167|0x000000070c500000, 0x000000070c500000, 0x000000070c600000|  0%| F|  |TS  0|AC  0|TAMS 0x000000070c500000, 0x000000070c500000|
| 168|0x000000070c600000, 0x000000070c600000, 0x000000070c700000|  0%| F|  |TS  0|AC  0|TAMS 0x000000070c600000, 0x000000070c600000|
| 169|0x000000070c700000, 0x000000070c700000, 0x000000070c800000|  0%| F|  |TS  0|AC  0|TAMS 0x000000070c700000, 0x000000070c700000|
| 170|0x000000070c800000, 0x000000070c800000, 0x000000070c900000|  0%| F|  |TS  0|AC  0|TAMS 0x000000070c800000, 0x000000070c800000|
| 171|0x000000070c900000, 0x000000070c900000, 0x000000070ca00000|  0%| F|  |TS  0|AC  0|TAMS 0x000000070c900000, 0x000000070c900000|
| 172|0x000000070ca00000, 0x000000070ca00000, 0x000000070cb00000|  0%| F|  |TS  0|AC  0|TAMS 0x000000070ca00000, 0x000000070ca00000|
| 173|0x000000070cb00000, 0x000000070cb00000, 0x000000070cc00000|  0%| F|  |TS  0|AC  0|TAMS 0x000000070cb00000, 0x000000070cb00000|
| 174|0x000000070cc00000, 0x000000070cc00000, 0x000000070cd00000|  0%| F|  |TS  0|AC  0|TAMS 0x000000070cc00000, 0x000000070cc00000|
| 175|0x000000070cd00000, 0x000000070cd00000, 0x000000070ce00000|  0%| F|  |TS  0|AC  0|TAMS 0x000000070cd00000, 0x000000070cd00000|
| 176|0x000000070ce00000, 0x000000070ce00000, 0x000000070cf00000|  0%| F|  |TS  0|AC  0|TAMS 0x000000070ce00000, 0x000000070ce00000|
| 177|0x000000070cf00000, 0x000000070cf00000, 0x000000070d000000|  0%| F|  |TS  0|AC  0|TAMS 0x000000070cf00000, 0x000000070cf00000|
| 178|0x000000070d000000, 0x000000070d000000, 0x000000070d100000|  0%| F|  |TS  0|AC  0|TAMS 0x000000070d000000, 0x000000070d000000|
| 179|0x000000070d100000, 0x000000070d100000, 0x000000070d200000|  0%| F|  |TS  0|AC  0|TAMS 0x000000070d100000, 0x000000070d100000|
| 180|0x000000070d200000, 0x000000070d200000, 0x000000070d300000|  0%| F|  |TS  0|AC  0|TAMS 0x000000070d200000, 0x000000070d200000|
| 181|0x000000070d300000, 0x000000070d300000, 0x000000070d400000|  0%| F|  |TS  0|AC  0|TAMS 0x000000070d300000, 0x000000070d300000|
| 182|0x000000070d400000, 0x000000070d400000, 0x000000070d500000|  0%| F|  |TS  0|AC  0|TAMS 0x000000070d400000, 0x000000070d400000|
| 183|0x000000070d500000, 0x000000070d500000, 0x000000070d600000|  0%| F|  |TS  0|AC  0|TAMS 0x000000070d500000, 0x000000070d500000|
| 184|0x000000070d600000, 0x000000070d600000, 0x000000070d700000|  0%| F|  |TS  0|AC  0|TAMS 0x000000070d600000, 0x000000070d600000|
| 185|0x000000070d700000, 0x000000070d700000, 0x000000070d800000|  0%| F|  |TS  0|AC  0|TAMS 0x000000070d700000, 0x000000070d700000|
| 186|0x000000070d800000, 0x000000070d85cae0, 0x000000070d900000| 36%| E|  |TS  0|AC  0|TAMS 0x000000070d800000, 0x000000070d800000|
| 187|0x000000070d900000, 0x000000070da00000, 0x000000070da00000|100%| E|CS|TS  0|AC  0|TAMS 0x000000070d900000, 0x000000070d900000|
| 188|0x000000070da00000, 0x000000070db00000, 0x000000070db00000|100%| E|CS|TS  0|AC  0|TAMS 0x000000070da00000, 0x000000070da00000|
| 189|0x000000070db00000, 0x000000070dc00000, 0x000000070dc00000|100%| E|CS|TS  0|AC  0|TAMS 0x000000070db00000, 0x000000070db00000|
| 190|0x000000070dc00000, 0x000000070dd00000, 0x000000070dd00000|100%| E|CS|TS  0|AC  0|TAMS 0x000000070dc00000, 0x000000070dc00000|
| 191|0x000000070dd00000, 0x000000070de00000, 0x000000070de00000|100%| E|CS|TS  0|AC  0|TAMS 0x000000070dd00000, 0x000000070dd00000|

Card table byte_map: [0x00007fd718bf0000,0x00007fd7191e1000] byte_map_base: 0x00007fd7153e1000

Marking Bits (Prev, Next): (CMBitMap*) 0x00007fd714075690, (CMBitMap*) 0x00007fd7140756e8
 Prev Bits: [0x00007fd6d5070000, 0x00007fd6d7ff8000)
 Next Bits: [0x00007fd6d20e0000, 0x00007fd6d5068000)

Polling page: 0x00007fd71e920000

CodeHeap 'non-nmethods': size=5696Kb used=1259Kb max_used=1275Kb free=4436Kb
 bounds [0x00007fd6fdc50000, 0x00007fd6fdec0000, 0x00007fd6fe1e0000]
CodeHeap 'profiled nmethods': size=120032Kb used=767Kb max_used=767Kb free=119264Kb
 bounds [0x00007fd6fe1e0000, 0x00007fd6fe450000, 0x00007fd705718000]
CodeHeap 'non-profiled nmethods': size=120032Kb used=167Kb max_used=167Kb free=119864Kb
 bounds [0x00007fd705718000, 0x00007fd705988000, 0x00007fd70cc50000]
 total_blobs=1161 nmethods=515 adapters=435
 compilation: enabled

Compilation events (10 events):
Event: 0.530 Thread 0x00007fd7141eb000  512       4       java.util.HashMap::putVal (300 bytes)
Event: 0.531 Thread 0x00007fd7141ed000  513       3       java.lang.String::substring (68 bytes)
Event: 0.532 Thread 0x00007fd7141e9800 nmethod 508 0x00007fd70573f810 code [0x00007fd70573f980, 0x00007fd70573fd58]
Event: 0.532 Thread 0x00007fd7141ed000 nmethod 513 0x00007fd6fe29e210 code [0x00007fd6fe29e420, 0x00007fd6fe29ecb8]
Event: 0.532 Thread 0x00007fd7141ed000  514       3       jdk.internal.org.objectweb.asm.ClassWriter::addType (103 bytes)
Event: 0.532 Thread 0x00007fd7141ed000 nmethod 514 0x00007fd6fe29ef90 code [0x00007fd6fe29f160, 0x00007fd6fe29f888]
Event: 0.536 Thread 0x00007fd7141ed000  515       3       java.nio.HeapByteBuffer::_get (7 bytes)
Event: 0.537 Thread 0x00007fd7141ed000 nmethod 515 0x00007fd6fe29fa90 code [0x00007fd6fe29fc00, 0x00007fd6fe29fd70]
Event: 0.537 Thread 0x00007fd7141ed000  516       1       java.nio.Buffer::position (5 bytes)
Event: 0.537 Thread 0x00007fd7141ed000 nmethod 516 0x00007fd70573ff10 code [0x00007fd705740080, 0x00007fd705740190]

GC Heap History (0 events):
No events

Deoptimization events (10 events):
Event: 0.222 Thread 0x00007fd714010800 Uncommon trap: reason=bimorphic_or_optimized_type_check action=maybe_recompile pc=0x00007fd705721138 method=java.util.Collections$UnmodifiableCollection$1.next()Ljava/lang/Object; @ 4
Event: 0.438 Thread 0x00007fd714010800 Uncommon trap: reason=unstable_if action=reinterpret pc=0x00007fd705723cd0 method=java.util.HashMap.hash(Ljava/lang/Object;)I @ 1
Event: 0.460 Thread 0x00007fd714010800 Uncommon trap: reason=class_check action=maybe_recompile pc=0x00007fd705721cd4 method=java.util.HashMap.putVal(ILjava/lang/Object;Ljava/lang/Object;ZZ)Ljava/lang/Object; @ 253
Event: 0.461 Thread 0x00007fd714010800 Uncommon trap: reason=class_check action=maybe_recompile pc=0x00007fd705721cd4 method=java.util.HashMap.putVal(ILjava/lang/Object;Ljava/lang/Object;ZZ)Ljava/lang/Object; @ 253
Event: 0.462 Thread 0x00007fd714010800 Uncommon trap: reason=class_check action=maybe_recompile pc=0x00007fd705721cd4 method=java.util.HashMap.putVal(ILjava/lang/Object;Ljava/lang/Object;ZZ)Ljava/lang/Object; @ 253
Event: 0.462 Thread 0x00007fd714010800 Uncommon trap: reason=class_check action=maybe_recompile pc=0x00007fd705721cd4 method=java.util.HashMap.putVal(ILjava/lang/Object;Ljava/lang/Object;ZZ)Ljava/lang/Object; @ 253
Event: 0.463 Thread 0x00007fd714010800 Uncommon trap: reason=unstable_fused_if action=reinterpret pc=0x00007fd70572e11c method=jdk.internal.org.objectweb.asm.ByteVector.putUTF8(Ljava/lang/String;)Ljdk/internal/org/objectweb/asm/ByteVector; @ 91
Event: 0.529 Thread 0x00007fd714010800 Uncommon trap: reason=class_check action=maybe_recompile pc=0x00007fd70573dc6c method=java.util.HashMap.putVal(ILjava/lang/Object;Ljava/lang/Object;ZZ)Ljava/lang/Object; @ 203
Event: 0.530 Thread 0x00007fd714010800 Uncommon trap: reason=class_check action=maybe_recompile pc=0x00007fd70573dc20 method=java.util.HashMap.putVal(ILjava/lang/Object;Ljava/lang/Object;ZZ)Ljava/lang/Object; @ 91
Event: 0.530 Thread 0x00007fd714010800 Uncommon trap: reason=class_check action=maybe_recompile pc=0x00007fd70573dc20 method=java.util.HashMap.putVal(ILjava/lang/Object;Ljava/lang/Object;ZZ)Ljava/lang/Object; @ 91

Classes redefined (0 events):
No events

Internal exceptions (6 events):
Event: 0.245 Thread 0x00007fd714010800 Exception <a 'java/lang/ClassNotFoundException': sun/awt/resources/awtProvider> (0x000000070db70948) thrown at [/build/openjdk-9-argm_o/openjdk-9-9~b114/src/hotspot/src/share/vm/classfile/systemDictionary.cpp, line 224]
Event: 0.301 Thread 0x00007fd714010800 Exception <a 'java/io/FileNotFoundException'> (0x000000070dbada18) thrown at [/build/openjdk-9-argm_o/openjdk-9-9~b114/src/hotspot/src/share/vm/prims/jni.cpp, line 605]
Event: 0.303 Thread 0x00007fd714010800 Exception <a 'java/io/FileNotFoundException'> (0x000000070dbb5a68) thrown at [/build/openjdk-9-argm_o/openjdk-9-9~b114/src/hotspot/src/share/vm/prims/jni.cpp, line 605]
Event: 0.434 Thread 0x00007fd714010800 Exception <a 'java/lang/ClassNotFoundException': com/sun/swing/internal/plaf/metal/resources/metalProvider> (0x000000070d966140) thrown at [/build/openjdk-9-argm_o/openjdk-9-9~b114/src/hotspot/src/share/vm/classfile/systemDictionary.cpp, line 224]
Event: 0.435 Thread 0x00007fd714010800 Exception <a 'java/lang/ClassNotFoundException': com/sun/swing/internal/plaf/basic/resources/basicProvider> (0x000000070d969800) thrown at [/build/openjdk-9-argm_o/openjdk-9-9~b114/src/hotspot/src/share/vm/classfile/systemDictionary.cpp, line 224]
Event: 0.438 Thread 0x00007fd714010800 Implicit null exception at 0x00007fd705723c38 to 0x00007fd705723cc6

Events (10 events):
Event: 0.537 loading class sun/nio/cs/UTF_16$Decoder
Event: 0.537 loading class sun/nio/cs/UnicodeDecoder
Event: 0.537 loading class sun/nio/cs/UnicodeDecoder done
Event: 0.537 loading class sun/nio/cs/UTF_16$Decoder done
Event: 0.538 loading class sun/font/FileFontStrike
Event: 0.538 loading class sun/font/FileFontStrike done
Event: 0.538 loading class sun/font/FontScaler
Event: 0.538 loading class sun/font/FontScaler done
Event: 0.538 loading class sun/font/FreetypeFontScaler
Event: 0.538 loading class sun/font/FreetypeFontScaler done


Dynamic libraries:
00400000-00401000 r-xp 00000000 00:00 602311                     /usr/lib/jvm/java-9-openjdk-amd64/bin/java
00600000-00601000 r--p 00000000 00:00 602311                     /usr/lib/jvm/java-9-openjdk-amd64/bin/java
00601000-00602000 rw-p 00001000 00:00 602311                     /usr/lib/jvm/java-9-openjdk-amd64/bin/java
02553000-02574000 rw-p 00000000 00:00 0                          [heap]
701e00000-70de00000 rw-p 00000000 00:00 0
70de00000-7c0000000 ---p 00000000 00:00 0
7c0000000-7c0160000 rw-p 00000000 00:00 0
7c0160000-800000000 ---p 00000000 00:00 0
7fd684000000-7fd684021000 rw-p 00000000 00:00 0
7fd684021000-7fd688000000 ---p 00000000 00:00 0
7fd68c000000-7fd68c021000 rw-p 00000000 00:00 0
7fd68c021000-7fd690000000 ---p 00000000 00:00 0
7fd690000000-7fd690021000 rw-p 00000000 00:00 0
7fd690021000-7fd694000000 ---p 00000000 00:00 0
7fd694000000-7fd694021000 rw-p 00000000 00:00 0
7fd694021000-7fd698000000 ---p 00000000 00:00 0
7fd698000000-7fd698021000 rw-p 00000000 00:00 0
7fd698021000-7fd69c000000 ---p 00000000 00:00 0
7fd69c000000-7fd69c021000 rw-p 00000000 00:00 0
7fd69c021000-7fd6a0000000 ---p 00000000 00:00 0
7fd6a11b0000-7fd6a11b4000 ---p 00000000 00:00 0
7fd6a11b4000-7fd6a12b1000 rw-p 00000000 00:00 0
7fd6a12c0000-7fd6a1480000 rw-p 00000000 00:00 0
7fd6a1480000-7fd6a14c4000 ---p 00000000 00:00 0
7fd6a14c4000-7fd6a15c1000 rw-p 00000000 00:00 0
7fd6a15d0000-7fd6a15d5000 r-xp 00000000 00:00 344058             /usr/lib/x86_64-linux-gnu/libXfixes.so.3.1.0
7fd6a15d5000-7fd6a15d6000 ---p 00005000 00:00 344058             /usr/lib/x86_64-linux-gnu/libXfixes.so.3.1.0
7fd6a15d6000-7fd6a17d4000 ---p 00006000 00:00 344058             /usr/lib/x86_64-linux-gnu/libXfixes.so.3.1.0
7fd6a17d4000-7fd6a17d5000 r--p 00004000 00:00 344058             /usr/lib/x86_64-linux-gnu/libXfixes.so.3.1.0
7fd6a17d5000-7fd6a17d6000 rw-p 00005000 00:00 344058             /usr/lib/x86_64-linux-gnu/libXfixes.so.3.1.0
7fd6a17e0000-7fd6a17e9000 r-xp 00000000 00:00 345829             /usr/lib/x86_64-linux-gnu/libXcursor.so.1.0.2
7fd6a17e9000-7fd6a17ea000 ---p 00009000 00:00 345829             /usr/lib/x86_64-linux-gnu/libXcursor.so.1.0.2
7fd6a17ea000-7fd6a19e8000 ---p 0000a000 00:00 345829             /usr/lib/x86_64-linux-gnu/libXcursor.so.1.0.2
7fd6a19e8000-7fd6a19e9000 r--p 00008000 00:00 345829             /usr/lib/x86_64-linux-gnu/libXcursor.so.1.0.2
7fd6a19e9000-7fd6a19ea000 rw-p 00009000 00:00 345829             /usr/lib/x86_64-linux-gnu/libXcursor.so.1.0.2
7fd6a19f0000-7fd6a19f4000 ---p 00000000 00:00 0
7fd6a19f4000-7fd6a1af1000 rw-p 00000000 00:00 0
7fd6a1b00000-7fd6a1b24000 r-xp 00000000 00:00 295542             /lib/x86_64-linux-gnu/libpng12.so.0.54.0
7fd6a1b24000-7fd6a1b25000 ---p 00024000 00:00 295542             /lib/x86_64-linux-gnu/libpng12.so.0.54.0
7fd6a1b25000-7fd6a1d23000 ---p 00025000 00:00 295542             /lib/x86_64-linux-gnu/libpng12.so.0.54.0
7fd6a1d23000-7fd6a1d24000 r--p 00023000 00:00 295542             /lib/x86_64-linux-gnu/libpng12.so.0.54.0
7fd6a1d24000-7fd6a1d25000 rw-p 00024000 00:00 295542             /lib/x86_64-linux-gnu/libpng12.so.0.54.0
7fd6a1d30000-7fd6a1dd4000 r-xp 00000000 00:00 322683             /usr/lib/x86_64-linux-gnu/libfreetype.so.6.12.1
7fd6a1dd4000-7fd6a1dda000 ---p 000a4000 00:00 322683             /usr/lib/x86_64-linux-gnu/libfreetype.so.6.12.1
7fd6a1dda000-7fd6a1fd3000 ---p 000aa000 00:00 322683             /usr/lib/x86_64-linux-gnu/libfreetype.so.6.12.1
7fd6a1fd3000-7fd6a1fd9000 r--p 000a3000 00:00 322683             /usr/lib/x86_64-linux-gnu/libfreetype.so.6.12.1
7fd6a1fd9000-7fd6a1fda000 rw-p 000a9000 00:00 322683             /usr/lib/x86_64-linux-gnu/libfreetype.so.6.12.1
7fd6a1fe0000-7fd6a20a6000 r-xp 00000000 00:00 602491             /usr/lib/jvm/java-9-openjdk-amd64/lib/amd64/libfontmanager.so
7fd6a20a6000-7fd6a20a9000 ---p 000c6000 00:00 602491             /usr/lib/jvm/java-9-openjdk-amd64/lib/amd64/libfontmanager.so
7fd6a20a9000-7fd6a22a5000 ---p 000c9000 00:00 602491             /usr/lib/jvm/java-9-openjdk-amd64/lib/amd64/libfontmanager.so
7fd6a22a5000-7fd6a22a8000 r--p 000c5000 00:00 602491             /usr/lib/jvm/java-9-openjdk-amd64/lib/amd64/libfontmanager.so
7fd6a22a8000-7fd6a22a9000 rw-p 000c8000 00:00 602491             /usr/lib/jvm/java-9-openjdk-amd64/lib/amd64/libfontmanager.so
7fd6a22a9000-7fd6a22aa000 rw-p 00000000 00:00 0
7fd6a22b0000-7fd6a22b5000 r-xp 00000000 00:00 321819             /usr/lib/x86_64-linux-gnu/libXdmcp.so.6.0.0
7fd6a22b5000-7fd6a22b6000 ---p 00005000 00:00 321819             /usr/lib/x86_64-linux-gnu/libXdmcp.so.6.0.0
7fd6a22b6000-7fd6a24b4000 ---p 00006000 00:00 321819             /usr/lib/x86_64-linux-gnu/libXdmcp.so.6.0.0
7fd6a24b4000-7fd6a24b5000 r--p 00004000 00:00 321819             /usr/lib/x86_64-linux-gnu/libXdmcp.so.6.0.0
7fd6a24b5000-7fd6a24b6000 rw-p 00005000 00:00 321819             /usr/lib/x86_64-linux-gnu/libXdmcp.so.6.0.0
7fd6a24c0000-7fd6a24c2000 r-xp 00000000 00:00 322584             /usr/lib/x86_64-linux-gnu/libXau.so.6.0.0
7fd6a24c2000-7fd6a24c4000 ---p 00002000 00:00 322584             /usr/lib/x86_64-linux-gnu/libXau.so.6.0.0
7fd6a24c4000-7fd6a26c2000 ---p 00004000 00:00 322584             /usr/lib/x86_64-linux-gnu/libXau.so.6.0.0
7fd6a26c2000-7fd6a26c3000 r--p 00002000 00:00 322584             /usr/lib/x86_64-linux-gnu/libXau.so.6.0.0
7fd6a26c3000-7fd6a26c4000 rw-p 00003000 00:00 322584             /usr/lib/x86_64-linux-gnu/libXau.so.6.0.0
7fd6a26d0000-7fd6a26f1000 r-xp 00000000 00:00 322578             /usr/lib/x86_64-linux-gnu/libxcb.so.1.1.0
7fd6a26f1000-7fd6a26f2000 ---p 00021000 00:00 322578             /usr/lib/x86_64-linux-gnu/libxcb.so.1.1.0
7fd6a26f2000-7fd6a28f0000 ---p 00022000 00:00 322578             /usr/lib/x86_64-linux-gnu/libxcb.so.1.1.0
7fd6a28f0000-7fd6a28f1000 r--p 00020000 00:00 322578             /usr/lib/x86_64-linux-gnu/libxcb.so.1.1.0
7fd6a28f1000-7fd6a28f2000 rw-p 00021000 00:00 322578             /usr/lib/x86_64-linux-gnu/libxcb.so.1.1.0
7fd6a2900000-7fd6a290f000 r-xp 00000000 00:00 345842             /usr/lib/x86_64-linux-gnu/libXi.so.6.1.0
7fd6a290f000-7fd6a2910000 ---p 0000f000 00:00 345842             /usr/lib/x86_64-linux-gnu/libXi.so.6.1.0
7fd6a2910000-7fd6a2b0e000 ---p 00010000 00:00 345842             /usr/lib/x86_64-linux-gnu/libXi.so.6.1.0
7fd6a2b0e000-7fd6a2b0f000 r--p 0000e000 00:00 345842             /usr/lib/x86_64-linux-gnu/libXi.so.6.1.0
7fd6a2b0f000-7fd6a2b10000 rw-p 0000f000 00:00 345842             /usr/lib/x86_64-linux-gnu/libXi.so.6.1.0
7fd6a2b10000-7fd6a2b15000 r-xp 00000000 00:00 344121             /usr/lib/x86_64-linux-gnu/libXtst.so.6.1.0
7fd6a2b15000-7fd6a2b16000 ---p 00005000 00:00 344121             /usr/lib/x86_64-linux-gnu/libXtst.so.6.1.0
7fd6a2b16000-7fd6a2d14000 ---p 00006000 00:00 344121             /usr/lib/x86_64-linux-gnu/libXtst.so.6.1.0
7fd6a2d14000-7fd6a2d15000 r--p 00004000 00:00 344121             /usr/lib/x86_64-linux-gnu/libXtst.so.6.1.0
7fd6a2d15000-7fd6a2d16000 rw-p 00005000 00:00 344121             /usr/lib/x86_64-linux-gnu/libXtst.so.6.1.0
7fd6a2d20000-7fd6a2d29000 r-xp 00000000 00:00 344068             /usr/lib/x86_64-linux-gnu/libXrender.so.1.3.0
7fd6a2d29000-7fd6a2d2a000 ---p 00009000 00:00 344068             /usr/lib/x86_64-linux-gnu/libXrender.so.1.3.0
7fd6a2d2a000-7fd6a2f28000 ---p 0000a000 00:00 344068             /usr/lib/x86_64-linux-gnu/libXrender.so.1.3.0
7fd6a2f28000-7fd6a2f29000 r--p 00008000 00:00 344068             /usr/lib/x86_64-linux-gnu/libXrender.so.1.3.0
7fd6a2f29000-7fd6a2f2a000 rw-p 00009000 00:00 344068             /usr/lib/x86_64-linux-gnu/libXrender.so.1.3.0
7fd6a2f30000-7fd6a3065000 r-xp 00000000 00:00 321826             /usr/lib/x86_64-linux-gnu/libX11.so.6.3.0
7fd6a3065000-7fd6a306a000 ---p 00135000 00:00 321826             /usr/lib/x86_64-linux-gnu/libX11.so.6.3.0
7fd6a306a000-7fd6a3265000 ---p 0013a000 00:00 321826             /usr/lib/x86_64-linux-gnu/libX11.so.6.3.0
7fd6a3265000-7fd6a3266000 r--p 00135000 00:00 321826             /usr/lib/x86_64-linux-gnu/libX11.so.6.3.0
7fd6a3266000-7fd6a326a000 rw-p 00136000 00:00 321826             /usr/lib/x86_64-linux-gnu/libX11.so.6.3.0
7fd6a3270000-7fd6a3281000 r-xp 00000000 00:00 322575             /usr/lib/x86_64-linux-gnu/libXext.so.6.4.0
7fd6a3281000-7fd6a3282000 ---p 00011000 00:00 322575             /usr/lib/x86_64-linux-gnu/libXext.so.6.4.0
7fd6a3282000-7fd6a3480000 ---p 00012000 00:00 322575             /usr/lib/x86_64-linux-gnu/libXext.so.6.4.0
7fd6a3480000-7fd6a3481000 r--p 00010000 00:00 322575             /usr/lib/x86_64-linux-gnu/libXext.so.6.4.0
7fd6a3481000-7fd6a3482000 rw-p 00011000 00:00 322575             /usr/lib/x86_64-linux-gnu/libXext.so.6.4.0
7fd6a3490000-7fd6a34e7000 r-xp 00000000 00:00 602583             /usr/lib/jvm/java-9-openjdk-amd64/lib/amd64/libawt_xawt.so
7fd6a34e7000-7fd6a34eb000 ---p 00057000 00:00 602583             /usr/lib/jvm/java-9-openjdk-amd64/lib/amd64/libawt_xawt.so
7fd6a34eb000-7fd6a36e7000 ---p 0005b000 00:00 602583             /usr/lib/jvm/java-9-openjdk-amd64/lib/amd64/libawt_xawt.so
7fd6a36e7000-7fd6a36e8000 r--p 00057000 00:00 602583             /usr/lib/jvm/java-9-openjdk-amd64/lib/amd64/libawt_xawt.so
7fd6a36e8000-7fd6a36eb000 rw-p 00058000 00:00 602583             /usr/lib/jvm/java-9-openjdk-amd64/lib/amd64/libawt_xawt.so
7fd6a36eb000-7fd6a36ec000 rw-p 00000000 00:00 0
7fd6a36f0000-7fd6a3790000 r-xp 00000000 00:00 602490             /usr/lib/jvm/java-9-openjdk-amd64/lib/amd64/libawt.so
7fd6a3790000-7fd6a379c000 ---p 000a0000 00:00 602490             /usr/lib/jvm/java-9-openjdk-amd64/lib/amd64/libawt.so
7fd6a379c000-7fd6a398f000 ---p 000ac000 00:00 602490             /usr/lib/jvm/java-9-openjdk-amd64/lib/amd64/libawt.so
7fd6a398f000-7fd6a3990000 r--p 0009f000 00:00 602490             /usr/lib/jvm/java-9-openjdk-amd64/lib/amd64/libawt.so
7fd6a3990000-7fd6a399b000 rw-p 000a0000 00:00 602490             /usr/lib/jvm/java-9-openjdk-amd64/lib/amd64/libawt.so
7fd6a399b000-7fd6a39c0000 rw-p 00000000 00:00 0
7fd6a39c0000-7fd6a39c1000 ---p 00000000 00:00 0
7fd6a39c1000-7fd6a3ac1000 rw-p 00000000 00:00 0
7fd6a3ad0000-7fd6a3ad4000 ---p 00000000 00:00 0
7fd6a3ad4000-7fd6a3bd1000 rw-p 00000000 00:00 0
7fd6a3be0000-7fd6a3be4000 ---p 00000000 00:00 0
7fd6a3be4000-7fd6a3ce1000 rw-p 00000000 00:00 0
7fd6a3cf0000-7fd6a3ff1000 rw-p 00000000 00:00 0
7fd6a4000000-7fd6a4106000 rw-p 00000000 00:00 0
7fd6a4106000-7fd6a8000000 ---p 00000000 00:00 0
7fd6a8000000-7fd6a8021000 rw-p 00000000 00:00 0
7fd6a8021000-7fd6ac000000 ---p 00000000 00:00 0
7fd6ac000000-7fd6ac218000 rw-p 00000000 00:00 0
7fd6ac218000-7fd6b0000000 ---p 00000000 00:00 0
7fd6b0000000-7fd6b022b000 rw-p 00000000 00:00 0
7fd6b022b000-7fd6b4000000 ---p 00000000 00:00 0
7fd6b4000000-7fd6b4021000 rw-p 00000000 00:00 0
7fd6b4021000-7fd6b8000000 ---p 00000000 00:00 0
7fd6b8000000-7fd6b8021000 rw-p 00000000 00:00 0
7fd6b8021000-7fd6bc000000 ---p 00000000 00:00 0
7fd6bc000000-7fd6bc021000 rw-p 00000000 00:00 0
7fd6bc021000-7fd6c0000000 ---p 00000000 00:00 0
7fd6c0000000-7fd6c0021000 rw-p 00000000 00:00 0
7fd6c0021000-7fd6c4000000 ---p 00000000 00:00 0
7fd6c4000000-7fd6c4021000 rw-p 00000000 00:00 0
7fd6c4021000-7fd6c8000000 ---p 00000000 00:00 0
7fd6c8000000-7fd6c8021000 rw-p 00000000 00:00 0
7fd6c8021000-7fd6cc000000 ---p 00000000 00:00 0
7fd6cc000000-7fd6cc021000 rw-p 00000000 00:00 0
7fd6cc021000-7fd6d0000000 ---p 00000000 00:00 0
7fd6d00e0000-7fd6d23e0000 rw-p 00000000 00:00 0
7fd6d23e0000-7fd6d5068000 ---p 00000000 00:00 0
7fd6d5070000-7fd6d5370000 rw-p 00000000 00:00 0
7fd6d5370000-7fd6d7ff8000 ---p 00000000 00:00 0
7fd6d8000000-7fd6d8021000 rw-p 00000000 00:00 0
7fd6d8021000-7fd6dc000000 ---p 00000000 00:00 0
7fd6dc000000-7fd6dc021000 rw-p 00000000 00:00 0
7fd6dc021000-7fd6e0000000 ---p 00000000 00:00 0
7fd6e0000000-7fd6e0021000 rw-p 00000000 00:00 0
7fd6e0021000-7fd6e4000000 ---p 00000000 00:00 0
7fd6e4000000-7fd6e4021000 rw-p 00000000 00:00 0
7fd6e4021000-7fd6e8000000 ---p 00000000 00:00 0
7fd6e8000000-7fd6e8021000 rw-p 00000000 00:00 0
7fd6e8021000-7fd6ec000000 ---p 00000000 00:00 0
7fd6ec000000-7fd6ec021000 rw-p 00000000 00:00 0
7fd6ec021000-7fd6f0000000 ---p 00000000 00:00 0
7fd6f0000000-7fd6f0021000 rw-p 00000000 00:00 0
7fd6f0021000-7fd6f4000000 ---p 00000000 00:00 0
7fd6f4000000-7fd6f4021000 rw-p 00000000 00:00 0
7fd6f4021000-7fd6f8000000 ---p 00000000 00:00 0
7fd6f8000000-7fd6f8021000 rw-p 00000000 00:00 0
7fd6f8021000-7fd6fc000000 ---p 00000000 00:00 0
7fd6fc070000-7fd6fc086000 r-xp 00000000 00:00 602492             /usr/lib/jvm/java-9-openjdk-amd64/lib/amd64/libnet.so
7fd6fc086000-7fd6fc087000 ---p 00016000 00:00 602492             /usr/lib/jvm/java-9-openjdk-amd64/lib/amd64/libnet.so
7fd6fc087000-7fd6fc285000 ---p 00017000 00:00 602492             /usr/lib/jvm/java-9-openjdk-amd64/lib/amd64/libnet.so
7fd6fc285000-7fd6fc286000 r--p 00015000 00:00 602492             /usr/lib/jvm/java-9-openjdk-amd64/lib/amd64/libnet.so
7fd6fc286000-7fd6fc287000 rw-p 00016000 00:00 602492             /usr/lib/jvm/java-9-openjdk-amd64/lib/amd64/libnet.so
7fd6fc290000-7fd6fc2a1000 r-xp 00000000 00:00 602585             /usr/lib/jvm/java-9-openjdk-amd64/lib/amd64/libnio.so
7fd6fc2a1000-7fd6fc2a3000 ---p 00011000 00:00 602585             /usr/lib/jvm/java-9-openjdk-amd64/lib/amd64/libnio.so
7fd6fc2a3000-7fd6fc4a1000 ---p 00013000 00:00 602585             /usr/lib/jvm/java-9-openjdk-amd64/lib/amd64/libnio.so
7fd6fc4a1000-7fd6fc4a2000 r--p 00011000 00:00 602585             /usr/lib/jvm/java-9-openjdk-amd64/lib/amd64/libnio.so
7fd6fc4a2000-7fd6fc4a3000 rw-p 00012000 00:00 602585             /usr/lib/jvm/java-9-openjdk-amd64/lib/amd64/libnio.so
7fd6fc4b0000-7fd6fc4b4000 ---p 00000000 00:00 0
7fd6fc4b4000-7fd6fc5b1000 rw-p 00000000 00:00 0
7fd6fc5c0000-7fd6fc5c4000 ---p 00000000 00:00 0
7fd6fc5c4000-7fd6fc6c1000 rw-p 00000000 00:00 0
7fd6fc6d0000-7fd6fc6d4000 ---p 00000000 00:00 0
7fd6fc6d4000-7fd6fc7d1000 rw-p 00000000 00:00 0
7fd6fc7e0000-7fd6fc7e4000 ---p 00000000 00:00 0
7fd6fc7e4000-7fd6fc8e1000 rw-p 00000000 00:00 0
7fd6fc8f0000-7fd6fc8f4000 ---p 00000000 00:00 0
7fd6fc8f4000-7fd6fc9f1000 rw-p 00000000 00:00 0
7fd6fca00000-7fd6fca04000 ---p 00000000 00:00 0
7fd6fca04000-7fd6fcb01000 rw-p 00000000 00:00 0
7fd6fcb08000-7fd6fcca0000 r--p 00000000 00:00 342030             /usr/lib/locale/locale-archive
7fd6fcca0000-7fd6fcca4000 ---p 00000000 00:00 0
7fd6fcca4000-7fd6fcda1000 rw-p 00000000 00:00 0
7fd6fcdb0000-7fd6fcdb4000 ---p 00000000 00:00 0
7fd6fcdb4000-7fd6fceb1000 rw-p 00000000 00:00 0
7fd6fcec0000-7fd6fcec1000 ---p 00000000 00:00 0
7fd6fcec1000-7fd6fcfc1000 rw-p 00000000 00:00 0
7fd6fcfd0000-7fd6fd046000 rw-p 00000000 00:00 0
7fd6fd050000-7fd6fd0ab000 rw-p 00000000 00:00 0
7fd6fd0b0000-7fd6fd96f000 rw-p 00000000 00:00 0
7fd6fd970000-7fd6fda71000 rw-p 00000000 00:00 0
7fd6fda80000-7fd6fdb3f000 rw-p 00000000 00:00 0
7fd6fdb40000-7fd6fdc41000 rw-p 00000000 00:00 0
7fd6fdc50000-7fd6fdec0000 rwxp 00000000 00:00 0
7fd6fdec0000-7fd6fe1e0000 ---p 00000000 00:00 0
7fd6fe1e0000-7fd6fe450000 rwxp 00000000 00:00 0
7fd6fe450000-7fd705718000 ---p 00000000 00:00 0
7fd705718000-7fd705988000 rwxp 00000000 00:00 0
7fd705988000-7fd70cc50000 ---p 00000000 00:00 0
7fd70cc51000-7fd714000000 r--s 00000000 00:00 602343             /usr/lib/jvm/java-9-openjdk-amd64/lib/modules
7fd714000000-7fd71449d000 rw-p 00000000 00:00 0
7fd71449d000-7fd718000000 ---p 00000000 00:00 0
7fd718030000-7fd7180ef000 rw-p 00000000 00:00 0
7fd7180f0000-7fd7181f1000 rw-p 00000000 00:00 0
7fd718200000-7fd7182bf000 rw-p 00000000 00:00 0
7fd7182c0000-7fd7183c1000 rw-p 00000000 00:00 0
7fd7183d0000-7fd7183d1000 ---p 00000000 00:00 0
7fd7183d1000-7fd7184d1000 rw-p 00000000 00:00 0
7fd7184e0000-7fd7184e1000 ---p 00000000 00:00 0
7fd7184e1000-7fd7185e1000 rw-p 00000000 00:00 0
7fd7185f0000-7fd718650000 rw-p 00000000 00:00 0
7fd718650000-7fd718be1000 ---p 00000000 00:00 0
7fd718bf0000-7fd718c50000 rw-p 00000000 00:00 0
7fd718c50000-7fd7191e1000 ---p 00000000 00:00 0
7fd7191f0000-7fd7197e1000 ---p 00000000 00:00 0
7fd7197f0000-7fd719850000 rw-p 00000000 00:00 0
7fd719850000-7fd719de1000 ---p 00000000 00:00 0
7fd719df0000-7fd719df1000 ---p 00000000 00:00 0
7fd719df1000-7fd719ef1000 rw-p 00000000 00:00 0
7fd719f00000-7fd719f01000 ---p 00000000 00:00 0
7fd719f01000-7fd71a001000 rw-p 00000000 00:00 0
7fd71a010000-7fd71a011000 ---p 00000000 00:00 0
7fd71a011000-7fd71a111000 rw-p 00000000 00:00 0
7fd71a120000-7fd71a121000 ---p 00000000 00:00 0
7fd71a121000-7fd71a221000 rw-p 00000000 00:00 0
7fd71a230000-7fd71a231000 ---p 00000000 00:00 0
7fd71a231000-7fd71a331000 rw-p 00000000 00:00 0
7fd71a340000-7fd71a441000 rw-p 00000000 00:00 0
7fd71a450000-7fd71a551000 rw-p 00000000 00:00 0
7fd71a560000-7fd71a661000 rw-p 00000000 00:00 0
7fd71a670000-7fd71a771000 rw-p 00000000 00:00 0
7fd71a780000-7fd71a781000 ---p 00000000 00:00 0
7fd71a781000-7fd71a881000 rw-p 00000000 00:00 0
7fd71a890000-7fd71a891000 ---p 00000000 00:00 0
7fd71a891000-7fd71a991000 rw-p 00000000 00:00 0
7fd71a9a0000-7fd71a9a1000 ---p 00000000 00:00 0
7fd71a9a1000-7fd71aaa1000 rw-p 00000000 00:00 0
7fd71aab0000-7fd71aab1000 ---p 00000000 00:00 0
7fd71aab1000-7fd71abb1000 rw-p 00000000 00:00 0
7fd71abc0000-7fd71abc5000 rw-p 00000000 00:00 0
7fd71abc5000-7fd71acab000 ---p 00000000 00:00 0
7fd71acb0000-7fd71acb5000 r-xp 00000000 00:00 602567             /usr/lib/jvm/java-9-openjdk-amd64/lib/amd64/libjimage.so
7fd71acb5000-7fd71acb6000 ---p 00005000 00:00 602567             /usr/lib/jvm/java-9-openjdk-amd64/lib/amd64/libjimage.so
7fd71acb6000-7fd71aeb4000 ---p 00006000 00:00 602567             /usr/lib/jvm/java-9-openjdk-amd64/lib/amd64/libjimage.so
7fd71aeb4000-7fd71aeb5000 r--p 00004000 00:00 602567             /usr/lib/jvm/java-9-openjdk-amd64/lib/amd64/libjimage.so
7fd71aeb5000-7fd71aeb6000 rw-p 00005000 00:00 602567             /usr/lib/jvm/java-9-openjdk-amd64/lib/amd64/libjimage.so
7fd71aec0000-7fd71aec7000 r-xp 00000000 00:00 602531             /usr/lib/jvm/java-9-openjdk-amd64/lib/amd64/libzip.so
7fd71aec7000-7fd71aec8000 ---p 00007000 00:00 602531             /usr/lib/jvm/java-9-openjdk-amd64/lib/amd64/libzip.so
7fd71aec8000-7fd71b0c6000 ---p 00008000 00:00 602531             /usr/lib/jvm/java-9-openjdk-amd64/lib/amd64/libzip.so
7fd71b0c6000-7fd71b0c7000 r--p 00006000 00:00 602531             /usr/lib/jvm/java-9-openjdk-amd64/lib/amd64/libzip.so
7fd71b0c7000-7fd71b0c8000 rw-p 00007000 00:00 602531             /usr/lib/jvm/java-9-openjdk-amd64/lib/amd64/libzip.so
7fd71b0d0000-7fd71b0db000 r-xp 00000000 00:00 312687             /lib/x86_64-linux-gnu/libnss_files-2.23.so
7fd71b0db000-7fd71b0dc000 ---p 0000b000 00:00 312687             /lib/x86_64-linux-gnu/libnss_files-2.23.so
7fd71b0dc000-7fd71b2da000 ---p 0000c000 00:00 312687             /lib/x86_64-linux-gnu/libnss_files-2.23.so
7fd71b2da000-7fd71b2db000 r--p 0000a000 00:00 312687             /lib/x86_64-linux-gnu/libnss_files-2.23.so
7fd71b2db000-7fd71b2dc000 rw-p 0000b000 00:00 312687             /lib/x86_64-linux-gnu/libnss_files-2.23.so
7fd71b2dc000-7fd71b2e2000 rw-p 00000000 00:00 0
7fd71b2f0000-7fd71b2fb000 r-xp 00000000 00:00 312691             /lib/x86_64-linux-gnu/libnss_nis-2.23.so
7fd71b2fb000-7fd71b2fc000 ---p 0000b000 00:00 312691             /lib/x86_64-linux-gnu/libnss_nis-2.23.so
7fd71b2fc000-7fd71b4fa000 ---p 0000c000 00:00 312691             /lib/x86_64-linux-gnu/libnss_nis-2.23.so
7fd71b4fa000-7fd71b4fb000 r--p 0000a000 00:00 312691             /lib/x86_64-linux-gnu/libnss_nis-2.23.so
7fd71b4fb000-7fd71b4fc000 rw-p 0000b000 00:00 312691             /lib/x86_64-linux-gnu/libnss_nis-2.23.so
7fd71b500000-7fd71b516000 r-xp 00000000 00:00 312668             /lib/x86_64-linux-gnu/libnsl-2.23.so
7fd71b516000-7fd71b517000 ---p 00016000 00:00 312668             /lib/x86_64-linux-gnu/libnsl-2.23.so
7fd71b517000-7fd71b715000 ---p 00017000 00:00 312668             /lib/x86_64-linux-gnu/libnsl-2.23.so
7fd71b715000-7fd71b716000 r--p 00015000 00:00 312668             /lib/x86_64-linux-gnu/libnsl-2.23.so
7fd71b716000-7fd71b717000 rw-p 00016000 00:00 312668             /lib/x86_64-linux-gnu/libnsl-2.23.so
7fd71b717000-7fd71b719000 rw-p 00000000 00:00 0
7fd71b720000-7fd71b728000 r-xp 00000000 00:00 312682             /lib/x86_64-linux-gnu/libnss_compat-2.23.so
7fd71b728000-7fd71b729000 ---p 00008000 00:00 312682             /lib/x86_64-linux-gnu/libnss_compat-2.23.so
7fd71b729000-7fd71b927000 ---p 00009000 00:00 312682             /lib/x86_64-linux-gnu/libnss_compat-2.23.so
7fd71b927000-7fd71b928000 r--p 00007000 00:00 312682             /lib/x86_64-linux-gnu/libnss_compat-2.23.so
7fd71b928000-7fd71b929000 rw-p 00008000 00:00 312682             /lib/x86_64-linux-gnu/libnss_compat-2.23.so
7fd71b930000-7fd71b95b000 r-xp 00000000 00:00 602478             /usr/lib/jvm/java-9-openjdk-amd64/lib/amd64/libjava.so
7fd71b95b000-7fd71b95d000 ---p 0002b000 00:00 602478             /usr/lib/jvm/java-9-openjdk-amd64/lib/amd64/libjava.so
7fd71b95d000-7fd71bb5a000 ---p 0002d000 00:00 602478             /usr/lib/jvm/java-9-openjdk-amd64/lib/amd64/libjava.so
7fd71bb5a000-7fd71bb5b000 r--p 0002a000 00:00 602478             /usr/lib/jvm/java-9-openjdk-amd64/lib/amd64/libjava.so
7fd71bb5b000-7fd71bb5d000 rw-p 0002b000 00:00 602478             /usr/lib/jvm/java-9-openjdk-amd64/lib/amd64/libjava.so
7fd71bb60000-7fd71bb6d000 r-xp 00000000 00:00 602486             /usr/lib/jvm/java-9-openjdk-amd64/lib/amd64/libverify.so
7fd71bb6d000-7fd71bb6f000 ---p 0000d000 00:00 602486             /usr/lib/jvm/java-9-openjdk-amd64/lib/amd64/libverify.so
7fd71bb6f000-7fd71bd6c000 ---p 0000f000 00:00 602486             /usr/lib/jvm/java-9-openjdk-amd64/lib/amd64/libverify.so
7fd71bd6c000-7fd71bd6e000 r--p 0000c000 00:00 602486             /usr/lib/jvm/java-9-openjdk-amd64/lib/amd64/libverify.so
7fd71bd6e000-7fd71bd6f000 rw-p 0000e000 00:00 602486             /usr/lib/jvm/java-9-openjdk-amd64/lib/amd64/libverify.so
7fd71bd70000-7fd71bd77000 r-xp 00000000 00:00 312692             /lib/x86_64-linux-gnu/librt-2.23.so
7fd71bd77000-7fd71bd78000 ---p 00007000 00:00 312692             /lib/x86_64-linux-gnu/librt-2.23.so
7fd71bd78000-7fd71bf76000 ---p 00008000 00:00 312692             /lib/x86_64-linux-gnu/librt-2.23.so
7fd71bf76000-7fd71bf77000 r--p 00006000 00:00 312692             /lib/x86_64-linux-gnu/librt-2.23.so
7fd71bf77000-7fd71bf78000 rw-p 00007000 00:00 312692             /lib/x86_64-linux-gnu/librt-2.23.so
7fd71bf80000-7fd71bf96000 r-xp 00000000 00:00 295656             /lib/x86_64-linux-gnu/libgcc_s.so.1
7fd71bf96000-7fd71c195000 ---p 00016000 00:00 295656             /lib/x86_64-linux-gnu/libgcc_s.so.1
7fd71c195000-7fd71c196000 rw-p 00015000 00:00 295656             /lib/x86_64-linux-gnu/libgcc_s.so.1
7fd71c1a0000-7fd71c2a8000 r-xp 00000000 00:00 312667             /lib/x86_64-linux-gnu/libm-2.23.so
7fd71c2a8000-7fd71c2aa000 ---p 00108000 00:00 312667             /lib/x86_64-linux-gnu/libm-2.23.so
7fd71c2aa000-7fd71c4a7000 ---p 0010a000 00:00 312667             /lib/x86_64-linux-gnu/libm-2.23.so
7fd71c4a7000-7fd71c4a8000 r--p 00107000 00:00 312667             /lib/x86_64-linux-gnu/libm-2.23.so
7fd71c4a8000-7fd71c4a9000 rw-p 00108000 00:00 312667             /lib/x86_64-linux-gnu/libm-2.23.so
7fd71c4b0000-7fd71c622000 r-xp 00000000 00:00 153015             /usr/lib/x86_64-linux-gnu/libstdc++.so.6.0.21
7fd71c622000-7fd71c62f000 ---p 00172000 00:00 153015             /usr/lib/x86_64-linux-gnu/libstdc++.so.6.0.21
7fd71c62f000-7fd71c822000 ---p 0017f000 00:00 153015             /usr/lib/x86_64-linux-gnu/libstdc++.so.6.0.21
7fd71c822000-7fd71c82c000 r--p 00172000 00:00 153015             /usr/lib/x86_64-linux-gnu/libstdc++.so.6.0.21
7fd71c82c000-7fd71c82e000 rw-p 0017c000 00:00 153015             /usr/lib/x86_64-linux-gnu/libstdc++.so.6.0.21
7fd71c82e000-7fd71c832000 rw-p 00000000 00:00 0
7fd71c840000-7fd71d69e000 r-xp 00000000 00:00 602520             /usr/lib/jvm/java-9-openjdk-amd64/lib/amd64/server/libjvm.so
7fd71d69e000-7fd71d790000 ---p 00e5e000 00:00 602520             /usr/lib/jvm/java-9-openjdk-amd64/lib/amd64/server/libjvm.so
7fd71d790000-7fd71d89e000 ---p 00f50000 00:00 602520             /usr/lib/jvm/java-9-openjdk-amd64/lib/amd64/server/libjvm.so
7fd71d89e000-7fd71d950000 r--p 00e5e000 00:00 602520             /usr/lib/jvm/java-9-openjdk-amd64/lib/amd64/server/libjvm.so
7fd71d950000-7fd71d982000 rw-p 00f10000 00:00 602520             /usr/lib/jvm/java-9-openjdk-amd64/lib/amd64/server/libjvm.so
7fd71d982000-7fd71d9c7000 rw-p 00000000 00:00 0
7fd71d9d0000-7fd71d9e8000 r-xp 00000000 00:00 312670             /lib/x86_64-linux-gnu/libpthread-2.23.so
7fd71d9e8000-7fd71d9f2000 ---p 00018000 00:00 312670             /lib/x86_64-linux-gnu/libpthread-2.23.so
7fd71d9f2000-7fd71dbe7000 ---p 00022000 00:00 312670             /lib/x86_64-linux-gnu/libpthread-2.23.so
7fd71dbe7000-7fd71dbe8000 r--p 00017000 00:00 312670             /lib/x86_64-linux-gnu/libpthread-2.23.so
7fd71dbe8000-7fd71dbe9000 rw-p 00018000 00:00 312670             /lib/x86_64-linux-gnu/libpthread-2.23.so
7fd71dbe9000-7fd71dbed000 rw-p 00000000 00:00 0
7fd71dbf0000-7fd71dbf3000 r-xp 00000000 00:00 312676             /lib/x86_64-linux-gnu/libdl-2.23.so
7fd71dbf3000-7fd71dbf4000 ---p 00003000 00:00 312676             /lib/x86_64-linux-gnu/libdl-2.23.so
7fd71dbf4000-7fd71ddf2000 ---p 00004000 00:00 312676             /lib/x86_64-linux-gnu/libdl-2.23.so
7fd71ddf2000-7fd71ddf3000 r--p 00002000 00:00 312676             /lib/x86_64-linux-gnu/libdl-2.23.so
7fd71ddf3000-7fd71ddf4000 rw-p 00003000 00:00 312676             /lib/x86_64-linux-gnu/libdl-2.23.so
7fd71de00000-7fd71de19000 r-xp 00000000 00:00 295742             /lib/x86_64-linux-gnu/libz.so.1.2.8
7fd71de19000-7fd71de1a000 ---p 00019000 00:00 295742             /lib/x86_64-linux-gnu/libz.so.1.2.8
7fd71de1a000-7fd71e018000 ---p 0001a000 00:00 295742             /lib/x86_64-linux-gnu/libz.so.1.2.8
7fd71e018000-7fd71e019000 r--p 00018000 00:00 295742             /lib/x86_64-linux-gnu/libz.so.1.2.8
7fd71e019000-7fd71e01a000 rw-p 00019000 00:00 295742             /lib/x86_64-linux-gnu/libz.so.1.2.8
7fd71e020000-7fd71e1e0000 r-xp 00000000 00:00 312672             /lib/x86_64-linux-gnu/libc-2.23.so
7fd71e1e0000-7fd71e1e9000 ---p 001c0000 00:00 312672             /lib/x86_64-linux-gnu/libc-2.23.so
7fd71e1e9000-7fd71e3e0000 ---p 001c9000 00:00 312672             /lib/x86_64-linux-gnu/libc-2.23.so
7fd71e3e0000-7fd71e3e4000 r--p 001c0000 00:00 312672             /lib/x86_64-linux-gnu/libc-2.23.so
7fd71e3e4000-7fd71e3e6000 rw-p 001c4000 00:00 312672             /lib/x86_64-linux-gnu/libc-2.23.so
7fd71e3e6000-7fd71e3ea000 rw-p 00000000 00:00 0
7fd71e3f0000-7fd71e3fe000 r-xp 00000000 00:00 602579             /usr/lib/jvm/java-9-openjdk-amd64/lib/amd64/jli/libjli.so
7fd71e3fe000-7fd71e3ff000 ---p 0000e000 00:00 602579             /usr/lib/jvm/java-9-openjdk-amd64/lib/amd64/jli/libjli.so
7fd71e3ff000-7fd71e5fd000 ---p 0000f000 00:00 602579             /usr/lib/jvm/java-9-openjdk-amd64/lib/amd64/jli/libjli.so
7fd71e5fd000-7fd71e5fe000 r--p 0000d000 00:00 602579             /usr/lib/jvm/java-9-openjdk-amd64/lib/amd64/jli/libjli.so
7fd71e5fe000-7fd71e5ff000 rw-p 0000e000 00:00 602579             /usr/lib/jvm/java-9-openjdk-amd64/lib/amd64/jli/libjli.so
7fd71e600000-7fd71e626000 r-xp 00000000 00:00 312669             /lib/x86_64-linux-gnu/ld-2.23.so
7fd71e630000-7fd71e635000 rw-p 00000000 00:00 0
7fd71e635000-7fd71e71b000 ---p 00000000 00:00 0
7fd71e720000-7fd71e724000 ---p 00000000 00:00 0
7fd71e724000-7fd71e821000 rw-p 00000000 00:00 0
7fd71e825000-7fd71e826000 r--p 00025000 00:00 312669             /lib/x86_64-linux-gnu/ld-2.23.so
7fd71e826000-7fd71e827000 rw-p 00026000 00:00 312669             /lib/x86_64-linux-gnu/ld-2.23.so
7fd71e827000-7fd71e828000 rw-p 00000000 00:00 0
7fd71e840000-7fd71e8ff000 rw-p 00000000 00:00 0
7fd71e900000-7fd71e905000 rw-p 00000000 00:00 0
7fd71e905000-7fd71e90c000 ---p 00000000 00:00 0
7fd71e910000-7fd71e911000 rw-p 00000000 00:00 0
7fd71e920000-7fd71e921000 r--p 00000000 00:00 0
7fd71e930000-7fd71e931000 rw-p 00000000 00:00 0
7fd71e940000-7fd71e941000 rw-p 00000000 00:00 0
7fd71e950000-7fd71e951000 rw-p 00000000 00:00 0
7fd71e960000-7fd71e961000 rw-p 00000000 00:00 0
7fd71e970000-7fd71e971000 rw-p 00000000 00:00 0
7fd71e972000-7fd71e97a000 rw-s 00000000 00:00 118963             /tmp/hsperfdata_DxExWxExY/319
7ffffb028000-7ffffb828000 rw-p 00000000 00:00 0                  [stack]
7ffffb833000-7ffffb834000 r-xp 00000000 00:00 0                  [vdso]

VM Arguments:
java_command: Solar System.jar
java_class_path (initial): Solar System.jar
Launcher Type: SUN_STANDARD

Environment Variables:
PATH=/home/DxExWxExY/bin:/home/DxExWxExY/.local/bin:/usr/local/sbin:/usr/local/bin:/usr/sbin:/usr/bin:/sbin:/bin:/usr/games:/usr/local/games:/mnt/c/ProgramData/Oracle/Java/javapath_target_3137218:/mnt/c/Windows/System32:/mnt/c/Windows:/mnt/c/Windows/System32/wbem:/mnt/c/Windows/System32/WindowsPowerShell/v1.0:/mnt/c/Program Files/Git/cmd:/mnt/c/Program Files/dotnet:/mnt/c/Users/DxExWxExY/AppData/Local/Microsoft/WindowsApps:/snap/bin
SHELL=/bin/bash
DISPLAY=:0.0
HOSTTYPE=x86_64

Signal Handlers:
SIGSEGV: [libjvm.so+0xc12c20], sa_mask[0]=11111111111111111111111111111110, sa_flags=SA_RESTART|SA_SIGINFO
SIGBUS: [libjvm.so+0xc12c20], sa_mask[0]=11111111111111111111111111111110, sa_flags=SA_RESTART|SA_SIGINFO
SIGFPE: [libjvm.so+0xc12c20], sa_mask[0]=11111111111111111111111111111110, sa_flags=SA_RESTART|SA_SIGINFO
SIGPIPE: [libjvm.so+0xa3b600], sa_mask[0]=11111111111111111111111111111110, sa_flags=SA_RESTART|SA_SIGINFO
SIGXFSZ: [libjvm.so+0xa3b600], sa_mask[0]=11111111111111111111111111111110, sa_flags=SA_RESTART|SA_SIGINFO
SIGILL: [libjvm.so+0xc12c20], sa_mask[0]=11111111111111111111111111111110, sa_flags=SA_RESTART|SA_SIGINFO
SIGUSR2: [libjvm.so+0xa3b4a0], sa_mask[0]=00000000000000000000000000000000, sa_flags=SA_RESTART|SA_SIGINFO
SIGHUP: [libjvm.so+0xa3b870], sa_mask[0]=11111111111111111111111111111110, sa_flags=SA_RESTART|SA_SIGINFO
SIGINT: [libjvm.so+0xa3b870], sa_mask[0]=11111111111111111111111111111110, sa_flags=SA_RESTART|SA_SIGINFO
SIGTERM: [libjvm.so+0xa3b870], sa_mask[0]=11111111111111111111111111111110, sa_flags=SA_RESTART|SA_SIGINFO
SIGQUIT: [libjvm.so+0xa3b870], sa_mask[0]=11111111111111111111111111111110, sa_flags=SA_RESTART|SA_SIGINFO


---------------  S Y S T E M  ---------------

OS:DISTRIB_ID=Ubuntu
DISTRIB_RELEASE=16.04
DISTRIB_CODENAME=xenial
DISTRIB_DESCRIPTION="Ubuntu 16.04.4 LTS"
uname:Linux 4.4.0-43-Microsoft #1-Microsoft Wed Dec 31 14:42:53 PST 2014 x86_64
libc:glibc 2.23 NPTL 2.23 
rlimit: STACK 8192k, CORE 0k, NPROC 7823, NOFILE 65536, AS infinity
load average:0.52 0.58 0.59

/proc/meminfo:
MemTotal:       12452516 kB
MemFree:         8530096 kB
Buffers:           34032 kB
Cached:           188576 kB
SwapCached:            0 kB
Active:           167556 kB
Inactive:         157876 kB
Active(anon):     103104 kB
Inactive(anon):    17440 kB
Active(file):      64452 kB
Inactive(file):   140436 kB
Unevictable:           0 kB
Mlocked:               0 kB
SwapTotal:      22249468 kB
SwapFree:       22235488 kB
Dirty:                 0 kB
Writeback:             0 kB
AnonPages:        102824 kB
Mapped:            71404 kB
Shmem:             17720 kB
Slab:              13868 kB
SReclaimable:       6744 kB
SUnreclaim:         7124 kB
KernelStack:        2848 kB
PageTables:         2524 kB
NFS_Unstable:          0 kB
Bounce:                0 kB
WritebackTmp:          0 kB
CommitLimit:      515524 kB
Committed_AS:    3450064 kB
VmallocTotal:     122880 kB
VmallocUsed:       21296 kB
VmallocChunk:      66044 kB
HardwareCorrupted:     0 kB
AnonHugePages:      2048 kB
HugePages_Total:       0
HugePages_Free:        0
HugePages_Rsvd:        0
HugePages_Surp:        0
Hugepagesize:       2048 kB
DirectMap4k:       12280 kB
DirectMap4M:      897024 kB


CPU:total 4 (2 cores per cpu, 2 threads per core) family 6 model 142 stepping 9, cmov, cx8, fxsr, mmx, sse, sse2, sse3, ssse3, sse4.1, sse4.2, popcnt, avx, avx2, aes, clmul, erms, 3dnowpref, lzcnt, ht, tsc, tscinvbit, bmi1, bmi2, adx

CPU Model and flags from /proc/cpuinfo:
model name	: Intel(R) Core(TM) i5-7200U CPU @ 2.50GHz
flags		: fpu vme de pse tsc msr pae mce cx8 apic sep mtrr pge mca cmov pat pse36 clflush dts acpi mmx fxsr sse sse2 ss ht tm pbe syscall nx pdpe1gb rdtscp lm pni pclmulqdq dtes64 monitor ds_cpl vmx est tm2 ssse3 fma cx16 xtpr pdcm pcid sse4_1 sse4_2 x2apic movbe popcnt tsc_deadline_timer aes xsave osxsave avx f16c rdrand

Memory: 4k page, physical 12452516k(8530072k free), swap 22249468k(22235488k free)

vm_info: OpenJDK 64-Bit Server VM (9-internal+0-2016-04-14-195246.buildd.src) for linux-amd64 JRE (9-internal+0-2016-04-14-195246.buildd.src), built on Apr 14 2016 20:05:37 by "buildd" with gcc 5.3.1 20160413

END.
