#
# A fatal error has been detected by the Java Runtime Environment:
#
#  SIGSEGV (0xb) at pc=0x00007fa404d4d009, pid=87, tid=88
#
# JRE version: OpenJDK Runtime Environment (9.0) (build 9-internal+0-2016-04-14-195246.buildd.src)
# Java VM: OpenJDK 64-Bit Server VM (9-internal+0-2016-04-14-195246.buildd.src, mixed mode, tiered, compressed oops, g1 gc, linux-amd64)
# Problematic frame:
# C  [libjava.so+0x1d009]  JNU_GetEnv+0x19
#
# Core dump will be written. Default location: core.87 (may not exist)
#
# If you would like to submit a bug report, please visit:
#   http://bugreport.java.com/bugreport/crash.jsp
# The crash happened outside the Java Virtual Machine in native code.
# See problematic frame for where to report the bug.
#

---------------  S U M M A R Y ------------

Command Line: Solar System.jar

Host: Intel(R) Core(TM) i5-7200U CPU @ 2.50GHz, 4 cores, 11G, Ubuntu 16.04.4 LTS
Time: Mon Apr  2 01:54:21 2018 DST elapsed time: 11 seconds (0d 0h 0m 11s)

---------------  T H R E A D  ---------------

Current thread (0x00007fa400010800):  JavaThread "main" [_thread_in_native, id=88, stack(0x00007fa407af0000,0x00007fa407bf1000)]

Stack: [0x00007fa407af0000,0x00007fa407bf1000],  sp=0x00007fa407bee030,  free space=1016k
Native frames: (J=compiled Java code, j=interpreted, Vv=VM code, C=native code)
C  [libjava.so+0x1d009]  JNU_GetEnv+0x19
C  [libfontmanager.so+0x33f8e]
C  [libfreetype.so.6+0x14d2b]  FT_Stream_Seek+0x1b

Java frames: (J=compiled Java code, j=interpreted, Vv=VM code)
j  sun.font.FreetypeFontScaler.initNativeScaler(Lsun/font/Font2D;IIZI)J+0 java.desktop@9-internal
j  sun.font.FreetypeFontScaler.<init>(Lsun/font/Font2D;IZI)V+26 java.desktop@9-internal
v  ~StubRoutines::call_stub
j  sun.reflect.NativeConstructorAccessorImpl.newInstance0(Ljava/lang/reflect/Constructor;[Ljava/lang/Object;)Ljava/lang/Object;+0 java.base@9-internal
j  sun.reflect.NativeConstructorAccessorImpl.newInstance([Ljava/lang/Object;)Ljava/lang/Object;+85 java.base@9-internal
j  sun.reflect.DelegatingConstructorAccessorImpl.newInstance([Ljava/lang/Object;)Ljava/lang/Object;+5 java.base@9-internal
j  java.lang.reflect.Constructor.newInstance([Ljava/lang/Object;)Ljava/lang/Object;+65 java.base@9-internal
j  sun.font.FontScaler.getScaler(Lsun/font/Font2D;IZI)Lsun/font/FontScaler;+39 java.desktop@9-internal
j  sun.font.TrueTypeFont.getScaler()Lsun/font/FontScaler;+21 java.desktop@9-internal
j  sun.font.FileFontStrike.<init>(Lsun/font/FileFont;Lsun/font/FontStrikeDesc;)V+204 java.desktop@9-internal
j  sun.font.FileFont.createStrike(Lsun/font/FontStrikeDesc;)Lsun/font/FontStrike;+18 java.desktop@9-internal
j  sun.font.Font2D.getStrike(Lsun/font/FontStrikeDesc;Z)Lsun/font/FontStrike;+92 java.desktop@9-internal
j  sun.font.Font2D.getStrike(Lsun/font/FontStrikeDesc;)Lsun/font/FontStrike;+3 java.desktop@9-internal
j  sun.font.CompositeStrike.getStrikeForSlot(I)Lsun/font/PhysicalStrike;+23 java.desktop@9-internal
j  sun.font.CompositeStrike.getFontMetrics()Lsun/font/StrikeMetrics;+31 java.desktop@9-internal
j  sun.font.FontDesignMetrics.initMatrixAndMetrics()V+28 java.desktop@9-internal
j  sun.font.FontDesignMetrics.<init>(Ljava/awt/Font;Ljava/awt/font/FontRenderContext;)V+62 java.desktop@9-internal
j  sun.font.FontDesignMetrics.getMetrics(Ljava/awt/Font;Ljava/awt/font/FontRenderContext;)Lsun/font/FontDesignMetrics;+128 java.desktop@9-internal
j  sun.swing.SwingUtilities2.getFontMetrics(Ljavax/swing/JComponent;Ljava/awt/Font;)Ljava/awt/FontMetrics;+15 java.desktop@9-internal
j  javax.swing.JComponent.getFontMetrics(Ljava/awt/Font;)Ljava/awt/FontMetrics;+2 java.desktop@9-internal
j  javax.swing.plaf.basic.BasicLabelUI.getPreferredSize(Ljavax/swing/JComponent;)Ljava/awt/Dimension;+144 java.desktop@9-internal
j  javax.swing.JComponent.getPreferredSize()Ljava/awt/Dimension;+26 java.desktop@9-internal
j  java.awt.BorderLayout.preferredLayoutSize(Ljava/awt/Container;)Ljava/awt/Dimension;+264 java.desktop@9-internal
j  java.awt.Container.preferredSize()Ljava/awt/Dimension;+43 java.desktop@9-internal
j  java.awt.Container.getPreferredSize()Ljava/awt/Dimension;+1 java.desktop@9-internal
j  javax.swing.JComponent.getPreferredSize()Ljava/awt/Dimension;+39 java.desktop@9-internal
j  javax.swing.JRootPane$RootLayout.preferredLayoutSize(Ljava/awt/Container;)Ljava/awt/Dimension;+26 java.desktop@9-internal
j  java.awt.Container.preferredSize()Ljava/awt/Dimension;+43 java.desktop@9-internal
j  java.awt.Container.getPreferredSize()Ljava/awt/Dimension;+1 java.desktop@9-internal
j  javax.swing.JComponent.getPreferredSize()Ljava/awt/Dimension;+39 java.desktop@9-internal
j  java.awt.BorderLayout.preferredLayoutSize(Ljava/awt/Container;)Ljava/awt/Dimension;+157 java.desktop@9-internal
j  java.awt.Container.preferredSize()Ljava/awt/Dimension;+43 java.desktop@9-internal
j  java.awt.Container.getPreferredSize()Ljava/awt/Dimension;+1 java.desktop@9-internal
j  java.awt.Window.pack()V+32 java.desktop@9-internal
j  Universe.run()V+17
j  Universe.main([Ljava/lang/String;)V+8
v  ~StubRoutines::call_stub

siginfo: si_signo: 11 (SIGSEGV), si_code: 1 (SEGV_MAPERR), si_addr: 0x0000000000000000

Register to memory mapping:

RAX=0x0000000000000000 is an unknown value
RBX=0x0000000000000000 is an unknown value
RCX=0x0000000000000000 is an unknown value
RDX=0x0000000000010002 is an unknown value
RSP=0x00007fa407bee030 is pointing into the stack for thread: 0x00007fa400010800
RBP=0x00007fa407bee040 is pointing into the stack for thread: 0x00007fa400010800
RSI=0x0000000000010002 is an unknown value
RDI=0x0000000000000000 is an unknown value
R8 =0x0000000000000000 is an unknown value
R9 =0x0000000000000000 is an unknown value
R10=0x00000000000001db is an unknown value
R11=0x00007fa404d4cff0: JNU_GetEnv+0x0000000000000000 in /usr/lib/jvm/java-9-openjdk-amd64/lib/amd64/libjava.so at 0x00007fa404d30000
R12=0x00007fa400405aa0 is an unknown value
R13=0x0000000000000000 is an unknown value
R14=0x0000000000000000 is an unknown value
R15=0x00007fa4003f5260 is an unknown value


Registers:
RAX=0x0000000000000000, RBX=0x0000000000000000, RCX=0x0000000000000000, RDX=0x0000000000010002
RSP=0x00007fa407bee030, RBP=0x00007fa407bee040, RSI=0x0000000000010002, RDI=0x0000000000000000
R8 =0x0000000000000000, R9 =0x0000000000000000, R10=0x00000000000001db, R11=0x00007fa404d4cff0
R12=0x00007fa400405aa0, R13=0x0000000000000000, R14=0x0000000000000000, R15=0x00007fa4003f5260
RIP=0x00007fa404d4d009, EFLAGS=0x0000000000010246, CSGSFS=0x00000053002b0033, ERR=0x0000000000000000
  TRAPNO=0x0000000000000000

Top of Stack: (sp=0x00007fa407bee030)
0x00007fa407bee030:   0000000000000000 e88a83e673c03400
0x00007fa407bee040:   00007fa407bee080 00007fa3830e3f8e
0x00007fa407bee050:   00007fa4004057e0 00007fa400405aa0
0x00007fa407bee060:   0000000000000000 0000000000000000
0x00007fa407bee070:   00007fa400405aa0 00007fa4003f5260
0x00007fa407bee080:   0000000000000000 00007fa382e14d2b
0x00007fa407bee090:   0000000000000000 00007fa3830a6d80
0x00007fa407bee0a0:   0000000000000000 00007fa382e288e0
0x00007fa407bee0b0:   0000000000000014 0000004400000053
0x00007fa407bee0c0:   0000000000000002 0000000000000000
0x00007fa407bee0d0:   0000006e0000005d 0000000000000000
0x00007fa407bee0e0:   0000000000000000 0000007c00000077
0x00007fa407bee0f0:   0000000000000000 0000000000000000
0x00007fa407bee100:   000000004e8b41d0 468b41e04e8b45e8
0x00007fa407bee110:   0000000000000000 00007fa400000020
0x00007fa407bee120:   0000000000000070 00007fa407bee1d4
0x00007fa407bee130:   00007fa4004057e0 00007fa4003f5260
0x00007fa407bee140:   00007fa407bee1d4 00007fa4074a4184
0x00007fa407bee150:   00007fa407bee2a0 00007fa407bee184
0x00007fa407bee160:   00007fa3830a39e0 e88a83e673c03400
0x00007fa407bee170:   0000000000000070 00007fa400405290
0x00007fa407bee180:   00007fa3830a39e0 00007fa407bee298
0x00007fa407bee190:   00007fa4004057e0 00007fa4003f5260
0x00007fa407bee1a0:   00007fa400405180 00007fa382e174c2
0x00007fa407bee1b0:   0000000100000000 00007fa407bee2a0
0x00007fa407bee1c0:   0000000000000000 0000000000000000
0x00007fa407bee1d0:   0000000007bee298 e88a83e673c03400
0x00007fa407bee1e0:   00007fa400405290 00007fa407bee2a0
0x00007fa407bee1f0:   0000000000000000 00007fa400405708
0x00007fa407bee200:   00007fa407bee4a0 00007fa400405668
0x00007fa407bee210:   00007fa4004057e0 00007fa382e19581
0x00007fa407bee220:   00007fa407bee2a0 00007fa382e19376 

Instructions: (pc=0x00007fa404d4d009)
0x00007fa404d4cfe9:   ff eb ea 0f 1f 40 00 55 89 f2 48 89 e5 48 83 ec
0x00007fa404d4cff9:   10 64 48 8b 04 25 28 00 00 00 48 89 45 f8 31 c0
0x00007fa404d4d009:   48 8b 07 48 8d 75 f0 ff 50 30 48 8b 4d f8 64 48
0x00007fa404d4d019:   33 0c 25 28 00 00 00 48 8b 45 f0 75 02 c9 c3 e8 


---------------  P R O C E S S  ---------------

Java Threads: ( => current thread )
  0x00007fa368002800 JavaThread "SeedGenerator Thread" daemon [_thread_blocked, id=153, stack(0x00007fa382060000,0x00007fa382161000)]
  0x00007fa4004d3800 JavaThread "SeedGenerator Thread" daemon [_thread_in_Java, id=115, stack(0x00007fa382280000,0x00007fa382381000)]
  0x00007fa40042d800 JavaThread "AWT-Shutdown" [_thread_blocked, id=114, stack(0x00007fa382390000,0x00007fa382491000)]
  0x00007fa4003cb000 JavaThread "AWT-XAWT" daemon [_thread_in_native, id=113, stack(0x00007fa3826a0000,0x00007fa3827a1000)]
  0x00007fa4003ad800 JavaThread "Java2D Disposer" daemon [_thread_blocked, id=112, stack(0x00007fa3b40e0000,0x00007fa3b41e1000)]
  0x00007fa4002c4800 JavaThread "Service Thread" daemon [_thread_blocked, id=110, stack(0x00007fa3b4d90000,0x00007fa3b4e91000)]
  0x00007fa40021e800 JavaThread "Common-Cleaner" daemon [_thread_blocked, id=109, stack(0x00007fa3b4ea0000,0x00007fa3b4fa1000)]
  0x00007fa4001ef000 JavaThread "Sweeper thread" daemon [_thread_blocked, id=108, stack(0x00007fa3b5700000,0x00007fa3b5801000)]
  0x00007fa4001ed000 JavaThread "C1 CompilerThread2" daemon [_thread_blocked, id=107, stack(0x00007fa3b5810000,0x00007fa3b5911000)]
  0x00007fa4001eb000 JavaThread "C2 CompilerThread1" daemon [_thread_blocked, id=106, stack(0x00007fa3b5920000,0x00007fa3b5a21000)]
  0x00007fa4001e9800 JavaThread "C2 CompilerThread0" daemon [_thread_blocked, id=105, stack(0x00007fa3b5a30000,0x00007fa3b5b31000)]
  0x00007fa4001e5000 JavaThread "Signal Dispatcher" daemon [_thread_blocked, id=104, stack(0x00007fa3b5b40000,0x00007fa3b5c41000)]
  0x00007fa4001e3000 JavaThread "Surrogate Locker Thread (Concurrent GC)" daemon [_thread_blocked, id=103, stack(0x00007fa3b5c50000,0x00007fa3b5d51000)]
  0x00007fa4001d1800 JavaThread "Finalizer" daemon [_thread_blocked, id=102, stack(0x00007fa3b5ef0000,0x00007fa3b5ff1000)]
  0x00007fa4001cd800 JavaThread "Reference Handler" daemon [_thread_blocked, id=101, stack(0x00007fa3bc0a0000,0x00007fa3bc1a1000)]
=>0x00007fa400010800 JavaThread "main" [_thread_in_native, id=88, stack(0x00007fa407af0000,0x00007fa407bf1000)]

Other Threads:
  0x00007fa4001c3800 VMThread [stack: 0x00007fa3bc1b0000,0x00007fa3bc2b1000] [id=100]
  0x00007fa4002c7800 WatcherThread [stack: 0x00007fa3b4c80000,0x00007fa3b4d81000] [id=111]

Threads with active compile tasks:

VM state:not at safepoint (normal execution)

VM Mutex/Monitor currently owned by a thread: None

heap address: 0x0000000701e00000, size: 3042 MB, Compressed Oops mode: Zero based, Oop shift amount: 3
Narrow klass base: 0x0000000000000000, Narrow klass shift: 3
Compressed class space size: 1073741824 Address: 0x00000007c0000000

Heap:
 garbage-first heap   total 196608K, used 6144K [0x0000000701e00000, 0x0000000701f00600, 0x00000007c0000000)
  region size 1024K, 7 young (7168K), 0 survivors (0K)
 Metaspace       used 11637K, capacity 12004K, committed 12288K, reserved 1060864K
  class space    used 1280K, capacity 1417K, committed 1536K, reserved 1048576K

Heap Regions: E=young(eden), S=young(survivor), O=old, HS=humongous(starts), HC=humongous(continues), CS=collection set, F=free, A=archive, TS=gc time stamp, AC=allocation context, TAMS=top-at-mark-start (previous, next)
|   0|0x0000000701e00000, 0x0000000701e00000, 0x0000000701f00000|  0%| F|  |TS  0|AC  0|TAMS 0x0000000701e00000, 0x0000000701e00000|
|   1|0x0000000701f00000, 0x0000000701f00000, 0x0000000702000000|  0%| F|  |TS  0|AC  0|TAMS 0x0000000701f00000, 0x0000000701f00000|
|   2|0x0000000702000000, 0x0000000702000000, 0x0000000702100000|  0%| F|  |TS  0|AC  0|TAMS 0x0000000702000000, 0x0000000702000000|
|   3|0x0000000702100000, 0x0000000702100000, 0x0000000702200000|  0%| F|  |TS  0|AC  0|TAMS 0x0000000702100000, 0x0000000702100000|
|   4|0x0000000702200000, 0x0000000702200000, 0x0000000702300000|  0%| F|  |TS  0|AC  0|TAMS 0x0000000702200000, 0x0000000702200000|
|   5|0x0000000702300000, 0x0000000702300000, 0x0000000702400000|  0%| F|  |TS  0|AC  0|TAMS 0x0000000702300000, 0x0000000702300000|
|   6|0x0000000702400000, 0x0000000702400000, 0x0000000702500000|  0%| F|  |TS  0|AC  0|TAMS 0x0000000702400000, 0x0000000702400000|
|   7|0x0000000702500000, 0x0000000702500000, 0x0000000702600000|  0%| F|  |TS  0|AC  0|TAMS 0x0000000702500000, 0x0000000702500000|
|   8|0x0000000702600000, 0x0000000702600000, 0x0000000702700000|  0%| F|  |TS  0|AC  0|TAMS 0x0000000702600000, 0x0000000702600000|
|   9|0x0000000702700000, 0x0000000702700000, 0x0000000702800000|  0%| F|  |TS  0|AC  0|TAMS 0x0000000702700000, 0x0000000702700000|
|  10|0x0000000702800000, 0x0000000702800000, 0x0000000702900000|  0%| F|  |TS  0|AC  0|TAMS 0x0000000702800000, 0x0000000702800000|
|  11|0x0000000702900000, 0x0000000702900000, 0x0000000702a00000|  0%| F|  |TS  0|AC  0|TAMS 0x0000000702900000, 0x0000000702900000|
|  12|0x0000000702a00000, 0x0000000702a00000, 0x0000000702b00000|  0%| F|  |TS  0|AC  0|TAMS 0x0000000702a00000, 0x0000000702a00000|
|  13|0x0000000702b00000, 0x0000000702b00000, 0x0000000702c00000|  0%| F|  |TS  0|AC  0|TAMS 0x0000000702b00000, 0x0000000702b00000|
|  14|0x0000000702c00000, 0x0000000702c00000, 0x0000000702d00000|  0%| F|  |TS  0|AC  0|TAMS 0x0000000702c00000, 0x0000000702c00000|
|  15|0x0000000702d00000, 0x0000000702d00000, 0x0000000702e00000|  0%| F|  |TS  0|AC  0|TAMS 0x0000000702d00000, 0x0000000702d00000|
|  16|0x0000000702e00000, 0x0000000702e00000, 0x0000000702f00000|  0%| F|  |TS  0|AC  0|TAMS 0x0000000702e00000, 0x0000000702e00000|
|  17|0x0000000702f00000, 0x0000000702f00000, 0x0000000703000000|  0%| F|  |TS  0|AC  0|TAMS 0x0000000702f00000, 0x0000000702f00000|
|  18|0x0000000703000000, 0x0000000703000000, 0x0000000703100000|  0%| F|  |TS  0|AC  0|TAMS 0x0000000703000000, 0x0000000703000000|
|  19|0x0000000703100000, 0x0000000703100000, 0x0000000703200000|  0%| F|  |TS  0|AC  0|TAMS 0x0000000703100000, 0x0000000703100000|
|  20|0x0000000703200000, 0x0000000703200000, 0x0000000703300000|  0%| F|  |TS  0|AC  0|TAMS 0x0000000703200000, 0x0000000703200000|
|  21|0x0000000703300000, 0x0000000703300000, 0x0000000703400000|  0%| F|  |TS  0|AC  0|TAMS 0x0000000703300000, 0x0000000703300000|
|  22|0x0000000703400000, 0x0000000703400000, 0x0000000703500000|  0%| F|  |TS  0|AC  0|TAMS 0x0000000703400000, 0x0000000703400000|
|  23|0x0000000703500000, 0x0000000703500000, 0x0000000703600000|  0%| F|  |TS  0|AC  0|TAMS 0x0000000703500000, 0x0000000703500000|
|  24|0x0000000703600000, 0x0000000703600000, 0x0000000703700000|  0%| F|  |TS  0|AC  0|TAMS 0x0000000703600000, 0x0000000703600000|
|  25|0x0000000703700000, 0x0000000703700000, 0x0000000703800000|  0%| F|  |TS  0|AC  0|TAMS 0x0000000703700000, 0x0000000703700000|
|  26|0x0000000703800000, 0x0000000703800000, 0x0000000703900000|  0%| F|  |TS  0|AC  0|TAMS 0x0000000703800000, 0x0000000703800000|
|  27|0x0000000703900000, 0x0000000703900000, 0x0000000703a00000|  0%| F|  |TS  0|AC  0|TAMS 0x0000000703900000, 0x0000000703900000|
|  28|0x0000000703a00000, 0x0000000703a00000, 0x0000000703b00000|  0%| F|  |TS  0|AC  0|TAMS 0x0000000703a00000, 0x0000000703a00000|
|  29|0x0000000703b00000, 0x0000000703b00000, 0x0000000703c00000|  0%| F|  |TS  0|AC  0|TAMS 0x0000000703b00000, 0x0000000703b00000|
|  30|0x0000000703c00000, 0x0000000703c00000, 0x0000000703d00000|  0%| F|  |TS  0|AC  0|TAMS 0x0000000703c00000, 0x0000000703c00000|
|  31|0x0000000703d00000, 0x0000000703d00000, 0x0000000703e00000|  0%| F|  |TS  0|AC  0|TAMS 0x0000000703d00000, 0x0000000703d00000|
|  32|0x0000000703e00000, 0x0000000703e00000, 0x0000000703f00000|  0%| F|  |TS  0|AC  0|TAMS 0x0000000703e00000, 0x0000000703e00000|
|  33|0x0000000703f00000, 0x0000000703f00000, 0x0000000704000000|  0%| F|  |TS  0|AC  0|TAMS 0x0000000703f00000, 0x0000000703f00000|
|  34|0x0000000704000000, 0x0000000704000000, 0x0000000704100000|  0%| F|  |TS  0|AC  0|TAMS 0x0000000704000000, 0x0000000704000000|
|  35|0x0000000704100000, 0x0000000704100000, 0x0000000704200000|  0%| F|  |TS  0|AC  0|TAMS 0x0000000704100000, 0x0000000704100000|
|  36|0x0000000704200000, 0x0000000704200000, 0x0000000704300000|  0%| F|  |TS  0|AC  0|TAMS 0x0000000704200000, 0x0000000704200000|
|  37|0x0000000704300000, 0x0000000704300000, 0x0000000704400000|  0%| F|  |TS  0|AC  0|TAMS 0x0000000704300000, 0x0000000704300000|
|  38|0x0000000704400000, 0x0000000704400000, 0x0000000704500000|  0%| F|  |TS  0|AC  0|TAMS 0x0000000704400000, 0x0000000704400000|
|  39|0x0000000704500000, 0x0000000704500000, 0x0000000704600000|  0%| F|  |TS  0|AC  0|TAMS 0x0000000704500000, 0x0000000704500000|
|  40|0x0000000704600000, 0x0000000704600000, 0x0000000704700000|  0%| F|  |TS  0|AC  0|TAMS 0x0000000704600000, 0x0000000704600000|
|  41|0x0000000704700000, 0x0000000704700000, 0x0000000704800000|  0%| F|  |TS  0|AC  0|TAMS 0x0000000704700000, 0x0000000704700000|
|  42|0x0000000704800000, 0x0000000704800000, 0x0000000704900000|  0%| F|  |TS  0|AC  0|TAMS 0x0000000704800000, 0x0000000704800000|
|  43|0x0000000704900000, 0x0000000704900000, 0x0000000704a00000|  0%| F|  |TS  0|AC  0|TAMS 0x0000000704900000, 0x0000000704900000|
|  44|0x0000000704a00000, 0x0000000704a00000, 0x0000000704b00000|  0%| F|  |TS  0|AC  0|TAMS 0x0000000704a00000, 0x0000000704a00000|
|  45|0x0000000704b00000, 0x0000000704b00000, 0x0000000704c00000|  0%| F|  |TS  0|AC  0|TAMS 0x0000000704b00000, 0x0000000704b00000|
|  46|0x0000000704c00000, 0x0000000704c00000, 0x0000000704d00000|  0%| F|  |TS  0|AC  0|TAMS 0x0000000704c00000, 0x0000000704c00000|
|  47|0x0000000704d00000, 0x0000000704d00000, 0x0000000704e00000|  0%| F|  |TS  0|AC  0|TAMS 0x0000000704d00000, 0x0000000704d00000|
|  48|0x0000000704e00000, 0x0000000704e00000, 0x0000000704f00000|  0%| F|  |TS  0|AC  0|TAMS 0x0000000704e00000, 0x0000000704e00000|
|  49|0x0000000704f00000, 0x0000000704f00000, 0x0000000705000000|  0%| F|  |TS  0|AC  0|TAMS 0x0000000704f00000, 0x0000000704f00000|
|  50|0x0000000705000000, 0x0000000705000000, 0x0000000705100000|  0%| F|  |TS  0|AC  0|TAMS 0x0000000705000000, 0x0000000705000000|
|  51|0x0000000705100000, 0x0000000705100000, 0x0000000705200000|  0%| F|  |TS  0|AC  0|TAMS 0x0000000705100000, 0x0000000705100000|
|  52|0x0000000705200000, 0x0000000705200000, 0x0000000705300000|  0%| F|  |TS  0|AC  0|TAMS 0x0000000705200000, 0x0000000705200000|
|  53|0x0000000705300000, 0x0000000705300000, 0x0000000705400000|  0%| F|  |TS  0|AC  0|TAMS 0x0000000705300000, 0x0000000705300000|
|  54|0x0000000705400000, 0x0000000705400000, 0x0000000705500000|  0%| F|  |TS  0|AC  0|TAMS 0x0000000705400000, 0x0000000705400000|
|  55|0x0000000705500000, 0x0000000705500000, 0x0000000705600000|  0%| F|  |TS  0|AC  0|TAMS 0x0000000705500000, 0x0000000705500000|
|  56|0x0000000705600000, 0x0000000705600000, 0x0000000705700000|  0%| F|  |TS  0|AC  0|TAMS 0x0000000705600000, 0x0000000705600000|
|  57|0x0000000705700000, 0x0000000705700000, 0x0000000705800000|  0%| F|  |TS  0|AC  0|TAMS 0x0000000705700000, 0x0000000705700000|
|  58|0x0000000705800000, 0x0000000705800000, 0x0000000705900000|  0%| F|  |TS  0|AC  0|TAMS 0x0000000705800000, 0x0000000705800000|
|  59|0x0000000705900000, 0x0000000705900000, 0x0000000705a00000|  0%| F|  |TS  0|AC  0|TAMS 0x0000000705900000, 0x0000000705900000|
|  60|0x0000000705a00000, 0x0000000705a00000, 0x0000000705b00000|  0%| F|  |TS  0|AC  0|TAMS 0x0000000705a00000, 0x0000000705a00000|
|  61|0x0000000705b00000, 0x0000000705b00000, 0x0000000705c00000|  0%| F|  |TS  0|AC  0|TAMS 0x0000000705b00000, 0x0000000705b00000|
|  62|0x0000000705c00000, 0x0000000705c00000, 0x0000000705d00000|  0%| F|  |TS  0|AC  0|TAMS 0x0000000705c00000, 0x0000000705c00000|
|  63|0x0000000705d00000, 0x0000000705d00000, 0x0000000705e00000|  0%| F|  |TS  0|AC  0|TAMS 0x0000000705d00000, 0x0000000705d00000|
|  64|0x0000000705e00000, 0x0000000705e00000, 0x0000000705f00000|  0%| F|  |TS  0|AC  0|TAMS 0x0000000705e00000, 0x0000000705e00000|
|  65|0x0000000705f00000, 0x0000000705f00000, 0x0000000706000000|  0%| F|  |TS  0|AC  0|TAMS 0x0000000705f00000, 0x0000000705f00000|
|  66|0x0000000706000000, 0x0000000706000000, 0x0000000706100000|  0%| F|  |TS  0|AC  0|TAMS 0x0000000706000000, 0x0000000706000000|
|  67|0x0000000706100000, 0x0000000706100000, 0x0000000706200000|  0%| F|  |TS  0|AC  0|TAMS 0x0000000706100000, 0x0000000706100000|
|  68|0x0000000706200000, 0x0000000706200000, 0x0000000706300000|  0%| F|  |TS  0|AC  0|TAMS 0x0000000706200000, 0x0000000706200000|
|  69|0x0000000706300000, 0x0000000706300000, 0x0000000706400000|  0%| F|  |TS  0|AC  0|TAMS 0x0000000706300000, 0x0000000706300000|
|  70|0x0000000706400000, 0x0000000706400000, 0x0000000706500000|  0%| F|  |TS  0|AC  0|TAMS 0x0000000706400000, 0x0000000706400000|
|  71|0x0000000706500000, 0x0000000706500000, 0x0000000706600000|  0%| F|  |TS  0|AC  0|TAMS 0x0000000706500000, 0x0000000706500000|
|  72|0x0000000706600000, 0x0000000706600000, 0x0000000706700000|  0%| F|  |TS  0|AC  0|TAMS 0x0000000706600000, 0x0000000706600000|
|  73|0x0000000706700000, 0x0000000706700000, 0x0000000706800000|  0%| F|  |TS  0|AC  0|TAMS 0x0000000706700000, 0x0000000706700000|
|  74|0x0000000706800000, 0x0000000706800000, 0x0000000706900000|  0%| F|  |TS  0|AC  0|TAMS 0x0000000706800000, 0x0000000706800000|
|  75|0x0000000706900000, 0x0000000706900000, 0x0000000706a00000|  0%| F|  |TS  0|AC  0|TAMS 0x0000000706900000, 0x0000000706900000|
|  76|0x0000000706a00000, 0x0000000706a00000, 0x0000000706b00000|  0%| F|  |TS  0|AC  0|TAMS 0x0000000706a00000, 0x0000000706a00000|
|  77|0x0000000706b00000, 0x0000000706b00000, 0x0000000706c00000|  0%| F|  |TS  0|AC  0|TAMS 0x0000000706b00000, 0x0000000706b00000|
|  78|0x0000000706c00000, 0x0000000706c00000, 0x0000000706d00000|  0%| F|  |TS  0|AC  0|TAMS 0x0000000706c00000, 0x0000000706c00000|
|  79|0x0000000706d00000, 0x0000000706d00000, 0x0000000706e00000|  0%| F|  |TS  0|AC  0|TAMS 0x0000000706d00000, 0x0000000706d00000|
|  80|0x0000000706e00000, 0x0000000706e00000, 0x0000000706f00000|  0%| F|  |TS  0|AC  0|TAMS 0x0000000706e00000, 0x0000000706e00000|
|  81|0x0000000706f00000, 0x0000000706f00000, 0x0000000707000000|  0%| F|  |TS  0|AC  0|TAMS 0x0000000706f00000, 0x0000000706f00000|
|  82|0x0000000707000000, 0x0000000707000000, 0x0000000707100000|  0%| F|  |TS  0|AC  0|TAMS 0x0000000707000000, 0x0000000707000000|
|  83|0x0000000707100000, 0x0000000707100000, 0x0000000707200000|  0%| F|  |TS  0|AC  0|TAMS 0x0000000707100000, 0x0000000707100000|
|  84|0x0000000707200000, 0x0000000707200000, 0x0000000707300000|  0%| F|  |TS  0|AC  0|TAMS 0x0000000707200000, 0x0000000707200000|
|  85|0x0000000707300000, 0x0000000707300000, 0x0000000707400000|  0%| F|  |TS  0|AC  0|TAMS 0x0000000707300000, 0x0000000707300000|
|  86|0x0000000707400000, 0x0000000707400000, 0x0000000707500000|  0%| F|  |TS  0|AC  0|TAMS 0x0000000707400000, 0x0000000707400000|
|  87|0x0000000707500000, 0x0000000707500000, 0x0000000707600000|  0%| F|  |TS  0|AC  0|TAMS 0x0000000707500000, 0x0000000707500000|
|  88|0x0000000707600000, 0x0000000707600000, 0x0000000707700000|  0%| F|  |TS  0|AC  0|TAMS 0x0000000707600000, 0x0000000707600000|
|  89|0x0000000707700000, 0x0000000707700000, 0x0000000707800000|  0%| F|  |TS  0|AC  0|TAMS 0x0000000707700000, 0x0000000707700000|
|  90|0x0000000707800000, 0x0000000707800000, 0x0000000707900000|  0%| F|  |TS  0|AC  0|TAMS 0x0000000707800000, 0x0000000707800000|
|  91|0x0000000707900000, 0x0000000707900000, 0x0000000707a00000|  0%| F|  |TS  0|AC  0|TAMS 0x0000000707900000, 0x0000000707900000|
|  92|0x0000000707a00000, 0x0000000707a00000, 0x0000000707b00000|  0%| F|  |TS  0|AC  0|TAMS 0x0000000707a00000, 0x0000000707a00000|
|  93|0x0000000707b00000, 0x0000000707b00000, 0x0000000707c00000|  0%| F|  |TS  0|AC  0|TAMS 0x0000000707b00000, 0x0000000707b00000|
|  94|0x0000000707c00000, 0x0000000707c00000, 0x0000000707d00000|  0%| F|  |TS  0|AC  0|TAMS 0x0000000707c00000, 0x0000000707c00000|
|  95|0x0000000707d00000, 0x0000000707d00000, 0x0000000707e00000|  0%| F|  |TS  0|AC  0|TAMS 0x0000000707d00000, 0x0000000707d00000|
|  96|0x0000000707e00000, 0x0000000707e00000, 0x0000000707f00000|  0%| F|  |TS  0|AC  0|TAMS 0x0000000707e00000, 0x0000000707e00000|
|  97|0x0000000707f00000, 0x0000000707f00000, 0x0000000708000000|  0%| F|  |TS  0|AC  0|TAMS 0x0000000707f00000, 0x0000000707f00000|
|  98|0x0000000708000000, 0x0000000708000000, 0x0000000708100000|  0%| F|  |TS  0|AC  0|TAMS 0x0000000708000000, 0x0000000708000000|
|  99|0x0000000708100000, 0x0000000708100000, 0x0000000708200000|  0%| F|  |TS  0|AC  0|TAMS 0x0000000708100000, 0x0000000708100000|
| 100|0x0000000708200000, 0x0000000708200000, 0x0000000708300000|  0%| F|  |TS  0|AC  0|TAMS 0x0000000708200000, 0x0000000708200000|
| 101|0x0000000708300000, 0x0000000708300000, 0x0000000708400000|  0%| F|  |TS  0|AC  0|TAMS 0x0000000708300000, 0x0000000708300000|
| 102|0x0000000708400000, 0x0000000708400000, 0x0000000708500000|  0%| F|  |TS  0|AC  0|TAMS 0x0000000708400000, 0x0000000708400000|
| 103|0x0000000708500000, 0x0000000708500000, 0x0000000708600000|  0%| F|  |TS  0|AC  0|TAMS 0x0000000708500000, 0x0000000708500000|
| 104|0x0000000708600000, 0x0000000708600000, 0x0000000708700000|  0%| F|  |TS  0|AC  0|TAMS 0x0000000708600000, 0x0000000708600000|
| 105|0x0000000708700000, 0x0000000708700000, 0x0000000708800000|  0%| F|  |TS  0|AC  0|TAMS 0x0000000708700000, 0x0000000708700000|
| 106|0x0000000708800000, 0x0000000708800000, 0x0000000708900000|  0%| F|  |TS  0|AC  0|TAMS 0x0000000708800000, 0x0000000708800000|
| 107|0x0000000708900000, 0x0000000708900000, 0x0000000708a00000|  0%| F|  |TS  0|AC  0|TAMS 0x0000000708900000, 0x0000000708900000|
| 108|0x0000000708a00000, 0x0000000708a00000, 0x0000000708b00000|  0%| F|  |TS  0|AC  0|TAMS 0x0000000708a00000, 0x0000000708a00000|
| 109|0x0000000708b00000, 0x0000000708b00000, 0x0000000708c00000|  0%| F|  |TS  0|AC  0|TAMS 0x0000000708b00000, 0x0000000708b00000|
| 110|0x0000000708c00000, 0x0000000708c00000, 0x0000000708d00000|  0%| F|  |TS  0|AC  0|TAMS 0x0000000708c00000, 0x0000000708c00000|
| 111|0x0000000708d00000, 0x0000000708d00000, 0x0000000708e00000|  0%| F|  |TS  0|AC  0|TAMS 0x0000000708d00000, 0x0000000708d00000|
| 112|0x0000000708e00000, 0x0000000708e00000, 0x0000000708f00000|  0%| F|  |TS  0|AC  0|TAMS 0x0000000708e00000, 0x0000000708e00000|
| 113|0x0000000708f00000, 0x0000000708f00000, 0x0000000709000000|  0%| F|  |TS  0|AC  0|TAMS 0x0000000708f00000, 0x0000000708f00000|
| 114|0x0000000709000000, 0x0000000709000000, 0x0000000709100000|  0%| F|  |TS  0|AC  0|TAMS 0x0000000709000000, 0x0000000709000000|
| 115|0x0000000709100000, 0x0000000709100000, 0x0000000709200000|  0%| F|  |TS  0|AC  0|TAMS 0x0000000709100000, 0x0000000709100000|
| 116|0x0000000709200000, 0x0000000709200000, 0x0000000709300000|  0%| F|  |TS  0|AC  0|TAMS 0x0000000709200000, 0x0000000709200000|
| 117|0x0000000709300000, 0x0000000709300000, 0x0000000709400000|  0%| F|  |TS  0|AC  0|TAMS 0x0000000709300000, 0x0000000709300000|
| 118|0x0000000709400000, 0x0000000709400000, 0x0000000709500000|  0%| F|  |TS  0|AC  0|TAMS 0x0000000709400000, 0x0000000709400000|
| 119|0x0000000709500000, 0x0000000709500000, 0x0000000709600000|  0%| F|  |TS  0|AC  0|TAMS 0x0000000709500000, 0x0000000709500000|
| 120|0x0000000709600000, 0x0000000709600000, 0x0000000709700000|  0%| F|  |TS  0|AC  0|TAMS 0x0000000709600000, 0x0000000709600000|
| 121|0x0000000709700000, 0x0000000709700000, 0x0000000709800000|  0%| F|  |TS  0|AC  0|TAMS 0x0000000709700000, 0x0000000709700000|
| 122|0x0000000709800000, 0x0000000709800000, 0x0000000709900000|  0%| F|  |TS  0|AC  0|TAMS 0x0000000709800000, 0x0000000709800000|
| 123|0x0000000709900000, 0x0000000709900000, 0x0000000709a00000|  0%| F|  |TS  0|AC  0|TAMS 0x0000000709900000, 0x0000000709900000|
| 124|0x0000000709a00000, 0x0000000709a00000, 0x0000000709b00000|  0%| F|  |TS  0|AC  0|TAMS 0x0000000709a00000, 0x0000000709a00000|
| 125|0x0000000709b00000, 0x0000000709b00000, 0x0000000709c00000|  0%| F|  |TS  0|AC  0|TAMS 0x0000000709b00000, 0x0000000709b00000|
| 126|0x0000000709c00000, 0x0000000709c00000, 0x0000000709d00000|  0%| F|  |TS  0|AC  0|TAMS 0x0000000709c00000, 0x0000000709c00000|
| 127|0x0000000709d00000, 0x0000000709d00000, 0x0000000709e00000|  0%| F|  |TS  0|AC  0|TAMS 0x0000000709d00000, 0x0000000709d00000|
| 128|0x0000000709e00000, 0x0000000709e00000, 0x0000000709f00000|  0%| F|  |TS  0|AC  0|TAMS 0x0000000709e00000, 0x0000000709e00000|
| 129|0x0000000709f00000, 0x0000000709f00000, 0x000000070a000000|  0%| F|  |TS  0|AC  0|TAMS 0x0000000709f00000, 0x0000000709f00000|
| 130|0x000000070a000000, 0x000000070a000000, 0x000000070a100000|  0%| F|  |TS  0|AC  0|TAMS 0x000000070a000000, 0x000000070a000000|
| 131|0x000000070a100000, 0x000000070a100000, 0x000000070a200000|  0%| F|  |TS  0|AC  0|TAMS 0x000000070a100000, 0x000000070a100000|
| 132|0x000000070a200000, 0x000000070a200000, 0x000000070a300000|  0%| F|  |TS  0|AC  0|TAMS 0x000000070a200000, 0x000000070a200000|
| 133|0x000000070a300000, 0x000000070a300000, 0x000000070a400000|  0%| F|  |TS  0|AC  0|TAMS 0x000000070a300000, 0x000000070a300000|
| 134|0x000000070a400000, 0x000000070a400000, 0x000000070a500000|  0%| F|  |TS  0|AC  0|TAMS 0x000000070a400000, 0x000000070a400000|
| 135|0x000000070a500000, 0x000000070a500000, 0x000000070a600000|  0%| F|  |TS  0|AC  0|TAMS 0x000000070a500000, 0x000000070a500000|
| 136|0x000000070a600000, 0x000000070a600000, 0x000000070a700000|  0%| F|  |TS  0|AC  0|TAMS 0x000000070a600000, 0x000000070a600000|
| 137|0x000000070a700000, 0x000000070a700000, 0x000000070a800000|  0%| F|  |TS  0|AC  0|TAMS 0x000000070a700000, 0x000000070a700000|
| 138|0x000000070a800000, 0x000000070a800000, 0x000000070a900000|  0%| F|  |TS  0|AC  0|TAMS 0x000000070a800000, 0x000000070a800000|
| 139|0x000000070a900000, 0x000000070a900000, 0x000000070aa00000|  0%| F|  |TS  0|AC  0|TAMS 0x000000070a900000, 0x000000070a900000|
| 140|0x000000070aa00000, 0x000000070aa00000, 0x000000070ab00000|  0%| F|  |TS  0|AC  0|TAMS 0x000000070aa00000, 0x000000070aa00000|
| 141|0x000000070ab00000, 0x000000070ab00000, 0x000000070ac00000|  0%| F|  |TS  0|AC  0|TAMS 0x000000070ab00000, 0x000000070ab00000|
| 142|0x000000070ac00000, 0x000000070ac00000, 0x000000070ad00000|  0%| F|  |TS  0|AC  0|TAMS 0x000000070ac00000, 0x000000070ac00000|
| 143|0x000000070ad00000, 0x000000070ad00000, 0x000000070ae00000|  0%| F|  |TS  0|AC  0|TAMS 0x000000070ad00000, 0x000000070ad00000|
| 144|0x000000070ae00000, 0x000000070ae00000, 0x000000070af00000|  0%| F|  |TS  0|AC  0|TAMS 0x000000070ae00000, 0x000000070ae00000|
| 145|0x000000070af00000, 0x000000070af00000, 0x000000070b000000|  0%| F|  |TS  0|AC  0|TAMS 0x000000070af00000, 0x000000070af00000|
| 146|0x000000070b000000, 0x000000070b000000, 0x000000070b100000|  0%| F|  |TS  0|AC  0|TAMS 0x000000070b000000, 0x000000070b000000|
| 147|0x000000070b100000, 0x000000070b100000, 0x000000070b200000|  0%| F|  |TS  0|AC  0|TAMS 0x000000070b100000, 0x000000070b100000|
| 148|0x000000070b200000, 0x000000070b200000, 0x000000070b300000|  0%| F|  |TS  0|AC  0|TAMS 0x000000070b200000, 0x000000070b200000|
| 149|0x000000070b300000, 0x000000070b300000, 0x000000070b400000|  0%| F|  |TS  0|AC  0|TAMS 0x000000070b300000, 0x000000070b300000|
| 150|0x000000070b400000, 0x000000070b400000, 0x000000070b500000|  0%| F|  |TS  0|AC  0|TAMS 0x000000070b400000, 0x000000070b400000|
| 151|0x000000070b500000, 0x000000070b500000, 0x000000070b600000|  0%| F|  |TS  0|AC  0|TAMS 0x000000070b500000, 0x000000070b500000|
| 152|0x000000070b600000, 0x000000070b600000, 0x000000070b700000|  0%| F|  |TS  0|AC  0|TAMS 0x000000070b600000, 0x000000070b600000|
| 153|0x000000070b700000, 0x000000070b700000, 0x000000070b800000|  0%| F|  |TS  0|AC  0|TAMS 0x000000070b700000, 0x000000070b700000|
| 154|0x000000070b800000, 0x000000070b800000, 0x000000070b900000|  0%| F|  |TS  0|AC  0|TAMS 0x000000070b800000, 0x000000070b800000|
| 155|0x000000070b900000, 0x000000070b900000, 0x000000070ba00000|  0%| F|  |TS  0|AC  0|TAMS 0x000000070b900000, 0x000000070b900000|
| 156|0x000000070ba00000, 0x000000070ba00000, 0x000000070bb00000|  0%| F|  |TS  0|AC  0|TAMS 0x000000070ba00000, 0x000000070ba00000|
| 157|0x000000070bb00000, 0x000000070bb00000, 0x000000070bc00000|  0%| F|  |TS  0|AC  0|TAMS 0x000000070bb00000, 0x000000070bb00000|
| 158|0x000000070bc00000, 0x000000070bc00000, 0x000000070bd00000|  0%| F|  |TS  0|AC  0|TAMS 0x000000070bc00000, 0x000000070bc00000|
| 159|0x000000070bd00000, 0x000000070bd00000, 0x000000070be00000|  0%| F|  |TS  0|AC  0|TAMS 0x000000070bd00000, 0x000000070bd00000|
| 160|0x000000070be00000, 0x000000070be00000, 0x000000070bf00000|  0%| F|  |TS  0|AC  0|TAMS 0x000000070be00000, 0x000000070be00000|
| 161|0x000000070bf00000, 0x000000070bf00000, 0x000000070c000000|  0%| F|  |TS  0|AC  0|TAMS 0x000000070bf00000, 0x000000070bf00000|
| 162|0x000000070c000000, 0x000000070c000000, 0x000000070c100000|  0%| F|  |TS  0|AC  0|TAMS 0x000000070c000000, 0x000000070c000000|
| 163|0x000000070c100000, 0x000000070c100000, 0x000000070c200000|  0%| F|  |TS  0|AC  0|TAMS 0x000000070c100000, 0x000000070c100000|
| 164|0x000000070c200000, 0x000000070c200000, 0x000000070c300000|  0%| F|  |TS  0|AC  0|TAMS 0x000000070c200000, 0x000000070c200000|
| 165|0x000000070c300000, 0x000000070c300000, 0x000000070c400000|  0%| F|  |TS  0|AC  0|TAMS 0x000000070c300000, 0x000000070c300000|
| 166|0x000000070c400000, 0x000000070c400000, 0x000000070c500000|  0%| F|  |TS  0|AC  0|TAMS 0x000000070c400000, 0x000000070c400000|
| 167|0x000000070c500000, 0x000000070c500000, 0x000000070c600000|  0%| F|  |TS  0|AC  0|TAMS 0x000000070c500000, 0x000000070c500000|
| 168|0x000000070c600000, 0x000000070c600000, 0x000000070c700000|  0%| F|  |TS  0|AC  0|TAMS 0x000000070c600000, 0x000000070c600000|
| 169|0x000000070c700000, 0x000000070c700000, 0x000000070c800000|  0%| F|  |TS  0|AC  0|TAMS 0x000000070c700000, 0x000000070c700000|
| 170|0x000000070c800000, 0x000000070c800000, 0x000000070c900000|  0%| F|  |TS  0|AC  0|TAMS 0x000000070c800000, 0x000000070c800000|
| 171|0x000000070c900000, 0x000000070c900000, 0x000000070ca00000|  0%| F|  |TS  0|AC  0|TAMS 0x000000070c900000, 0x000000070c900000|
| 172|0x000000070ca00000, 0x000000070ca00000, 0x000000070cb00000|  0%| F|  |TS  0|AC  0|TAMS 0x000000070ca00000, 0x000000070ca00000|
| 173|0x000000070cb00000, 0x000000070cb00000, 0x000000070cc00000|  0%| F|  |TS  0|AC  0|TAMS 0x000000070cb00000, 0x000000070cb00000|
| 174|0x000000070cc00000, 0x000000070cc00000, 0x000000070cd00000|  0%| F|  |TS  0|AC  0|TAMS 0x000000070cc00000, 0x000000070cc00000|
| 175|0x000000070cd00000, 0x000000070cd00000, 0x000000070ce00000|  0%| F|  |TS  0|AC  0|TAMS 0x000000070cd00000, 0x000000070cd00000|
| 176|0x000000070ce00000, 0x000000070ce00000, 0x000000070cf00000|  0%| F|  |TS  0|AC  0|TAMS 0x000000070ce00000, 0x000000070ce00000|
| 177|0x000000070cf00000, 0x000000070cf00000, 0x000000070d000000|  0%| F|  |TS  0|AC  0|TAMS 0x000000070cf00000, 0x000000070cf00000|
| 178|0x000000070d000000, 0x000000070d000000, 0x000000070d100000|  0%| F|  |TS  0|AC  0|TAMS 0x000000070d000000, 0x000000070d000000|
| 179|0x000000070d100000, 0x000000070d100000, 0x000000070d200000|  0%| F|  |TS  0|AC  0|TAMS 0x000000070d100000, 0x000000070d100000|
| 180|0x000000070d200000, 0x000000070d200000, 0x000000070d300000|  0%| F|  |TS  0|AC  0|TAMS 0x000000070d200000, 0x000000070d200000|
| 181|0x000000070d300000, 0x000000070d300000, 0x000000070d400000|  0%| F|  |TS  0|AC  0|TAMS 0x000000070d300000, 0x000000070d300000|
| 182|0x000000070d400000, 0x000000070d400000, 0x000000070d500000|  0%| F|  |TS  0|AC  0|TAMS 0x000000070d400000, 0x000000070d400000|
| 183|0x000000070d500000, 0x000000070d500000, 0x000000070d600000|  0%| F|  |TS  0|AC  0|TAMS 0x000000070d500000, 0x000000070d500000|
| 184|0x000000070d600000, 0x000000070d600000, 0x000000070d700000|  0%| F|  |TS  0|AC  0|TAMS 0x000000070d600000, 0x000000070d600000|
| 185|0x000000070d700000, 0x000000070d75cab0, 0x000000070d800000| 36%| E|  |TS  0|AC  0|TAMS 0x000000070d700000, 0x000000070d700000|
| 186|0x000000070d800000, 0x000000070d900000, 0x000000070d900000|100%| E|CS|TS  0|AC  0|TAMS 0x000000070d800000, 0x000000070d800000|
| 187|0x000000070d900000, 0x000000070da00000, 0x000000070da00000|100%| E|CS|TS  0|AC  0|TAMS 0x000000070d900000, 0x000000070d900000|
| 188|0x000000070da00000, 0x000000070db00000, 0x000000070db00000|100%| E|CS|TS  0|AC  0|TAMS 0x000000070da00000, 0x000000070da00000|
| 189|0x000000070db00000, 0x000000070dc00000, 0x000000070dc00000|100%| E|CS|TS  0|AC  0|TAMS 0x000000070db00000, 0x000000070db00000|
| 190|0x000000070dc00000, 0x000000070dd00000, 0x000000070dd00000|100%| E|CS|TS  0|AC  0|TAMS 0x000000070dc00000, 0x000000070dc00000|
| 191|0x000000070dd00000, 0x000000070de00000, 0x000000070de00000|100%| E|CS|TS  0|AC  0|TAMS 0x000000070dd00000, 0x000000070dd00000|

Card table byte_map: [0x00007fa3c3a00000,0x00007fa3c3ff1000] byte_map_base: 0x00007fa3c01f1000

Marking Bits (Prev, Next): (CMBitMap*) 0x00007fa400075690, (CMBitMap*) 0x00007fa4000756e8
 Prev Bits: [0x00007fa3c0470000, 0x00007fa3c33f8000)
 Next Bits: [0x00007fa3bd4e0000, 0x00007fa3c0468000)

Polling page: 0x00007fa407ae0000

CodeHeap 'non-nmethods': size=5696Kb used=1266Kb max_used=1273Kb free=4429Kb
 bounds [0x00007fa3e9c50000, 0x00007fa3e9ec0000, 0x00007fa3ea1e0000]
CodeHeap 'profiled nmethods': size=120032Kb used=903Kb max_used=903Kb free=119128Kb
 bounds [0x00007fa3ea1e0000, 0x00007fa3ea450000, 0x00007fa3f1718000]
CodeHeap 'non-profiled nmethods': size=120032Kb used=184Kb max_used=184Kb free=119847Kb
 bounds [0x00007fa3f1718000, 0x00007fa3f1988000, 0x00007fa3f8c50000]
 total_blobs=1249 nmethods=578 adapters=446
 compilation: enabled

Compilation events (10 events):
Event: 11.700 Thread 0x00007fa4001ed000 nmethod 575 0x00007fa3ea2be090 code [0x00007fa3ea2be260, 0x00007fa3ea2be988]
Event: 11.700 Thread 0x00007fa4001ed000  576       3       java.lang.invoke.DirectMethodHandle::make (199 bytes)
Event: 11.703 Thread 0x00007fa4001ed000 nmethod 576 0x00007fa3ea2beb90 code [0x00007fa3ea2beee0, 0x00007fa3ea2c0728]
Event: 11.703 Thread 0x00007fa4001ed000  578       3       java.lang.String::toLowerCase (29 bytes)
Event: 11.703 Thread 0x00007fa4001e9800 nmethod 574 0x00007fa3f1745f90 code [0x00007fa3f1746100, 0x00007fa3f1746258]
Event: 11.704 Thread 0x00007fa4001ed000 nmethod 578 0x00007fa3ea2c0f90 code [0x00007fa3ea2c1140, 0x00007fa3ea2c1418]
Event: 11.704 Thread 0x00007fa4001ed000  577       3       java.lang.invoke.MemberName::isField (7 bytes)
Event: 11.704 Thread 0x00007fa4001ed000 nmethod 577 0x00007fa3ea2c1510 code [0x00007fa3ea2c16a0, 0x00007fa3ea2c1910]
Event: 11.720 Thread 0x00007fa4001ed000  579       3       java.nio.HeapByteBuffer::_get (7 bytes)
Event: 11.721 Thread 0x00007fa4001ed000 nmethod 579 0x00007fa3ea2c1a10 code [0x00007fa3ea2c1b80, 0x00007fa3ea2c1cf0]

GC Heap History (0 events):
No events

Deoptimization events (10 events):
Event: 1.122 Thread 0x00007fa400010800 Uncommon trap: reason=class_check action=maybe_recompile pc=0x00007fa3f1722768 method=java.util.HashMap.putVal(ILjava/lang/Object;Ljava/lang/Object;ZZ)Ljava/lang/Object; @ 253
Event: 1.124 Thread 0x00007fa400010800 Uncommon trap: reason=class_check action=maybe_recompile pc=0x00007fa3f1722768 method=java.util.HashMap.putVal(ILjava/lang/Object;Ljava/lang/Object;ZZ)Ljava/lang/Object; @ 253
Event: 1.124 Thread 0x00007fa400010800 Uncommon trap: reason=class_check action=maybe_recompile pc=0x00007fa3f1722768 method=java.util.HashMap.putVal(ILjava/lang/Object;Ljava/lang/Object;ZZ)Ljava/lang/Object; @ 253
Event: 1.130 Thread 0x00007fa400010800 Uncommon trap: reason=unstable_fused_if action=reinterpret pc=0x00007fa3f172e59c method=jdk.internal.org.objectweb.asm.ByteVector.putUTF8(Ljava/lang/String;)Ljdk/internal/org/objectweb/asm/ByteVector; @ 91
Event: 2.436 Thread 0x00007fa400010800 Uncommon trap: reason=bimorphic_or_optimized_type_check action=maybe_recompile pc=0x00007fa3f173ba58 method=java.util.HashMap.putVal(ILjava/lang/Object;Ljava/lang/Object;ZZ)Ljava/lang/Object; @ 253
Event: 2.436 Thread 0x00007fa400010800 Uncommon trap: reason=bimorphic_or_optimized_type_check action=maybe_recompile pc=0x00007fa3f173ba58 method=java.util.HashMap.putVal(ILjava/lang/Object;Ljava/lang/Object;ZZ)Ljava/lang/Object; @ 253
Event: 2.436 Thread 0x00007fa400010800 Uncommon trap: reason=bimorphic_or_optimized_type_check action=maybe_recompile pc=0x00007fa3f173ba58 method=java.util.HashMap.putVal(ILjava/lang/Object;Ljava/lang/Object;ZZ)Ljava/lang/Object; @ 253
Event: 2.436 Thread 0x00007fa400010800 Uncommon trap: reason=bimorphic_or_optimized_type_check action=maybe_recompile pc=0x00007fa3f173ba58 method=java.util.HashMap.putVal(ILjava/lang/Object;Ljava/lang/Object;ZZ)Ljava/lang/Object; @ 253
Event: 2.696 Thread 0x00007fa4004d3800 Uncommon trap: reason=unstable_if action=reinterpret pc=0x00007fa3f17414c0 method=sun.security.provider.SeedGenerator$ThreadedSeedGenerator.run()V @ 120
Event: 11.676 Thread 0x00007fa400010800 Uncommon trap: reason=unstable_if action=reinterpret pc=0x00007fa3f1730400 method=java.lang.String.equals(Ljava/lang/Object;)Z @ 27

Classes redefined (0 events):
No events

Internal exceptions (6 events):
Event: 0.446 Thread 0x00007fa400010800 Exception <a 'java/lang/ClassNotFoundException': sun/awt/resources/awtProvider> (0x000000070db70948) thrown at [/build/openjdk-9-argm_o/openjdk-9-9~b114/src/hotspot/src/share/vm/classfile/systemDictionary.cpp, line 224]
Event: 0.584 Thread 0x00007fa400010800 Exception <a 'java/io/FileNotFoundException'> (0x000000070dbada28) thrown at [/build/openjdk-9-argm_o/openjdk-9-9~b114/src/hotspot/src/share/vm/prims/jni.cpp, line 605]
Event: 0.586 Thread 0x00007fa400010800 Exception <a 'java/io/FileNotFoundException'> (0x000000070dbb5a78) thrown at [/build/openjdk-9-argm_o/openjdk-9-9~b114/src/hotspot/src/share/vm/prims/jni.cpp, line 605]
Event: 1.047 Thread 0x00007fa400010800 Exception <a 'java/lang/ClassNotFoundException': com/sun/swing/internal/plaf/metal/resources/metalProvider> (0x000000070d966140) thrown at [/build/openjdk-9-argm_o/openjdk-9-9~b114/src/hotspot/src/share/vm/classfile/systemDictionary.cpp, line 224]
Event: 1.049 Thread 0x00007fa400010800 Exception <a 'java/lang/ClassNotFoundException': com/sun/swing/internal/plaf/basic/resources/basicProvider> (0x000000070d969800) thrown at [/build/openjdk-9-argm_o/openjdk-9-9~b114/src/hotspot/src/share/vm/classfile/systemDictionary.cpp, line 224]
Event: 1.060 Thread 0x00007fa400010800 Implicit null exception at 0x00007fa3f1723bb8 to 0x00007fa3f1723c46

Events (10 events):
Event: 11.723 loading class sun/nio/cs/UTF_16$Decoder
Event: 11.723 loading class sun/nio/cs/UnicodeDecoder
Event: 11.723 loading class sun/nio/cs/UnicodeDecoder done
Event: 11.723 loading class sun/nio/cs/UTF_16$Decoder done
Event: 11.724 loading class sun/font/FileFontStrike
Event: 11.725 loading class sun/font/FileFontStrike done
Event: 11.725 loading class sun/font/FontScaler
Event: 11.725 loading class sun/font/FontScaler done
Event: 11.725 loading class sun/font/FreetypeFontScaler
Event: 11.726 loading class sun/font/FreetypeFontScaler done


Dynamic libraries:
00400000-00401000 r-xp 00000000 00:00 602311                     /usr/lib/jvm/java-9-openjdk-amd64/bin/java
00600000-00601000 r--p 00000000 00:00 602311                     /usr/lib/jvm/java-9-openjdk-amd64/bin/java
00601000-00602000 rw-p 00001000 00:00 602311                     /usr/lib/jvm/java-9-openjdk-amd64/bin/java
009af000-009d0000 rw-p 00000000 00:00 0                          [heap]
701e00000-70de00000 rw-p 00000000 00:00 0
70de00000-7c0000000 ---p 00000000 00:00 0
7c0000000-7c0180000 rw-p 00000000 00:00 0
7c0180000-800000000 ---p 00000000 00:00 0
7fa360000000-7fa360021000 rw-p 00000000 00:00 0
7fa360021000-7fa364000000 ---p 00000000 00:00 0
7fa368000000-7fa368021000 rw-p 00000000 00:00 0
7fa368021000-7fa36c000000 ---p 00000000 00:00 0
7fa36c000000-7fa36c021000 rw-p 00000000 00:00 0
7fa36c021000-7fa370000000 ---p 00000000 00:00 0
7fa370000000-7fa370021000 rw-p 00000000 00:00 0
7fa370021000-7fa374000000 ---p 00000000 00:00 0
7fa374000000-7fa374021000 rw-p 00000000 00:00 0
7fa374021000-7fa378000000 ---p 00000000 00:00 0
7fa378000000-7fa378021000 rw-p 00000000 00:00 0
7fa378021000-7fa37c000000 ---p 00000000 00:00 0
7fa37c000000-7fa37c021000 rw-p 00000000 00:00 0
7fa37c021000-7fa380000000 ---p 00000000 00:00 0
7fa381e60000-7fa381ee0000 rw-p 00000000 00:00 0
7fa381ee0000-7fa382064000 ---p 00000000 00:00 0
7fa382064000-7fa382161000 rw-p 00000000 00:00 0
7fa382170000-7fa382174000 ---p 00000000 00:00 0
7fa382174000-7fa382271000 rw-p 00000000 00:00 0
7fa382280000-7fa382284000 ---p 00000000 00:00 0
7fa382284000-7fa382381000 rw-p 00000000 00:00 0
7fa382390000-7fa382394000 ---p 00000000 00:00 0
7fa382394000-7fa382491000 rw-p 00000000 00:00 0
7fa3824a0000-7fa3826a0000 rw-p 00000000 00:00 0
7fa3826a0000-7fa3826a4000 ---p 00000000 00:00 0
7fa3826a4000-7fa3827a1000 rw-p 00000000 00:00 0
7fa3827b0000-7fa3827b5000 r-xp 00000000 00:00 344058             /usr/lib/x86_64-linux-gnu/libXfixes.so.3.1.0
7fa3827b5000-7fa3827b6000 ---p 00005000 00:00 344058             /usr/lib/x86_64-linux-gnu/libXfixes.so.3.1.0
7fa3827b6000-7fa3829b4000 ---p 00006000 00:00 344058             /usr/lib/x86_64-linux-gnu/libXfixes.so.3.1.0
7fa3829b4000-7fa3829b5000 r--p 00004000 00:00 344058             /usr/lib/x86_64-linux-gnu/libXfixes.so.3.1.0
7fa3829b5000-7fa3829b6000 rw-p 00005000 00:00 344058             /usr/lib/x86_64-linux-gnu/libXfixes.so.3.1.0
7fa3829c0000-7fa3829c9000 r-xp 00000000 00:00 345829             /usr/lib/x86_64-linux-gnu/libXcursor.so.1.0.2
7fa3829c9000-7fa3829ca000 ---p 00009000 00:00 345829             /usr/lib/x86_64-linux-gnu/libXcursor.so.1.0.2
7fa3829ca000-7fa382bc8000 ---p 0000a000 00:00 345829             /usr/lib/x86_64-linux-gnu/libXcursor.so.1.0.2
7fa382bc8000-7fa382bc9000 r--p 00008000 00:00 345829             /usr/lib/x86_64-linux-gnu/libXcursor.so.1.0.2
7fa382bc9000-7fa382bca000 rw-p 00009000 00:00 345829             /usr/lib/x86_64-linux-gnu/libXcursor.so.1.0.2
7fa382bd0000-7fa382bf4000 r-xp 00000000 00:00 295542             /lib/x86_64-linux-gnu/libpng12.so.0.54.0
7fa382bf4000-7fa382bf5000 ---p 00024000 00:00 295542             /lib/x86_64-linux-gnu/libpng12.so.0.54.0
7fa382bf5000-7fa382df3000 ---p 00025000 00:00 295542             /lib/x86_64-linux-gnu/libpng12.so.0.54.0
7fa382df3000-7fa382df4000 r--p 00023000 00:00 295542             /lib/x86_64-linux-gnu/libpng12.so.0.54.0
7fa382df4000-7fa382df5000 rw-p 00024000 00:00 295542             /lib/x86_64-linux-gnu/libpng12.so.0.54.0
7fa382e00000-7fa382ea4000 r-xp 00000000 00:00 322683             /usr/lib/x86_64-linux-gnu/libfreetype.so.6.12.1
7fa382ea4000-7fa382eaa000 ---p 000a4000 00:00 322683             /usr/lib/x86_64-linux-gnu/libfreetype.so.6.12.1
7fa382eaa000-7fa3830a3000 ---p 000aa000 00:00 322683             /usr/lib/x86_64-linux-gnu/libfreetype.so.6.12.1
7fa3830a3000-7fa3830a9000 r--p 000a3000 00:00 322683             /usr/lib/x86_64-linux-gnu/libfreetype.so.6.12.1
7fa3830a9000-7fa3830aa000 rw-p 000a9000 00:00 322683             /usr/lib/x86_64-linux-gnu/libfreetype.so.6.12.1
7fa3830b0000-7fa383176000 r-xp 00000000 00:00 602491             /usr/lib/jvm/java-9-openjdk-amd64/lib/amd64/libfontmanager.so
7fa383176000-7fa383179000 ---p 000c6000 00:00 602491             /usr/lib/jvm/java-9-openjdk-amd64/lib/amd64/libfontmanager.so
7fa383179000-7fa383375000 ---p 000c9000 00:00 602491             /usr/lib/jvm/java-9-openjdk-amd64/lib/amd64/libfontmanager.so
7fa383375000-7fa383378000 r--p 000c5000 00:00 602491             /usr/lib/jvm/java-9-openjdk-amd64/lib/amd64/libfontmanager.so
7fa383378000-7fa383379000 rw-p 000c8000 00:00 602491             /usr/lib/jvm/java-9-openjdk-amd64/lib/amd64/libfontmanager.so
7fa383379000-7fa38337a000 rw-p 00000000 00:00 0
7fa383380000-7fa383385000 r-xp 00000000 00:00 321819             /usr/lib/x86_64-linux-gnu/libXdmcp.so.6.0.0
7fa383385000-7fa383386000 ---p 00005000 00:00 321819             /usr/lib/x86_64-linux-gnu/libXdmcp.so.6.0.0
7fa383386000-7fa383584000 ---p 00006000 00:00 321819             /usr/lib/x86_64-linux-gnu/libXdmcp.so.6.0.0
7fa383584000-7fa383585000 r--p 00004000 00:00 321819             /usr/lib/x86_64-linux-gnu/libXdmcp.so.6.0.0
7fa383585000-7fa383586000 rw-p 00005000 00:00 321819             /usr/lib/x86_64-linux-gnu/libXdmcp.so.6.0.0
7fa383590000-7fa383592000 r-xp 00000000 00:00 322584             /usr/lib/x86_64-linux-gnu/libXau.so.6.0.0
7fa383592000-7fa383594000 ---p 00002000 00:00 322584             /usr/lib/x86_64-linux-gnu/libXau.so.6.0.0
7fa383594000-7fa383792000 ---p 00004000 00:00 322584             /usr/lib/x86_64-linux-gnu/libXau.so.6.0.0
7fa383792000-7fa383793000 r--p 00002000 00:00 322584             /usr/lib/x86_64-linux-gnu/libXau.so.6.0.0
7fa383793000-7fa383794000 rw-p 00003000 00:00 322584             /usr/lib/x86_64-linux-gnu/libXau.so.6.0.0
7fa3837a0000-7fa3837c1000 r-xp 00000000 00:00 322578             /usr/lib/x86_64-linux-gnu/libxcb.so.1.1.0
7fa3837c1000-7fa3837c2000 ---p 00021000 00:00 322578             /usr/lib/x86_64-linux-gnu/libxcb.so.1.1.0
7fa3837c2000-7fa3839c0000 ---p 00022000 00:00 322578             /usr/lib/x86_64-linux-gnu/libxcb.so.1.1.0
7fa3839c0000-7fa3839c1000 r--p 00020000 00:00 322578             /usr/lib/x86_64-linux-gnu/libxcb.so.1.1.0
7fa3839c1000-7fa3839c2000 rw-p 00021000 00:00 322578             /usr/lib/x86_64-linux-gnu/libxcb.so.1.1.0
7fa3839d0000-7fa3839df000 r-xp 00000000 00:00 345842             /usr/lib/x86_64-linux-gnu/libXi.so.6.1.0
7fa3839df000-7fa3839e0000 ---p 0000f000 00:00 345842             /usr/lib/x86_64-linux-gnu/libXi.so.6.1.0
7fa3839e0000-7fa383bde000 ---p 00010000 00:00 345842             /usr/lib/x86_64-linux-gnu/libXi.so.6.1.0
7fa383bde000-7fa383bdf000 r--p 0000e000 00:00 345842             /usr/lib/x86_64-linux-gnu/libXi.so.6.1.0
7fa383bdf000-7fa383be0000 rw-p 0000f000 00:00 345842             /usr/lib/x86_64-linux-gnu/libXi.so.6.1.0
7fa383be0000-7fa383be5000 r-xp 00000000 00:00 344121             /usr/lib/x86_64-linux-gnu/libXtst.so.6.1.0
7fa383be5000-7fa383be6000 ---p 00005000 00:00 344121             /usr/lib/x86_64-linux-gnu/libXtst.so.6.1.0
7fa383be6000-7fa383de4000 ---p 00006000 00:00 344121             /usr/lib/x86_64-linux-gnu/libXtst.so.6.1.0
7fa383de4000-7fa383de5000 r--p 00004000 00:00 344121             /usr/lib/x86_64-linux-gnu/libXtst.so.6.1.0
7fa383de5000-7fa383de6000 rw-p 00005000 00:00 344121             /usr/lib/x86_64-linux-gnu/libXtst.so.6.1.0
7fa383df0000-7fa383df9000 r-xp 00000000 00:00 344068             /usr/lib/x86_64-linux-gnu/libXrender.so.1.3.0
7fa383df9000-7fa383dfa000 ---p 00009000 00:00 344068             /usr/lib/x86_64-linux-gnu/libXrender.so.1.3.0
7fa383dfa000-7fa383ff8000 ---p 0000a000 00:00 344068             /usr/lib/x86_64-linux-gnu/libXrender.so.1.3.0
7fa383ff8000-7fa383ff9000 r--p 00008000 00:00 344068             /usr/lib/x86_64-linux-gnu/libXrender.so.1.3.0
7fa383ff9000-7fa383ffa000 rw-p 00009000 00:00 344068             /usr/lib/x86_64-linux-gnu/libXrender.so.1.3.0
7fa384000000-7fa384021000 rw-p 00000000 00:00 0
7fa384021000-7fa388000000 ---p 00000000 00:00 0
7fa388000000-7fa388021000 rw-p 00000000 00:00 0
7fa388021000-7fa38c000000 ---p 00000000 00:00 0
7fa38c000000-7fa38c159000 rw-p 00000000 00:00 0
7fa38c159000-7fa390000000 ---p 00000000 00:00 0
7fa390000000-7fa390021000 rw-p 00000000 00:00 0
7fa390021000-7fa394000000 ---p 00000000 00:00 0
7fa394000000-7fa3941e3000 rw-p 00000000 00:00 0
7fa3941e3000-7fa398000000 ---p 00000000 00:00 0
7fa398000000-7fa39825c000 rw-p 00000000 00:00 0
7fa39825c000-7fa39c000000 ---p 00000000 00:00 0
7fa39c000000-7fa39c021000 rw-p 00000000 00:00 0
7fa39c021000-7fa3a0000000 ---p 00000000 00:00 0
7fa3a0000000-7fa3a0021000 rw-p 00000000 00:00 0
7fa3a0021000-7fa3a4000000 ---p 00000000 00:00 0
7fa3a4000000-7fa3a4021000 rw-p 00000000 00:00 0
7fa3a4021000-7fa3a8000000 ---p 00000000 00:00 0
7fa3a8000000-7fa3a8021000 rw-p 00000000 00:00 0
7fa3a8021000-7fa3ac000000 ---p 00000000 00:00 0
7fa3ac000000-7fa3ac051000 rw-p 00000000 00:00 0
7fa3ac051000-7fa3b0000000 ---p 00000000 00:00 0
7fa3b0000000-7fa3b0021000 rw-p 00000000 00:00 0
7fa3b0021000-7fa3b4000000 ---p 00000000 00:00 0
7fa3b40e0000-7fa3b40e4000 ---p 00000000 00:00 0
7fa3b40e4000-7fa3b41e1000 rw-p 00000000 00:00 0
7fa3b41f0000-7fa3b4325000 r-xp 00000000 00:00 321826             /usr/lib/x86_64-linux-gnu/libX11.so.6.3.0
7fa3b4325000-7fa3b432a000 ---p 00135000 00:00 321826             /usr/lib/x86_64-linux-gnu/libX11.so.6.3.0
7fa3b432a000-7fa3b4525000 ---p 0013a000 00:00 321826             /usr/lib/x86_64-linux-gnu/libX11.so.6.3.0
7fa3b4525000-7fa3b4526000 r--p 00135000 00:00 321826             /usr/lib/x86_64-linux-gnu/libX11.so.6.3.0
7fa3b4526000-7fa3b452a000 rw-p 00136000 00:00 321826             /usr/lib/x86_64-linux-gnu/libX11.so.6.3.0
7fa3b4530000-7fa3b4541000 r-xp 00000000 00:00 322575             /usr/lib/x86_64-linux-gnu/libXext.so.6.4.0
7fa3b4541000-7fa3b4542000 ---p 00011000 00:00 322575             /usr/lib/x86_64-linux-gnu/libXext.so.6.4.0
7fa3b4542000-7fa3b4740000 ---p 00012000 00:00 322575             /usr/lib/x86_64-linux-gnu/libXext.so.6.4.0
7fa3b4740000-7fa3b4741000 r--p 00010000 00:00 322575             /usr/lib/x86_64-linux-gnu/libXext.so.6.4.0
7fa3b4741000-7fa3b4742000 rw-p 00011000 00:00 322575             /usr/lib/x86_64-linux-gnu/libXext.so.6.4.0
7fa3b4750000-7fa3b47a7000 r-xp 00000000 00:00 602583             /usr/lib/jvm/java-9-openjdk-amd64/lib/amd64/libawt_xawt.so
7fa3b47a7000-7fa3b47ab000 ---p 00057000 00:00 602583             /usr/lib/jvm/java-9-openjdk-amd64/lib/amd64/libawt_xawt.so
7fa3b47ab000-7fa3b49a7000 ---p 0005b000 00:00 602583             /usr/lib/jvm/java-9-openjdk-amd64/lib/amd64/libawt_xawt.so
7fa3b49a7000-7fa3b49a8000 r--p 00057000 00:00 602583             /usr/lib/jvm/java-9-openjdk-amd64/lib/amd64/libawt_xawt.so
7fa3b49a8000-7fa3b49ab000 rw-p 00058000 00:00 602583             /usr/lib/jvm/java-9-openjdk-amd64/lib/amd64/libawt_xawt.so
7fa3b49ab000-7fa3b49ac000 rw-p 00000000 00:00 0
7fa3b49b0000-7fa3b4a50000 r-xp 00000000 00:00 602490             /usr/lib/jvm/java-9-openjdk-amd64/lib/amd64/libawt.so
7fa3b4a50000-7fa3b4a5c000 ---p 000a0000 00:00 602490             /usr/lib/jvm/java-9-openjdk-amd64/lib/amd64/libawt.so
7fa3b4a5c000-7fa3b4c4f000 ---p 000ac000 00:00 602490             /usr/lib/jvm/java-9-openjdk-amd64/lib/amd64/libawt.so
7fa3b4c4f000-7fa3b4c50000 r--p 0009f000 00:00 602490             /usr/lib/jvm/java-9-openjdk-amd64/lib/amd64/libawt.so
7fa3b4c50000-7fa3b4c5b000 rw-p 000a0000 00:00 602490             /usr/lib/jvm/java-9-openjdk-amd64/lib/amd64/libawt.so
7fa3b4c5b000-7fa3b4c80000 rw-p 00000000 00:00 0
7fa3b4c80000-7fa3b4c81000 ---p 00000000 00:00 0
7fa3b4c81000-7fa3b4d81000 rw-p 00000000 00:00 0
7fa3b4d90000-7fa3b4d94000 ---p 00000000 00:00 0
7fa3b4d94000-7fa3b4e91000 rw-p 00000000 00:00 0
7fa3b4ea0000-7fa3b4ea4000 ---p 00000000 00:00 0
7fa3b4ea4000-7fa3b4fa1000 rw-p 00000000 00:00 0
7fa3b4fb0000-7fa3b52b1000 rw-p 00000000 00:00 0
7fa3b52c0000-7fa3b52d6000 r-xp 00000000 00:00 602492             /usr/lib/jvm/java-9-openjdk-amd64/lib/amd64/libnet.so
7fa3b52d6000-7fa3b52d7000 ---p 00016000 00:00 602492             /usr/lib/jvm/java-9-openjdk-amd64/lib/amd64/libnet.so
7fa3b52d7000-7fa3b54d5000 ---p 00017000 00:00 602492             /usr/lib/jvm/java-9-openjdk-amd64/lib/amd64/libnet.so
7fa3b54d5000-7fa3b54d6000 r--p 00015000 00:00 602492             /usr/lib/jvm/java-9-openjdk-amd64/lib/amd64/libnet.so
7fa3b54d6000-7fa3b54d7000 rw-p 00016000 00:00 602492             /usr/lib/jvm/java-9-openjdk-amd64/lib/amd64/libnet.so
7fa3b54e0000-7fa3b54f1000 r-xp 00000000 00:00 602585             /usr/lib/jvm/java-9-openjdk-amd64/lib/amd64/libnio.so
7fa3b54f1000-7fa3b54f3000 ---p 00011000 00:00 602585             /usr/lib/jvm/java-9-openjdk-amd64/lib/amd64/libnio.so
7fa3b54f3000-7fa3b56f1000 ---p 00013000 00:00 602585             /usr/lib/jvm/java-9-openjdk-amd64/lib/amd64/libnio.so
7fa3b56f1000-7fa3b56f2000 r--p 00011000 00:00 602585             /usr/lib/jvm/java-9-openjdk-amd64/lib/amd64/libnio.so
7fa3b56f2000-7fa3b56f3000 rw-p 00012000 00:00 602585             /usr/lib/jvm/java-9-openjdk-amd64/lib/amd64/libnio.so
7fa3b5700000-7fa3b5704000 ---p 00000000 00:00 0
7fa3b5704000-7fa3b5801000 rw-p 00000000 00:00 0
7fa3b5810000-7fa3b5814000 ---p 00000000 00:00 0
7fa3b5814000-7fa3b5911000 rw-p 00000000 00:00 0
7fa3b5920000-7fa3b5924000 ---p 00000000 00:00 0
7fa3b5924000-7fa3b5a21000 rw-p 00000000 00:00 0
7fa3b5a30000-7fa3b5a34000 ---p 00000000 00:00 0
7fa3b5a34000-7fa3b5b31000 rw-p 00000000 00:00 0
7fa3b5b40000-7fa3b5b44000 ---p 00000000 00:00 0
7fa3b5b44000-7fa3b5c41000 rw-p 00000000 00:00 0
7fa3b5c50000-7fa3b5c54000 ---p 00000000 00:00 0
7fa3b5c54000-7fa3b5d51000 rw-p 00000000 00:00 0
7fa3b5d58000-7fa3b5ef0000 r--p 00000000 00:00 342030             /usr/lib/locale/locale-archive
7fa3b5ef0000-7fa3b5ef4000 ---p 00000000 00:00 0
7fa3b5ef4000-7fa3b5ff1000 rw-p 00000000 00:00 0
7fa3b6000000-7fa3b8021000 rw-p 00000000 00:00 0
7fa3b8021000-7fa3bc000000 ---p 00000000 00:00 0
7fa3bc0a0000-7fa3bc0a4000 ---p 00000000 00:00 0
7fa3bc0a4000-7fa3bc1a1000 rw-p 00000000 00:00 0
7fa3bc1b0000-7fa3bc1b1000 ---p 00000000 00:00 0
7fa3bc1b1000-7fa3bc2b1000 rw-p 00000000 00:00 0
7fa3bc2c0000-7fa3bcb7f000 rw-p 00000000 00:00 0
7fa3bcb80000-7fa3bcc81000 rw-p 00000000 00:00 0
7fa3bcc90000-7fa3bcd4f000 rw-p 00000000 00:00 0
7fa3bcd50000-7fa3bce51000 rw-p 00000000 00:00 0
7fa3bce60000-7fa3bcf1f000 rw-p 00000000 00:00 0
7fa3bcf20000-7fa3bd021000 rw-p 00000000 00:00 0
7fa3bd030000-7fa3bd0ef000 rw-p 00000000 00:00 0
7fa3bd0f0000-7fa3bd1f1000 rw-p 00000000 00:00 0
7fa3bd200000-7fa3bd201000 ---p 00000000 00:00 0
7fa3bd201000-7fa3bd301000 rw-p 00000000 00:00 0
7fa3bd310000-7fa3bd311000 ---p 00000000 00:00 0
7fa3bd311000-7fa3bd411000 rw-p 00000000 00:00 0
7fa3bd420000-7fa3bd4df000 rw-p 00000000 00:00 0
7fa3bd4e0000-7fa3bd7e0000 rw-p 00000000 00:00 0
7fa3bd7e0000-7fa3c0468000 ---p 00000000 00:00 0
7fa3c0470000-7fa3c0770000 rw-p 00000000 00:00 0
7fa3c0770000-7fa3c33f8000 ---p 00000000 00:00 0
7fa3c3400000-7fa3c3460000 rw-p 00000000 00:00 0
7fa3c3460000-7fa3c39f1000 ---p 00000000 00:00 0
7fa3c3a00000-7fa3c3a60000 rw-p 00000000 00:00 0
7fa3c3a60000-7fa3c3ff1000 ---p 00000000 00:00 0
7fa3c4000000-7fa3c4021000 rw-p 00000000 00:00 0
7fa3c4021000-7fa3c8000000 ---p 00000000 00:00 0
7fa3c8000000-7fa3c8021000 rw-p 00000000 00:00 0
7fa3c8021000-7fa3cc000000 ---p 00000000 00:00 0
7fa3cc000000-7fa3cc021000 rw-p 00000000 00:00 0
7fa3cc021000-7fa3d0000000 ---p 00000000 00:00 0
7fa3d0000000-7fa3d0021000 rw-p 00000000 00:00 0
7fa3d0021000-7fa3d4000000 ---p 00000000 00:00 0
7fa3d4000000-7fa3d4021000 rw-p 00000000 00:00 0
7fa3d4021000-7fa3d8000000 ---p 00000000 00:00 0
7fa3d8000000-7fa3d8021000 rw-p 00000000 00:00 0
7fa3d8021000-7fa3dc000000 ---p 00000000 00:00 0
7fa3dc000000-7fa3dc021000 rw-p 00000000 00:00 0
7fa3dc021000-7fa3e0000000 ---p 00000000 00:00 0
7fa3e0000000-7fa3e0021000 rw-p 00000000 00:00 0
7fa3e0021000-7fa3e4000000 ---p 00000000 00:00 0
7fa3e4000000-7fa3e4021000 rw-p 00000000 00:00 0
7fa3e4021000-7fa3e8000000 ---p 00000000 00:00 0
7fa3e80a0000-7fa3e8691000 ---p 00000000 00:00 0
7fa3e86a0000-7fa3e8700000 rw-p 00000000 00:00 0
7fa3e8700000-7fa3e8c91000 ---p 00000000 00:00 0
7fa3e8ca0000-7fa3e8ca1000 ---p 00000000 00:00 0
7fa3e8ca1000-7fa3e8da1000 rw-p 00000000 00:00 0
7fa3e8db0000-7fa3e8db1000 ---p 00000000 00:00 0
7fa3e8db1000-7fa3e8eb1000 rw-p 00000000 00:00 0
7fa3e8ec0000-7fa3e8ec1000 ---p 00000000 00:00 0
7fa3e8ec1000-7fa3e8fc1000 rw-p 00000000 00:00 0
7fa3e8fd0000-7fa3e8fd1000 ---p 00000000 00:00 0
7fa3e8fd1000-7fa3e90d1000 rw-p 00000000 00:00 0
7fa3e90e0000-7fa3e90e1000 ---p 00000000 00:00 0
7fa3e90e1000-7fa3e91e1000 rw-p 00000000 00:00 0
7fa3e91f0000-7fa3e92f1000 rw-p 00000000 00:00 0
7fa3e9300000-7fa3e9401000 rw-p 00000000 00:00 0
7fa3e9410000-7fa3e9511000 rw-p 00000000 00:00 0
7fa3e9520000-7fa3e9621000 rw-p 00000000 00:00 0
7fa3e9630000-7fa3e9631000 ---p 00000000 00:00 0
7fa3e9631000-7fa3e9731000 rw-p 00000000 00:00 0
7fa3e9740000-7fa3e9741000 ---p 00000000 00:00 0
7fa3e9741000-7fa3e9841000 rw-p 00000000 00:00 0
7fa3e9850000-7fa3e9851000 ---p 00000000 00:00 0
7fa3e9851000-7fa3e9951000 rw-p 00000000 00:00 0
7fa3e9960000-7fa3e9961000 ---p 00000000 00:00 0
7fa3e9961000-7fa3e9a61000 rw-p 00000000 00:00 0
7fa3e9a70000-7fa3e9a75000 rw-p 00000000 00:00 0
7fa3e9a75000-7fa3e9b5b000 ---p 00000000 00:00 0
7fa3e9b60000-7fa3e9b65000 rw-p 00000000 00:00 0
7fa3e9b65000-7fa3e9c4b000 ---p 00000000 00:00 0
7fa3e9c50000-7fa3e9ec0000 rwxp 00000000 00:00 0
7fa3e9ec0000-7fa3ea1e0000 ---p 00000000 00:00 0
7fa3ea1e0000-7fa3ea450000 rwxp 00000000 00:00 0
7fa3ea450000-7fa3f1718000 ---p 00000000 00:00 0
7fa3f1718000-7fa3f1988000 rwxp 00000000 00:00 0
7fa3f1988000-7fa3f8c50000 ---p 00000000 00:00 0
7fa3f8c51000-7fa400000000 r--s 00000000 00:00 602343             /usr/lib/jvm/java-9-openjdk-amd64/lib/modules
7fa400000000-7fa4004e1000 rw-p 00000000 00:00 0
7fa4004e1000-7fa404000000 ---p 00000000 00:00 0
7fa404030000-7fa4040a6000 rw-p 00000000 00:00 0
7fa4040b0000-7fa4040b5000 r-xp 00000000 00:00 602567             /usr/lib/jvm/java-9-openjdk-amd64/lib/amd64/libjimage.so
7fa4040b5000-7fa4040b6000 ---p 00005000 00:00 602567             /usr/lib/jvm/java-9-openjdk-amd64/lib/amd64/libjimage.so
7fa4040b6000-7fa4042b4000 ---p 00006000 00:00 602567             /usr/lib/jvm/java-9-openjdk-amd64/lib/amd64/libjimage.so
7fa4042b4000-7fa4042b5000 r--p 00004000 00:00 602567             /usr/lib/jvm/java-9-openjdk-amd64/lib/amd64/libjimage.so
7fa4042b5000-7fa4042b6000 rw-p 00005000 00:00 602567             /usr/lib/jvm/java-9-openjdk-amd64/lib/amd64/libjimage.so
7fa4042c0000-7fa4042c7000 r-xp 00000000 00:00 602531             /usr/lib/jvm/java-9-openjdk-amd64/lib/amd64/libzip.so
7fa4042c7000-7fa4042c8000 ---p 00007000 00:00 602531             /usr/lib/jvm/java-9-openjdk-amd64/lib/amd64/libzip.so
7fa4042c8000-7fa4044c6000 ---p 00008000 00:00 602531             /usr/lib/jvm/java-9-openjdk-amd64/lib/amd64/libzip.so
7fa4044c6000-7fa4044c7000 r--p 00006000 00:00 602531             /usr/lib/jvm/java-9-openjdk-amd64/lib/amd64/libzip.so
7fa4044c7000-7fa4044c8000 rw-p 00007000 00:00 602531             /usr/lib/jvm/java-9-openjdk-amd64/lib/amd64/libzip.so
7fa4044d0000-7fa4044db000 r-xp 00000000 00:00 312687             /lib/x86_64-linux-gnu/libnss_files-2.23.so
7fa4044db000-7fa4044dc000 ---p 0000b000 00:00 312687             /lib/x86_64-linux-gnu/libnss_files-2.23.so
7fa4044dc000-7fa4046da000 ---p 0000c000 00:00 312687             /lib/x86_64-linux-gnu/libnss_files-2.23.so
7fa4046da000-7fa4046db000 r--p 0000a000 00:00 312687             /lib/x86_64-linux-gnu/libnss_files-2.23.so
7fa4046db000-7fa4046dc000 rw-p 0000b000 00:00 312687             /lib/x86_64-linux-gnu/libnss_files-2.23.so
7fa4046dc000-7fa4046e2000 rw-p 00000000 00:00 0
7fa4046f0000-7fa4046fb000 r-xp 00000000 00:00 312691             /lib/x86_64-linux-gnu/libnss_nis-2.23.so
7fa4046fb000-7fa4046fc000 ---p 0000b000 00:00 312691             /lib/x86_64-linux-gnu/libnss_nis-2.23.so
7fa4046fc000-7fa4048fa000 ---p 0000c000 00:00 312691             /lib/x86_64-linux-gnu/libnss_nis-2.23.so
7fa4048fa000-7fa4048fb000 r--p 0000a000 00:00 312691             /lib/x86_64-linux-gnu/libnss_nis-2.23.so
7fa4048fb000-7fa4048fc000 rw-p 0000b000 00:00 312691             /lib/x86_64-linux-gnu/libnss_nis-2.23.so
7fa404900000-7fa404916000 r-xp 00000000 00:00 312668             /lib/x86_64-linux-gnu/libnsl-2.23.so
7fa404916000-7fa404917000 ---p 00016000 00:00 312668             /lib/x86_64-linux-gnu/libnsl-2.23.so
7fa404917000-7fa404b15000 ---p 00017000 00:00 312668             /lib/x86_64-linux-gnu/libnsl-2.23.so
7fa404b15000-7fa404b16000 r--p 00015000 00:00 312668             /lib/x86_64-linux-gnu/libnsl-2.23.so
7fa404b16000-7fa404b17000 rw-p 00016000 00:00 312668             /lib/x86_64-linux-gnu/libnsl-2.23.so
7fa404b17000-7fa404b19000 rw-p 00000000 00:00 0
7fa404b20000-7fa404b28000 r-xp 00000000 00:00 312682             /lib/x86_64-linux-gnu/libnss_compat-2.23.so
7fa404b28000-7fa404b29000 ---p 00008000 00:00 312682             /lib/x86_64-linux-gnu/libnss_compat-2.23.so
7fa404b29000-7fa404d27000 ---p 00009000 00:00 312682             /lib/x86_64-linux-gnu/libnss_compat-2.23.so
7fa404d27000-7fa404d28000 r--p 00007000 00:00 312682             /lib/x86_64-linux-gnu/libnss_compat-2.23.so
7fa404d28000-7fa404d29000 rw-p 00008000 00:00 312682             /lib/x86_64-linux-gnu/libnss_compat-2.23.so
7fa404d30000-7fa404d5b000 r-xp 00000000 00:00 602478             /usr/lib/jvm/java-9-openjdk-amd64/lib/amd64/libjava.so
7fa404d5b000-7fa404d5d000 ---p 0002b000 00:00 602478             /usr/lib/jvm/java-9-openjdk-amd64/lib/amd64/libjava.so
7fa404d5d000-7fa404f5a000 ---p 0002d000 00:00 602478             /usr/lib/jvm/java-9-openjdk-amd64/lib/amd64/libjava.so
7fa404f5a000-7fa404f5b000 r--p 0002a000 00:00 602478             /usr/lib/jvm/java-9-openjdk-amd64/lib/amd64/libjava.so
7fa404f5b000-7fa404f5d000 rw-p 0002b000 00:00 602478             /usr/lib/jvm/java-9-openjdk-amd64/lib/amd64/libjava.so
7fa404f60000-7fa404f6d000 r-xp 00000000 00:00 602486             /usr/lib/jvm/java-9-openjdk-amd64/lib/amd64/libverify.so
7fa404f6d000-7fa404f6f000 ---p 0000d000 00:00 602486             /usr/lib/jvm/java-9-openjdk-amd64/lib/amd64/libverify.so
7fa404f6f000-7fa40516c000 ---p 0000f000 00:00 602486             /usr/lib/jvm/java-9-openjdk-amd64/lib/amd64/libverify.so
7fa40516c000-7fa40516e000 r--p 0000c000 00:00 602486             /usr/lib/jvm/java-9-openjdk-amd64/lib/amd64/libverify.so
7fa40516e000-7fa40516f000 rw-p 0000e000 00:00 602486             /usr/lib/jvm/java-9-openjdk-amd64/lib/amd64/libverify.so
7fa405170000-7fa405177000 r-xp 00000000 00:00 312692             /lib/x86_64-linux-gnu/librt-2.23.so
7fa405177000-7fa405178000 ---p 00007000 00:00 312692             /lib/x86_64-linux-gnu/librt-2.23.so
7fa405178000-7fa405376000 ---p 00008000 00:00 312692             /lib/x86_64-linux-gnu/librt-2.23.so
7fa405376000-7fa405377000 r--p 00006000 00:00 312692             /lib/x86_64-linux-gnu/librt-2.23.so
7fa405377000-7fa405378000 rw-p 00007000 00:00 312692             /lib/x86_64-linux-gnu/librt-2.23.so
7fa405380000-7fa405396000 r-xp 00000000 00:00 295656             /lib/x86_64-linux-gnu/libgcc_s.so.1
7fa405396000-7fa405595000 ---p 00016000 00:00 295656             /lib/x86_64-linux-gnu/libgcc_s.so.1
7fa405595000-7fa405596000 rw-p 00015000 00:00 295656             /lib/x86_64-linux-gnu/libgcc_s.so.1
7fa4055a0000-7fa4056a8000 r-xp 00000000 00:00 312667             /lib/x86_64-linux-gnu/libm-2.23.so
7fa4056a8000-7fa4056aa000 ---p 00108000 00:00 312667             /lib/x86_64-linux-gnu/libm-2.23.so
7fa4056aa000-7fa4058a7000 ---p 0010a000 00:00 312667             /lib/x86_64-linux-gnu/libm-2.23.so
7fa4058a7000-7fa4058a8000 r--p 00107000 00:00 312667             /lib/x86_64-linux-gnu/libm-2.23.so
7fa4058a8000-7fa4058a9000 rw-p 00108000 00:00 312667             /lib/x86_64-linux-gnu/libm-2.23.so
7fa4058b0000-7fa405a22000 r-xp 00000000 00:00 153015             /usr/lib/x86_64-linux-gnu/libstdc++.so.6.0.21
7fa405a22000-7fa405a2f000 ---p 00172000 00:00 153015             /usr/lib/x86_64-linux-gnu/libstdc++.so.6.0.21
7fa405a2f000-7fa405c22000 ---p 0017f000 00:00 153015             /usr/lib/x86_64-linux-gnu/libstdc++.so.6.0.21
7fa405c22000-7fa405c2c000 r--p 00172000 00:00 153015             /usr/lib/x86_64-linux-gnu/libstdc++.so.6.0.21
7fa405c2c000-7fa405c2e000 rw-p 0017c000 00:00 153015             /usr/lib/x86_64-linux-gnu/libstdc++.so.6.0.21
7fa405c2e000-7fa405c32000 rw-p 00000000 00:00 0
7fa405c40000-7fa406a9e000 r-xp 00000000 00:00 602520             /usr/lib/jvm/java-9-openjdk-amd64/lib/amd64/server/libjvm.so
7fa406a9e000-7fa406b90000 ---p 00e5e000 00:00 602520             /usr/lib/jvm/java-9-openjdk-amd64/lib/amd64/server/libjvm.so
7fa406b90000-7fa406c9e000 ---p 00f50000 00:00 602520             /usr/lib/jvm/java-9-openjdk-amd64/lib/amd64/server/libjvm.so
7fa406c9e000-7fa406d50000 r--p 00e5e000 00:00 602520             /usr/lib/jvm/java-9-openjdk-amd64/lib/amd64/server/libjvm.so
7fa406d50000-7fa406d82000 rw-p 00f10000 00:00 602520             /usr/lib/jvm/java-9-openjdk-amd64/lib/amd64/server/libjvm.so
7fa406d82000-7fa406dc7000 rw-p 00000000 00:00 0
7fa406dd0000-7fa406de8000 r-xp 00000000 00:00 312670             /lib/x86_64-linux-gnu/libpthread-2.23.so
7fa406de8000-7fa406df2000 ---p 00018000 00:00 312670             /lib/x86_64-linux-gnu/libpthread-2.23.so
7fa406df2000-7fa406fe7000 ---p 00022000 00:00 312670             /lib/x86_64-linux-gnu/libpthread-2.23.so
7fa406fe7000-7fa406fe8000 r--p 00017000 00:00 312670             /lib/x86_64-linux-gnu/libpthread-2.23.so
7fa406fe8000-7fa406fe9000 rw-p 00018000 00:00 312670             /lib/x86_64-linux-gnu/libpthread-2.23.so
7fa406fe9000-7fa406fed000 rw-p 00000000 00:00 0
7fa406ff0000-7fa406ff3000 r-xp 00000000 00:00 312676             /lib/x86_64-linux-gnu/libdl-2.23.so
7fa406ff3000-7fa406ff4000 ---p 00003000 00:00 312676             /lib/x86_64-linux-gnu/libdl-2.23.so
7fa406ff4000-7fa4071f2000 ---p 00004000 00:00 312676             /lib/x86_64-linux-gnu/libdl-2.23.so
7fa4071f2000-7fa4071f3000 r--p 00002000 00:00 312676             /lib/x86_64-linux-gnu/libdl-2.23.so
7fa4071f3000-7fa4071f4000 rw-p 00003000 00:00 312676             /lib/x86_64-linux-gnu/libdl-2.23.so
7fa407200000-7fa407219000 r-xp 00000000 00:00 295742             /lib/x86_64-linux-gnu/libz.so.1.2.8
7fa407219000-7fa40721a000 ---p 00019000 00:00 295742             /lib/x86_64-linux-gnu/libz.so.1.2.8
7fa40721a000-7fa407418000 ---p 0001a000 00:00 295742             /lib/x86_64-linux-gnu/libz.so.1.2.8
7fa407418000-7fa407419000 r--p 00018000 00:00 295742             /lib/x86_64-linux-gnu/libz.so.1.2.8
7fa407419000-7fa40741a000 rw-p 00019000 00:00 295742             /lib/x86_64-linux-gnu/libz.so.1.2.8
7fa407420000-7fa4075e0000 r-xp 00000000 00:00 312672             /lib/x86_64-linux-gnu/libc-2.23.so
7fa4075e0000-7fa4075e9000 ---p 001c0000 00:00 312672             /lib/x86_64-linux-gnu/libc-2.23.so
7fa4075e9000-7fa4077e0000 ---p 001c9000 00:00 312672             /lib/x86_64-linux-gnu/libc-2.23.so
7fa4077e0000-7fa4077e4000 r--p 001c0000 00:00 312672             /lib/x86_64-linux-gnu/libc-2.23.so
7fa4077e4000-7fa4077e6000 rw-p 001c4000 00:00 312672             /lib/x86_64-linux-gnu/libc-2.23.so
7fa4077e6000-7fa4077ea000 rw-p 00000000 00:00 0
7fa4077f0000-7fa4077fe000 r-xp 00000000 00:00 602579             /usr/lib/jvm/java-9-openjdk-amd64/lib/amd64/jli/libjli.so
7fa4077fe000-7fa4077ff000 ---p 0000e000 00:00 602579             /usr/lib/jvm/java-9-openjdk-amd64/lib/amd64/jli/libjli.so
7fa4077ff000-7fa4079fd000 ---p 0000f000 00:00 602579             /usr/lib/jvm/java-9-openjdk-amd64/lib/amd64/jli/libjli.so
7fa4079fd000-7fa4079fe000 r--p 0000d000 00:00 602579             /usr/lib/jvm/java-9-openjdk-amd64/lib/amd64/jli/libjli.so
7fa4079fe000-7fa4079ff000 rw-p 0000e000 00:00 602579             /usr/lib/jvm/java-9-openjdk-amd64/lib/amd64/jli/libjli.so
7fa407a00000-7fa407a26000 r-xp 00000000 00:00 312669             /lib/x86_64-linux-gnu/ld-2.23.so
7fa407a60000-7fa407abb000 rw-p 00000000 00:00 0
7fa407ac0000-7fa407ac5000 rw-p 00000000 00:00 0
7fa407ac5000-7fa407acc000 ---p 00000000 00:00 0
7fa407ad0000-7fa407ad1000 rw-p 00000000 00:00 0
7fa407ae0000-7fa407ae1000 r--p 00000000 00:00 0
7fa407af0000-7fa407af4000 ---p 00000000 00:00 0
7fa407af4000-7fa407bf1000 rw-p 00000000 00:00 0
7fa407c00000-7fa407c01000 rw-p 00000000 00:00 0
7fa407c05000-7fa407c10000 r--s 00000000 00:00 345795             /var/cache/fontconfig/945677eb7aeaf62f1d50efc3fb3ec7d8-le64.cache-6
7fa407c10000-7fa407c11000 rw-p 00000000 00:00 0
7fa407c15000-7fa407c20000 r--s 00000000 00:00 611210             /var/cache/fontconfig/d589a48862398ed80a3d6066f4f56f4c-le64.cache-6
7fa407c20000-7fa407c21000 rw-p 00000000 00:00 0
7fa407c25000-7fa407c26000 r--p 00025000 00:00 312669             /lib/x86_64-linux-gnu/ld-2.23.so
7fa407c26000-7fa407c27000 rw-p 00026000 00:00 312669             /lib/x86_64-linux-gnu/ld-2.23.so
7fa407c27000-7fa407c28000 rw-p 00000000 00:00 0
7fa407c28000-7fa407c30000 r--s 00000000 00:00 154637             /var/cache/fontconfig/bf3b770c553c462765856025a94f1ce6-le64.cache-6
7fa407c30000-7fa407c31000 rw-p 00000000 00:00 0
7fa407c38000-7fa407c40000 rw-s 00000000 00:00 143043             /tmp/hsperfdata_DxExWxExY/87
7fa407c40000-7fa407c41000 rw-p 00000000 00:00 0
7fffd2959000-7fffd3159000 rw-p 00000000 00:00 0                  [stack]
7fffd3205000-7fffd3206000 r-xp 00000000 00:00 0                  [vdso]

VM Arguments:
java_command: Solar System.jar
java_class_path (initial): Solar System.jar
Launcher Type: SUN_STANDARD

Environment Variables:
PATH=/home/DxExWxExY/bin:/home/DxExWxExY/.local/bin:/usr/local/sbin:/usr/local/bin:/usr/sbin:/usr/bin:/sbin:/bin:/usr/games:/usr/local/games:/mnt/c/ProgramData/Oracle/Java/javapath_target_3137218:/mnt/c/Windows/System32:/mnt/c/Windows:/mnt/c/Windows/System32/wbem:/mnt/c/Windows/System32/WindowsPowerShell/v1.0:/mnt/c/Program Files/Git/cmd:/mnt/c/Program Files/dotnet:/mnt/c/Users/DxExWxExY/AppData/Local/Microsoft/WindowsApps:/snap/bin
SHELL=/bin/bash
DISPLAY=localhost:0.0
HOSTTYPE=x86_64

Signal Handlers:
SIGSEGV: [libjvm.so+0xc12c20], sa_mask[0]=11111111111111111111111111111110, sa_flags=SA_RESTART|SA_SIGINFO
SIGBUS: [libjvm.so+0xc12c20], sa_mask[0]=11111111111111111111111111111110, sa_flags=SA_RESTART|SA_SIGINFO
SIGFPE: [libjvm.so+0xc12c20], sa_mask[0]=11111111111111111111111111111110, sa_flags=SA_RESTART|SA_SIGINFO
SIGPIPE: [libjvm.so+0xa3b600], sa_mask[0]=11111111111111111111111111111110, sa_flags=SA_RESTART|SA_SIGINFO
SIGXFSZ: [libjvm.so+0xa3b600], sa_mask[0]=11111111111111111111111111111110, sa_flags=SA_RESTART|SA_SIGINFO
SIGILL: [libjvm.so+0xc12c20], sa_mask[0]=11111111111111111111111111111110, sa_flags=SA_RESTART|SA_SIGINFO
SIGUSR2: [libjvm.so+0xa3b4a0], sa_mask[0]=00000000000000000000000000000000, sa_flags=SA_RESTART|SA_SIGINFO
SIGHUP: [libjvm.so+0xa3b870], sa_mask[0]=11111111111111111111111111111110, sa_flags=SA_RESTART|SA_SIGINFO
SIGINT: [libjvm.so+0xa3b870], sa_mask[0]=11111111111111111111111111111110, sa_flags=SA_RESTART|SA_SIGINFO
SIGTERM: [libjvm.so+0xa3b870], sa_mask[0]=11111111111111111111111111111110, sa_flags=SA_RESTART|SA_SIGINFO
SIGQUIT: [libjvm.so+0xa3b870], sa_mask[0]=11111111111111111111111111111110, sa_flags=SA_RESTART|SA_SIGINFO


---------------  S Y S T E M  ---------------

OS:DISTRIB_ID=Ubuntu
DISTRIB_RELEASE=16.04
DISTRIB_CODENAME=xenial
DISTRIB_DESCRIPTION="Ubuntu 16.04.4 LTS"
uname:Linux 4.4.0-43-Microsoft #1-Microsoft Wed Dec 31 14:42:53 PST 2014 x86_64
libc:glibc 2.23 NPTL 2.23 
rlimit: STACK 8192k, CORE 0k, NPROC 7823, NOFILE 65536, AS infinity
load average:0.52 0.58 0.59

/proc/meminfo:
MemTotal:       12452516 kB
MemFree:         8768112 kB
Buffers:           34032 kB
Cached:           188576 kB
SwapCached:            0 kB
Active:           167556 kB
Inactive:         157876 kB
Active(anon):     103104 kB
Inactive(anon):    17440 kB
Active(file):      64452 kB
Inactive(file):   140436 kB
Unevictable:           0 kB
Mlocked:               0 kB
SwapTotal:      22249468 kB
SwapFree:       22249468 kB
Dirty:                 0 kB
Writeback:             0 kB
AnonPages:        102824 kB
Mapped:            71404 kB
Shmem:             17720 kB
Slab:              13868 kB
SReclaimable:       6744 kB
SUnreclaim:         7124 kB
KernelStack:        2848 kB
PageTables:         2524 kB
NFS_Unstable:          0 kB
Bounce:                0 kB
WritebackTmp:          0 kB
CommitLimit:      515524 kB
Committed_AS:    3450064 kB
VmallocTotal:     122880 kB
VmallocUsed:       21296 kB
VmallocChunk:      66044 kB
HardwareCorrupted:     0 kB
AnonHugePages:      2048 kB
HugePages_Total:       0
HugePages_Free:        0
HugePages_Rsvd:        0
HugePages_Surp:        0
Hugepagesize:       2048 kB
DirectMap4k:       12280 kB
DirectMap4M:      897024 kB


CPU:total 4 (2 cores per cpu, 2 threads per core) family 6 model 142 stepping 9, cmov, cx8, fxsr, mmx, sse, sse2, sse3, ssse3, sse4.1, sse4.2, popcnt, avx, avx2, aes, clmul, erms, 3dnowpref, lzcnt, ht, tsc, tscinvbit, bmi1, bmi2, adx

CPU Model and flags from /proc/cpuinfo:
model name	: Intel(R) Core(TM) i5-7200U CPU @ 2.50GHz
flags		: fpu vme de pse tsc msr pae mce cx8 apic sep mtrr pge mca cmov pat pse36 clflush dts acpi mmx fxsr sse sse2 ss ht tm pbe syscall nx pdpe1gb rdtscp lm pni pclmulqdq dtes64 monitor ds_cpl vmx est tm2 ssse3 fma cx16 xtpr pdcm pcid sse4_1 sse4_2 x2apic movbe popcnt tsc_deadline_timer aes xsave osxsave avx f16c rdrand

Memory: 4k page, physical 12452516k(8768112k free), swap 22249468k(22249468k free)

vm_info: OpenJDK 64-Bit Server VM (9-internal+0-2016-04-14-195246.buildd.src) for linux-amd64 JRE (9-internal+0-2016-04-14-195246.buildd.src), built on Apr 14 2016 20:05:37 by "buildd" with gcc 5.3.1 20160413

END.
