#
# A fatal error has been detected by the Java Runtime Environment:
#
#  SIGSEGV (0xb) at pc=0x00007fc0679cd009, pid=186, tid=187
#
# JRE version: OpenJDK Runtime Environment (9.0) (build 9-internal+0-2016-04-14-195246.buildd.src)
# Java VM: OpenJDK 64-Bit Server VM (9-internal+0-2016-04-14-195246.buildd.src, mixed mode, tiered, compressed oops, g1 gc, linux-amd64)
# Problematic frame:
# C  [libjava.so+0x1d009]  JNU_GetEnv+0x19
#
# Core dump will be written. Default location: core.186 (may not exist)
#
# If you would like to submit a bug report, please visit:
#   http://bugreport.java.com/bugreport/crash.jsp
# The crash happened outside the Java Virtual Machine in native code.
# See problematic frame for where to report the bug.
#

---------------  S U M M A R Y ------------

Command Line: Solar System.jar

Host: Intel(R) Core(TM) i5-7200U CPU @ 2.50GHz, 4 cores, 11G, Ubuntu 16.04.4 LTS
Time: Tue Apr  3 14:10:54 2018 DST elapsed time: 0 seconds (0d 0h 0m 0s)

---------------  T H R E A D  ---------------

Current thread (0x00007fc068010800):  JavaThread "main" [_thread_in_native, id=187, stack(0x00007fc06e8e0000,0x00007fc06e9e1000)]

Stack: [0x00007fc06e8e0000,0x00007fc06e9e1000],  sp=0x00007fc06e9de030,  free space=1016k
Native frames: (J=compiled Java code, j=interpreted, Vv=VM code, C=native code)
C  [libjava.so+0x1d009]  JNU_GetEnv+0x19
C  [libfontmanager.so+0x33f8e]
C  [libfreetype.so.6+0x14d2b]  FT_Stream_Seek+0x1b

Java frames: (J=compiled Java code, j=interpreted, Vv=VM code)
j  sun.font.FreetypeFontScaler.initNativeScaler(Lsun/font/Font2D;IIZI)J+0 java.desktop@9-internal
j  sun.font.FreetypeFontScaler.<init>(Lsun/font/Font2D;IZI)V+26 java.desktop@9-internal
v  ~StubRoutines::call_stub
j  sun.reflect.NativeConstructorAccessorImpl.newInstance0(Ljava/lang/reflect/Constructor;[Ljava/lang/Object;)Ljava/lang/Object;+0 java.base@9-internal
j  sun.reflect.NativeConstructorAccessorImpl.newInstance([Ljava/lang/Object;)Ljava/lang/Object;+85 java.base@9-internal
j  sun.reflect.DelegatingConstructorAccessorImpl.newInstance([Ljava/lang/Object;)Ljava/lang/Object;+5 java.base@9-internal
j  java.lang.reflect.Constructor.newInstance([Ljava/lang/Object;)Ljava/lang/Object;+65 java.base@9-internal
j  sun.font.FontScaler.getScaler(Lsun/font/Font2D;IZI)Lsun/font/FontScaler;+39 java.desktop@9-internal
j  sun.font.TrueTypeFont.getScaler()Lsun/font/FontScaler;+21 java.desktop@9-internal
j  sun.font.FileFontStrike.<init>(Lsun/font/FileFont;Lsun/font/FontStrikeDesc;)V+204 java.desktop@9-internal
j  sun.font.FileFont.createStrike(Lsun/font/FontStrikeDesc;)Lsun/font/FontStrike;+18 java.desktop@9-internal
j  sun.font.Font2D.getStrike(Lsun/font/FontStrikeDesc;Z)Lsun/font/FontStrike;+92 java.desktop@9-internal
j  sun.font.Font2D.getStrike(Lsun/font/FontStrikeDesc;)Lsun/font/FontStrike;+3 java.desktop@9-internal
j  sun.font.CompositeStrike.getStrikeForSlot(I)Lsun/font/PhysicalStrike;+23 java.desktop@9-internal
j  sun.font.CompositeStrike.getFontMetrics()Lsun/font/StrikeMetrics;+31 java.desktop@9-internal
j  sun.font.FontDesignMetrics.initMatrixAndMetrics()V+28 java.desktop@9-internal
j  sun.font.FontDesignMetrics.<init>(Ljava/awt/Font;Ljava/awt/font/FontRenderContext;)V+62 java.desktop@9-internal
j  sun.font.FontDesignMetrics.getMetrics(Ljava/awt/Font;Ljava/awt/font/FontRenderContext;)Lsun/font/FontDesignMetrics;+128 java.desktop@9-internal
j  sun.swing.SwingUtilities2.getFontMetrics(Ljavax/swing/JComponent;Ljava/awt/Font;)Ljava/awt/FontMetrics;+15 java.desktop@9-internal
j  javax.swing.JComponent.getFontMetrics(Ljava/awt/Font;)Ljava/awt/FontMetrics;+2 java.desktop@9-internal
j  javax.swing.plaf.basic.BasicLabelUI.getPreferredSize(Ljavax/swing/JComponent;)Ljava/awt/Dimension;+144 java.desktop@9-internal
j  javax.swing.JComponent.getPreferredSize()Ljava/awt/Dimension;+26 java.desktop@9-internal
j  java.awt.BorderLayout.preferredLayoutSize(Ljava/awt/Container;)Ljava/awt/Dimension;+264 java.desktop@9-internal
j  java.awt.Container.preferredSize()Ljava/awt/Dimension;+43 java.desktop@9-internal
j  java.awt.Container.getPreferredSize()Ljava/awt/Dimension;+1 java.desktop@9-internal
j  javax.swing.JComponent.getPreferredSize()Ljava/awt/Dimension;+39 java.desktop@9-internal
j  javax.swing.JRootPane$RootLayout.preferredLayoutSize(Ljava/awt/Container;)Ljava/awt/Dimension;+26 java.desktop@9-internal
j  java.awt.Container.preferredSize()Ljava/awt/Dimension;+43 java.desktop@9-internal
j  java.awt.Container.getPreferredSize()Ljava/awt/Dimension;+1 java.desktop@9-internal
j  javax.swing.JComponent.getPreferredSize()Ljava/awt/Dimension;+39 java.desktop@9-internal
j  java.awt.BorderLayout.preferredLayoutSize(Ljava/awt/Container;)Ljava/awt/Dimension;+157 java.desktop@9-internal
j  java.awt.Container.preferredSize()Ljava/awt/Dimension;+43 java.desktop@9-internal
j  java.awt.Container.getPreferredSize()Ljava/awt/Dimension;+1 java.desktop@9-internal
j  java.awt.Window.pack()V+32 java.desktop@9-internal
j  Universe.run()V+17
j  Universe.main([Ljava/lang/String;)V+8
v  ~StubRoutines::call_stub

siginfo: si_signo: 11 (SIGSEGV), si_code: 1 (SEGV_MAPERR), si_addr: 0x0000000000000000

Register to memory mapping:

RAX=0x0000000000000000 is an unknown value
RBX=0x0000000000000000 is an unknown value
RCX=0x0000000000000000 is an unknown value
RDX=0x0000000000010002 is an unknown value
RSP=0x00007fc06e9de030 is pointing into the stack for thread: 0x00007fc068010800
RBP=0x00007fc06e9de040 is pointing into the stack for thread: 0x00007fc068010800
RSI=0x0000000000010002 is an unknown value
RDI=0x0000000000000000 is an unknown value
R8 =0x0000000000000000 is an unknown value
R9 =0x0000000000000000 is an unknown value
R10=0x00000000000001db is an unknown value
R11=0x00007fc0679ccff0: JNU_GetEnv+0x0000000000000000 in /usr/lib/jvm/java-9-openjdk-amd64/lib/amd64/libjava.so at 0x00007fc0679b0000
R12=0x00007fc06842c140 is an unknown value
R13=0x0000000000000000 is an unknown value
R14=0x0000000000000000 is an unknown value
R15=0x00007fc0684631f0 is an unknown value


Registers:
RAX=0x0000000000000000, RBX=0x0000000000000000, RCX=0x0000000000000000, RDX=0x0000000000010002
RSP=0x00007fc06e9de030, RBP=0x00007fc06e9de040, RSI=0x0000000000010002, RDI=0x0000000000000000
R8 =0x0000000000000000, R9 =0x0000000000000000, R10=0x00000000000001db, R11=0x00007fc0679ccff0
R12=0x00007fc06842c140, R13=0x0000000000000000, R14=0x0000000000000000, R15=0x00007fc0684631f0
RIP=0x00007fc0679cd009, EFLAGS=0x0000000000010246, CSGSFS=0x00000053002b0033, ERR=0x0000000000000000
  TRAPNO=0x0000000000000000

Top of Stack: (sp=0x00007fc06e9de030)
0x00007fc06e9de030:   0000000000000000 1358f4aa0e77be00
0x00007fc06e9de040:   00007fc06e9de080 00007fbff2123f8e
0x00007fc06e9de050:   00007fc06842c5a0 00007fc06842c140
0x00007fc06e9de060:   0000000000000000 0000000000000000
0x00007fc06e9de070:   00007fc06842c140 00007fc0684631f0
0x00007fc06e9de080:   0000000000000000 00007fbff1e54d2b
0x00007fc06e9de090:   0000000000000000 00007fbff20e6d80
0x00007fc06e9de0a0:   0000000000000000 00007fbff1e688e0
0x00007fc06e9de0b0:   0000000000000002 0000003200000008
0x00007fc06e9de0c0:   0000000000000000 0000000000000000
0x00007fc06e9de0d0:   0000006e0000005b 0000000000000000
0x00007fc06e9de0e0:   0000000000000000 0000007c00000077
0x00007fc06e9de0f0:   0000000000000000 0000000000000000
0x00007fc06e9de100:   000000004e8b41d0 468b41e04e8b45e8
0x00007fc06e9de110:   0000000000000000 00007fc068000020
0x00007fc06e9de120:   0000000000000070 00007fc06e9de1d4
0x00007fc06e9de130:   00007fc06842c5a0 00007fc0684631f0
0x00007fc06e9de140:   00007fc06e9de1d4 00007fc06e2a4184
0x00007fc06e9de150:   00007fc06e9de2a0 00007fc06e9de184
0x00007fc06e9de160:   00007fbff20e39e0 1358f4aa0e77be00
0x00007fc06e9de170:   0000000000000070 00007fc06842c3e0
0x00007fc06e9de180:   00007fbff20e39e0 00007fc06e9de298
0x00007fc06e9de190:   00007fc06842c5a0 00007fc0684631f0
0x00007fc06e9de1a0:   00007fc068463720 00007fbff1e574c2
0x00007fc06e9de1b0:   0000000100000000 00007fc06e9de2a0
0x00007fc06e9de1c0:   0000000000000000 0000000000000000
0x00007fc06e9de1d0:   000000006e9de298 1358f4aa0e77be00
0x00007fc06e9de1e0:   00007fc06842c3e0 00007fc06e9de2a0
0x00007fc06e9de1f0:   0000000000000000 00007fc06842c4c8
0x00007fc06e9de200:   00007fc06e9de4a0 00007fc06842c428
0x00007fc06e9de210:   00007fc06842c5a0 00007fbff1e59581
0x00007fc06e9de220:   00007fc06e9de2a0 00007fbff1e59376 

Instructions: (pc=0x00007fc0679cd009)
0x00007fc0679ccfe9:   ff eb ea 0f 1f 40 00 55 89 f2 48 89 e5 48 83 ec
0x00007fc0679ccff9:   10 64 48 8b 04 25 28 00 00 00 48 89 45 f8 31 c0
0x00007fc0679cd009:   48 8b 07 48 8d 75 f0 ff 50 30 48 8b 4d f8 64 48
0x00007fc0679cd019:   33 0c 25 28 00 00 00 48 8b 45 f0 75 02 c9 c3 e8 


---------------  P R O C E S S  ---------------

Java Threads: ( => current thread )
  0x00007fc06843e800 JavaThread "AWT-Shutdown" [_thread_blocked, id=213, stack(0x00007fbff12c0000,0x00007fbff13c1000)]
  0x00007fc0683e3800 JavaThread "AWT-XAWT" daemon [_thread_in_native, id=212, stack(0x00007fbff15d0000,0x00007fbff16d1000)]
  0x00007fc0683c6800 JavaThread "Java2D Disposer" daemon [_thread_blocked, id=211, stack(0x00007fbff1b00000,0x00007fbff1c01000)]
  0x00007fc0682e4800 JavaThread "Service Thread" daemon [_thread_blocked, id=209, stack(0x00007fbff3be0000,0x00007fbff3ce1000)]
  0x00007fc068236800 JavaThread "Common-Cleaner" daemon [_thread_blocked, id=208, stack(0x00007fc040020000,0x00007fc040121000)]
  0x00007fc0681ef000 JavaThread "Sweeper thread" daemon [_thread_blocked, id=207, stack(0x00007fc040570000,0x00007fc040671000)]
  0x00007fc0681ed000 JavaThread "C1 CompilerThread2" daemon [_thread_blocked, id=206, stack(0x00007fc040680000,0x00007fc040781000)]
  0x00007fc0681eb000 JavaThread "C2 CompilerThread1" daemon [_thread_in_native, id=205, stack(0x00007fc040790000,0x00007fc040891000)]
  0x00007fc0681e9800 JavaThread "C2 CompilerThread0" daemon [_thread_blocked, id=204, stack(0x00007fc0408a0000,0x00007fc0409a1000)]
  0x00007fc0681e5000 JavaThread "Signal Dispatcher" daemon [_thread_blocked, id=203, stack(0x00007fc0409b0000,0x00007fc040ab1000)]
  0x00007fc0681e3000 JavaThread "Surrogate Locker Thread (Concurrent GC)" daemon [_thread_blocked, id=202, stack(0x00007fc040ac0000,0x00007fc040bc1000)]
  0x00007fc0681d1800 JavaThread "Finalizer" daemon [_thread_blocked, id=201, stack(0x00007fc040d60000,0x00007fc040e61000)]
  0x00007fc0681cd800 JavaThread "Reference Handler" daemon [_thread_blocked, id=200, stack(0x00007fc040e70000,0x00007fc040f71000)]
=>0x00007fc068010800 JavaThread "main" [_thread_in_native, id=187, stack(0x00007fc06e8e0000,0x00007fc06e9e1000)]

Other Threads:
  0x00007fc0681c3800 VMThread [stack: 0x00007fc040f80000,0x00007fc041081000] [id=199]
  0x00007fc0682e7000 WatcherThread [stack: 0x00007fbff3ad0000,0x00007fbff3bd1000] [id=210]

Threads with active compile tasks:

VM state:not at safepoint (normal execution)

VM Mutex/Monitor currently owned by a thread: None

heap address: 0x0000000701e00000, size: 3042 MB, Compressed Oops mode: Zero based, Oop shift amount: 3
Narrow klass base: 0x0000000000000000, Narrow klass shift: 3
Compressed class space size: 1073741824 Address: 0x00000007c0000000

Heap:
 garbage-first heap   total 196608K, used 5120K [0x0000000701e00000, 0x0000000701f00600, 0x00000007c0000000)
  region size 1024K, 6 young (6144K), 0 survivors (0K)
 Metaspace       used 10729K, capacity 11046K, committed 11392K, reserved 1058816K
  class space    used 1174K, capacity 1315K, committed 1408K, reserved 1048576K

Heap Regions: E=young(eden), S=young(survivor), O=old, HS=humongous(starts), HC=humongous(continues), CS=collection set, F=free, A=archive, TS=gc time stamp, AC=allocation context, TAMS=top-at-mark-start (previous, next)
|   0|0x0000000701e00000, 0x0000000701e00000, 0x0000000701f00000|  0%| F|  |TS  0|AC  0|TAMS 0x0000000701e00000, 0x0000000701e00000|
|   1|0x0000000701f00000, 0x0000000701f00000, 0x0000000702000000|  0%| F|  |TS  0|AC  0|TAMS 0x0000000701f00000, 0x0000000701f00000|
|   2|0x0000000702000000, 0x0000000702000000, 0x0000000702100000|  0%| F|  |TS  0|AC  0|TAMS 0x0000000702000000, 0x0000000702000000|
|   3|0x0000000702100000, 0x0000000702100000, 0x0000000702200000|  0%| F|  |TS  0|AC  0|TAMS 0x0000000702100000, 0x0000000702100000|
|   4|0x0000000702200000, 0x0000000702200000, 0x0000000702300000|  0%| F|  |TS  0|AC  0|TAMS 0x0000000702200000, 0x0000000702200000|
|   5|0x0000000702300000, 0x0000000702300000, 0x0000000702400000|  0%| F|  |TS  0|AC  0|TAMS 0x0000000702300000, 0x0000000702300000|
|   6|0x0000000702400000, 0x0000000702400000, 0x0000000702500000|  0%| F|  |TS  0|AC  0|TAMS 0x0000000702400000, 0x0000000702400000|
|   7|0x0000000702500000, 0x0000000702500000, 0x0000000702600000|  0%| F|  |TS  0|AC  0|TAMS 0x0000000702500000, 0x0000000702500000|
|   8|0x0000000702600000, 0x0000000702600000, 0x0000000702700000|  0%| F|  |TS  0|AC  0|TAMS 0x0000000702600000, 0x0000000702600000|
|   9|0x0000000702700000, 0x0000000702700000, 0x0000000702800000|  0%| F|  |TS  0|AC  0|TAMS 0x0000000702700000, 0x0000000702700000|
|  10|0x0000000702800000, 0x0000000702800000, 0x0000000702900000|  0%| F|  |TS  0|AC  0|TAMS 0x0000000702800000, 0x0000000702800000|
|  11|0x0000000702900000, 0x0000000702900000, 0x0000000702a00000|  0%| F|  |TS  0|AC  0|TAMS 0x0000000702900000, 0x0000000702900000|
|  12|0x0000000702a00000, 0x0000000702a00000, 0x0000000702b00000|  0%| F|  |TS  0|AC  0|TAMS 0x0000000702a00000, 0x0000000702a00000|
|  13|0x0000000702b00000, 0x0000000702b00000, 0x0000000702c00000|  0%| F|  |TS  0|AC  0|TAMS 0x0000000702b00000, 0x0000000702b00000|
|  14|0x0000000702c00000, 0x0000000702c00000, 0x0000000702d00000|  0%| F|  |TS  0|AC  0|TAMS 0x0000000702c00000, 0x0000000702c00000|
|  15|0x0000000702d00000, 0x0000000702d00000, 0x0000000702e00000|  0%| F|  |TS  0|AC  0|TAMS 0x0000000702d00000, 0x0000000702d00000|
|  16|0x0000000702e00000, 0x0000000702e00000, 0x0000000702f00000|  0%| F|  |TS  0|AC  0|TAMS 0x0000000702e00000, 0x0000000702e00000|
|  17|0x0000000702f00000, 0x0000000702f00000, 0x0000000703000000|  0%| F|  |TS  0|AC  0|TAMS 0x0000000702f00000, 0x0000000702f00000|
|  18|0x0000000703000000, 0x0000000703000000, 0x0000000703100000|  0%| F|  |TS  0|AC  0|TAMS 0x0000000703000000, 0x0000000703000000|
|  19|0x0000000703100000, 0x0000000703100000, 0x0000000703200000|  0%| F|  |TS  0|AC  0|TAMS 0x0000000703100000, 0x0000000703100000|
|  20|0x0000000703200000, 0x0000000703200000, 0x0000000703300000|  0%| F|  |TS  0|AC  0|TAMS 0x0000000703200000, 0x0000000703200000|
|  21|0x0000000703300000, 0x0000000703300000, 0x0000000703400000|  0%| F|  |TS  0|AC  0|TAMS 0x0000000703300000, 0x0000000703300000|
|  22|0x0000000703400000, 0x0000000703400000, 0x0000000703500000|  0%| F|  |TS  0|AC  0|TAMS 0x0000000703400000, 0x0000000703400000|
|  23|0x0000000703500000, 0x0000000703500000, 0x0000000703600000|  0%| F|  |TS  0|AC  0|TAMS 0x0000000703500000, 0x0000000703500000|
|  24|0x0000000703600000, 0x0000000703600000, 0x0000000703700000|  0%| F|  |TS  0|AC  0|TAMS 0x0000000703600000, 0x0000000703600000|
|  25|0x0000000703700000, 0x0000000703700000, 0x0000000703800000|  0%| F|  |TS  0|AC  0|TAMS 0x0000000703700000, 0x0000000703700000|
|  26|0x0000000703800000, 0x0000000703800000, 0x0000000703900000|  0%| F|  |TS  0|AC  0|TAMS 0x0000000703800000, 0x0000000703800000|
|  27|0x0000000703900000, 0x0000000703900000, 0x0000000703a00000|  0%| F|  |TS  0|AC  0|TAMS 0x0000000703900000, 0x0000000703900000|
|  28|0x0000000703a00000, 0x0000000703a00000, 0x0000000703b00000|  0%| F|  |TS  0|AC  0|TAMS 0x0000000703a00000, 0x0000000703a00000|
|  29|0x0000000703b00000, 0x0000000703b00000, 0x0000000703c00000|  0%| F|  |TS  0|AC  0|TAMS 0x0000000703b00000, 0x0000000703b00000|
|  30|0x0000000703c00000, 0x0000000703c00000, 0x0000000703d00000|  0%| F|  |TS  0|AC  0|TAMS 0x0000000703c00000, 0x0000000703c00000|
|  31|0x0000000703d00000, 0x0000000703d00000, 0x0000000703e00000|  0%| F|  |TS  0|AC  0|TAMS 0x0000000703d00000, 0x0000000703d00000|
|  32|0x0000000703e00000, 0x0000000703e00000, 0x0000000703f00000|  0%| F|  |TS  0|AC  0|TAMS 0x0000000703e00000, 0x0000000703e00000|
|  33|0x0000000703f00000, 0x0000000703f00000, 0x0000000704000000|  0%| F|  |TS  0|AC  0|TAMS 0x0000000703f00000, 0x0000000703f00000|
|  34|0x0000000704000000, 0x0000000704000000, 0x0000000704100000|  0%| F|  |TS  0|AC  0|TAMS 0x0000000704000000, 0x0000000704000000|
|  35|0x0000000704100000, 0x0000000704100000, 0x0000000704200000|  0%| F|  |TS  0|AC  0|TAMS 0x0000000704100000, 0x0000000704100000|
|  36|0x0000000704200000, 0x0000000704200000, 0x0000000704300000|  0%| F|  |TS  0|AC  0|TAMS 0x0000000704200000, 0x0000000704200000|
|  37|0x0000000704300000, 0x0000000704300000, 0x0000000704400000|  0%| F|  |TS  0|AC  0|TAMS 0x0000000704300000, 0x0000000704300000|
|  38|0x0000000704400000, 0x0000000704400000, 0x0000000704500000|  0%| F|  |TS  0|AC  0|TAMS 0x0000000704400000, 0x0000000704400000|
|  39|0x0000000704500000, 0x0000000704500000, 0x0000000704600000|  0%| F|  |TS  0|AC  0|TAMS 0x0000000704500000, 0x0000000704500000|
|  40|0x0000000704600000, 0x0000000704600000, 0x0000000704700000|  0%| F|  |TS  0|AC  0|TAMS 0x0000000704600000, 0x0000000704600000|
|  41|0x0000000704700000, 0x0000000704700000, 0x0000000704800000|  0%| F|  |TS  0|AC  0|TAMS 0x0000000704700000, 0x0000000704700000|
|  42|0x0000000704800000, 0x0000000704800000, 0x0000000704900000|  0%| F|  |TS  0|AC  0|TAMS 0x0000000704800000, 0x0000000704800000|
|  43|0x0000000704900000, 0x0000000704900000, 0x0000000704a00000|  0%| F|  |TS  0|AC  0|TAMS 0x0000000704900000, 0x0000000704900000|
|  44|0x0000000704a00000, 0x0000000704a00000, 0x0000000704b00000|  0%| F|  |TS  0|AC  0|TAMS 0x0000000704a00000, 0x0000000704a00000|
|  45|0x0000000704b00000, 0x0000000704b00000, 0x0000000704c00000|  0%| F|  |TS  0|AC  0|TAMS 0x0000000704b00000, 0x0000000704b00000|
|  46|0x0000000704c00000, 0x0000000704c00000, 0x0000000704d00000|  0%| F|  |TS  0|AC  0|TAMS 0x0000000704c00000, 0x0000000704c00000|
|  47|0x0000000704d00000, 0x0000000704d00000, 0x0000000704e00000|  0%| F|  |TS  0|AC  0|TAMS 0x0000000704d00000, 0x0000000704d00000|
|  48|0x0000000704e00000, 0x0000000704e00000, 0x0000000704f00000|  0%| F|  |TS  0|AC  0|TAMS 0x0000000704e00000, 0x0000000704e00000|
|  49|0x0000000704f00000, 0x0000000704f00000, 0x0000000705000000|  0%| F|  |TS  0|AC  0|TAMS 0x0000000704f00000, 0x0000000704f00000|
|  50|0x0000000705000000, 0x0000000705000000, 0x0000000705100000|  0%| F|  |TS  0|AC  0|TAMS 0x0000000705000000, 0x0000000705000000|
|  51|0x0000000705100000, 0x0000000705100000, 0x0000000705200000|  0%| F|  |TS  0|AC  0|TAMS 0x0000000705100000, 0x0000000705100000|
|  52|0x0000000705200000, 0x0000000705200000, 0x0000000705300000|  0%| F|  |TS  0|AC  0|TAMS 0x0000000705200000, 0x0000000705200000|
|  53|0x0000000705300000, 0x0000000705300000, 0x0000000705400000|  0%| F|  |TS  0|AC  0|TAMS 0x0000000705300000, 0x0000000705300000|
|  54|0x0000000705400000, 0x0000000705400000, 0x0000000705500000|  0%| F|  |TS  0|AC  0|TAMS 0x0000000705400000, 0x0000000705400000|
|  55|0x0000000705500000, 0x0000000705500000, 0x0000000705600000|  0%| F|  |TS  0|AC  0|TAMS 0x0000000705500000, 0x0000000705500000|
|  56|0x0000000705600000, 0x0000000705600000, 0x0000000705700000|  0%| F|  |TS  0|AC  0|TAMS 0x0000000705600000, 0x0000000705600000|
|  57|0x0000000705700000, 0x0000000705700000, 0x0000000705800000|  0%| F|  |TS  0|AC  0|TAMS 0x0000000705700000, 0x0000000705700000|
|  58|0x0000000705800000, 0x0000000705800000, 0x0000000705900000|  0%| F|  |TS  0|AC  0|TAMS 0x0000000705800000, 0x0000000705800000|
|  59|0x0000000705900000, 0x0000000705900000, 0x0000000705a00000|  0%| F|  |TS  0|AC  0|TAMS 0x0000000705900000, 0x0000000705900000|
|  60|0x0000000705a00000, 0x0000000705a00000, 0x0000000705b00000|  0%| F|  |TS  0|AC  0|TAMS 0x0000000705a00000, 0x0000000705a00000|
|  61|0x0000000705b00000, 0x0000000705b00000, 0x0000000705c00000|  0%| F|  |TS  0|AC  0|TAMS 0x0000000705b00000, 0x0000000705b00000|
|  62|0x0000000705c00000, 0x0000000705c00000, 0x0000000705d00000|  0%| F|  |TS  0|AC  0|TAMS 0x0000000705c00000, 0x0000000705c00000|
|  63|0x0000000705d00000, 0x0000000705d00000, 0x0000000705e00000|  0%| F|  |TS  0|AC  0|TAMS 0x0000000705d00000, 0x0000000705d00000|
|  64|0x0000000705e00000, 0x0000000705e00000, 0x0000000705f00000|  0%| F|  |TS  0|AC  0|TAMS 0x0000000705e00000, 0x0000000705e00000|
|  65|0x0000000705f00000, 0x0000000705f00000, 0x0000000706000000|  0%| F|  |TS  0|AC  0|TAMS 0x0000000705f00000, 0x0000000705f00000|
|  66|0x0000000706000000, 0x0000000706000000, 0x0000000706100000|  0%| F|  |TS  0|AC  0|TAMS 0x0000000706000000, 0x0000000706000000|
|  67|0x0000000706100000, 0x0000000706100000, 0x0000000706200000|  0%| F|  |TS  0|AC  0|TAMS 0x0000000706100000, 0x0000000706100000|
|  68|0x0000000706200000, 0x0000000706200000, 0x0000000706300000|  0%| F|  |TS  0|AC  0|TAMS 0x0000000706200000, 0x0000000706200000|
|  69|0x0000000706300000, 0x0000000706300000, 0x0000000706400000|  0%| F|  |TS  0|AC  0|TAMS 0x0000000706300000, 0x0000000706300000|
|  70|0x0000000706400000, 0x0000000706400000, 0x0000000706500000|  0%| F|  |TS  0|AC  0|TAMS 0x0000000706400000, 0x0000000706400000|
|  71|0x0000000706500000, 0x0000000706500000, 0x0000000706600000|  0%| F|  |TS  0|AC  0|TAMS 0x0000000706500000, 0x0000000706500000|
|  72|0x0000000706600000, 0x0000000706600000, 0x0000000706700000|  0%| F|  |TS  0|AC  0|TAMS 0x0000000706600000, 0x0000000706600000|
|  73|0x0000000706700000, 0x0000000706700000, 0x0000000706800000|  0%| F|  |TS  0|AC  0|TAMS 0x0000000706700000, 0x0000000706700000|
|  74|0x0000000706800000, 0x0000000706800000, 0x0000000706900000|  0%| F|  |TS  0|AC  0|TAMS 0x0000000706800000, 0x0000000706800000|
|  75|0x0000000706900000, 0x0000000706900000, 0x0000000706a00000|  0%| F|  |TS  0|AC  0|TAMS 0x0000000706900000, 0x0000000706900000|
|  76|0x0000000706a00000, 0x0000000706a00000, 0x0000000706b00000|  0%| F|  |TS  0|AC  0|TAMS 0x0000000706a00000, 0x0000000706a00000|
|  77|0x0000000706b00000, 0x0000000706b00000, 0x0000000706c00000|  0%| F|  |TS  0|AC  0|TAMS 0x0000000706b00000, 0x0000000706b00000|
|  78|0x0000000706c00000, 0x0000000706c00000, 0x0000000706d00000|  0%| F|  |TS  0|AC  0|TAMS 0x0000000706c00000, 0x0000000706c00000|
|  79|0x0000000706d00000, 0x0000000706d00000, 0x0000000706e00000|  0%| F|  |TS  0|AC  0|TAMS 0x0000000706d00000, 0x0000000706d00000|
|  80|0x0000000706e00000, 0x0000000706e00000, 0x0000000706f00000|  0%| F|  |TS  0|AC  0|TAMS 0x0000000706e00000, 0x0000000706e00000|
|  81|0x0000000706f00000, 0x0000000706f00000, 0x0000000707000000|  0%| F|  |TS  0|AC  0|TAMS 0x0000000706f00000, 0x0000000706f00000|
|  82|0x0000000707000000, 0x0000000707000000, 0x0000000707100000|  0%| F|  |TS  0|AC  0|TAMS 0x0000000707000000, 0x0000000707000000|
|  83|0x0000000707100000, 0x0000000707100000, 0x0000000707200000|  0%| F|  |TS  0|AC  0|TAMS 0x0000000707100000, 0x0000000707100000|
|  84|0x0000000707200000, 0x0000000707200000, 0x0000000707300000|  0%| F|  |TS  0|AC  0|TAMS 0x0000000707200000, 0x0000000707200000|
|  85|0x0000000707300000, 0x0000000707300000, 0x0000000707400000|  0%| F|  |TS  0|AC  0|TAMS 0x0000000707300000, 0x0000000707300000|
|  86|0x0000000707400000, 0x0000000707400000, 0x0000000707500000|  0%| F|  |TS  0|AC  0|TAMS 0x0000000707400000, 0x0000000707400000|
|  87|0x0000000707500000, 0x0000000707500000, 0x0000000707600000|  0%| F|  |TS  0|AC  0|TAMS 0x0000000707500000, 0x0000000707500000|
|  88|0x0000000707600000, 0x0000000707600000, 0x0000000707700000|  0%| F|  |TS  0|AC  0|TAMS 0x0000000707600000, 0x0000000707600000|
|  89|0x0000000707700000, 0x0000000707700000, 0x0000000707800000|  0%| F|  |TS  0|AC  0|TAMS 0x0000000707700000, 0x0000000707700000|
|  90|0x0000000707800000, 0x0000000707800000, 0x0000000707900000|  0%| F|  |TS  0|AC  0|TAMS 0x0000000707800000, 0x0000000707800000|
|  91|0x0000000707900000, 0x0000000707900000, 0x0000000707a00000|  0%| F|  |TS  0|AC  0|TAMS 0x0000000707900000, 0x0000000707900000|
|  92|0x0000000707a00000, 0x0000000707a00000, 0x0000000707b00000|  0%| F|  |TS  0|AC  0|TAMS 0x0000000707a00000, 0x0000000707a00000|
|  93|0x0000000707b00000, 0x0000000707b00000, 0x0000000707c00000|  0%| F|  |TS  0|AC  0|TAMS 0x0000000707b00000, 0x0000000707b00000|
|  94|0x0000000707c00000, 0x0000000707c00000, 0x0000000707d00000|  0%| F|  |TS  0|AC  0|TAMS 0x0000000707c00000, 0x0000000707c00000|
|  95|0x0000000707d00000, 0x0000000707d00000, 0x0000000707e00000|  0%| F|  |TS  0|AC  0|TAMS 0x0000000707d00000, 0x0000000707d00000|
|  96|0x0000000707e00000, 0x0000000707e00000, 0x0000000707f00000|  0%| F|  |TS  0|AC  0|TAMS 0x0000000707e00000, 0x0000000707e00000|
|  97|0x0000000707f00000, 0x0000000707f00000, 0x0000000708000000|  0%| F|  |TS  0|AC  0|TAMS 0x0000000707f00000, 0x0000000707f00000|
|  98|0x0000000708000000, 0x0000000708000000, 0x0000000708100000|  0%| F|  |TS  0|AC  0|TAMS 0x0000000708000000, 0x0000000708000000|
|  99|0x0000000708100000, 0x0000000708100000, 0x0000000708200000|  0%| F|  |TS  0|AC  0|TAMS 0x0000000708100000, 0x0000000708100000|
| 100|0x0000000708200000, 0x0000000708200000, 0x0000000708300000|  0%| F|  |TS  0|AC  0|TAMS 0x0000000708200000, 0x0000000708200000|
| 101|0x0000000708300000, 0x0000000708300000, 0x0000000708400000|  0%| F|  |TS  0|AC  0|TAMS 0x0000000708300000, 0x0000000708300000|
| 102|0x0000000708400000, 0x0000000708400000, 0x0000000708500000|  0%| F|  |TS  0|AC  0|TAMS 0x0000000708400000, 0x0000000708400000|
| 103|0x0000000708500000, 0x0000000708500000, 0x0000000708600000|  0%| F|  |TS  0|AC  0|TAMS 0x0000000708500000, 0x0000000708500000|
| 104|0x0000000708600000, 0x0000000708600000, 0x0000000708700000|  0%| F|  |TS  0|AC  0|TAMS 0x0000000708600000, 0x0000000708600000|
| 105|0x0000000708700000, 0x0000000708700000, 0x0000000708800000|  0%| F|  |TS  0|AC  0|TAMS 0x0000000708700000, 0x0000000708700000|
| 106|0x0000000708800000, 0x0000000708800000, 0x0000000708900000|  0%| F|  |TS  0|AC  0|TAMS 0x0000000708800000, 0x0000000708800000|
| 107|0x0000000708900000, 0x0000000708900000, 0x0000000708a00000|  0%| F|  |TS  0|AC  0|TAMS 0x0000000708900000, 0x0000000708900000|
| 108|0x0000000708a00000, 0x0000000708a00000, 0x0000000708b00000|  0%| F|  |TS  0|AC  0|TAMS 0x0000000708a00000, 0x0000000708a00000|
| 109|0x0000000708b00000, 0x0000000708b00000, 0x0000000708c00000|  0%| F|  |TS  0|AC  0|TAMS 0x0000000708b00000, 0x0000000708b00000|
| 110|0x0000000708c00000, 0x0000000708c00000, 0x0000000708d00000|  0%| F|  |TS  0|AC  0|TAMS 0x0000000708c00000, 0x0000000708c00000|
| 111|0x0000000708d00000, 0x0000000708d00000, 0x0000000708e00000|  0%| F|  |TS  0|AC  0|TAMS 0x0000000708d00000, 0x0000000708d00000|
| 112|0x0000000708e00000, 0x0000000708e00000, 0x0000000708f00000|  0%| F|  |TS  0|AC  0|TAMS 0x0000000708e00000, 0x0000000708e00000|
| 113|0x0000000708f00000, 0x0000000708f00000, 0x0000000709000000|  0%| F|  |TS  0|AC  0|TAMS 0x0000000708f00000, 0x0000000708f00000|
| 114|0x0000000709000000, 0x0000000709000000, 0x0000000709100000|  0%| F|  |TS  0|AC  0|TAMS 0x0000000709000000, 0x0000000709000000|
| 115|0x0000000709100000, 0x0000000709100000, 0x0000000709200000|  0%| F|  |TS  0|AC  0|TAMS 0x0000000709100000, 0x0000000709100000|
| 116|0x0000000709200000, 0x0000000709200000, 0x0000000709300000|  0%| F|  |TS  0|AC  0|TAMS 0x0000000709200000, 0x0000000709200000|
| 117|0x0000000709300000, 0x0000000709300000, 0x0000000709400000|  0%| F|  |TS  0|AC  0|TAMS 0x0000000709300000, 0x0000000709300000|
| 118|0x0000000709400000, 0x0000000709400000, 0x0000000709500000|  0%| F|  |TS  0|AC  0|TAMS 0x0000000709400000, 0x0000000709400000|
| 119|0x0000000709500000, 0x0000000709500000, 0x0000000709600000|  0%| F|  |TS  0|AC  0|TAMS 0x0000000709500000, 0x0000000709500000|
| 120|0x0000000709600000, 0x0000000709600000, 0x0000000709700000|  0%| F|  |TS  0|AC  0|TAMS 0x0000000709600000, 0x0000000709600000|
| 121|0x0000000709700000, 0x0000000709700000, 0x0000000709800000|  0%| F|  |TS  0|AC  0|TAMS 0x0000000709700000, 0x0000000709700000|
| 122|0x0000000709800000, 0x0000000709800000, 0x0000000709900000|  0%| F|  |TS  0|AC  0|TAMS 0x0000000709800000, 0x0000000709800000|
| 123|0x0000000709900000, 0x0000000709900000, 0x0000000709a00000|  0%| F|  |TS  0|AC  0|TAMS 0x0000000709900000, 0x0000000709900000|
| 124|0x0000000709a00000, 0x0000000709a00000, 0x0000000709b00000|  0%| F|  |TS  0|AC  0|TAMS 0x0000000709a00000, 0x0000000709a00000|
| 125|0x0000000709b00000, 0x0000000709b00000, 0x0000000709c00000|  0%| F|  |TS  0|AC  0|TAMS 0x0000000709b00000, 0x0000000709b00000|
| 126|0x0000000709c00000, 0x0000000709c00000, 0x0000000709d00000|  0%| F|  |TS  0|AC  0|TAMS 0x0000000709c00000, 0x0000000709c00000|
| 127|0x0000000709d00000, 0x0000000709d00000, 0x0000000709e00000|  0%| F|  |TS  0|AC  0|TAMS 0x0000000709d00000, 0x0000000709d00000|
| 128|0x0000000709e00000, 0x0000000709e00000, 0x0000000709f00000|  0%| F|  |TS  0|AC  0|TAMS 0x0000000709e00000, 0x0000000709e00000|
| 129|0x0000000709f00000, 0x0000000709f00000, 0x000000070a000000|  0%| F|  |TS  0|AC  0|TAMS 0x0000000709f00000, 0x0000000709f00000|
| 130|0x000000070a000000, 0x000000070a000000, 0x000000070a100000|  0%| F|  |TS  0|AC  0|TAMS 0x000000070a000000, 0x000000070a000000|
| 131|0x000000070a100000, 0x000000070a100000, 0x000000070a200000|  0%| F|  |TS  0|AC  0|TAMS 0x000000070a100000, 0x000000070a100000|
| 132|0x000000070a200000, 0x000000070a200000, 0x000000070a300000|  0%| F|  |TS  0|AC  0|TAMS 0x000000070a200000, 0x000000070a200000|
| 133|0x000000070a300000, 0x000000070a300000, 0x000000070a400000|  0%| F|  |TS  0|AC  0|TAMS 0x000000070a300000, 0x000000070a300000|
| 134|0x000000070a400000, 0x000000070a400000, 0x000000070a500000|  0%| F|  |TS  0|AC  0|TAMS 0x000000070a400000, 0x000000070a400000|
| 135|0x000000070a500000, 0x000000070a500000, 0x000000070a600000|  0%| F|  |TS  0|AC  0|TAMS 0x000000070a500000, 0x000000070a500000|
| 136|0x000000070a600000, 0x000000070a600000, 0x000000070a700000|  0%| F|  |TS  0|AC  0|TAMS 0x000000070a600000, 0x000000070a600000|
| 137|0x000000070a700000, 0x000000070a700000, 0x000000070a800000|  0%| F|  |TS  0|AC  0|TAMS 0x000000070a700000, 0x000000070a700000|
| 138|0x000000070a800000, 0x000000070a800000, 0x000000070a900000|  0%| F|  |TS  0|AC  0|TAMS 0x000000070a800000, 0x000000070a800000|
| 139|0x000000070a900000, 0x000000070a900000, 0x000000070aa00000|  0%| F|  |TS  0|AC  0|TAMS 0x000000070a900000, 0x000000070a900000|
| 140|0x000000070aa00000, 0x000000070aa00000, 0x000000070ab00000|  0%| F|  |TS  0|AC  0|TAMS 0x000000070aa00000, 0x000000070aa00000|
| 141|0x000000070ab00000, 0x000000070ab00000, 0x000000070ac00000|  0%| F|  |TS  0|AC  0|TAMS 0x000000070ab00000, 0x000000070ab00000|
| 142|0x000000070ac00000, 0x000000070ac00000, 0x000000070ad00000|  0%| F|  |TS  0|AC  0|TAMS 0x000000070ac00000, 0x000000070ac00000|
| 143|0x000000070ad00000, 0x000000070ad00000, 0x000000070ae00000|  0%| F|  |TS  0|AC  0|TAMS 0x000000070ad00000, 0x000000070ad00000|
| 144|0x000000070ae00000, 0x000000070ae00000, 0x000000070af00000|  0%| F|  |TS  0|AC  0|TAMS 0x000000070ae00000, 0x000000070ae00000|
| 145|0x000000070af00000, 0x000000070af00000, 0x000000070b000000|  0%| F|  |TS  0|AC  0|TAMS 0x000000070af00000, 0x000000070af00000|
| 146|0x000000070b000000, 0x000000070b000000, 0x000000070b100000|  0%| F|  |TS  0|AC  0|TAMS 0x000000070b000000, 0x000000070b000000|
| 147|0x000000070b100000, 0x000000070b100000, 0x000000070b200000|  0%| F|  |TS  0|AC  0|TAMS 0x000000070b100000, 0x000000070b100000|
| 148|0x000000070b200000, 0x000000070b200000, 0x000000070b300000|  0%| F|  |TS  0|AC  0|TAMS 0x000000070b200000, 0x000000070b200000|
| 149|0x000000070b300000, 0x000000070b300000, 0x000000070b400000|  0%| F|  |TS  0|AC  0|TAMS 0x000000070b300000, 0x000000070b300000|
| 150|0x000000070b400000, 0x000000070b400000, 0x000000070b500000|  0%| F|  |TS  0|AC  0|TAMS 0x000000070b400000, 0x000000070b400000|
| 151|0x000000070b500000, 0x000000070b500000, 0x000000070b600000|  0%| F|  |TS  0|AC  0|TAMS 0x000000070b500000, 0x000000070b500000|
| 152|0x000000070b600000, 0x000000070b600000, 0x000000070b700000|  0%| F|  |TS  0|AC  0|TAMS 0x000000070b600000, 0x000000070b600000|
| 153|0x000000070b700000, 0x000000070b700000, 0x000000070b800000|  0%| F|  |TS  0|AC  0|TAMS 0x000000070b700000, 0x000000070b700000|
| 154|0x000000070b800000, 0x000000070b800000, 0x000000070b900000|  0%| F|  |TS  0|AC  0|TAMS 0x000000070b800000, 0x000000070b800000|
| 155|0x000000070b900000, 0x000000070b900000, 0x000000070ba00000|  0%| F|  |TS  0|AC  0|TAMS 0x000000070b900000, 0x000000070b900000|
| 156|0x000000070ba00000, 0x000000070ba00000, 0x000000070bb00000|  0%| F|  |TS  0|AC  0|TAMS 0x000000070ba00000, 0x000000070ba00000|
| 157|0x000000070bb00000, 0x000000070bb00000, 0x000000070bc00000|  0%| F|  |TS  0|AC  0|TAMS 0x000000070bb00000, 0x000000070bb00000|
| 158|0x000000070bc00000, 0x000000070bc00000, 0x000000070bd00000|  0%| F|  |TS  0|AC  0|TAMS 0x000000070bc00000, 0x000000070bc00000|
| 159|0x000000070bd00000, 0x000000070bd00000, 0x000000070be00000|  0%| F|  |TS  0|AC  0|TAMS 0x000000070bd00000, 0x000000070bd00000|
| 160|0x000000070be00000, 0x000000070be00000, 0x000000070bf00000|  0%| F|  |TS  0|AC  0|TAMS 0x000000070be00000, 0x000000070be00000|
| 161|0x000000070bf00000, 0x000000070bf00000, 0x000000070c000000|  0%| F|  |TS  0|AC  0|TAMS 0x000000070bf00000, 0x000000070bf00000|
| 162|0x000000070c000000, 0x000000070c000000, 0x000000070c100000|  0%| F|  |TS  0|AC  0|TAMS 0x000000070c000000, 0x000000070c000000|
| 163|0x000000070c100000, 0x000000070c100000, 0x000000070c200000|  0%| F|  |TS  0|AC  0|TAMS 0x000000070c100000, 0x000000070c100000|
| 164|0x000000070c200000, 0x000000070c200000, 0x000000070c300000|  0%| F|  |TS  0|AC  0|TAMS 0x000000070c200000, 0x000000070c200000|
| 165|0x000000070c300000, 0x000000070c300000, 0x000000070c400000|  0%| F|  |TS  0|AC  0|TAMS 0x000000070c300000, 0x000000070c300000|
| 166|0x000000070c400000, 0x000000070c400000, 0x000000070c500000|  0%| F|  |TS  0|AC  0|TAMS 0x000000070c400000, 0x000000070c400000|
| 167|0x000000070c500000, 0x000000070c500000, 0x000000070c600000|  0%| F|  |TS  0|AC  0|TAMS 0x000000070c500000, 0x000000070c500000|
| 168|0x000000070c600000, 0x000000070c600000, 0x000000070c700000|  0%| F|  |TS  0|AC  0|TAMS 0x000000070c600000, 0x000000070c600000|
| 169|0x000000070c700000, 0x000000070c700000, 0x000000070c800000|  0%| F|  |TS  0|AC  0|TAMS 0x000000070c700000, 0x000000070c700000|
| 170|0x000000070c800000, 0x000000070c800000, 0x000000070c900000|  0%| F|  |TS  0|AC  0|TAMS 0x000000070c800000, 0x000000070c800000|
| 171|0x000000070c900000, 0x000000070c900000, 0x000000070ca00000|  0%| F|  |TS  0|AC  0|TAMS 0x000000070c900000, 0x000000070c900000|
| 172|0x000000070ca00000, 0x000000070ca00000, 0x000000070cb00000|  0%| F|  |TS  0|AC  0|TAMS 0x000000070ca00000, 0x000000070ca00000|
| 173|0x000000070cb00000, 0x000000070cb00000, 0x000000070cc00000|  0%| F|  |TS  0|AC  0|TAMS 0x000000070cb00000, 0x000000070cb00000|
| 174|0x000000070cc00000, 0x000000070cc00000, 0x000000070cd00000|  0%| F|  |TS  0|AC  0|TAMS 0x000000070cc00000, 0x000000070cc00000|
| 175|0x000000070cd00000, 0x000000070cd00000, 0x000000070ce00000|  0%| F|  |TS  0|AC  0|TAMS 0x000000070cd00000, 0x000000070cd00000|
| 176|0x000000070ce00000, 0x000000070ce00000, 0x000000070cf00000|  0%| F|  |TS  0|AC  0|TAMS 0x000000070ce00000, 0x000000070ce00000|
| 177|0x000000070cf00000, 0x000000070cf00000, 0x000000070d000000|  0%| F|  |TS  0|AC  0|TAMS 0x000000070cf00000, 0x000000070cf00000|
| 178|0x000000070d000000, 0x000000070d000000, 0x000000070d100000|  0%| F|  |TS  0|AC  0|TAMS 0x000000070d000000, 0x000000070d000000|
| 179|0x000000070d100000, 0x000000070d100000, 0x000000070d200000|  0%| F|  |TS  0|AC  0|TAMS 0x000000070d100000, 0x000000070d100000|
| 180|0x000000070d200000, 0x000000070d200000, 0x000000070d300000|  0%| F|  |TS  0|AC  0|TAMS 0x000000070d200000, 0x000000070d200000|
| 181|0x000000070d300000, 0x000000070d300000, 0x000000070d400000|  0%| F|  |TS  0|AC  0|TAMS 0x000000070d300000, 0x000000070d300000|
| 182|0x000000070d400000, 0x000000070d400000, 0x000000070d500000|  0%| F|  |TS  0|AC  0|TAMS 0x000000070d400000, 0x000000070d400000|
| 183|0x000000070d500000, 0x000000070d500000, 0x000000070d600000|  0%| F|  |TS  0|AC  0|TAMS 0x000000070d500000, 0x000000070d500000|
| 184|0x000000070d600000, 0x000000070d600000, 0x000000070d700000|  0%| F|  |TS  0|AC  0|TAMS 0x000000070d600000, 0x000000070d600000|
| 185|0x000000070d700000, 0x000000070d700000, 0x000000070d800000|  0%| F|  |TS  0|AC  0|TAMS 0x000000070d700000, 0x000000070d700000|
| 186|0x000000070d800000, 0x000000070d85cae0, 0x000000070d900000| 36%| E|  |TS  0|AC  0|TAMS 0x000000070d800000, 0x000000070d800000|
| 187|0x000000070d900000, 0x000000070da00000, 0x000000070da00000|100%| E|CS|TS  0|AC  0|TAMS 0x000000070d900000, 0x000000070d900000|
| 188|0x000000070da00000, 0x000000070db00000, 0x000000070db00000|100%| E|CS|TS  0|AC  0|TAMS 0x000000070da00000, 0x000000070da00000|
| 189|0x000000070db00000, 0x000000070dc00000, 0x000000070dc00000|100%| E|CS|TS  0|AC  0|TAMS 0x000000070db00000, 0x000000070db00000|
| 190|0x000000070dc00000, 0x000000070dd00000, 0x000000070dd00000|100%| E|CS|TS  0|AC  0|TAMS 0x000000070dc00000, 0x000000070dc00000|
| 191|0x000000070dd00000, 0x000000070de00000, 0x000000070de00000|100%| E|CS|TS  0|AC  0|TAMS 0x000000070dd00000, 0x000000070dd00000|

Card table byte_map: [0x00007fc0428b0000,0x00007fc042ea1000] byte_map_base: 0x00007fc03f0a1000

Marking Bits (Prev, Next): (CMBitMap*) 0x00007fc068075690, (CMBitMap*) 0x00007fc0680756e8
 Prev Bits: [0x00007fc025070000, 0x00007fc027ff8000)
 Next Bits: [0x00007fc0220e0000, 0x00007fc025068000)

Polling page: 0x00007fc06e8d0000

CodeHeap 'non-nmethods': size=5696Kb used=1260Kb max_used=1276Kb free=4435Kb
 bounds [0x00007fc050980000, 0x00007fc050bf0000, 0x00007fc050f10000]
CodeHeap 'profiled nmethods': size=120032Kb used=757Kb max_used=757Kb free=119275Kb
 bounds [0x00007fc050f10000, 0x00007fc051180000, 0x00007fc058448000]
CodeHeap 'non-profiled nmethods': size=120032Kb used=165Kb max_used=165Kb free=119866Kb
 bounds [0x00007fc058448000, 0x00007fc0586b8000, 0x00007fc05f980000]
 total_blobs=1149 nmethods=507 adapters=435
 compilation: enabled

Compilation events (10 events):
Event: 0.536 Thread 0x00007fc0681ed000  504       3       java.lang.invoke.LambdaForm$DMH/1810132623::invokeSpecial_LL_L (15 bytes)
Event: 0.536 Thread 0x00007fc0681eb000  505       4       java.util.HashMap::putVal (300 bytes)
Event: 0.536 Thread 0x00007fc0681ed000 nmethod 504 0x00007fc050fcba10 code [0x00007fc050fcbbc0, 0x00007fc050fcc158]
Event: 0.537 Thread 0x00007fc0681ed000  506       3       java.lang.String::substring (68 bytes)
Event: 0.538 Thread 0x00007fc0681ed000 nmethod 506 0x00007fc050fcc290 code [0x00007fc050fcc4a0, 0x00007fc050fccd38]
Event: 0.538 Thread 0x00007fc0681e9800 nmethod 501 0x00007fc05846ef90 code [0x00007fc05846f100, 0x00007fc05846f4d8]
Event: 0.543 Thread 0x00007fc0681ed000  507       3       java.nio.HeapByteBuffer::_get (7 bytes)
Event: 0.544 Thread 0x00007fc0681ed000 nmethod 507 0x00007fc050fcd010 code [0x00007fc050fcd180, 0x00007fc050fcd2f0]
Event: 0.544 Thread 0x00007fc0681ed000  508       1       java.nio.Buffer::position (5 bytes)
Event: 0.544 Thread 0x00007fc0681ed000 nmethod 508 0x00007fc05846f690 code [0x00007fc05846f800, 0x00007fc05846f910]

GC Heap History (0 events):
No events

Deoptimization events (10 events):
Event: 0.219 Thread 0x00007fc068010800 Uncommon trap: reason=bimorphic_or_optimized_type_check action=maybe_recompile pc=0x00007fc058451140 method=java.util.Collections$UnmodifiableCollection$1.next()Ljava/lang/Object; @ 4
Event: 0.438 Thread 0x00007fc068010800 Uncommon trap: reason=unstable_if action=reinterpret pc=0x00007fc058454050 method=java.util.HashMap.hash(Ljava/lang/Object;)I @ 1
Event: 0.461 Thread 0x00007fc068010800 Uncommon trap: reason=class_check action=maybe_recompile pc=0x00007fc058452510 method=java.util.HashMap.putVal(ILjava/lang/Object;Ljava/lang/Object;ZZ)Ljava/lang/Object; @ 253
Event: 0.462 Thread 0x00007fc068010800 Uncommon trap: reason=class_check action=maybe_recompile pc=0x00007fc058452510 method=java.util.HashMap.putVal(ILjava/lang/Object;Ljava/lang/Object;ZZ)Ljava/lang/Object; @ 253
Event: 0.462 Thread 0x00007fc068010800 Uncommon trap: reason=class_check action=maybe_recompile pc=0x00007fc058452510 method=java.util.HashMap.putVal(ILjava/lang/Object;Ljava/lang/Object;ZZ)Ljava/lang/Object; @ 253
Event: 0.462 Thread 0x00007fc068010800 Uncommon trap: reason=class_check action=maybe_recompile pc=0x00007fc058452510 method=java.util.HashMap.putVal(ILjava/lang/Object;Ljava/lang/Object;ZZ)Ljava/lang/Object; @ 253
Event: 0.465 Thread 0x00007fc068010800 Uncommon trap: reason=unstable_fused_if action=reinterpret pc=0x00007fc05845ea1c method=jdk.internal.org.objectweb.asm.ByteVector.putUTF8(Ljava/lang/String;)Ljdk/internal/org/objectweb/asm/ByteVector; @ 91
Event: 0.536 Thread 0x00007fc068010800 Uncommon trap: reason=class_check action=maybe_recompile pc=0x00007fc05846ddec method=java.util.HashMap.putVal(ILjava/lang/Object;Ljava/lang/Object;ZZ)Ljava/lang/Object; @ 203
Event: 0.536 Thread 0x00007fc068010800 Uncommon trap: reason=class_check action=maybe_recompile pc=0x00007fc05846dda0 method=java.util.HashMap.putVal(ILjava/lang/Object;Ljava/lang/Object;ZZ)Ljava/lang/Object; @ 91
Event: 0.536 Thread 0x00007fc068010800 Uncommon trap: reason=class_check action=maybe_recompile pc=0x00007fc05846dda0 method=java.util.HashMap.putVal(ILjava/lang/Object;Ljava/lang/Object;ZZ)Ljava/lang/Object; @ 91

Classes redefined (0 events):
No events

Internal exceptions (6 events):
Event: 0.243 Thread 0x00007fc068010800 Exception <a 'java/lang/ClassNotFoundException': sun/awt/resources/awtProvider> (0x000000070db70948) thrown at [/build/openjdk-9-argm_o/openjdk-9-9~b114/src/hotspot/src/share/vm/classfile/systemDictionary.cpp, line 224]
Event: 0.301 Thread 0x00007fc068010800 Exception <a 'java/io/FileNotFoundException'> (0x000000070dbada18) thrown at [/build/openjdk-9-argm_o/openjdk-9-9~b114/src/hotspot/src/share/vm/prims/jni.cpp, line 605]
Event: 0.302 Thread 0x00007fc068010800 Exception <a 'java/io/FileNotFoundException'> (0x000000070dbb5a68) thrown at [/build/openjdk-9-argm_o/openjdk-9-9~b114/src/hotspot/src/share/vm/prims/jni.cpp, line 605]
Event: 0.433 Thread 0x00007fc068010800 Exception <a 'java/lang/ClassNotFoundException': com/sun/swing/internal/plaf/metal/resources/metalProvider> (0x000000070d966140) thrown at [/build/openjdk-9-argm_o/openjdk-9-9~b114/src/hotspot/src/share/vm/classfile/systemDictionary.cpp, line 224]
Event: 0.434 Thread 0x00007fc068010800 Exception <a 'java/lang/ClassNotFoundException': com/sun/swing/internal/plaf/basic/resources/basicProvider> (0x000000070d969800) thrown at [/build/openjdk-9-argm_o/openjdk-9-9~b114/src/hotspot/src/share/vm/classfile/systemDictionary.cpp, line 224]
Event: 0.438 Thread 0x00007fc068010800 Implicit null exception at 0x00007fc058453fb8 to 0x00007fc058454046

Events (10 events):
Event: 0.544 loading class sun/nio/cs/UTF_16$Decoder
Event: 0.544 loading class sun/nio/cs/UnicodeDecoder
Event: 0.544 loading class sun/nio/cs/UnicodeDecoder done
Event: 0.544 loading class sun/nio/cs/UTF_16$Decoder done
Event: 0.545 loading class sun/font/FileFontStrike
Event: 0.545 loading class sun/font/FileFontStrike done
Event: 0.545 loading class sun/font/FontScaler
Event: 0.545 loading class sun/font/FontScaler done
Event: 0.545 loading class sun/font/FreetypeFontScaler
Event: 0.545 loading class sun/font/FreetypeFontScaler done


Dynamic libraries:
00400000-00401000 r-xp 00000000 00:00 602311                     /usr/lib/jvm/java-9-openjdk-amd64/bin/java
00600000-00601000 r--p 00000000 00:00 602311                     /usr/lib/jvm/java-9-openjdk-amd64/bin/java
00601000-00602000 rw-p 00001000 00:00 602311                     /usr/lib/jvm/java-9-openjdk-amd64/bin/java
01b15000-01b36000 rw-p 00000000 00:00 0                          [heap]
701e00000-70de00000 rw-p 00000000 00:00 0
70de00000-7c0000000 ---p 00000000 00:00 0
7c0000000-7c0160000 rw-p 00000000 00:00 0
7c0160000-800000000 ---p 00000000 00:00 0
7fbfd4000000-7fbfd4021000 rw-p 00000000 00:00 0
7fbfd4021000-7fbfd8000000 ---p 00000000 00:00 0
7fbfdc000000-7fbfdc021000 rw-p 00000000 00:00 0
7fbfdc021000-7fbfe0000000 ---p 00000000 00:00 0
7fbfe0000000-7fbfe0021000 rw-p 00000000 00:00 0
7fbfe0021000-7fbfe4000000 ---p 00000000 00:00 0
7fbfe4000000-7fbfe4021000 rw-p 00000000 00:00 0
7fbfe4021000-7fbfe8000000 ---p 00000000 00:00 0
7fbfe8000000-7fbfe8021000 rw-p 00000000 00:00 0
7fbfe8021000-7fbfec000000 ---p 00000000 00:00 0
7fbfec000000-7fbfec021000 rw-p 00000000 00:00 0
7fbfec021000-7fbff0000000 ---p 00000000 00:00 0
7fbff12c0000-7fbff12c4000 ---p 00000000 00:00 0
7fbff12c4000-7fbff13c1000 rw-p 00000000 00:00 0
7fbff13d0000-7fbff1590000 rw-p 00000000 00:00 0
7fbff1590000-7fbff15d4000 ---p 00000000 00:00 0
7fbff15d4000-7fbff16d1000 rw-p 00000000 00:00 0
7fbff16e0000-7fbff16e5000 r-xp 00000000 00:00 344058             /usr/lib/x86_64-linux-gnu/libXfixes.so.3.1.0
7fbff16e5000-7fbff16e6000 ---p 00005000 00:00 344058             /usr/lib/x86_64-linux-gnu/libXfixes.so.3.1.0
7fbff16e6000-7fbff18e4000 ---p 00006000 00:00 344058             /usr/lib/x86_64-linux-gnu/libXfixes.so.3.1.0
7fbff18e4000-7fbff18e5000 r--p 00004000 00:00 344058             /usr/lib/x86_64-linux-gnu/libXfixes.so.3.1.0
7fbff18e5000-7fbff18e6000 rw-p 00005000 00:00 344058             /usr/lib/x86_64-linux-gnu/libXfixes.so.3.1.0
7fbff18f0000-7fbff18f9000 r-xp 00000000 00:00 345829             /usr/lib/x86_64-linux-gnu/libXcursor.so.1.0.2
7fbff18f9000-7fbff18fa000 ---p 00009000 00:00 345829             /usr/lib/x86_64-linux-gnu/libXcursor.so.1.0.2
7fbff18fa000-7fbff1af8000 ---p 0000a000 00:00 345829             /usr/lib/x86_64-linux-gnu/libXcursor.so.1.0.2
7fbff1af8000-7fbff1af9000 r--p 00008000 00:00 345829             /usr/lib/x86_64-linux-gnu/libXcursor.so.1.0.2
7fbff1af9000-7fbff1afa000 rw-p 00009000 00:00 345829             /usr/lib/x86_64-linux-gnu/libXcursor.so.1.0.2
7fbff1b00000-7fbff1b04000 ---p 00000000 00:00 0
7fbff1b04000-7fbff1c01000 rw-p 00000000 00:00 0
7fbff1c10000-7fbff1c34000 r-xp 00000000 00:00 295542             /lib/x86_64-linux-gnu/libpng12.so.0.54.0
7fbff1c34000-7fbff1c35000 ---p 00024000 00:00 295542             /lib/x86_64-linux-gnu/libpng12.so.0.54.0
7fbff1c35000-7fbff1e33000 ---p 00025000 00:00 295542             /lib/x86_64-linux-gnu/libpng12.so.0.54.0
7fbff1e33000-7fbff1e34000 r--p 00023000 00:00 295542             /lib/x86_64-linux-gnu/libpng12.so.0.54.0
7fbff1e34000-7fbff1e35000 rw-p 00024000 00:00 295542             /lib/x86_64-linux-gnu/libpng12.so.0.54.0
7fbff1e40000-7fbff1ee4000 r-xp 00000000 00:00 322683             /usr/lib/x86_64-linux-gnu/libfreetype.so.6.12.1
7fbff1ee4000-7fbff1eea000 ---p 000a4000 00:00 322683             /usr/lib/x86_64-linux-gnu/libfreetype.so.6.12.1
7fbff1eea000-7fbff20e3000 ---p 000aa000 00:00 322683             /usr/lib/x86_64-linux-gnu/libfreetype.so.6.12.1
7fbff20e3000-7fbff20e9000 r--p 000a3000 00:00 322683             /usr/lib/x86_64-linux-gnu/libfreetype.so.6.12.1
7fbff20e9000-7fbff20ea000 rw-p 000a9000 00:00 322683             /usr/lib/x86_64-linux-gnu/libfreetype.so.6.12.1
7fbff20f0000-7fbff21b6000 r-xp 00000000 00:00 602491             /usr/lib/jvm/java-9-openjdk-amd64/lib/amd64/libfontmanager.so
7fbff21b6000-7fbff21b9000 ---p 000c6000 00:00 602491             /usr/lib/jvm/java-9-openjdk-amd64/lib/amd64/libfontmanager.so
7fbff21b9000-7fbff23b5000 ---p 000c9000 00:00 602491             /usr/lib/jvm/java-9-openjdk-amd64/lib/amd64/libfontmanager.so
7fbff23b5000-7fbff23b8000 r--p 000c5000 00:00 602491             /usr/lib/jvm/java-9-openjdk-amd64/lib/amd64/libfontmanager.so
7fbff23b8000-7fbff23b9000 rw-p 000c8000 00:00 602491             /usr/lib/jvm/java-9-openjdk-amd64/lib/amd64/libfontmanager.so
7fbff23b9000-7fbff23ba000 rw-p 00000000 00:00 0
7fbff23c0000-7fbff23c5000 r-xp 00000000 00:00 321819             /usr/lib/x86_64-linux-gnu/libXdmcp.so.6.0.0
7fbff23c5000-7fbff23c6000 ---p 00005000 00:00 321819             /usr/lib/x86_64-linux-gnu/libXdmcp.so.6.0.0
7fbff23c6000-7fbff25c4000 ---p 00006000 00:00 321819             /usr/lib/x86_64-linux-gnu/libXdmcp.so.6.0.0
7fbff25c4000-7fbff25c5000 r--p 00004000 00:00 321819             /usr/lib/x86_64-linux-gnu/libXdmcp.so.6.0.0
7fbff25c5000-7fbff25c6000 rw-p 00005000 00:00 321819             /usr/lib/x86_64-linux-gnu/libXdmcp.so.6.0.0
7fbff25d0000-7fbff25d2000 r-xp 00000000 00:00 322584             /usr/lib/x86_64-linux-gnu/libXau.so.6.0.0
7fbff25d2000-7fbff25d4000 ---p 00002000 00:00 322584             /usr/lib/x86_64-linux-gnu/libXau.so.6.0.0
7fbff25d4000-7fbff27d2000 ---p 00004000 00:00 322584             /usr/lib/x86_64-linux-gnu/libXau.so.6.0.0
7fbff27d2000-7fbff27d3000 r--p 00002000 00:00 322584             /usr/lib/x86_64-linux-gnu/libXau.so.6.0.0
7fbff27d3000-7fbff27d4000 rw-p 00003000 00:00 322584             /usr/lib/x86_64-linux-gnu/libXau.so.6.0.0
7fbff27e0000-7fbff2801000 r-xp 00000000 00:00 322578             /usr/lib/x86_64-linux-gnu/libxcb.so.1.1.0
7fbff2801000-7fbff2802000 ---p 00021000 00:00 322578             /usr/lib/x86_64-linux-gnu/libxcb.so.1.1.0
7fbff2802000-7fbff2a00000 ---p 00022000 00:00 322578             /usr/lib/x86_64-linux-gnu/libxcb.so.1.1.0
7fbff2a00000-7fbff2a01000 r--p 00020000 00:00 322578             /usr/lib/x86_64-linux-gnu/libxcb.so.1.1.0
7fbff2a01000-7fbff2a02000 rw-p 00021000 00:00 322578             /usr/lib/x86_64-linux-gnu/libxcb.so.1.1.0
7fbff2a10000-7fbff2a1f000 r-xp 00000000 00:00 345842             /usr/lib/x86_64-linux-gnu/libXi.so.6.1.0
7fbff2a1f000-7fbff2a20000 ---p 0000f000 00:00 345842             /usr/lib/x86_64-linux-gnu/libXi.so.6.1.0
7fbff2a20000-7fbff2c1e000 ---p 00010000 00:00 345842             /usr/lib/x86_64-linux-gnu/libXi.so.6.1.0
7fbff2c1e000-7fbff2c1f000 r--p 0000e000 00:00 345842             /usr/lib/x86_64-linux-gnu/libXi.so.6.1.0
7fbff2c1f000-7fbff2c20000 rw-p 0000f000 00:00 345842             /usr/lib/x86_64-linux-gnu/libXi.so.6.1.0
7fbff2c20000-7fbff2c25000 r-xp 00000000 00:00 344121             /usr/lib/x86_64-linux-gnu/libXtst.so.6.1.0
7fbff2c25000-7fbff2c26000 ---p 00005000 00:00 344121             /usr/lib/x86_64-linux-gnu/libXtst.so.6.1.0
7fbff2c26000-7fbff2e24000 ---p 00006000 00:00 344121             /usr/lib/x86_64-linux-gnu/libXtst.so.6.1.0
7fbff2e24000-7fbff2e25000 r--p 00004000 00:00 344121             /usr/lib/x86_64-linux-gnu/libXtst.so.6.1.0
7fbff2e25000-7fbff2e26000 rw-p 00005000 00:00 344121             /usr/lib/x86_64-linux-gnu/libXtst.so.6.1.0
7fbff2e30000-7fbff2e39000 r-xp 00000000 00:00 344068             /usr/lib/x86_64-linux-gnu/libXrender.so.1.3.0
7fbff2e39000-7fbff2e3a000 ---p 00009000 00:00 344068             /usr/lib/x86_64-linux-gnu/libXrender.so.1.3.0
7fbff2e3a000-7fbff3038000 ---p 0000a000 00:00 344068             /usr/lib/x86_64-linux-gnu/libXrender.so.1.3.0
7fbff3038000-7fbff3039000 r--p 00008000 00:00 344068             /usr/lib/x86_64-linux-gnu/libXrender.so.1.3.0
7fbff3039000-7fbff303a000 rw-p 00009000 00:00 344068             /usr/lib/x86_64-linux-gnu/libXrender.so.1.3.0
7fbff3040000-7fbff3175000 r-xp 00000000 00:00 321826             /usr/lib/x86_64-linux-gnu/libX11.so.6.3.0
7fbff3175000-7fbff317a000 ---p 00135000 00:00 321826             /usr/lib/x86_64-linux-gnu/libX11.so.6.3.0
7fbff317a000-7fbff3375000 ---p 0013a000 00:00 321826             /usr/lib/x86_64-linux-gnu/libX11.so.6.3.0
7fbff3375000-7fbff3376000 r--p 00135000 00:00 321826             /usr/lib/x86_64-linux-gnu/libX11.so.6.3.0
7fbff3376000-7fbff337a000 rw-p 00136000 00:00 321826             /usr/lib/x86_64-linux-gnu/libX11.so.6.3.0
7fbff3380000-7fbff3391000 r-xp 00000000 00:00 322575             /usr/lib/x86_64-linux-gnu/libXext.so.6.4.0
7fbff3391000-7fbff3392000 ---p 00011000 00:00 322575             /usr/lib/x86_64-linux-gnu/libXext.so.6.4.0
7fbff3392000-7fbff3590000 ---p 00012000 00:00 322575             /usr/lib/x86_64-linux-gnu/libXext.so.6.4.0
7fbff3590000-7fbff3591000 r--p 00010000 00:00 322575             /usr/lib/x86_64-linux-gnu/libXext.so.6.4.0
7fbff3591000-7fbff3592000 rw-p 00011000 00:00 322575             /usr/lib/x86_64-linux-gnu/libXext.so.6.4.0
7fbff35a0000-7fbff35f7000 r-xp 00000000 00:00 602583             /usr/lib/jvm/java-9-openjdk-amd64/lib/amd64/libawt_xawt.so
7fbff35f7000-7fbff35fb000 ---p 00057000 00:00 602583             /usr/lib/jvm/java-9-openjdk-amd64/lib/amd64/libawt_xawt.so
7fbff35fb000-7fbff37f7000 ---p 0005b000 00:00 602583             /usr/lib/jvm/java-9-openjdk-amd64/lib/amd64/libawt_xawt.so
7fbff37f7000-7fbff37f8000 r--p 00057000 00:00 602583             /usr/lib/jvm/java-9-openjdk-amd64/lib/amd64/libawt_xawt.so
7fbff37f8000-7fbff37fb000 rw-p 00058000 00:00 602583             /usr/lib/jvm/java-9-openjdk-amd64/lib/amd64/libawt_xawt.so
7fbff37fb000-7fbff37fc000 rw-p 00000000 00:00 0
7fbff3800000-7fbff38a0000 r-xp 00000000 00:00 602490             /usr/lib/jvm/java-9-openjdk-amd64/lib/amd64/libawt.so
7fbff38a0000-7fbff38ac000 ---p 000a0000 00:00 602490             /usr/lib/jvm/java-9-openjdk-amd64/lib/amd64/libawt.so
7fbff38ac000-7fbff3a9f000 ---p 000ac000 00:00 602490             /usr/lib/jvm/java-9-openjdk-amd64/lib/amd64/libawt.so
7fbff3a9f000-7fbff3aa0000 r--p 0009f000 00:00 602490             /usr/lib/jvm/java-9-openjdk-amd64/lib/amd64/libawt.so
7fbff3aa0000-7fbff3aab000 rw-p 000a0000 00:00 602490             /usr/lib/jvm/java-9-openjdk-amd64/lib/amd64/libawt.so
7fbff3aab000-7fbff3ad0000 rw-p 00000000 00:00 0
7fbff3ad0000-7fbff3ad1000 ---p 00000000 00:00 0
7fbff3ad1000-7fbff3bd1000 rw-p 00000000 00:00 0
7fbff3be0000-7fbff3be4000 ---p 00000000 00:00 0
7fbff3be4000-7fbff3ce1000 rw-p 00000000 00:00 0
7fbff3cf0000-7fbff3ff1000 rw-p 00000000 00:00 0
7fbff4000000-7fbff40fd000 rw-p 00000000 00:00 0
7fbff40fd000-7fbff8000000 ---p 00000000 00:00 0
7fbff8000000-7fbff8021000 rw-p 00000000 00:00 0
7fbff8021000-7fbffc000000 ---p 00000000 00:00 0
7fbffc000000-7fbffc1b9000 rw-p 00000000 00:00 0
7fbffc1b9000-7fc000000000 ---p 00000000 00:00 0
7fc000000000-7fc000277000 rw-p 00000000 00:00 0
7fc000277000-7fc004000000 ---p 00000000 00:00 0
7fc004000000-7fc004021000 rw-p 00000000 00:00 0
7fc004021000-7fc008000000 ---p 00000000 00:00 0
7fc008000000-7fc008021000 rw-p 00000000 00:00 0
7fc008021000-7fc00c000000 ---p 00000000 00:00 0
7fc00c000000-7fc00c021000 rw-p 00000000 00:00 0
7fc00c021000-7fc010000000 ---p 00000000 00:00 0
7fc010000000-7fc010021000 rw-p 00000000 00:00 0
7fc010021000-7fc014000000 ---p 00000000 00:00 0
7fc014000000-7fc014021000 rw-p 00000000 00:00 0
7fc014021000-7fc018000000 ---p 00000000 00:00 0
7fc018000000-7fc018021000 rw-p 00000000 00:00 0
7fc018021000-7fc01c000000 ---p 00000000 00:00 0
7fc01c000000-7fc01c021000 rw-p 00000000 00:00 0
7fc01c021000-7fc020000000 ---p 00000000 00:00 0
7fc0200e0000-7fc0223e0000 rw-p 00000000 00:00 0
7fc0223e0000-7fc025068000 ---p 00000000 00:00 0
7fc025070000-7fc025370000 rw-p 00000000 00:00 0
7fc025370000-7fc027ff8000 ---p 00000000 00:00 0
7fc028000000-7fc028021000 rw-p 00000000 00:00 0
7fc028021000-7fc02c000000 ---p 00000000 00:00 0
7fc02c000000-7fc02c021000 rw-p 00000000 00:00 0
7fc02c021000-7fc030000000 ---p 00000000 00:00 0
7fc030000000-7fc030021000 rw-p 00000000 00:00 0
7fc030021000-7fc034000000 ---p 00000000 00:00 0
7fc034000000-7fc034021000 rw-p 00000000 00:00 0
7fc034021000-7fc038000000 ---p 00000000 00:00 0
7fc038000000-7fc038021000 rw-p 00000000 00:00 0
7fc038021000-7fc03c000000 ---p 00000000 00:00 0
7fc03c000000-7fc03c021000 rw-p 00000000 00:00 0
7fc03c021000-7fc040000000 ---p 00000000 00:00 0
7fc040020000-7fc040024000 ---p 00000000 00:00 0
7fc040024000-7fc040121000 rw-p 00000000 00:00 0
7fc040130000-7fc040146000 r-xp 00000000 00:00 602492             /usr/lib/jvm/java-9-openjdk-amd64/lib/amd64/libnet.so
7fc040146000-7fc040147000 ---p 00016000 00:00 602492             /usr/lib/jvm/java-9-openjdk-amd64/lib/amd64/libnet.so
7fc040147000-7fc040345000 ---p 00017000 00:00 602492             /usr/lib/jvm/java-9-openjdk-amd64/lib/amd64/libnet.so
7fc040345000-7fc040346000 r--p 00015000 00:00 602492             /usr/lib/jvm/java-9-openjdk-amd64/lib/amd64/libnet.so
7fc040346000-7fc040347000 rw-p 00016000 00:00 602492             /usr/lib/jvm/java-9-openjdk-amd64/lib/amd64/libnet.so
7fc040350000-7fc040361000 r-xp 00000000 00:00 602585             /usr/lib/jvm/java-9-openjdk-amd64/lib/amd64/libnio.so
7fc040361000-7fc040363000 ---p 00011000 00:00 602585             /usr/lib/jvm/java-9-openjdk-amd64/lib/amd64/libnio.so
7fc040363000-7fc040561000 ---p 00013000 00:00 602585             /usr/lib/jvm/java-9-openjdk-amd64/lib/amd64/libnio.so
7fc040561000-7fc040562000 r--p 00011000 00:00 602585             /usr/lib/jvm/java-9-openjdk-amd64/lib/amd64/libnio.so
7fc040562000-7fc040563000 rw-p 00012000 00:00 602585             /usr/lib/jvm/java-9-openjdk-amd64/lib/amd64/libnio.so
7fc040570000-7fc040574000 ---p 00000000 00:00 0
7fc040574000-7fc040671000 rw-p 00000000 00:00 0
7fc040680000-7fc040684000 ---p 00000000 00:00 0
7fc040684000-7fc040781000 rw-p 00000000 00:00 0
7fc040790000-7fc040794000 ---p 00000000 00:00 0
7fc040794000-7fc040891000 rw-p 00000000 00:00 0
7fc0408a0000-7fc0408a4000 ---p 00000000 00:00 0
7fc0408a4000-7fc0409a1000 rw-p 00000000 00:00 0
7fc0409b0000-7fc0409b4000 ---p 00000000 00:00 0
7fc0409b4000-7fc040ab1000 rw-p 00000000 00:00 0
7fc040ac0000-7fc040ac4000 ---p 00000000 00:00 0
7fc040ac4000-7fc040bc1000 rw-p 00000000 00:00 0
7fc040bc8000-7fc040d60000 r--p 00000000 00:00 342030             /usr/lib/locale/locale-archive
7fc040d60000-7fc040d64000 ---p 00000000 00:00 0
7fc040d64000-7fc040e61000 rw-p 00000000 00:00 0
7fc040e70000-7fc040e74000 ---p 00000000 00:00 0
7fc040e74000-7fc040f71000 rw-p 00000000 00:00 0
7fc040f80000-7fc040f81000 ---p 00000000 00:00 0
7fc040f81000-7fc041081000 rw-p 00000000 00:00 0
7fc041090000-7fc04194f000 rw-p 00000000 00:00 0
7fc041950000-7fc041a51000 rw-p 00000000 00:00 0
7fc041a60000-7fc041b1f000 rw-p 00000000 00:00 0
7fc041b20000-7fc041c21000 rw-p 00000000 00:00 0
7fc041c30000-7fc041cef000 rw-p 00000000 00:00 0
7fc041cf0000-7fc041df1000 rw-p 00000000 00:00 0
7fc041e00000-7fc041ebf000 rw-p 00000000 00:00 0
7fc041ec0000-7fc041fc1000 rw-p 00000000 00:00 0
7fc041fd0000-7fc041fd1000 ---p 00000000 00:00 0
7fc041fd1000-7fc0420d1000 rw-p 00000000 00:00 0
7fc0420e0000-7fc0420e1000 ---p 00000000 00:00 0
7fc0420e1000-7fc0421e1000 rw-p 00000000 00:00 0
7fc0421f0000-7fc0422af000 rw-p 00000000 00:00 0
7fc0422b0000-7fc042310000 rw-p 00000000 00:00 0
7fc042310000-7fc0428a1000 ---p 00000000 00:00 0
7fc0428b0000-7fc042910000 rw-p 00000000 00:00 0
7fc042910000-7fc042ea1000 ---p 00000000 00:00 0
7fc042eb0000-7fc0434a1000 ---p 00000000 00:00 0
7fc0434b0000-7fc043510000 rw-p 00000000 00:00 0
7fc043510000-7fc043aa1000 ---p 00000000 00:00 0
7fc043ab0000-7fc043ab1000 ---p 00000000 00:00 0
7fc043ab1000-7fc043bb1000 rw-p 00000000 00:00 0
7fc043bc0000-7fc043bc1000 ---p 00000000 00:00 0
7fc043bc1000-7fc043cc1000 rw-p 00000000 00:00 0
7fc043cd0000-7fc043cd1000 ---p 00000000 00:00 0
7fc043cd1000-7fc043dd1000 rw-p 00000000 00:00 0
7fc043de0000-7fc043de1000 ---p 00000000 00:00 0
7fc043de1000-7fc043ee1000 rw-p 00000000 00:00 0
7fc043ef0000-7fc043ef1000 ---p 00000000 00:00 0
7fc043ef1000-7fc043ff1000 rw-p 00000000 00:00 0
7fc044000000-7fc044021000 rw-p 00000000 00:00 0
7fc044021000-7fc048000000 ---p 00000000 00:00 0
7fc048000000-7fc048021000 rw-p 00000000 00:00 0
7fc048021000-7fc04c000000 ---p 00000000 00:00 0
7fc04c000000-7fc04c021000 rw-p 00000000 00:00 0
7fc04c021000-7fc050000000 ---p 00000000 00:00 0
7fc050010000-7fc050111000 rw-p 00000000 00:00 0
7fc050120000-7fc050221000 rw-p 00000000 00:00 0
7fc050230000-7fc050331000 rw-p 00000000 00:00 0
7fc050340000-7fc050441000 rw-p 00000000 00:00 0
7fc050450000-7fc050451000 ---p 00000000 00:00 0
7fc050451000-7fc050551000 rw-p 00000000 00:00 0
7fc050560000-7fc050561000 ---p 00000000 00:00 0
7fc050561000-7fc050661000 rw-p 00000000 00:00 0
7fc050670000-7fc050671000 ---p 00000000 00:00 0
7fc050671000-7fc050771000 rw-p 00000000 00:00 0
7fc050780000-7fc050781000 ---p 00000000 00:00 0
7fc050781000-7fc050881000 rw-p 00000000 00:00 0
7fc050890000-7fc050895000 rw-p 00000000 00:00 0
7fc050895000-7fc05097b000 ---p 00000000 00:00 0
7fc050980000-7fc050bf0000 rwxp 00000000 00:00 0
7fc050bf0000-7fc050f10000 ---p 00000000 00:00 0
7fc050f10000-7fc051180000 rwxp 00000000 00:00 0
7fc051180000-7fc058448000 ---p 00000000 00:00 0
7fc058448000-7fc0586b8000 rwxp 00000000 00:00 0
7fc0586b8000-7fc05f980000 ---p 00000000 00:00 0
7fc05f981000-7fc066d30000 r--s 00000000 00:00 602343             /usr/lib/jvm/java-9-openjdk-amd64/lib/modules
7fc066d30000-7fc066d35000 r-xp 00000000 00:00 602567             /usr/lib/jvm/java-9-openjdk-amd64/lib/amd64/libjimage.so
7fc066d35000-7fc066d36000 ---p 00005000 00:00 602567             /usr/lib/jvm/java-9-openjdk-amd64/lib/amd64/libjimage.so
7fc066d36000-7fc066f34000 ---p 00006000 00:00 602567             /usr/lib/jvm/java-9-openjdk-amd64/lib/amd64/libjimage.so
7fc066f34000-7fc066f35000 r--p 00004000 00:00 602567             /usr/lib/jvm/java-9-openjdk-amd64/lib/amd64/libjimage.so
7fc066f35000-7fc066f36000 rw-p 00005000 00:00 602567             /usr/lib/jvm/java-9-openjdk-amd64/lib/amd64/libjimage.so
7fc066f40000-7fc066f47000 r-xp 00000000 00:00 602531             /usr/lib/jvm/java-9-openjdk-amd64/lib/amd64/libzip.so
7fc066f47000-7fc066f48000 ---p 00007000 00:00 602531             /usr/lib/jvm/java-9-openjdk-amd64/lib/amd64/libzip.so
7fc066f48000-7fc067146000 ---p 00008000 00:00 602531             /usr/lib/jvm/java-9-openjdk-amd64/lib/amd64/libzip.so
7fc067146000-7fc067147000 r--p 00006000 00:00 602531             /usr/lib/jvm/java-9-openjdk-amd64/lib/amd64/libzip.so
7fc067147000-7fc067148000 rw-p 00007000 00:00 602531             /usr/lib/jvm/java-9-openjdk-amd64/lib/amd64/libzip.so
7fc067150000-7fc06715b000 r-xp 00000000 00:00 312687             /lib/x86_64-linux-gnu/libnss_files-2.23.so
7fc06715b000-7fc06715c000 ---p 0000b000 00:00 312687             /lib/x86_64-linux-gnu/libnss_files-2.23.so
7fc06715c000-7fc06735a000 ---p 0000c000 00:00 312687             /lib/x86_64-linux-gnu/libnss_files-2.23.so
7fc06735a000-7fc06735b000 r--p 0000a000 00:00 312687             /lib/x86_64-linux-gnu/libnss_files-2.23.so
7fc06735b000-7fc06735c000 rw-p 0000b000 00:00 312687             /lib/x86_64-linux-gnu/libnss_files-2.23.so
7fc06735c000-7fc067362000 rw-p 00000000 00:00 0
7fc067370000-7fc06737b000 r-xp 00000000 00:00 312691             /lib/x86_64-linux-gnu/libnss_nis-2.23.so
7fc06737b000-7fc06737c000 ---p 0000b000 00:00 312691             /lib/x86_64-linux-gnu/libnss_nis-2.23.so
7fc06737c000-7fc06757a000 ---p 0000c000 00:00 312691             /lib/x86_64-linux-gnu/libnss_nis-2.23.so
7fc06757a000-7fc06757b000 r--p 0000a000 00:00 312691             /lib/x86_64-linux-gnu/libnss_nis-2.23.so
7fc06757b000-7fc06757c000 rw-p 0000b000 00:00 312691             /lib/x86_64-linux-gnu/libnss_nis-2.23.so
7fc067580000-7fc067596000 r-xp 00000000 00:00 312668             /lib/x86_64-linux-gnu/libnsl-2.23.so
7fc067596000-7fc067597000 ---p 00016000 00:00 312668             /lib/x86_64-linux-gnu/libnsl-2.23.so
7fc067597000-7fc067795000 ---p 00017000 00:00 312668             /lib/x86_64-linux-gnu/libnsl-2.23.so
7fc067795000-7fc067796000 r--p 00015000 00:00 312668             /lib/x86_64-linux-gnu/libnsl-2.23.so
7fc067796000-7fc067797000 rw-p 00016000 00:00 312668             /lib/x86_64-linux-gnu/libnsl-2.23.so
7fc067797000-7fc067799000 rw-p 00000000 00:00 0
7fc0677a0000-7fc0677a8000 r-xp 00000000 00:00 312682             /lib/x86_64-linux-gnu/libnss_compat-2.23.so
7fc0677a8000-7fc0677a9000 ---p 00008000 00:00 312682             /lib/x86_64-linux-gnu/libnss_compat-2.23.so
7fc0677a9000-7fc0679a7000 ---p 00009000 00:00 312682             /lib/x86_64-linux-gnu/libnss_compat-2.23.so
7fc0679a7000-7fc0679a8000 r--p 00007000 00:00 312682             /lib/x86_64-linux-gnu/libnss_compat-2.23.so
7fc0679a8000-7fc0679a9000 rw-p 00008000 00:00 312682             /lib/x86_64-linux-gnu/libnss_compat-2.23.so
7fc0679b0000-7fc0679db000 r-xp 00000000 00:00 602478             /usr/lib/jvm/java-9-openjdk-amd64/lib/amd64/libjava.so
7fc0679db000-7fc0679dd000 ---p 0002b000 00:00 602478             /usr/lib/jvm/java-9-openjdk-amd64/lib/amd64/libjava.so
7fc0679dd000-7fc067bda000 ---p 0002d000 00:00 602478             /usr/lib/jvm/java-9-openjdk-amd64/lib/amd64/libjava.so
7fc067bda000-7fc067bdb000 r--p 0002a000 00:00 602478             /usr/lib/jvm/java-9-openjdk-amd64/lib/amd64/libjava.so
7fc067bdb000-7fc067bdd000 rw-p 0002b000 00:00 602478             /usr/lib/jvm/java-9-openjdk-amd64/lib/amd64/libjava.so
7fc067be0000-7fc067bed000 r-xp 00000000 00:00 602486             /usr/lib/jvm/java-9-openjdk-amd64/lib/amd64/libverify.so
7fc067bed000-7fc067bef000 ---p 0000d000 00:00 602486             /usr/lib/jvm/java-9-openjdk-amd64/lib/amd64/libverify.so
7fc067bef000-7fc067dec000 ---p 0000f000 00:00 602486             /usr/lib/jvm/java-9-openjdk-amd64/lib/amd64/libverify.so
7fc067dec000-7fc067dee000 r--p 0000c000 00:00 602486             /usr/lib/jvm/java-9-openjdk-amd64/lib/amd64/libverify.so
7fc067dee000-7fc067def000 rw-p 0000e000 00:00 602486             /usr/lib/jvm/java-9-openjdk-amd64/lib/amd64/libverify.so
7fc067df0000-7fc067df7000 r-xp 00000000 00:00 312692             /lib/x86_64-linux-gnu/librt-2.23.so
7fc067df7000-7fc067df8000 ---p 00007000 00:00 312692             /lib/x86_64-linux-gnu/librt-2.23.so
7fc067df8000-7fc067ff6000 ---p 00008000 00:00 312692             /lib/x86_64-linux-gnu/librt-2.23.so
7fc067ff6000-7fc067ff7000 r--p 00006000 00:00 312692             /lib/x86_64-linux-gnu/librt-2.23.so
7fc067ff7000-7fc067ff8000 rw-p 00007000 00:00 312692             /lib/x86_64-linux-gnu/librt-2.23.so
7fc068000000-7fc068466000 rw-p 00000000 00:00 0
7fc068466000-7fc06c000000 ---p 00000000 00:00 0
7fc06c010000-7fc06c086000 rw-p 00000000 00:00 0
7fc06c090000-7fc06c095000 rw-p 00000000 00:00 0
7fc06c095000-7fc06c17b000 ---p 00000000 00:00 0
7fc06c180000-7fc06c196000 r-xp 00000000 00:00 295656             /lib/x86_64-linux-gnu/libgcc_s.so.1
7fc06c196000-7fc06c395000 ---p 00016000 00:00 295656             /lib/x86_64-linux-gnu/libgcc_s.so.1
7fc06c395000-7fc06c396000 rw-p 00015000 00:00 295656             /lib/x86_64-linux-gnu/libgcc_s.so.1
7fc06c3a0000-7fc06c4a8000 r-xp 00000000 00:00 312667             /lib/x86_64-linux-gnu/libm-2.23.so
7fc06c4a8000-7fc06c4aa000 ---p 00108000 00:00 312667             /lib/x86_64-linux-gnu/libm-2.23.so
7fc06c4aa000-7fc06c6a7000 ---p 0010a000 00:00 312667             /lib/x86_64-linux-gnu/libm-2.23.so
7fc06c6a7000-7fc06c6a8000 r--p 00107000 00:00 312667             /lib/x86_64-linux-gnu/libm-2.23.so
7fc06c6a8000-7fc06c6a9000 rw-p 00108000 00:00 312667             /lib/x86_64-linux-gnu/libm-2.23.so
7fc06c6b0000-7fc06c822000 r-xp 00000000 00:00 153015             /usr/lib/x86_64-linux-gnu/libstdc++.so.6.0.21
7fc06c822000-7fc06c82f000 ---p 00172000 00:00 153015             /usr/lib/x86_64-linux-gnu/libstdc++.so.6.0.21
7fc06c82f000-7fc06ca22000 ---p 0017f000 00:00 153015             /usr/lib/x86_64-linux-gnu/libstdc++.so.6.0.21
7fc06ca22000-7fc06ca2c000 r--p 00172000 00:00 153015             /usr/lib/x86_64-linux-gnu/libstdc++.so.6.0.21
7fc06ca2c000-7fc06ca2e000 rw-p 0017c000 00:00 153015             /usr/lib/x86_64-linux-gnu/libstdc++.so.6.0.21
7fc06ca2e000-7fc06ca32000 rw-p 00000000 00:00 0
7fc06ca40000-7fc06d89e000 r-xp 00000000 00:00 602520             /usr/lib/jvm/java-9-openjdk-amd64/lib/amd64/server/libjvm.so
7fc06d89e000-7fc06d990000 ---p 00e5e000 00:00 602520             /usr/lib/jvm/java-9-openjdk-amd64/lib/amd64/server/libjvm.so
7fc06d990000-7fc06da9e000 ---p 00f50000 00:00 602520             /usr/lib/jvm/java-9-openjdk-amd64/lib/amd64/server/libjvm.so
7fc06da9e000-7fc06db50000 r--p 00e5e000 00:00 602520             /usr/lib/jvm/java-9-openjdk-amd64/lib/amd64/server/libjvm.so
7fc06db50000-7fc06db82000 rw-p 00f10000 00:00 602520             /usr/lib/jvm/java-9-openjdk-amd64/lib/amd64/server/libjvm.so
7fc06db82000-7fc06dbc7000 rw-p 00000000 00:00 0
7fc06dbd0000-7fc06dbe8000 r-xp 00000000 00:00 312670             /lib/x86_64-linux-gnu/libpthread-2.23.so
7fc06dbe8000-7fc06dbf2000 ---p 00018000 00:00 312670             /lib/x86_64-linux-gnu/libpthread-2.23.so
7fc06dbf2000-7fc06dde7000 ---p 00022000 00:00 312670             /lib/x86_64-linux-gnu/libpthread-2.23.so
7fc06dde7000-7fc06dde8000 r--p 00017000 00:00 312670             /lib/x86_64-linux-gnu/libpthread-2.23.so
7fc06dde8000-7fc06dde9000 rw-p 00018000 00:00 312670             /lib/x86_64-linux-gnu/libpthread-2.23.so
7fc06dde9000-7fc06dded000 rw-p 00000000 00:00 0
7fc06ddf0000-7fc06ddf3000 r-xp 00000000 00:00 312676             /lib/x86_64-linux-gnu/libdl-2.23.so
7fc06ddf3000-7fc06ddf4000 ---p 00003000 00:00 312676             /lib/x86_64-linux-gnu/libdl-2.23.so
7fc06ddf4000-7fc06dff2000 ---p 00004000 00:00 312676             /lib/x86_64-linux-gnu/libdl-2.23.so
7fc06dff2000-7fc06dff3000 r--p 00002000 00:00 312676             /lib/x86_64-linux-gnu/libdl-2.23.so
7fc06dff3000-7fc06dff4000 rw-p 00003000 00:00 312676             /lib/x86_64-linux-gnu/libdl-2.23.so
7fc06e000000-7fc06e019000 r-xp 00000000 00:00 295742             /lib/x86_64-linux-gnu/libz.so.1.2.8
7fc06e019000-7fc06e01a000 ---p 00019000 00:00 295742             /lib/x86_64-linux-gnu/libz.so.1.2.8
7fc06e01a000-7fc06e218000 ---p 0001a000 00:00 295742             /lib/x86_64-linux-gnu/libz.so.1.2.8
7fc06e218000-7fc06e219000 r--p 00018000 00:00 295742             /lib/x86_64-linux-gnu/libz.so.1.2.8
7fc06e219000-7fc06e21a000 rw-p 00019000 00:00 295742             /lib/x86_64-linux-gnu/libz.so.1.2.8
7fc06e220000-7fc06e3e0000 r-xp 00000000 00:00 312672             /lib/x86_64-linux-gnu/libc-2.23.so
7fc06e3e0000-7fc06e3e9000 ---p 001c0000 00:00 312672             /lib/x86_64-linux-gnu/libc-2.23.so
7fc06e3e9000-7fc06e5e0000 ---p 001c9000 00:00 312672             /lib/x86_64-linux-gnu/libc-2.23.so
7fc06e5e0000-7fc06e5e4000 r--p 001c0000 00:00 312672             /lib/x86_64-linux-gnu/libc-2.23.so
7fc06e5e4000-7fc06e5e6000 rw-p 001c4000 00:00 312672             /lib/x86_64-linux-gnu/libc-2.23.so
7fc06e5e6000-7fc06e5ea000 rw-p 00000000 00:00 0
7fc06e5f0000-7fc06e5fe000 r-xp 00000000 00:00 602579             /usr/lib/jvm/java-9-openjdk-amd64/lib/amd64/jli/libjli.so
7fc06e5fe000-7fc06e5ff000 ---p 0000e000 00:00 602579             /usr/lib/jvm/java-9-openjdk-amd64/lib/amd64/jli/libjli.so
7fc06e5ff000-7fc06e7fd000 ---p 0000f000 00:00 602579             /usr/lib/jvm/java-9-openjdk-amd64/lib/amd64/jli/libjli.so
7fc06e7fd000-7fc06e7fe000 r--p 0000d000 00:00 602579             /usr/lib/jvm/java-9-openjdk-amd64/lib/amd64/jli/libjli.so
7fc06e7fe000-7fc06e7ff000 rw-p 0000e000 00:00 602579             /usr/lib/jvm/java-9-openjdk-amd64/lib/amd64/jli/libjli.so
7fc06e800000-7fc06e826000 r-xp 00000000 00:00 312669             /lib/x86_64-linux-gnu/ld-2.23.so
7fc06e850000-7fc06e8ab000 rw-p 00000000 00:00 0
7fc06e8b0000-7fc06e8b5000 rw-p 00000000 00:00 0
7fc06e8b5000-7fc06e8bc000 ---p 00000000 00:00 0
7fc06e8c0000-7fc06e8c1000 rw-p 00000000 00:00 0
7fc06e8d0000-7fc06e8d1000 r--p 00000000 00:00 0
7fc06e8e0000-7fc06e8e4000 ---p 00000000 00:00 0
7fc06e8e4000-7fc06e9e1000 rw-p 00000000 00:00 0
7fc06e9f0000-7fc06e9f1000 rw-p 00000000 00:00 0
7fc06ea00000-7fc06ea01000 rw-p 00000000 00:00 0
7fc06ea10000-7fc06ea11000 rw-p 00000000 00:00 0
7fc06ea20000-7fc06ea21000 rw-p 00000000 00:00 0
7fc06ea25000-7fc06ea26000 r--p 00025000 00:00 312669             /lib/x86_64-linux-gnu/ld-2.23.so
7fc06ea26000-7fc06ea27000 rw-p 00026000 00:00 312669             /lib/x86_64-linux-gnu/ld-2.23.so
7fc06ea27000-7fc06ea28000 rw-p 00000000 00:00 0
7fc06ea30000-7fc06ea31000 rw-p 00000000 00:00 0
7fc06ea38000-7fc06ea40000 rw-s 00000000 00:00 426670             /tmp/hsperfdata_DxExWxExY/186
7ffffd887000-7ffffe087000 rw-p 00000000 00:00 0                  [stack]
7ffffe800000-7ffffe801000 r-xp 00000000 00:00 0                  [vdso]

VM Arguments:
java_command: Solar System.jar
java_class_path (initial): Solar System.jar
Launcher Type: SUN_STANDARD

Environment Variables:
PATH=/home/DxExWxExY/bin:/home/DxExWxExY/.local/bin:/usr/local/sbin:/usr/local/bin:/usr/sbin:/usr/bin:/sbin:/bin:/usr/games:/usr/local/games:/mnt/c/ProgramData/Oracle/Java/javapath_target_3137218:/mnt/c/Windows/System32:/mnt/c/Windows:/mnt/c/Windows/System32/wbem:/mnt/c/Windows/System32/WindowsPowerShell/v1.0:/mnt/c/Program Files/Git/cmd:/mnt/c/Program Files/dotnet:/mnt/c/Users/DxExWxExY/AppData/Local/Microsoft/WindowsApps:/snap/bin
SHELL=/bin/bash
DISPLAY=:0.0
HOSTTYPE=x86_64

Signal Handlers:
SIGSEGV: [libjvm.so+0xc12c20], sa_mask[0]=11111111111111111111111111111110, sa_flags=SA_RESTART|SA_SIGINFO
SIGBUS: [libjvm.so+0xc12c20], sa_mask[0]=11111111111111111111111111111110, sa_flags=SA_RESTART|SA_SIGINFO
SIGFPE: [libjvm.so+0xc12c20], sa_mask[0]=11111111111111111111111111111110, sa_flags=SA_RESTART|SA_SIGINFO
SIGPIPE: [libjvm.so+0xa3b600], sa_mask[0]=11111111111111111111111111111110, sa_flags=SA_RESTART|SA_SIGINFO
SIGXFSZ: [libjvm.so+0xa3b600], sa_mask[0]=11111111111111111111111111111110, sa_flags=SA_RESTART|SA_SIGINFO
SIGILL: [libjvm.so+0xc12c20], sa_mask[0]=11111111111111111111111111111110, sa_flags=SA_RESTART|SA_SIGINFO
SIGUSR2: [libjvm.so+0xa3b4a0], sa_mask[0]=00000000000000000000000000000000, sa_flags=SA_RESTART|SA_SIGINFO
SIGHUP: [libjvm.so+0xa3b870], sa_mask[0]=11111111111111111111111111111110, sa_flags=SA_RESTART|SA_SIGINFO
SIGINT: [libjvm.so+0xa3b870], sa_mask[0]=11111111111111111111111111111110, sa_flags=SA_RESTART|SA_SIGINFO
SIGTERM: [libjvm.so+0xa3b870], sa_mask[0]=11111111111111111111111111111110, sa_flags=SA_RESTART|SA_SIGINFO
SIGQUIT: [libjvm.so+0xa3b870], sa_mask[0]=11111111111111111111111111111110, sa_flags=SA_RESTART|SA_SIGINFO


---------------  S Y S T E M  ---------------

OS:DISTRIB_ID=Ubuntu
DISTRIB_RELEASE=16.04
DISTRIB_CODENAME=xenial
DISTRIB_DESCRIPTION="Ubuntu 16.04.4 LTS"
uname:Linux 4.4.0-43-Microsoft #1-Microsoft Wed Dec 31 14:42:53 PST 2014 x86_64
libc:glibc 2.23 NPTL 2.23 
rlimit: STACK 8192k, CORE 0k, NPROC 7823, NOFILE 65536, AS infinity
load average:0.52 0.58 0.59

/proc/meminfo:
MemTotal:       12452516 kB
MemFree:         8540284 kB
Buffers:           34032 kB
Cached:           188576 kB
SwapCached:            0 kB
Active:           167556 kB
Inactive:         157876 kB
Active(anon):     103104 kB
Inactive(anon):    17440 kB
Active(file):      64452 kB
Inactive(file):   140436 kB
Unevictable:           0 kB
Mlocked:               0 kB
SwapTotal:      22249468 kB
SwapFree:       22235488 kB
Dirty:                 0 kB
Writeback:             0 kB
AnonPages:        102824 kB
Mapped:            71404 kB
Shmem:             17720 kB
Slab:              13868 kB
SReclaimable:       6744 kB
SUnreclaim:         7124 kB
KernelStack:        2848 kB
PageTables:         2524 kB
NFS_Unstable:          0 kB
Bounce:                0 kB
WritebackTmp:          0 kB
CommitLimit:      515524 kB
Committed_AS:    3450064 kB
VmallocTotal:     122880 kB
VmallocUsed:       21296 kB
VmallocChunk:      66044 kB
HardwareCorrupted:     0 kB
AnonHugePages:      2048 kB
HugePages_Total:       0
HugePages_Free:        0
HugePages_Rsvd:        0
HugePages_Surp:        0
Hugepagesize:       2048 kB
DirectMap4k:       12280 kB
DirectMap4M:      897024 kB


CPU:total 4 (2 cores per cpu, 2 threads per core) family 6 model 142 stepping 9, cmov, cx8, fxsr, mmx, sse, sse2, sse3, ssse3, sse4.1, sse4.2, popcnt, avx, avx2, aes, clmul, erms, 3dnowpref, lzcnt, ht, tsc, tscinvbit, bmi1, bmi2, adx

CPU Model and flags from /proc/cpuinfo:
model name	: Intel(R) Core(TM) i5-7200U CPU @ 2.50GHz
flags		: fpu vme de pse tsc msr pae mce cx8 apic sep mtrr pge mca cmov pat pse36 clflush dts acpi mmx fxsr sse sse2 ss ht tm pbe syscall nx pdpe1gb rdtscp lm pni pclmulqdq dtes64 monitor ds_cpl vmx est tm2 ssse3 fma cx16 xtpr pdcm pcid sse4_1 sse4_2 x2apic movbe popcnt tsc_deadline_timer aes xsave osxsave avx f16c rdrand

Memory: 4k page, physical 12452516k(8540272k free), swap 22249468k(22235488k free)

vm_info: OpenJDK 64-Bit Server VM (9-internal+0-2016-04-14-195246.buildd.src) for linux-amd64 JRE (9-internal+0-2016-04-14-195246.buildd.src), built on Apr 14 2016 20:05:37 by "buildd" with gcc 5.3.1 20160413

END.
